#
# There is insufficient memory for the Java Runtime Environment to continue.
# Native memory allocation (malloc) failed to allocate 1441136 bytes for Chunk::new
# Possible reasons:
#   The system is out of physical RAM or swap space
#   The process is running with CompressedOops enabled, and the Java Heap may be blocking the growth of the native heap
# Possible solutions:
#   Reduce memory load on the system
#   Increase physical memory or swap space
#   Check if swap backing store is full
#   Decrease Java heap size (-Xmx/-Xms)
#   Decrease number of Java threads
#   Decrease Java thread stack sizes (-Xss)
#   Set larger code cache with -XX:ReservedCodeCacheSize=
#   JVM is running with Zero Based Compressed Oops mode in which the Java heap is
#     placed in the first 32GB address space. The Java Heap base address is the
#     maximum limit for the native heap growth. Please use -XX:HeapBaseMinAddress
#     to set the Java Heap base and to place the Java Heap above 32GB virtual address.
# This output file may be truncated or incomplete.
#
#  Out of Memory Error (arena.cpp:189), pid=4660, tid=18464
#
# JRE version: Java(TM) SE Runtime Environment (17.0.14+8) (build 17.0.14+8-LTS-191)
# Java VM: Java HotSpot(TM) 64-Bit Server VM (17.0.14+8-LTS-191, mixed mode, sharing, tiered, compressed oops, compressed class ptrs, g1 gc, windows-amd64)
# No core dump will be written. Minidumps are not enabled by default on client versions of Windows
#

---------------  S U M M A R Y ------------

Command Line: --add-opens=java.base/java.lang=ALL-UNNAMED --add-opens=java.base/java.lang.invoke=ALL-UNNAMED --add-opens=java.base/java.util=ALL-UNNAMED --add-opens=java.prefs/java.util.prefs=ALL-UNNAMED --add-exports=jdk.compiler/com.sun.tools.javac.api=ALL-UNNAMED --add-exports=jdk.compiler/com.sun.tools.javac.util=ALL-UNNAMED --add-opens=java.base/java.util=ALL-UNNAMED --add-opens=java.prefs/java.util.prefs=ALL-UNNAMED --add-opens=java.base/java.nio.charset=ALL-UNNAMED --add-opens=java.base/java.net=ALL-UNNAMED --add-opens=java.base/java.util.concurrent.atomic=ALL-UNNAMED --add-opens=java.xml/javax.xml.namespace=ALL-UNNAMED -XX:MaxMetaspaceSize=4G -XX:ReservedCodeCacheSize=512m -XX:+HeapDumpOnOutOfMemoryError -Xmx8G -Dfile.encoding=UTF-8 -Duser.country=ID -Duser.language=en -Duser.variant -javaagent:C:\Users\Windows 11\.gradle\wrapper\dists\gradle-8.14-all\c2qonpi39x1mddn7hk5gh9iqj\gradle-8.14\lib\agents\gradle-instrumentation-agent-8.14.jar org.gradle.launcher.daemon.bootstrap.GradleDaemon 8.14

Host: Intel(R) Core(TM) i5-8350U CPU @ 1.70GHz, 8 cores, 7G,  Windows 11 , 64 bit Build 22621 (10.0.22621.5415)
Time: Tue Mar 31 10:52:06 2026 SE Asia Standard Time elapsed time: 258.937140 seconds (0d 0h 4m 18s)

---------------  T H R E A D  ---------------

Current thread (0x00000272d9684830):  JavaThread "C2 CompilerThread0" daemon [_thread_in_native, id=18464, stack(0x00000078c0400000,0x00000078c0500000)]


Current CompileTask:
C2: 258938 30353   !   4       java.nio.file.Files::walkFileTree (297 bytes)

Stack: [0x00000078c0400000,0x00000078c0500000]
Native frames: (J=compiled Java code, j=interpreted, Vv=VM code, C=native code)
V  [jvm.dll+0x67a38a]
V  [jvm.dll+0x7da7ed]
V  [jvm.dll+0x7dc133]
V  [jvm.dll+0x7dc7a3]
V  [jvm.dll+0x24517f]
V  [jvm.dll+0xab773]
V  [jvm.dll+0xabd3c]
V  [jvm.dll+0x361dff]
V  [jvm.dll+0x32c521]
V  [jvm.dll+0x32b9ba]
V  [jvm.dll+0x21693f]
V  [jvm.dll+0x215d6f]
V  [jvm.dll+0x1a2950]
V  [jvm.dll+0x22620b]
V  [jvm.dll+0x2243ab]
V  [jvm.dll+0x790bbc]
V  [jvm.dll+0x78b04a]
V  [jvm.dll+0x679275]
C  [ucrtbase.dll+0x29333]
C  [KERNEL32.DLL+0x1259d]
C  [ntdll.dll+0x5af78]


---------------  P R O C E S S  ---------------

Threads class SMR info:
_java_thread_list=0x000002732c31ab10, length=84, elements={
0x000002729c5788f0, 0x00000272d966f730, 0x00000272d96703b0, 0x00000272d9680730,
0x00000272d96810f0, 0x00000272d9681ab0, 0x00000272d9682470, 0x00000272d9684830,
0x00000272d9686200, 0x00000272d9688b20, 0x000002731f0d45e0, 0x000002731f196680,
0x000002731f8c9770, 0x00000273210f9d60, 0x000002731fefe9c0, 0x0000027320fa3c70,
0x00000273213cd360, 0x00000273213cbf20, 0x00000273213cc940, 0x00000273213caae0,
0x00000273213cce50, 0x00000273238ccbb0, 0x00000273238c7ab0, 0x00000273238cad50,
0x00000273238cb770, 0x00000273238cdae0, 0x00000273238c75a0, 0x00000273238ca330,
0x00000273238ce500, 0x00000273238cd0c0, 0x00000273238cd5d0, 0x00000273201cf9f0,
0x00000273201c9ed0, 0x00000273201cd170, 0x00000273201ca8f0, 0x00000273201cdb90,
0x00000273201cd680, 0x00000273201ceac0, 0x00000273201cae00, 0x00000273201cbd30,
0x00000273201cc240, 0x00000273201ccc60, 0x00000273201d1850, 0x00000273201cefd0,
0x00000273201cc750, 0x00000273201d0920, 0x00000273201cf4e0, 0x00000273201ce0a0,
0x00000273201cff00, 0x00000273263710e0, 0x0000027326370bd0, 0x000002732636d420,
0x000002732636e350, 0x00000273263706c0, 0x000002732636de40, 0x00000273263701b0,
0x000002732636e860, 0x00000273263715f0, 0x0000027326372010, 0x000002732636ed70,
0x0000027326372f40, 0x000002732636f280, 0x0000027326373450, 0x000002732636f790,
0x0000027326373960, 0x000002732636fca0, 0x000002732636d930, 0x0000027326373e70,
0x000002732636cf10, 0x0000027326374380, 0x000002732189a970, 0x000002732189e120,
0x000002732189dc10, 0x000002732189a460, 0x000002732189ff80, 0x00000273218a09a0,
0x000002732189d1f0, 0x000002732189b390, 0x000002732189eb40, 0x000002732189b8a0,
0x000002732189f050, 0x000002732189f560, 0x00000273218a0490, 0x000002732189fa70
}

Java Threads: ( => current thread )
  0x000002729c5788f0 JavaThread "main" [_thread_blocked, id=13676, stack(0x00000078bf700000,0x00000078bf800000)]
  0x00000272d966f730 JavaThread "Reference Handler" daemon [_thread_blocked, id=17392, stack(0x00000078bfe00000,0x00000078bff00000)]
  0x00000272d96703b0 JavaThread "Finalizer" daemon [_thread_blocked, id=6428, stack(0x00000078bff00000,0x00000078c0000000)]
  0x00000272d9680730 JavaThread "Signal Dispatcher" daemon [_thread_blocked, id=15204, stack(0x00000078c0000000,0x00000078c0100000)]
  0x00000272d96810f0 JavaThread "Attach Listener" daemon [_thread_blocked, id=17916, stack(0x00000078c0100000,0x00000078c0200000)]
  0x00000272d9681ab0 JavaThread "Service Thread" daemon [_thread_blocked, id=11412, stack(0x00000078c0200000,0x00000078c0300000)]
  0x00000272d9682470 JavaThread "Monitor Deflation Thread" daemon [_thread_blocked, id=9956, stack(0x00000078c0300000,0x00000078c0400000)]
=>0x00000272d9684830 JavaThread "C2 CompilerThread0" daemon [_thread_in_native, id=18464, stack(0x00000078c0400000,0x00000078c0500000)]
  0x00000272d9686200 JavaThread "C1 CompilerThread0" daemon [_thread_blocked, id=10100, stack(0x00000078c0500000,0x00000078c0600000)]
  0x00000272d9688b20 JavaThread "Sweeper thread" daemon [_thread_blocked, id=15912, stack(0x00000078c0600000,0x00000078c0700000)]
  0x000002731f0d45e0 JavaThread "Common-Cleaner" daemon [_thread_blocked, id=8280, stack(0x00000078c0700000,0x00000078c0800000)]
  0x000002731f196680 JavaThread "Notification Thread" daemon [_thread_blocked, id=2652, stack(0x00000078c0800000,0x00000078c0900000)]
  0x000002731f8c9770 JavaThread "Daemon health stats" [_thread_blocked, id=12900, stack(0x00000078c1200000,0x00000078c1300000)]
  0x00000273210f9d60 JavaThread "Incoming local TCP Connector on port 52937" [_thread_in_native, id=13388, stack(0x00000078c0a00000,0x00000078c0b00000)]
  0x000002731fefe9c0 JavaThread "Daemon periodic checks" [_thread_blocked, id=12024, stack(0x00000078c1400000,0x00000078c1500000)]
  0x0000027320fa3c70 JavaThread "Daemon" [_thread_blocked, id=18420, stack(0x00000078c1500000,0x00000078c1600000)]
  0x00000273213cd360 JavaThread "Daemon worker" [_thread_blocked, id=19048, stack(0x00000078c1700000,0x00000078c1800000)]
  0x00000273213cbf20 JavaThread "Cache worker for journal cache (C:\Users\Windows 11\.gradle\caches\journal-1)" [_thread_blocked, id=11760, stack(0x00000078c1b00000,0x00000078c1c00000)]
  0x00000273213cc940 JavaThread "File lock request listener" [_thread_in_native, id=19880, stack(0x00000078c1c00000,0x00000078c1d00000)]
  0x00000273213caae0 JavaThread "Cache worker for file hash cache (C:\Users\Windows 11\.gradle\caches\8.14\fileHashes)" [_thread_blocked, id=13688, stack(0x00000078c1d00000,0x00000078c1e00000)]
  0x00000273213cce50 JavaThread "File watcher server" daemon [_thread_in_native, id=13612, stack(0x00000078c2200000,0x00000078c2300000)]
  0x00000273238ccbb0 JavaThread "File watcher consumer" daemon [_thread_blocked, id=18532, stack(0x00000078c2300000,0x00000078c2400000)]
  0x00000273238c7ab0 JavaThread "jar transforms" [_thread_blocked, id=13940, stack(0x00000078c2400000,0x00000078c2500000)]
  0x00000273238cad50 JavaThread "jar transforms Thread 2" [_thread_blocked, id=16180, stack(0x00000078c2500000,0x00000078c2600000)]
  0x00000273238cb770 JavaThread "jar transforms Thread 3" [_thread_blocked, id=9564, stack(0x00000078c2600000,0x00000078c2700000)]
  0x00000273238cdae0 JavaThread "jar transforms Thread 4" [_thread_blocked, id=15444, stack(0x00000078c2800000,0x00000078c2900000)]
  0x00000273238c75a0 JavaThread "jar transforms Thread 5" [_thread_blocked, id=17356, stack(0x00000078c2900000,0x00000078c2a00000)]
  0x00000273238ca330 JavaThread "Cache worker for file content cache (C:\Users\Windows 11\.gradle\caches\8.14\fileContent)" [_thread_blocked, id=14988, stack(0x00000078c2b00000,0x00000078c2c00000)]
  0x00000273238ce500 JavaThread "jar transforms Thread 6" [_thread_blocked, id=15248, stack(0x00000078c2c00000,0x00000078c2d00000)]
  0x00000273238cd0c0 JavaThread "jar transforms Thread 7" [_thread_blocked, id=8680, stack(0x00000078c2d00000,0x00000078c2e00000)]
  0x00000273238cd5d0 JavaThread "jar transforms Thread 8" [_thread_blocked, id=5180, stack(0x00000078c2e00000,0x00000078c2f00000)]
  0x00000273201cf9f0 JavaThread "Memory manager" [_thread_blocked, id=14396, stack(0x00000078c4700000,0x00000078c4800000)]
  0x00000273201c9ed0 JavaThread "File lock release action executor" [_thread_blocked, id=7852, stack(0x00000078bf400000,0x00000078bf500000)]
  0x00000273201cd170 JavaThread "Handler for socket connection from /127.0.0.1:52937 to /127.0.0.1:55801" [_thread_in_native, id=11732, stack(0x00000078bf500000,0x00000078bf600000)]
  0x00000273201ca8f0 JavaThread "Cancel handler" [_thread_blocked, id=9500, stack(0x00000078c1300000,0x00000078c1400000)]
  0x00000273201cdb90 JavaThread "Asynchronous log dispatcher for DefaultDaemonConnection: socket connection from /127.0.0.1:52937 to /127.0.0.1:55801" [_thread_blocked, id=17948, stack(0x00000078c1600000,0x00000078c1700000)]
  0x00000273201cd680 JavaThread "Stdin handler" [_thread_blocked, id=14756, stack(0x00000078c1800000,0x00000078c1900000)]
  0x00000273201ceac0 JavaThread "Daemon client event forwarder" [_thread_blocked, id=14576, stack(0x00000078c1900000,0x00000078c1a00000)]
  0x00000273201cae00 JavaThread "Cache worker for file hash cache (D:\SEMESTER 4 TEKNIK INFORMATIKA\PROYEK_4_MOOBILE_DEV\GIT\PY4_2C_D3_2024\MODUL_2\logbook_app_071\android\.gradle\8.14\fileHashes)" [_thread_blocked, id=16856, stack(0x00000078c1a00000,0x00000078c1b00000)]
  0x00000273201cbd30 JavaThread "Cache worker for Build Output Cleanup Cache (D:\SEMESTER 4 TEKNIK INFORMATIKA\PROYEK_4_MOOBILE_DEV\GIT\PY4_2C_D3_2024\MODUL_2\logbook_app_071\android\.gradle\buildOutputCleanup)" [_thread_blocked, id=4464, stack(0x00000078c1e00000,0x00000078c1f00000)]
  0x00000273201cc240 JavaThread "Cache worker for checksums cache (D:\SEMESTER 4 TEKNIK INFORMATIKA\PROYEK_4_MOOBILE_DEV\GIT\PY4_2C_D3_2024\MODUL_2\logbook_app_071\android\.gradle\8.14\checksums)" [_thread_blocked, id=10192, stack(0x00000078c1f00000,0x00000078c2000000)]
  0x00000273201ccc60 JavaThread "Cache worker for cache directory md-supplier (C:\Users\Windows 11\.gradle\caches\8.14\md-supplier)" [_thread_blocked, id=16960, stack(0x00000078c2000000,0x00000078c2100000)]
  0x00000273201d1850 JavaThread "Cache worker for cache directory md-rule (C:\Users\Windows 11\.gradle\caches\8.14\md-rule)" [_thread_blocked, id=11584, stack(0x00000078c2700000,0x00000078c2800000)]
  0x00000273201cefd0 JavaThread "Cache worker for Build Output Cleanup Cache (D:\Downloads\flutter_windows_3.29.0-stable\flutter\packages\flutter_tools\gradle\.gradle\buildOutputCleanup)" [_thread_blocked, id=14228, stack(0x00000078c2a00000,0x00000078c2b00000)]
  0x00000273201cc750 JavaThread "Unconstrained build operations" [_thread_blocked, id=11032, stack(0x00000078bf600000,0x00000078bf700000)]
  0x00000273201d0920 JavaThread "Unconstrained build operations Thread 2" [_thread_blocked, id=14044, stack(0x00000078c3000000,0x00000078c3100000)]
  0x00000273201cf4e0 JavaThread "Unconstrained build operations Thread 3" [_thread_blocked, id=9828, stack(0x00000078c3100000,0x00000078c3200000)]
  0x00000273201ce0a0 JavaThread "Unconstrained build operations Thread 4" [_thread_blocked, id=2300, stack(0x00000078c3200000,0x00000078c3300000)]
  0x00000273201cff00 JavaThread "Unconstrained build operations Thread 5" [_thread_blocked, id=19440, stack(0x00000078c3300000,0x00000078c3400000)]
  0x00000273263710e0 JavaThread "Unconstrained build operations Thread 6" [_thread_blocked, id=20216, stack(0x00000078c3400000,0x00000078c3500000)]
  0x0000027326370bd0 JavaThread "Unconstrained build operations Thread 7" [_thread_blocked, id=9172, stack(0x00000078c3500000,0x00000078c3600000)]
  0x000002732636d420 JavaThread "Unconstrained build operations Thread 8" [_thread_blocked, id=5392, stack(0x00000078c3600000,0x00000078c3700000)]
  0x000002732636e350 JavaThread "Unconstrained build operations Thread 9" [_thread_blocked, id=2284, stack(0x00000078c3700000,0x00000078c3800000)]
  0x00000273263706c0 JavaThread "Unconstrained build operations Thread 10" [_thread_blocked, id=16040, stack(0x00000078c3800000,0x00000078c3900000)]
  0x000002732636de40 JavaThread "Unconstrained build operations Thread 11" [_thread_blocked, id=12064, stack(0x00000078c3900000,0x00000078c3a00000)]
  0x00000273263701b0 JavaThread "Unconstrained build operations Thread 12" [_thread_blocked, id=3848, stack(0x00000078c3a00000,0x00000078c3b00000)]
  0x000002732636e860 JavaThread "Unconstrained build operations Thread 13" [_thread_blocked, id=19192, stack(0x00000078c3b00000,0x00000078c3c00000)]
  0x00000273263715f0 JavaThread "Unconstrained build operations Thread 14" [_thread_blocked, id=7108, stack(0x00000078c3c00000,0x00000078c3d00000)]
  0x0000027326372010 JavaThread "build event listener" [_thread_blocked, id=10564, stack(0x00000078c3d00000,0x00000078c3e00000)]
  0x000002732636ed70 JavaThread "included builds" [_thread_in_Java, id=13756, stack(0x00000078c3f00000,0x00000078c4000000)]
  0x0000027326372f40 JavaThread "Execution worker" [_thread_blocked, id=11740, stack(0x00000078c4000000,0x00000078c4100000)]
  0x000002732636f280 JavaThread "Execution worker Thread 2" [_thread_blocked, id=2388, stack(0x00000078c4100000,0x00000078c4200000)]
  0x0000027326373450 JavaThread "Execution worker Thread 3" [_thread_blocked, id=14780, stack(0x00000078c4200000,0x00000078c4300000)]
  0x000002732636f790 JavaThread "Execution worker Thread 4" [_thread_blocked, id=19012, stack(0x00000078c4300000,0x00000078c4400000)]
  0x0000027326373960 JavaThread "Execution worker Thread 5" [_thread_blocked, id=16704, stack(0x00000078c4400000,0x00000078c4500000)]
  0x000002732636fca0 JavaThread "Execution worker Thread 6" [_thread_blocked, id=20368, stack(0x00000078c4500000,0x00000078c4600000)]
  0x000002732636d930 JavaThread "Execution worker Thread 7" [_thread_blocked, id=16636, stack(0x00000078c4600000,0x00000078c4700000)]
  0x0000027326373e70 JavaThread "Cache worker for execution history cache (D:\Downloads\flutter_windows_3.29.0-stable\flutter\packages\flutter_tools\gradle\.gradle\8.14\executionHistory)" [_thread_blocked, id=828, stack(0x00000078c4800000,0x00000078c4900000)]
  0x000002732636cf10 JavaThread "Unconstrained build operations Thread 15" [_thread_blocked, id=15408, stack(0x00000078c4a00000,0x00000078c4b00000)]
  0x0000027326374380 JavaThread "Unconstrained build operations Thread 16" [_thread_blocked, id=17476, stack(0x00000078c4b00000,0x00000078c4c00000)]
  0x000002732189a970 JavaThread "Unconstrained build operations Thread 17" [_thread_blocked, id=8808, stack(0x00000078c4c00000,0x00000078c4d00000)]
  0x000002732189e120 JavaThread "Unconstrained build operations Thread 18" [_thread_blocked, id=1368, stack(0x00000078c4d00000,0x00000078c4e00000)]
  0x000002732189dc10 JavaThread "Unconstrained build operations Thread 19" [_thread_blocked, id=5620, stack(0x00000078c4e00000,0x00000078c4f00000)]
  0x000002732189a460 JavaThread "Unconstrained build operations Thread 20" [_thread_blocked, id=17384, stack(0x00000078c4f00000,0x00000078c5000000)]
  0x000002732189ff80 JavaThread "Unconstrained build operations Thread 21" [_thread_blocked, id=9096, stack(0x00000078c5000000,0x00000078c5100000)]
  0x00000273218a09a0 JavaThread "Unconstrained build operations Thread 22" [_thread_blocked, id=13016, stack(0x00000078c5100000,0x00000078c5200000)]
  0x000002732189d1f0 JavaThread "Unconstrained build operations Thread 23" [_thread_blocked, id=8568, stack(0x00000078c5200000,0x00000078c5300000)]
  0x000002732189b390 JavaThread "Unconstrained build operations Thread 24" [_thread_blocked, id=1268, stack(0x00000078c5300000,0x00000078c5400000)]
  0x000002732189eb40 JavaThread "Unconstrained build operations Thread 25" [_thread_blocked, id=16828, stack(0x00000078c5400000,0x00000078c5500000)]
  0x000002732189b8a0 JavaThread "Unconstrained build operations Thread 26" [_thread_blocked, id=14964, stack(0x00000078c5500000,0x00000078c5600000)]
  0x000002732189f050 JavaThread "Unconstrained build operations Thread 27" [_thread_blocked, id=12804, stack(0x00000078c5600000,0x00000078c5700000)]
  0x000002732189f560 JavaThread "Unconstrained build operations Thread 28" [_thread_blocked, id=2924, stack(0x00000078c5700000,0x00000078c5800000)]
  0x00000273218a0490 JavaThread "Unconstrained build operations Thread 29" [_thread_blocked, id=12180, stack(0x00000078c5800000,0x00000078c5900000)]
  0x000002732189fa70 JavaThread "Unconstrained build operations Thread 30" [_thread_blocked, id=17032, stack(0x00000078c5900000,0x00000078c5a00000)]

Other Threads:
  0x00000272d966bc30 VMThread "VM Thread" [stack: 0x00000078bfd00000,0x00000078bfe00000] [id=10384]
  0x000002729c63d360 WatcherThread [stack: 0x00000078c0900000,0x00000078c0a00000] [id=11444]
  0x000002729c628940 GCTaskThread "GC Thread#0" [stack: 0x00000078bf800000,0x00000078bf900000] [id=3752]
  0x000002731f3d2420 GCTaskThread "GC Thread#1" [stack: 0x00000078c0b00000,0x00000078c0c00000] [id=3808]
  0x000002731f3d26e0 GCTaskThread "GC Thread#2" [stack: 0x00000078c0c00000,0x00000078c0d00000] [id=13392]
  0x000002731fb3d4e0 GCTaskThread "GC Thread#3" [stack: 0x00000078c0e00000,0x00000078c0f00000] [id=17544]
  0x000002731f5fdd70 GCTaskThread "GC Thread#4" [stack: 0x00000078c0f00000,0x00000078c1000000] [id=6712]
  0x0000027321075560 GCTaskThread "GC Thread#5" [stack: 0x00000078c0d00000,0x00000078c0e00000] [id=18676]
  0x0000027321252a00 GCTaskThread "GC Thread#6" [stack: 0x00000078c1000000,0x00000078c1100000] [id=19368]
  0x000002731fd831a0 GCTaskThread "GC Thread#7" [stack: 0x00000078c1100000,0x00000078c1200000] [id=7400]
  0x000002729c639790 ConcurrentGCThread "G1 Main Marker" [stack: 0x00000078bf900000,0x00000078bfa00000] [id=18952]
  0x000002729c63a840 ConcurrentGCThread "G1 Conc#0" [stack: 0x00000078bfa00000,0x00000078bfb00000] [id=18556]
  0x000002732388ab60 ConcurrentGCThread "G1 Conc#1" [stack: 0x00000078c2100000,0x00000078c2200000] [id=1432]
  0x000002729c63ec30 ConcurrentGCThread "G1 Refine#0" [stack: 0x00000078bfb00000,0x00000078bfc00000] [id=12588]
  0x0000027322bbd940 ConcurrentGCThread "G1 Refine#1" [stack: 0x00000078c2f00000,0x00000078c3000000] [id=1280]
  0x0000027322bbe210 ConcurrentGCThread "G1 Refine#2" [stack: 0x00000078c3e00000,0x00000078c3f00000] [id=15604]
  0x0000027322bbe500 ConcurrentGCThread "G1 Refine#3" [stack: 0x00000078c4900000,0x00000078c4a00000] [id=10080]
  0x0000027322bbb020 ConcurrentGCThread "G1 Refine#4" [stack: 0x00000078c6d00000,0x00000078c6e00000] [id=13188]
  0x00000272d9527a70 ConcurrentGCThread "G1 Service" [stack: 0x00000078bfc00000,0x00000078bfd00000] [id=2136]

Threads with active compile tasks:
C2 CompilerThread0   259043 30353   !   4       java.nio.file.Files::walkFileTree (297 bytes)

VM state: not at safepoint (normal execution)

VM Mutex/Monitor currently owned by a thread: None

Heap address: 0x0000000600000000, size: 8192 MB, Compressed Oops mode: Zero based, Oop shift amount: 3

CDS archive(s) mapped at: [0x00000272da000000-0x00000272dabd0000-0x00000272dabd0000), size 12386304, SharedBaseAddress: 0x00000272da000000, ArchiveRelocationMode: 1.
Compressed class space mapped at: 0x00000272db000000-0x000002731b000000, reserved size: 1073741824
Narrow klass base: 0x00000272da000000, Narrow klass shift: 0, Narrow klass range: 0x100000000

GC Precious Log:
 CPUs: 8 total, 8 available
 Memory: 8071M
 Large Page Support: Disabled
 NUMA Support: Disabled
 Compressed Oops: Enabled (Zero based)
 Heap Region Size: 4M
 Heap Min Capacity: 8M
 Heap Initial Capacity: 128M
 Heap Max Capacity: 8G
 Pre-touch: Disabled
 Parallel Workers: 8
 Concurrent Workers: 2
 Concurrent Refinement Workers: 8
 Periodic GC: Disabled

Heap:
 garbage-first heap   total 1093632K, used 561145K [0x0000000600000000, 0x0000000800000000)
  region size 4096K, 77 young (315392K), 9 survivors (36864K)
 Metaspace       used 184149K, committed 185920K, reserved 1245184K
  class space    used 23814K, committed 24640K, reserved 1048576K

Heap Regions: E=young(eden), S=young(survivor), O=old, HS=humongous(starts), HC=humongous(continues), CS=collection set, F=free, OA=open archive, CA=closed archive, TAMS=top-at-mark-start (previous, next)
|   0|0x0000000600000000, 0x0000000600400000, 0x0000000600400000|100%|HS|  |TAMS 0x0000000600400000, 0x0000000600000000| Complete 
|   1|0x0000000600400000, 0x0000000600800000, 0x0000000600800000|100%| O|  |TAMS 0x0000000600800000, 0x0000000600400000| Untracked 
|   2|0x0000000600800000, 0x0000000600c00000, 0x0000000600c00000|100%| O|  |TAMS 0x0000000600c00000, 0x0000000600800000| Untracked 
|   3|0x0000000600c00000, 0x0000000601000000, 0x0000000601000000|100%| O|  |TAMS 0x0000000601000000, 0x0000000600c00000| Untracked 
|   4|0x0000000601000000, 0x0000000601400000, 0x0000000601400000|100%| O|  |TAMS 0x0000000601400000, 0x0000000601000000| Untracked 
|   5|0x0000000601400000, 0x0000000601800000, 0x0000000601800000|100%| O|  |TAMS 0x0000000601800000, 0x0000000601400000| Untracked 
|   6|0x0000000601800000, 0x0000000601c00000, 0x0000000601c00000|100%| O|  |TAMS 0x0000000601c00000, 0x0000000601800000| Untracked 
|   7|0x0000000601c00000, 0x0000000602000000, 0x0000000602000000|100%| O|  |TAMS 0x0000000602000000, 0x0000000601c00000| Untracked 
|   8|0x0000000602000000, 0x0000000602400000, 0x0000000602400000|100%|HS|  |TAMS 0x0000000602400000, 0x0000000602000000| Complete 
|   9|0x0000000602400000, 0x0000000602800000, 0x0000000602800000|100%| O|  |TAMS 0x0000000602800000, 0x0000000602400000| Untracked 
|  10|0x0000000602800000, 0x0000000602c00000, 0x0000000602c00000|100%| O|  |TAMS 0x0000000602c00000, 0x0000000602800000| Untracked 
|  11|0x0000000602c00000, 0x0000000603000000, 0x0000000603000000|100%|HS|  |TAMS 0x0000000603000000, 0x0000000602c00000| Complete 
|  12|0x0000000603000000, 0x0000000603400000, 0x0000000603400000|100%| O|  |TAMS 0x0000000603400000, 0x0000000603000000| Untracked 
|  13|0x0000000603400000, 0x0000000603800000, 0x0000000603800000|100%| O|  |TAMS 0x0000000603800000, 0x0000000603400000| Untracked 
|  14|0x0000000603800000, 0x0000000603c00000, 0x0000000603c00000|100%| O|  |TAMS 0x0000000603c00000, 0x0000000603800000| Untracked 
|  15|0x0000000603c00000, 0x0000000604000000, 0x0000000604000000|100%| O|  |TAMS 0x0000000604000000, 0x0000000603c00000| Untracked 
|  16|0x0000000604000000, 0x0000000604400000, 0x0000000604400000|100%| O|  |TAMS 0x0000000604400000, 0x0000000604000000| Untracked 
|  17|0x0000000604400000, 0x0000000604800000, 0x0000000604800000|100%| O|  |TAMS 0x0000000604800000, 0x0000000604400000| Untracked 
|  18|0x0000000604800000, 0x0000000604c00000, 0x0000000604c00000|100%| O|  |TAMS 0x0000000604800000, 0x0000000604800000| Untracked 
|  19|0x0000000604c00000, 0x0000000605000000, 0x0000000605000000|100%| O|  |TAMS 0x0000000605000000, 0x0000000604c00000| Untracked 
|  20|0x0000000605000000, 0x0000000605400000, 0x0000000605400000|100%| O|  |TAMS 0x0000000605400000, 0x0000000605000000| Untracked 
|  21|0x0000000605400000, 0x0000000605800000, 0x0000000605800000|100%| O|  |TAMS 0x0000000605400000, 0x0000000605400000| Untracked 
|  22|0x0000000605800000, 0x0000000605c00000, 0x0000000605c00000|100%| O|  |TAMS 0x0000000605c00000, 0x0000000605800000| Untracked 
|  23|0x0000000605c00000, 0x0000000606000000, 0x0000000606000000|100%| O|  |TAMS 0x0000000606000000, 0x0000000605c00000| Untracked 
|  24|0x0000000606000000, 0x0000000606400000, 0x0000000606400000|100%| O|  |TAMS 0x0000000606400000, 0x0000000606000000| Untracked 
|  25|0x0000000606400000, 0x0000000606800000, 0x0000000606800000|100%| O|  |TAMS 0x0000000606400000, 0x0000000606400000| Untracked 
|  26|0x0000000606800000, 0x0000000606c00000, 0x0000000606c00000|100%| O|  |TAMS 0x0000000606c00000, 0x0000000606800000| Untracked 
|  27|0x0000000606c00000, 0x0000000607000000, 0x0000000607000000|100%| O|  |TAMS 0x0000000607000000, 0x0000000606c00000| Untracked 
|  28|0x0000000607000000, 0x0000000607400000, 0x0000000607400000|100%| O|  |TAMS 0x0000000607400000, 0x0000000607000000| Untracked 
|  29|0x0000000607400000, 0x0000000607800000, 0x0000000607800000|100%| O|  |TAMS 0x0000000607800000, 0x0000000607400000| Untracked 
|  30|0x0000000607800000, 0x0000000607c00000, 0x0000000607c00000|100%| O|  |TAMS 0x0000000607800000, 0x0000000607800000| Untracked 
|  31|0x0000000607c00000, 0x0000000608000000, 0x0000000608000000|100%| O|  |TAMS 0x0000000608000000, 0x0000000607c00000| Untracked 
|  32|0x0000000608000000, 0x0000000608400000, 0x0000000608400000|100%| O|  |TAMS 0x0000000608400000, 0x0000000608000000| Untracked 
|  33|0x0000000608400000, 0x0000000608800000, 0x0000000608800000|100%| O|  |TAMS 0x0000000608800000, 0x0000000608400000| Untracked 
|  34|0x0000000608800000, 0x0000000608c00000, 0x0000000608c00000|100%| O|  |TAMS 0x0000000608c00000, 0x0000000608800000| Untracked 
|  35|0x0000000608c00000, 0x0000000609000000, 0x0000000609000000|100%| O|  |TAMS 0x0000000608c00000, 0x0000000608c00000| Untracked 
|  36|0x0000000609000000, 0x0000000609400000, 0x0000000609400000|100%| O|  |TAMS 0x0000000609000000, 0x0000000609000000| Untracked 
|  37|0x0000000609400000, 0x0000000609800000, 0x0000000609800000|100%| O|  |TAMS 0x0000000609400000, 0x0000000609400000| Untracked 
|  38|0x0000000609800000, 0x0000000609c00000, 0x0000000609c00000|100%| O|  |TAMS 0x0000000609800000, 0x0000000609800000| Untracked 
|  39|0x0000000609c00000, 0x000000060a000000, 0x000000060a000000|100%| O|  |TAMS 0x0000000609c00000, 0x0000000609c00000| Untracked 
|  40|0x000000060a000000, 0x000000060a400000, 0x000000060a400000|100%| O|  |TAMS 0x000000060a000000, 0x000000060a000000| Untracked 
|  41|0x000000060a400000, 0x000000060a800000, 0x000000060a800000|100%| O|  |TAMS 0x000000060a400000, 0x000000060a400000| Untracked 
|  42|0x000000060a800000, 0x000000060ac00000, 0x000000060ac00000|100%| O|  |TAMS 0x000000060ac00000, 0x000000060a800000| Untracked 
|  43|0x000000060ac00000, 0x000000060b000000, 0x000000060b000000|100%| O|  |TAMS 0x000000060b000000, 0x000000060ac00000| Untracked 
|  44|0x000000060b000000, 0x000000060b400000, 0x000000060b400000|100%| O|  |TAMS 0x000000060b400000, 0x000000060b000000| Untracked 
|  45|0x000000060b400000, 0x000000060b400000, 0x000000060b800000|  0%| F|  |TAMS 0x000000060b400000, 0x000000060b400000| Untracked 
|  46|0x000000060b800000, 0x000000060b800000, 0x000000060bc00000|  0%| F|  |TAMS 0x000000060b800000, 0x000000060b800000| Untracked 
|  47|0x000000060bc00000, 0x000000060c000000, 0x000000060c000000|100%| O|  |TAMS 0x000000060c000000, 0x000000060bc00000| Untracked 
|  48|0x000000060c000000, 0x000000060c400000, 0x000000060c400000|100%| O|  |TAMS 0x000000060c400000, 0x000000060c000000| Untracked 
|  49|0x000000060c400000, 0x000000060c800000, 0x000000060c800000|100%| O|  |TAMS 0x000000060c800000, 0x000000060c400000| Untracked 
|  50|0x000000060c800000, 0x000000060cc00000, 0x000000060cc00000|100%| O|  |TAMS 0x000000060cc00000, 0x000000060c800000| Untracked 
|  51|0x000000060cc00000, 0x000000060d000000, 0x000000060d000000|100%| O|  |TAMS 0x000000060d000000, 0x000000060cc00000| Untracked 
|  52|0x000000060d000000, 0x000000060d400000, 0x000000060d400000|100%| O|  |TAMS 0x000000060d400000, 0x000000060d000000| Untracked 
|  53|0x000000060d400000, 0x000000060d800000, 0x000000060d800000|100%| O|  |TAMS 0x000000060d800000, 0x000000060d400000| Untracked 
|  54|0x000000060d800000, 0x000000060dc00000, 0x000000060dc00000|100%| O|  |TAMS 0x000000060dc00000, 0x000000060d800000| Untracked 
|  55|0x000000060dc00000, 0x000000060e000000, 0x000000060e000000|100%| O|  |TAMS 0x000000060dc00000, 0x000000060dc00000| Untracked 
|  56|0x000000060e000000, 0x000000060e400000, 0x000000060e400000|100%| O|  |TAMS 0x000000060e400000, 0x000000060e000000| Untracked 
|  57|0x000000060e400000, 0x000000060e800000, 0x000000060e800000|100%| O|  |TAMS 0x000000060e800000, 0x000000060e400000| Untracked 
|  58|0x000000060e800000, 0x000000060ec00000, 0x000000060ec00000|100%| O|  |TAMS 0x000000060ec00000, 0x000000060e800000| Untracked 
|  59|0x000000060ec00000, 0x000000060f000000, 0x000000060f000000|100%| O|  |TAMS 0x000000060f000000, 0x000000060ec00000| Untracked 
|  60|0x000000060f000000, 0x000000060f400000, 0x000000060f400000|100%| O|  |TAMS 0x000000060f400000, 0x000000060f000000| Untracked 
|  61|0x000000060f400000, 0x000000060f800000, 0x000000060f800000|100%| O|  |TAMS 0x000000060f800000, 0x000000060f400000| Untracked 
|  62|0x000000060f800000, 0x000000060fc00000, 0x000000060fc00000|100%| O|  |TAMS 0x000000060fa4be00, 0x000000060f800000| Untracked 
|  63|0x000000060fc00000, 0x000000060fca1200, 0x0000000610000000| 15%| O|  |TAMS 0x000000060fc00000, 0x000000060fc00000| Untracked 
|  64|0x0000000610000000, 0x0000000610000000, 0x0000000610400000|  0%| F|  |TAMS 0x0000000610000000, 0x0000000610000000| Untracked 
|  65|0x0000000610400000, 0x0000000610400000, 0x0000000610800000|  0%| F|  |TAMS 0x0000000610400000, 0x0000000610400000| Untracked 
|  66|0x0000000610800000, 0x0000000610800000, 0x0000000610c00000|  0%| F|  |TAMS 0x0000000610800000, 0x0000000610800000| Untracked 
|  67|0x0000000610c00000, 0x0000000610c00000, 0x0000000611000000|  0%| F|  |TAMS 0x0000000610c00000, 0x0000000610c00000| Untracked 
|  68|0x0000000611000000, 0x0000000611000000, 0x0000000611400000|  0%| F|  |TAMS 0x0000000611000000, 0x0000000611000000| Untracked 
|  69|0x0000000611400000, 0x0000000611400000, 0x0000000611800000|  0%| F|  |TAMS 0x0000000611400000, 0x0000000611400000| Untracked 
|  70|0x0000000611800000, 0x0000000611800000, 0x0000000611c00000|  0%| F|  |TAMS 0x0000000611800000, 0x0000000611800000| Untracked 
|  71|0x0000000611c00000, 0x0000000611c00000, 0x0000000612000000|  0%| F|  |TAMS 0x0000000611c00000, 0x0000000611c00000| Untracked 
|  72|0x0000000612000000, 0x0000000612000000, 0x0000000612400000|  0%| F|  |TAMS 0x0000000612000000, 0x0000000612000000| Untracked 
|  73|0x0000000612400000, 0x0000000612400000, 0x0000000612800000|  0%| F|  |TAMS 0x0000000612400000, 0x0000000612400000| Untracked 
|  74|0x0000000612800000, 0x0000000612800000, 0x0000000612c00000|  0%| F|  |TAMS 0x0000000612800000, 0x0000000612800000| Untracked 
|  75|0x0000000612c00000, 0x0000000612c00000, 0x0000000613000000|  0%| F|  |TAMS 0x0000000612c00000, 0x0000000612c00000| Untracked 
|  76|0x0000000613000000, 0x0000000613000000, 0x0000000613400000|  0%| F|  |TAMS 0x0000000613000000, 0x0000000613000000| Untracked 
|  77|0x0000000613400000, 0x0000000613400000, 0x0000000613800000|  0%| F|  |TAMS 0x0000000613400000, 0x0000000613400000| Untracked 
|  78|0x0000000613800000, 0x0000000613800000, 0x0000000613c00000|  0%| F|  |TAMS 0x0000000613800000, 0x0000000613800000| Untracked 
|  79|0x0000000613c00000, 0x0000000613c00000, 0x0000000614000000|  0%| F|  |TAMS 0x0000000613c00000, 0x0000000613c00000| Untracked 
|  80|0x0000000614000000, 0x0000000614000000, 0x0000000614400000|  0%| F|  |TAMS 0x0000000614000000, 0x0000000614000000| Untracked 
|  81|0x0000000614400000, 0x0000000614400000, 0x0000000614800000|  0%| F|  |TAMS 0x0000000614400000, 0x0000000614400000| Untracked 
|  82|0x0000000614800000, 0x0000000614800000, 0x0000000614c00000|  0%| F|  |TAMS 0x0000000614800000, 0x0000000614800000| Untracked 
|  83|0x0000000614c00000, 0x0000000614c00000, 0x0000000615000000|  0%| F|  |TAMS 0x0000000614c00000, 0x0000000614c00000| Untracked 
|  84|0x0000000615000000, 0x0000000615000000, 0x0000000615400000|  0%| F|  |TAMS 0x0000000615000000, 0x0000000615000000| Untracked 
|  85|0x0000000615400000, 0x0000000615400000, 0x0000000615800000|  0%| F|  |TAMS 0x0000000615400000, 0x0000000615400000| Untracked 
|  86|0x0000000615800000, 0x0000000615800000, 0x0000000615c00000|  0%| F|  |TAMS 0x0000000615800000, 0x0000000615800000| Untracked 
|  87|0x0000000615c00000, 0x0000000615c00000, 0x0000000616000000|  0%| F|  |TAMS 0x0000000615c00000, 0x0000000615c00000| Untracked 
|  88|0x0000000616000000, 0x0000000616000000, 0x0000000616400000|  0%| F|  |TAMS 0x0000000616000000, 0x0000000616000000| Untracked 
|  89|0x0000000616400000, 0x0000000616400000, 0x0000000616800000|  0%| F|  |TAMS 0x0000000616400000, 0x0000000616400000| Untracked 
|  90|0x0000000616800000, 0x0000000616800000, 0x0000000616c00000|  0%| F|  |TAMS 0x0000000616800000, 0x0000000616800000| Untracked 
|  91|0x0000000616c00000, 0x0000000616c00000, 0x0000000617000000|  0%| F|  |TAMS 0x0000000616c00000, 0x0000000616c00000| Untracked 
|  92|0x0000000617000000, 0x0000000617000000, 0x0000000617400000|  0%| F|  |TAMS 0x0000000617000000, 0x0000000617000000| Untracked 
|  93|0x0000000617400000, 0x0000000617400000, 0x0000000617800000|  0%| F|  |TAMS 0x0000000617400000, 0x0000000617400000| Untracked 
|  94|0x0000000617800000, 0x0000000617800000, 0x0000000617c00000|  0%| F|  |TAMS 0x0000000617800000, 0x0000000617800000| Untracked 
|  95|0x0000000617c00000, 0x0000000617c00000, 0x0000000618000000|  0%| F|  |TAMS 0x0000000617c00000, 0x0000000617c00000| Untracked 
|  96|0x0000000618000000, 0x0000000618000000, 0x0000000618400000|  0%| F|  |TAMS 0x0000000618000000, 0x0000000618000000| Untracked 
|  97|0x0000000618400000, 0x0000000618400000, 0x0000000618800000|  0%| F|  |TAMS 0x0000000618400000, 0x0000000618400000| Untracked 
|  98|0x0000000618800000, 0x0000000618b5d548, 0x0000000618c00000| 84%| S|CS|TAMS 0x0000000618800000, 0x0000000618800000| Complete 
|  99|0x0000000618c00000, 0x0000000619000000, 0x0000000619000000|100%| S|CS|TAMS 0x0000000618c00000, 0x0000000618c00000| Complete 
| 100|0x0000000619000000, 0x0000000619400000, 0x0000000619400000|100%| S|CS|TAMS 0x0000000619000000, 0x0000000619000000| Complete 
| 101|0x0000000619400000, 0x0000000619800000, 0x0000000619800000|100%| S|CS|TAMS 0x0000000619400000, 0x0000000619400000| Complete 
| 102|0x0000000619800000, 0x0000000619c00000, 0x0000000619c00000|100%| S|CS|TAMS 0x0000000619800000, 0x0000000619800000| Complete 
| 103|0x0000000619c00000, 0x000000061a000000, 0x000000061a000000|100%| S|CS|TAMS 0x0000000619c00000, 0x0000000619c00000| Complete 
| 104|0x000000061a000000, 0x000000061a400000, 0x000000061a400000|100%| S|CS|TAMS 0x000000061a000000, 0x000000061a000000| Complete 
| 105|0x000000061a400000, 0x000000061a800000, 0x000000061a800000|100%| S|CS|TAMS 0x000000061a400000, 0x000000061a400000| Complete 
| 106|0x000000061a800000, 0x000000061ac00000, 0x000000061ac00000|100%| S|CS|TAMS 0x000000061a800000, 0x000000061a800000| Complete 
| 107|0x000000061ac00000, 0x000000061ac00000, 0x000000061b000000|  0%| F|  |TAMS 0x000000061ac00000, 0x000000061ac00000| Untracked 
| 108|0x000000061b000000, 0x000000061b000000, 0x000000061b400000|  0%| F|  |TAMS 0x000000061b000000, 0x000000061b000000| Untracked 
| 109|0x000000061b400000, 0x000000061b400000, 0x000000061b800000|  0%| F|  |TAMS 0x000000061b400000, 0x000000061b400000| Untracked 
| 110|0x000000061b800000, 0x000000061b800000, 0x000000061bc00000|  0%| F|  |TAMS 0x000000061b800000, 0x000000061b800000| Untracked 
| 111|0x000000061bc00000, 0x000000061bc00000, 0x000000061c000000|  0%| F|  |TAMS 0x000000061bc00000, 0x000000061bc00000| Untracked 
| 112|0x000000061c000000, 0x000000061c000000, 0x000000061c400000|  0%| F|  |TAMS 0x000000061c000000, 0x000000061c000000| Untracked 
| 113|0x000000061c400000, 0x000000061c400000, 0x000000061c800000|  0%| F|  |TAMS 0x000000061c400000, 0x000000061c400000| Untracked 
| 114|0x000000061c800000, 0x000000061c800000, 0x000000061cc00000|  0%| F|  |TAMS 0x000000061c800000, 0x000000061c800000| Untracked 
| 115|0x000000061cc00000, 0x000000061cc00000, 0x000000061d000000|  0%| F|  |TAMS 0x000000061cc00000, 0x000000061cc00000| Untracked 
| 116|0x000000061d000000, 0x000000061d000000, 0x000000061d400000|  0%| F|  |TAMS 0x000000061d000000, 0x000000061d000000| Untracked 
| 117|0x000000061d400000, 0x000000061d400000, 0x000000061d800000|  0%| F|  |TAMS 0x000000061d400000, 0x000000061d400000| Untracked 
| 118|0x000000061d800000, 0x000000061d800000, 0x000000061dc00000|  0%| F|  |TAMS 0x000000061d800000, 0x000000061d800000| Untracked 
| 119|0x000000061dc00000, 0x000000061dc00000, 0x000000061e000000|  0%| F|  |TAMS 0x000000061dc00000, 0x000000061dc00000| Untracked 
| 120|0x000000061e000000, 0x000000061e000000, 0x000000061e400000|  0%| F|  |TAMS 0x000000061e000000, 0x000000061e000000| Untracked 
| 121|0x000000061e400000, 0x000000061e400000, 0x000000061e800000|  0%| F|  |TAMS 0x000000061e400000, 0x000000061e400000| Untracked 
| 122|0x000000061e800000, 0x000000061e800000, 0x000000061ec00000|  0%| F|  |TAMS 0x000000061e800000, 0x000000061e800000| Untracked 
| 123|0x000000061ec00000, 0x000000061ec00000, 0x000000061f000000|  0%| F|  |TAMS 0x000000061ec00000, 0x000000061ec00000| Untracked 
| 124|0x000000061f000000, 0x000000061f000000, 0x000000061f400000|  0%| F|  |TAMS 0x000000061f000000, 0x000000061f000000| Untracked 
| 125|0x000000061f400000, 0x000000061f400000, 0x000000061f800000|  0%| F|  |TAMS 0x000000061f400000, 0x000000061f400000| Untracked 
| 126|0x000000061f800000, 0x000000061f800000, 0x000000061fc00000|  0%| F|  |TAMS 0x000000061f800000, 0x000000061f800000| Untracked 
| 127|0x000000061fc00000, 0x000000061fc00000, 0x0000000620000000|  0%| F|  |TAMS 0x000000061fc00000, 0x000000061fc00000| Untracked 
| 128|0x0000000620000000, 0x0000000620000000, 0x0000000620400000|  0%| F|  |TAMS 0x0000000620000000, 0x0000000620000000| Untracked 
| 129|0x0000000620400000, 0x0000000620400000, 0x0000000620800000|  0%| F|  |TAMS 0x0000000620400000, 0x0000000620400000| Untracked 
| 130|0x0000000620800000, 0x0000000620800000, 0x0000000620c00000|  0%| F|  |TAMS 0x0000000620800000, 0x0000000620800000| Untracked 
| 131|0x0000000620c00000, 0x0000000620c00000, 0x0000000621000000|  0%| F|  |TAMS 0x0000000620c00000, 0x0000000620c00000| Untracked 
| 132|0x0000000621000000, 0x0000000621000000, 0x0000000621400000|  0%| F|  |TAMS 0x0000000621000000, 0x0000000621000000| Untracked 
| 133|0x0000000621400000, 0x0000000621400000, 0x0000000621800000|  0%| F|  |TAMS 0x0000000621400000, 0x0000000621400000| Untracked 
| 134|0x0000000621800000, 0x0000000621800000, 0x0000000621c00000|  0%| F|  |TAMS 0x0000000621800000, 0x0000000621800000| Untracked 
| 135|0x0000000621c00000, 0x0000000621c00000, 0x0000000622000000|  0%| F|  |TAMS 0x0000000621c00000, 0x0000000621c00000| Untracked 
| 136|0x0000000622000000, 0x0000000622000000, 0x0000000622400000|  0%| F|  |TAMS 0x0000000622000000, 0x0000000622000000| Untracked 
| 137|0x0000000622400000, 0x0000000622400000, 0x0000000622800000|  0%| F|  |TAMS 0x0000000622400000, 0x0000000622400000| Untracked 
| 138|0x0000000622800000, 0x0000000622800000, 0x0000000622c00000|  0%| F|  |TAMS 0x0000000622800000, 0x0000000622800000| Untracked 
| 139|0x0000000622c00000, 0x0000000622c00000, 0x0000000623000000|  0%| F|  |TAMS 0x0000000622c00000, 0x0000000622c00000| Untracked 
| 140|0x0000000623000000, 0x0000000623000000, 0x0000000623400000|  0%| F|  |TAMS 0x0000000623000000, 0x0000000623000000| Untracked 
| 141|0x0000000623400000, 0x0000000623400000, 0x0000000623800000|  0%| F|  |TAMS 0x0000000623400000, 0x0000000623400000| Untracked 
| 142|0x0000000623800000, 0x0000000623800000, 0x0000000623c00000|  0%| F|  |TAMS 0x0000000623800000, 0x0000000623800000| Untracked 
| 143|0x0000000623c00000, 0x0000000623c00000, 0x0000000624000000|  0%| F|  |TAMS 0x0000000623c00000, 0x0000000623c00000| Untracked 
| 144|0x0000000624000000, 0x0000000624000000, 0x0000000624400000|  0%| F|  |TAMS 0x0000000624000000, 0x0000000624000000| Untracked 
| 145|0x0000000624400000, 0x0000000624400000, 0x0000000624800000|  0%| F|  |TAMS 0x0000000624400000, 0x0000000624400000| Untracked 
| 146|0x0000000624800000, 0x0000000624800000, 0x0000000624c00000|  0%| F|  |TAMS 0x0000000624800000, 0x0000000624800000| Untracked 
| 147|0x0000000624c00000, 0x0000000624c00000, 0x0000000625000000|  0%| F|  |TAMS 0x0000000624c00000, 0x0000000624c00000| Untracked 
| 148|0x0000000625000000, 0x0000000625000000, 0x0000000625400000|  0%| F|  |TAMS 0x0000000625000000, 0x0000000625000000| Untracked 
| 149|0x0000000625400000, 0x0000000625400000, 0x0000000625800000|  0%| F|  |TAMS 0x0000000625400000, 0x0000000625400000| Untracked 
| 150|0x0000000625800000, 0x0000000625800000, 0x0000000625c00000|  0%| F|  |TAMS 0x0000000625800000, 0x0000000625800000| Untracked 
| 151|0x0000000625c00000, 0x0000000625c00000, 0x0000000626000000|  0%| F|  |TAMS 0x0000000625c00000, 0x0000000625c00000| Untracked 
| 152|0x0000000626000000, 0x0000000626000000, 0x0000000626400000|  0%| F|  |TAMS 0x0000000626000000, 0x0000000626000000| Untracked 
| 153|0x0000000626400000, 0x0000000626400000, 0x0000000626800000|  0%| F|  |TAMS 0x0000000626400000, 0x0000000626400000| Untracked 
| 154|0x0000000626800000, 0x0000000626800000, 0x0000000626c00000|  0%| F|  |TAMS 0x0000000626800000, 0x0000000626800000| Untracked 
| 155|0x0000000626c00000, 0x0000000626c00000, 0x0000000627000000|  0%| F|  |TAMS 0x0000000626c00000, 0x0000000626c00000| Untracked 
| 156|0x0000000627000000, 0x0000000627000000, 0x0000000627400000|  0%| F|  |TAMS 0x0000000627000000, 0x0000000627000000| Untracked 
| 157|0x0000000627400000, 0x0000000627400000, 0x0000000627800000|  0%| F|  |TAMS 0x0000000627400000, 0x0000000627400000| Untracked 
| 158|0x0000000627800000, 0x0000000627800000, 0x0000000627c00000|  0%| F|  |TAMS 0x0000000627800000, 0x0000000627800000| Untracked 
| 159|0x0000000627c00000, 0x0000000627c00000, 0x0000000628000000|  0%| F|  |TAMS 0x0000000627c00000, 0x0000000627c00000| Untracked 
| 160|0x0000000628000000, 0x0000000628000000, 0x0000000628400000|  0%| F|  |TAMS 0x0000000628000000, 0x0000000628000000| Untracked 
| 161|0x0000000628400000, 0x0000000628400000, 0x0000000628800000|  0%| F|  |TAMS 0x0000000628400000, 0x0000000628400000| Untracked 
| 162|0x0000000628800000, 0x0000000628800000, 0x0000000628c00000|  0%| F|  |TAMS 0x0000000628800000, 0x0000000628800000| Untracked 
| 163|0x0000000628c00000, 0x0000000628c00000, 0x0000000629000000|  0%| F|  |TAMS 0x0000000628c00000, 0x0000000628c00000| Untracked 
| 164|0x0000000629000000, 0x0000000629000000, 0x0000000629400000|  0%| F|  |TAMS 0x0000000629000000, 0x0000000629000000| Untracked 
| 165|0x0000000629400000, 0x0000000629400000, 0x0000000629800000|  0%| F|  |TAMS 0x0000000629400000, 0x0000000629400000| Untracked 
| 166|0x0000000629800000, 0x0000000629800000, 0x0000000629c00000|  0%| F|  |TAMS 0x0000000629800000, 0x0000000629800000| Untracked 
| 167|0x0000000629c00000, 0x0000000629c00000, 0x000000062a000000|  0%| F|  |TAMS 0x0000000629c00000, 0x0000000629c00000| Untracked 
| 168|0x000000062a000000, 0x000000062a000000, 0x000000062a400000|  0%| F|  |TAMS 0x000000062a000000, 0x000000062a000000| Untracked 
| 169|0x000000062a400000, 0x000000062a400000, 0x000000062a800000|  0%| F|  |TAMS 0x000000062a400000, 0x000000062a400000| Untracked 
| 170|0x000000062a800000, 0x000000062a800000, 0x000000062ac00000|  0%| F|  |TAMS 0x000000062a800000, 0x000000062a800000| Untracked 
| 171|0x000000062ac00000, 0x000000062ac00000, 0x000000062b000000|  0%| F|  |TAMS 0x000000062ac00000, 0x000000062ac00000| Untracked 
| 172|0x000000062b000000, 0x000000062b000000, 0x000000062b400000|  0%| F|  |TAMS 0x000000062b000000, 0x000000062b000000| Untracked 
| 173|0x000000062b400000, 0x000000062b400000, 0x000000062b800000|  0%| F|  |TAMS 0x000000062b400000, 0x000000062b400000| Untracked 
| 174|0x000000062b800000, 0x000000062b800000, 0x000000062bc00000|  0%| F|  |TAMS 0x000000062b800000, 0x000000062b800000| Untracked 
| 175|0x000000062bc00000, 0x000000062bc00000, 0x000000062c000000|  0%| F|  |TAMS 0x000000062bc00000, 0x000000062bc00000| Untracked 
| 176|0x000000062c000000, 0x000000062c000000, 0x000000062c400000|  0%| F|  |TAMS 0x000000062c000000, 0x000000062c000000| Untracked 
| 177|0x000000062c400000, 0x000000062c400000, 0x000000062c800000|  0%| F|  |TAMS 0x000000062c400000, 0x000000062c400000| Untracked 
| 178|0x000000062c800000, 0x000000062c800000, 0x000000062cc00000|  0%| F|  |TAMS 0x000000062c800000, 0x000000062c800000| Untracked 
| 179|0x000000062cc00000, 0x000000062cc00000, 0x000000062d000000|  0%| F|  |TAMS 0x000000062cc00000, 0x000000062cc00000| Untracked 
| 180|0x000000062d000000, 0x000000062d000000, 0x000000062d400000|  0%| F|  |TAMS 0x000000062d000000, 0x000000062d000000| Untracked 
| 181|0x000000062d400000, 0x000000062d400000, 0x000000062d800000|  0%| F|  |TAMS 0x000000062d400000, 0x000000062d400000| Untracked 
| 182|0x000000062d800000, 0x000000062d800000, 0x000000062dc00000|  0%| F|  |TAMS 0x000000062d800000, 0x000000062d800000| Untracked 
| 183|0x000000062dc00000, 0x000000062dc00000, 0x000000062e000000|  0%| F|  |TAMS 0x000000062dc00000, 0x000000062dc00000| Untracked 
| 184|0x000000062e000000, 0x000000062e000000, 0x000000062e400000|  0%| F|  |TAMS 0x000000062e000000, 0x000000062e000000| Untracked 
| 185|0x000000062e400000, 0x000000062e400000, 0x000000062e800000|  0%| F|  |TAMS 0x000000062e400000, 0x000000062e400000| Untracked 
| 186|0x000000062e800000, 0x000000062e800000, 0x000000062ec00000|  0%| F|  |TAMS 0x000000062e800000, 0x000000062e800000| Untracked 
| 187|0x000000062ec00000, 0x000000062ec00000, 0x000000062f000000|  0%| F|  |TAMS 0x000000062ec00000, 0x000000062ec00000| Untracked 
| 188|0x000000062f000000, 0x000000062f000000, 0x000000062f400000|  0%| F|  |TAMS 0x000000062f000000, 0x000000062f000000| Untracked 
| 189|0x000000062f400000, 0x000000062f400000, 0x000000062f800000|  0%| F|  |TAMS 0x000000062f400000, 0x000000062f400000| Untracked 
| 190|0x000000062f800000, 0x000000062f800000, 0x000000062fc00000|  0%| F|  |TAMS 0x000000062f800000, 0x000000062f800000| Untracked 
| 191|0x000000062fc00000, 0x000000062fc00000, 0x0000000630000000|  0%| F|  |TAMS 0x000000062fc00000, 0x000000062fc00000| Untracked 
| 192|0x0000000630000000, 0x0000000630000000, 0x0000000630400000|  0%| F|  |TAMS 0x0000000630000000, 0x0000000630000000| Untracked 
| 193|0x0000000630400000, 0x0000000630400000, 0x0000000630800000|  0%| F|  |TAMS 0x0000000630400000, 0x0000000630400000| Untracked 
| 194|0x0000000630800000, 0x0000000630800000, 0x0000000630c00000|  0%| F|  |TAMS 0x0000000630800000, 0x0000000630800000| Untracked 
| 195|0x0000000630c00000, 0x0000000630c00000, 0x0000000631000000|  0%| F|  |TAMS 0x0000000630c00000, 0x0000000630c00000| Untracked 
| 196|0x0000000631000000, 0x0000000631000000, 0x0000000631400000|  0%| F|  |TAMS 0x0000000631000000, 0x0000000631000000| Untracked 
| 197|0x0000000631400000, 0x0000000631400000, 0x0000000631800000|  0%| F|  |TAMS 0x0000000631400000, 0x0000000631400000| Untracked 
| 198|0x0000000631800000, 0x0000000631800000, 0x0000000631c00000|  0%| F|  |TAMS 0x0000000631800000, 0x0000000631800000| Untracked 
| 199|0x0000000631c00000, 0x0000000631f87440, 0x0000000632000000| 88%| E|  |TAMS 0x0000000631c00000, 0x0000000631c00000| Complete 
| 200|0x0000000632000000, 0x0000000632400000, 0x0000000632400000|100%| E|CS|TAMS 0x0000000632000000, 0x0000000632000000| Complete 
| 201|0x0000000632400000, 0x0000000632800000, 0x0000000632800000|100%| E|CS|TAMS 0x0000000632400000, 0x0000000632400000| Complete 
| 202|0x0000000632800000, 0x0000000632c00000, 0x0000000632c00000|100%| E|CS|TAMS 0x0000000632800000, 0x0000000632800000| Complete 
| 203|0x0000000632c00000, 0x0000000633000000, 0x0000000633000000|100%| E|CS|TAMS 0x0000000632c00000, 0x0000000632c00000| Complete 
| 204|0x0000000633000000, 0x0000000633400000, 0x0000000633400000|100%| E|CS|TAMS 0x0000000633000000, 0x0000000633000000| Complete 
| 205|0x0000000633400000, 0x0000000633800000, 0x0000000633800000|100%| E|CS|TAMS 0x0000000633400000, 0x0000000633400000| Complete 
| 206|0x0000000633800000, 0x0000000633c00000, 0x0000000633c00000|100%| E|CS|TAMS 0x0000000633800000, 0x0000000633800000| Complete 
| 207|0x0000000633c00000, 0x0000000634000000, 0x0000000634000000|100%| E|CS|TAMS 0x0000000633c00000, 0x0000000633c00000| Complete 
| 208|0x0000000634000000, 0x0000000634400000, 0x0000000634400000|100%| E|CS|TAMS 0x0000000634000000, 0x0000000634000000| Complete 
| 209|0x0000000634400000, 0x0000000634800000, 0x0000000634800000|100%| E|CS|TAMS 0x0000000634400000, 0x0000000634400000| Complete 
| 210|0x0000000634800000, 0x0000000634c00000, 0x0000000634c00000|100%| E|CS|TAMS 0x0000000634800000, 0x0000000634800000| Complete 
| 211|0x0000000634c00000, 0x0000000635000000, 0x0000000635000000|100%| E|CS|TAMS 0x0000000634c00000, 0x0000000634c00000| Complete 
| 212|0x0000000635000000, 0x0000000635400000, 0x0000000635400000|100%| E|CS|TAMS 0x0000000635000000, 0x0000000635000000| Complete 
| 213|0x0000000635400000, 0x0000000635800000, 0x0000000635800000|100%| E|CS|TAMS 0x0000000635400000, 0x0000000635400000| Complete 
| 214|0x0000000635800000, 0x0000000635c00000, 0x0000000635c00000|100%| E|CS|TAMS 0x0000000635800000, 0x0000000635800000| Complete 
| 215|0x0000000635c00000, 0x0000000636000000, 0x0000000636000000|100%| E|CS|TAMS 0x0000000635c00000, 0x0000000635c00000| Complete 
| 216|0x0000000636000000, 0x0000000636400000, 0x0000000636400000|100%| E|CS|TAMS 0x0000000636000000, 0x0000000636000000| Complete 
| 217|0x0000000636400000, 0x0000000636800000, 0x0000000636800000|100%| E|CS|TAMS 0x0000000636400000, 0x0000000636400000| Complete 
| 218|0x0000000636800000, 0x0000000636c00000, 0x0000000636c00000|100%| E|CS|TAMS 0x0000000636800000, 0x0000000636800000| Complete 
| 219|0x0000000636c00000, 0x0000000637000000, 0x0000000637000000|100%| E|CS|TAMS 0x0000000636c00000, 0x0000000636c00000| Complete 
| 220|0x0000000637000000, 0x0000000637400000, 0x0000000637400000|100%| E|CS|TAMS 0x0000000637000000, 0x0000000637000000| Complete 
| 221|0x0000000637400000, 0x0000000637800000, 0x0000000637800000|100%| E|CS|TAMS 0x0000000637400000, 0x0000000637400000| Complete 
| 222|0x0000000637800000, 0x0000000637c00000, 0x0000000637c00000|100%| E|CS|TAMS 0x0000000637800000, 0x0000000637800000| Complete 
| 223|0x0000000637c00000, 0x0000000638000000, 0x0000000638000000|100%| E|CS|TAMS 0x0000000637c00000, 0x0000000637c00000| Complete 
| 224|0x0000000638000000, 0x0000000638400000, 0x0000000638400000|100%| E|CS|TAMS 0x0000000638000000, 0x0000000638000000| Complete 
| 225|0x0000000638400000, 0x0000000638800000, 0x0000000638800000|100%| E|CS|TAMS 0x0000000638400000, 0x0000000638400000| Complete 
| 226|0x0000000638800000, 0x0000000638c00000, 0x0000000638c00000|100%| E|CS|TAMS 0x0000000638800000, 0x0000000638800000| Complete 
| 227|0x0000000638c00000, 0x0000000639000000, 0x0000000639000000|100%| E|CS|TAMS 0x0000000638c00000, 0x0000000638c00000| Complete 
| 228|0x0000000639000000, 0x0000000639400000, 0x0000000639400000|100%| E|CS|TAMS 0x0000000639000000, 0x0000000639000000| Complete 
| 229|0x0000000639400000, 0x0000000639800000, 0x0000000639800000|100%| E|CS|TAMS 0x0000000639400000, 0x0000000639400000| Complete 
| 230|0x0000000639800000, 0x0000000639c00000, 0x0000000639c00000|100%| E|CS|TAMS 0x0000000639800000, 0x0000000639800000| Complete 
| 231|0x0000000639c00000, 0x000000063a000000, 0x000000063a000000|100%| E|CS|TAMS 0x0000000639c00000, 0x0000000639c00000| Complete 
| 232|0x000000063a000000, 0x000000063a400000, 0x000000063a400000|100%| E|CS|TAMS 0x000000063a000000, 0x000000063a000000| Complete 
| 233|0x000000063a400000, 0x000000063a800000, 0x000000063a800000|100%| E|CS|TAMS 0x000000063a400000, 0x000000063a400000| Complete 
| 234|0x000000063a800000, 0x000000063ac00000, 0x000000063ac00000|100%| E|CS|TAMS 0x000000063a800000, 0x000000063a800000| Complete 
| 235|0x000000063ac00000, 0x000000063b000000, 0x000000063b000000|100%| E|CS|TAMS 0x000000063ac00000, 0x000000063ac00000| Complete 
| 236|0x000000063b000000, 0x000000063b400000, 0x000000063b400000|100%| E|CS|TAMS 0x000000063b000000, 0x000000063b000000| Complete 
| 237|0x000000063b400000, 0x000000063b800000, 0x000000063b800000|100%| E|CS|TAMS 0x000000063b400000, 0x000000063b400000| Complete 
| 238|0x000000063b800000, 0x000000063bc00000, 0x000000063bc00000|100%| E|CS|TAMS 0x000000063b800000, 0x000000063b800000| Complete 
| 239|0x000000063bc00000, 0x000000063c000000, 0x000000063c000000|100%| E|CS|TAMS 0x000000063bc00000, 0x000000063bc00000| Complete 
| 240|0x000000063c000000, 0x000000063c400000, 0x000000063c400000|100%| E|CS|TAMS 0x000000063c000000, 0x000000063c000000| Complete 
| 241|0x000000063c400000, 0x000000063c800000, 0x000000063c800000|100%| E|CS|TAMS 0x000000063c400000, 0x000000063c400000| Complete 
| 242|0x000000063c800000, 0x000000063cc00000, 0x000000063cc00000|100%| E|CS|TAMS 0x000000063c800000, 0x000000063c800000| Complete 
| 243|0x000000063cc00000, 0x000000063d000000, 0x000000063d000000|100%| E|CS|TAMS 0x000000063cc00000, 0x000000063cc00000| Complete 
| 244|0x000000063d000000, 0x000000063d400000, 0x000000063d400000|100%| E|CS|TAMS 0x000000063d000000, 0x000000063d000000| Complete 
| 245|0x000000063d400000, 0x000000063d800000, 0x000000063d800000|100%| E|CS|TAMS 0x000000063d400000, 0x000000063d400000| Complete 
| 246|0x000000063d800000, 0x000000063dc00000, 0x000000063dc00000|100%| E|CS|TAMS 0x000000063d800000, 0x000000063d800000| Complete 
| 247|0x000000063dc00000, 0x000000063e000000, 0x000000063e000000|100%| E|CS|TAMS 0x000000063dc00000, 0x000000063dc00000| Complete 
| 248|0x000000063e000000, 0x000000063e400000, 0x000000063e400000|100%| E|CS|TAMS 0x000000063e000000, 0x000000063e000000| Complete 
| 249|0x000000063e400000, 0x000000063e800000, 0x000000063e800000|100%| E|CS|TAMS 0x000000063e400000, 0x000000063e400000| Complete 
| 250|0x000000063e800000, 0x000000063ec00000, 0x000000063ec00000|100%| E|CS|TAMS 0x000000063e800000, 0x000000063e800000| Complete 
| 251|0x000000063ec00000, 0x000000063f000000, 0x000000063f000000|100%| E|CS|TAMS 0x000000063ec00000, 0x000000063ec00000| Complete 
| 252|0x000000063f000000, 0x000000063f400000, 0x000000063f400000|100%| E|CS|TAMS 0x000000063f000000, 0x000000063f000000| Complete 
| 253|0x000000063f400000, 0x000000063f800000, 0x000000063f800000|100%| E|CS|TAMS 0x000000063f400000, 0x000000063f400000| Complete 
| 254|0x000000063f800000, 0x000000063fc00000, 0x000000063fc00000|100%| E|CS|TAMS 0x000000063f800000, 0x000000063f800000| Complete 
| 255|0x000000063fc00000, 0x0000000640000000, 0x0000000640000000|100%| E|CS|TAMS 0x000000063fc00000, 0x000000063fc00000| Complete 
| 256|0x0000000640000000, 0x0000000640400000, 0x0000000640400000|100%| E|CS|TAMS 0x0000000640000000, 0x0000000640000000| Complete 
| 257|0x0000000640400000, 0x0000000640800000, 0x0000000640800000|100%| E|CS|TAMS 0x0000000640400000, 0x0000000640400000| Complete 
| 258|0x0000000640800000, 0x0000000640c00000, 0x0000000640c00000|100%| E|CS|TAMS 0x0000000640800000, 0x0000000640800000| Complete 
| 259|0x0000000640c00000, 0x0000000641000000, 0x0000000641000000|100%| E|CS|TAMS 0x0000000640c00000, 0x0000000640c00000| Complete 
| 260|0x0000000641000000, 0x0000000641400000, 0x0000000641400000|100%| E|CS|TAMS 0x0000000641000000, 0x0000000641000000| Complete 
| 261|0x0000000641400000, 0x0000000641800000, 0x0000000641800000|100%| E|CS|TAMS 0x0000000641400000, 0x0000000641400000| Complete 
| 262|0x0000000641800000, 0x0000000641c00000, 0x0000000641c00000|100%| E|CS|TAMS 0x0000000641800000, 0x0000000641800000| Complete 
| 263|0x0000000641c00000, 0x0000000642000000, 0x0000000642000000|100%| E|CS|TAMS 0x0000000641c00000, 0x0000000641c00000| Complete 
| 264|0x0000000642000000, 0x0000000642400000, 0x0000000642400000|100%| E|CS|TAMS 0x0000000642000000, 0x0000000642000000| Complete 
| 265|0x0000000642400000, 0x0000000642800000, 0x0000000642800000|100%| E|CS|TAMS 0x0000000642400000, 0x0000000642400000| Complete 
| 266|0x0000000642800000, 0x0000000642c00000, 0x0000000642c00000|100%| E|CS|TAMS 0x0000000642800000, 0x0000000642800000| Complete 

Card table byte_map: [0x00000272c53b0000,0x00000272c63b0000] _byte_map_base: 0x00000272c23b0000

Marking Bits (Prev, Next): (CMBitMap*) 0x000002729c628ea0, (CMBitMap*) 0x000002729c628e60
 Prev Bits: [0x00000272cf3b0000, 0x00000272d73b0000)
 Next Bits: [0x00000272c73b0000, 0x00000272cf3b0000)

Polling page: 0x000002729a550000

Metaspace:

Usage:
  Non-class:    156.58 MB used.
      Class:     23.26 MB used.
       Both:    179.84 MB used.

Virtual space:
  Non-class space:      192.00 MB reserved,     157.50 MB ( 82%) committed,  3 nodes.
      Class space:        1.00 GB reserved,      24.06 MB (  2%) committed,  1 nodes.
             Both:        1.19 GB reserved,     181.56 MB ( 15%) committed. 

Chunk freelists:
   Non-Class:  2.09 MB
       Class:  7.85 MB
        Both:  9.94 MB

MaxMetaspaceSize: 4.00 GB
CompressedClassSpaceSize: 1.00 GB
Initial GC threshold: 21.00 MB
Current GC threshold: 276.81 MB
CDS: on
MetaspaceReclaimPolicy: balanced
 - commit_granule_bytes: 65536.
 - commit_granule_words: 8192.
 - virtual_space_node_default_size: 8388608.
 - enlarge_chunks_in_place: 1.
 - new_chunks_are_fully_committed: 0.
 - uncommit_free_chunks: 1.
 - use_allocation_guard: 0.
 - handle_deallocations: 1.


Internal statistics:

num_allocs_failed_limit: 21.
num_arena_births: 2732.
num_arena_deaths: 0.
num_vsnodes_births: 4.
num_vsnodes_deaths: 0.
num_space_committed: 2903.
num_space_uncommitted: 0.
num_chunks_returned_to_freelist: 21.
num_chunks_taken_from_freelist: 10925.
num_chunk_merges: 15.
num_chunk_splits: 7285.
num_chunks_enlarged: 4889.
num_inconsistent_stats: 0.

CodeHeap 'non-profiled nmethods': size=259264Kb used=19581Kb max_used=19581Kb free=239682Kb
 bounds [0x00000272b4120000, 0x00000272b5440000, 0x00000272c3e50000]
CodeHeap 'profiled nmethods': size=259264Kb used=52189Kb max_used=52189Kb free=207074Kb
 bounds [0x00000272a3e50000, 0x00000272a7150000, 0x00000272b3b80000]
CodeHeap 'non-nmethods': size=5760Kb used=2658Kb max_used=2755Kb free=3101Kb
 bounds [0x00000272b3b80000, 0x00000272b3e40000, 0x00000272b4120000]
 total_blobs=26283 nmethods=25048 adapters=1143
 compilation: enabled
              stopped_count=0, restarted_count=0
 full_count=0

Compilation events (20 events):
Event: 258.215 Thread 0x00000272d9686200 30370       3       com.google.common.collect.AbstractMultimap::entries (23 bytes)
Event: 258.216 Thread 0x00000272d9686200 nmethod 30370 0x00000272a713ae90 code [0x00000272a713b040, 0x00000272a713b2e8]
Event: 258.216 Thread 0x00000272d9686200 30371       3       com.google.common.collect.ImmutableMultimap$EntryCollection::iterator (5 bytes)
Event: 258.217 Thread 0x00000272d9686200 nmethod 30371 0x00000272a713b390 code [0x00000272a713b540, 0x00000272a713b848]
Event: 258.218 Thread 0x00000272d9686200 30372       1       org.gradle.api.internal.artifacts.ivyservice.resolveengine.excludes.simple.DefaultExcludeEverything::excludes (2 bytes)
Event: 258.218 Thread 0x00000272d9686200 nmethod 30372 0x00000272b543ea10 code [0x00000272b543eba0, 0x00000272b543ec78]
Event: 258.232 Thread 0x00000272d9686200 30373       3       org.gradle.execution.plan.ValuedVfsHierarchy$2::createChild (5 bytes)
Event: 258.232 Thread 0x00000272d9686200 nmethod 30373 0x00000272a713b990 code [0x00000272a713bb40, 0x00000272a713bc88]
Event: 258.233 Thread 0x00000272d9686200 30374       1       org.gradle.execution.plan.MissingTaskDependencyDetector$FilteredTree::getRoot (5 bytes)
Event: 258.233 Thread 0x00000272d9686200 nmethod 30374 0x00000272b543ed10 code [0x00000272b543eea0, 0x00000272b543ef78]
Event: 258.503 Thread 0x00000272d9686200 30375       1       org.gradle.internal.file.impl.DefaultDeleter$FileDeletionResult::access$000 (5 bytes)
Event: 258.503 Thread 0x00000272d9686200 nmethod 30375 0x00000272b543f010 code [0x00000272b543f1a0, 0x00000272b543f258]
Event: 258.668 Thread 0x00000272d9686200 30376   !   3       sun.nio.fs.WindowsFileAttributes::get (236 bytes)
Event: 258.672 Thread 0x00000272d9686200 nmethod 30376 0x00000272a713bd10 code [0x00000272a713c140, 0x00000272a713dbc8]
Event: 258.739 Thread 0x00000272d9686200 30379   !   3       sun.nio.fs.WindowsPath::getPathForWin32Calls (135 bytes)
Event: 258.742 Thread 0x00000272d9686200 nmethod 30379 0x00000272a713ea10 code [0x00000272a713eca0, 0x00000272a713fbb8]
Event: 258.905 Thread 0x00000272d9686200 30380       3       org.gradle.internal.instantiation.generator.AsmBackedClassGenerator$ClassBuilderImpl$32::<init> (79 bytes)
Event: 258.910 Thread 0x00000272d9686200 nmethod 30380 0x00000272a7140010 code [0x00000272a71402a0, 0x00000272a7141208]
Event: 258.910 Thread 0x00000272d9686200 30381       3       org.objectweb.asm.MethodWriter::visitVarInsn (302 bytes)
Event: 258.912 Thread 0x00000272d9686200 nmethod 30381 0x00000272a7141710 code [0x00000272a7141960, 0x00000272a7142388]

GC Heap History (20 events):
Event: 140.858 GC heap before
{Heap before GC invocations=68 (full 0):
 garbage-first heap   total 466944K, used 247063K [0x0000000600000000, 0x0000000800000000)
  region size 4096K, 5 young (20480K), 3 survivors (12288K)
 Metaspace       used 151732K, committed 153280K, reserved 1245184K
  class space    used 20644K, committed 21376K, reserved 1048576K
}
Event: 140.941 GC heap after
{Heap after GC invocations=69 (full 0):
 garbage-first heap   total 466944K, used 217948K [0x0000000600000000, 0x0000000800000000)
  region size 4096K, 1 young (4096K), 1 survivors (4096K)
 Metaspace       used 151732K, committed 153280K, reserved 1245184K
  class space    used 20644K, committed 21376K, reserved 1048576K
}
Event: 152.264 GC heap before
{Heap before GC invocations=69 (full 0):
 garbage-first heap   total 466944K, used 373596K [0x0000000600000000, 0x0000000800000000)
  region size 4096K, 39 young (159744K), 1 survivors (4096K)
 Metaspace       used 167376K, committed 168896K, reserved 1245184K
  class space    used 22309K, committed 23040K, reserved 1048576K
}
Event: 152.287 GC heap after
{Heap after GC invocations=70 (full 0):
 garbage-first heap   total 466944K, used 226005K [0x0000000600000000, 0x0000000800000000)
  region size 4096K, 3 young (12288K), 3 survivors (12288K)
 Metaspace       used 167376K, committed 168896K, reserved 1245184K
  class space    used 22309K, committed 23040K, reserved 1048576K
}
Event: 160.094 GC heap before
{Heap before GC invocations=71 (full 0):
 garbage-first heap   total 466944K, used 373461K [0x0000000600000000, 0x0000000800000000)
  region size 4096K, 39 young (159744K), 3 survivors (12288K)
 Metaspace       used 175215K, committed 176832K, reserved 1245184K
  class space    used 23091K, committed 23872K, reserved 1048576K
}
Event: 160.162 GC heap after
{Heap after GC invocations=72 (full 0):
 garbage-first heap   total 466944K, used 245913K [0x0000000600000000, 0x0000000800000000)
  region size 4096K, 5 young (20480K), 5 survivors (20480K)
 Metaspace       used 175215K, committed 176832K, reserved 1245184K
  class space    used 23091K, committed 23872K, reserved 1048576K
}
Event: 160.201 GC heap before
{Heap before GC invocations=72 (full 0):
 garbage-first heap   total 466944K, used 250009K [0x0000000600000000, 0x0000000800000000)
  region size 4096K, 6 young (24576K), 5 survivors (20480K)
 Metaspace       used 175215K, committed 176832K, reserved 1245184K
  class space    used 23091K, committed 23872K, reserved 1048576K
}
Event: 160.256 GC heap after
{Heap after GC invocations=73 (full 0):
 garbage-first heap   total 466944K, used 247692K [0x0000000600000000, 0x0000000800000000)
  region size 4096K, 1 young (4096K), 1 survivors (4096K)
 Metaspace       used 175215K, committed 176832K, reserved 1245184K
  class space    used 23091K, committed 23872K, reserved 1048576K
}
Event: 162.336 GC heap before
{Heap before GC invocations=73 (full 0):
 garbage-first heap   total 466944K, used 370572K [0x0000000600000000, 0x0000000800000000)
  region size 4096K, 31 young (126976K), 1 survivors (4096K)
 Metaspace       used 175298K, committed 176896K, reserved 1245184K
  class space    used 23099K, committed 23872K, reserved 1048576K
}
Event: 162.369 GC heap after
{Heap after GC invocations=74 (full 0):
 garbage-first heap   total 466944K, used 260623K [0x0000000600000000, 0x0000000800000000)
  region size 4096K, 4 young (16384K), 4 survivors (16384K)
 Metaspace       used 175298K, committed 176896K, reserved 1245184K
  class space    used 23099K, committed 23872K, reserved 1048576K
}
Event: 165.974 GC heap before
{Heap before GC invocations=74 (full 0):
 garbage-first heap   total 466944K, used 371215K [0x0000000600000000, 0x0000000800000000)
  region size 4096K, 32 young (131072K), 4 survivors (16384K)
 Metaspace       used 175428K, committed 177024K, reserved 1245184K
  class space    used 23099K, committed 23872K, reserved 1048576K
}
Event: 166.024 GC heap after
{Heap after GC invocations=75 (full 0):
 garbage-first heap   total 466944K, used 267506K [0x0000000600000000, 0x0000000800000000)
  region size 4096K, 3 young (12288K), 3 survivors (12288K)
 Metaspace       used 175428K, committed 177024K, reserved 1245184K
  class space    used 23099K, committed 23872K, reserved 1048576K
}
Event: 169.551 GC heap before
{Heap before GC invocations=75 (full 0):
 garbage-first heap   total 466944K, used 374002K [0x0000000600000000, 0x0000000800000000)
  region size 4096K, 29 young (118784K), 3 survivors (12288K)
 Metaspace       used 175542K, committed 177152K, reserved 1245184K
  class space    used 23099K, committed 23872K, reserved 1048576K
}
Event: 169.581 GC heap after
{Heap after GC invocations=76 (full 0):
 garbage-first heap   total 1093632K, used 272749K [0x0000000600000000, 0x0000000800000000)
  region size 4096K, 4 young (16384K), 4 survivors (16384K)
 Metaspace       used 175542K, committed 177152K, reserved 1245184K
  class space    used 23099K, committed 23872K, reserved 1048576K
}
Event: 183.285 GC heap before
{Heap before GC invocations=76 (full 0):
 garbage-first heap   total 1093632K, used 837997K [0x0000000600000000, 0x0000000800000000)
  region size 4096K, 142 young (581632K), 4 survivors (16384K)
 Metaspace       used 179612K, committed 181184K, reserved 1245184K
  class space    used 23485K, committed 24256K, reserved 1048576K
}
Event: 183.310 GC heap after
{Heap after GC invocations=77 (full 0):
 garbage-first heap   total 1093632K, used 275902K [0x0000000600000000, 0x0000000800000000)
  region size 4096K, 5 young (20480K), 5 survivors (20480K)
 Metaspace       used 179612K, committed 181184K, reserved 1245184K
  class space    used 23485K, committed 24256K, reserved 1048576K
}
Event: 186.215 GC heap before
{Heap before GC invocations=77 (full 0):
 garbage-first heap   total 1093632K, used 890302K [0x0000000600000000, 0x0000000800000000)
  region size 4096K, 155 young (634880K), 5 survivors (20480K)
 Metaspace       used 179613K, committed 181184K, reserved 1245184K
  class space    used 23485K, committed 24256K, reserved 1048576K
}
Event: 186.230 GC heap after
{Heap after GC invocations=78 (full 0):
 garbage-first heap   total 1093632K, used 275076K [0x0000000600000000, 0x0000000800000000)
  region size 4096K, 4 young (16384K), 4 survivors (16384K)
 Metaspace       used 179613K, committed 181184K, reserved 1245184K
  class space    used 23485K, committed 24256K, reserved 1048576K
}
Event: 192.960 GC heap before
{Heap before GC invocations=78 (full 0):
 garbage-first heap   total 1093632K, used 922244K [0x0000000600000000, 0x0000000800000000)
  region size 4096K, 160 young (655360K), 4 survivors (16384K)
 Metaspace       used 183463K, committed 185152K, reserved 1245184K
  class space    used 23718K, committed 24512K, reserved 1048576K
}
Event: 192.997 GC heap after
{Heap after GC invocations=79 (full 0):
 garbage-first heap   total 1093632K, used 286713K [0x0000000600000000, 0x0000000800000000)
  region size 4096K, 9 young (36864K), 9 survivors (36864K)
 Metaspace       used 183463K, committed 185152K, reserved 1245184K
  class space    used 23718K, committed 24512K, reserved 1048576K
}

Deoptimization events (20 events):
Event: 257.588 Thread 0x00000273213cd360 DEOPT PACKING pc=0x00000272b542a4d8 sp=0x00000078c17f6e40
Event: 257.588 Thread 0x00000273213cd360 DEOPT UNPACKING pc=0x00000272b3bd23a3 sp=0x00000078c17f6e28 mode 2
Event: 258.089 Thread 0x000002732636ed70 Uncommon trap: trap_request=0xffffffde fr.pc=0x00000272b4b66818 relative=0x0000000000001538
Event: 258.089 Thread 0x000002732636ed70 Uncommon trap: reason=class_check action=maybe_recompile pc=0x00000272b4b66818 method=org.gradle.internal.snapshot.impl.AbstractValueProcessor.processValue(Ljava/lang/Object;Lorg/gradle/internal/snapshot/impl/AbstractValueProcessor$ValueVisitor;)Ljava/lan
Event: 258.089 Thread 0x000002732636ed70 DEOPT PACKING pc=0x00000272b4b66818 sp=0x00000078c3ffc2c0
Event: 258.090 Thread 0x000002732636ed70 DEOPT UNPACKING pc=0x00000272b3bd23a3 sp=0x00000078c3ffc2c8 mode 2
Event: 258.204 Thread 0x000002732636ed70 DEOPT PACKING pc=0x00000272a5efab53 sp=0x00000078c3ff9ed0
Event: 258.204 Thread 0x000002732636ed70 DEOPT UNPACKING pc=0x00000272b3bd2b43 sp=0x00000078c3ff9380 mode 0
Event: 258.663 Thread 0x000002732636ed70 Uncommon trap: trap_request=0xffffff45 fr.pc=0x00000272b4e5326c relative=0x0000000000000d0c
Event: 258.663 Thread 0x000002732636ed70 Uncommon trap: reason=unstable_if action=reinterpret pc=0x00000272b4e5326c method=sun.nio.fs.WindowsPath.getPathForWin32Calls()Ljava/lang/String; @ 17 c2
Event: 258.664 Thread 0x000002732636ed70 DEOPT PACKING pc=0x00000272b4e5326c sp=0x00000078c3ffb170
Event: 258.664 Thread 0x000002732636ed70 DEOPT UNPACKING pc=0x00000272b3bd23a3 sp=0x00000078c3ffb0a8 mode 2
Event: 258.665 Thread 0x000002732636ed70 Uncommon trap: trap_request=0xffffff45 fr.pc=0x00000272b472a248 relative=0x00000000000000a8
Event: 258.665 Thread 0x000002732636ed70 Uncommon trap: reason=unstable_if action=reinterpret pc=0x00000272b472a248 method=sun.nio.fs.WindowsPath.getPathForWin32Calls()Ljava/lang/String; @ 17 c2
Event: 258.665 Thread 0x000002732636ed70 DEOPT PACKING pc=0x00000272b472a248 sp=0x00000078c3ffb1e0
Event: 258.665 Thread 0x000002732636ed70 DEOPT UNPACKING pc=0x00000272b3bd23a3 sp=0x00000078c3ffb158 mode 2
Event: 258.895 Thread 0x000002732636ed70 Uncommon trap: trap_request=0xffffffd6 fr.pc=0x00000272b52b77ec relative=0x00000000000003cc
Event: 258.895 Thread 0x000002732636ed70 Uncommon trap: reason=array_check action=maybe_recompile pc=0x00000272b52b77ec method=java.util.LinkedHashMap.valuesToArray([Ljava/lang/Object;)[Ljava/lang/Object; @ 25 c2
Event: 258.895 Thread 0x000002732636ed70 DEOPT PACKING pc=0x00000272b52b77ec sp=0x00000078c3ff9510
Event: 258.895 Thread 0x000002732636ed70 DEOPT UNPACKING pc=0x00000272b3bd23a3 sp=0x00000078c3ff94c8 mode 2

Classes unloaded (0 events):
No events

Classes redefined (0 events):
No events

Internal exceptions (20 events):
Event: 193.416 Thread 0x00000273218accc0 Exception <a 'sun/nio/fs/WindowsException'{0x0000000640ece6b8}> (0x0000000640ece6b8) 
thrown [s\open\src\hotspot\share\prims\jni.cpp, line 516]
Event: 193.416 Thread 0x00000273218accc0 Exception <a 'sun/nio/fs/WindowsException'{0x0000000640ed05c0}> (0x0000000640ed05c0) 
thrown [s\open\src\hotspot\share\prims\jni.cpp, line 516]
Event: 193.815 Thread 0x00000273213cd360 Exception <a 'sun/nio/fs/WindowsException'{0x000000063d326cc8}> (0x000000063d326cc8) 
thrown [s\open\src\hotspot\share\prims\jni.cpp, line 516]
Event: 194.230 Thread 0x00000273213cd360 Exception <a 'sun/nio/fs/WindowsException'{0x000000063a7e4cf0}> (0x000000063a7e4cf0) 
thrown [s\open\src\hotspot\share\prims\jni.cpp, line 516]
Event: 194.386 Thread 0x00000273213cd360 Exception <a 'java/lang/ClassNotFoundException'{0x0000000639265d28}: org/gradle/util/GradleVersionBeanInfo> (0x0000000639265d28) 
thrown [s\open\src\hotspot\share\classfile\systemDictionary.cpp, line 256]
Event: 194.386 Thread 0x00000273213cd360 Exception <a 'java/lang/ClassNotFoundException'{0x000000063926e708}: org/gradle/util/GradleVersionCustomizer> (0x000000063926e708) 
thrown [s\open\src\hotspot\share\classfile\systemDictionary.cpp, line 256]
Event: 194.389 Thread 0x00000273213cd360 Exception <a 'java/lang/ClassNotFoundException'{0x00000006393b6268}: org/gradle/util/internal/DefaultGradleVersionBeanInfo> (0x00000006393b6268) 
thrown [s\open\src\hotspot\share\classfile\systemDictionary.cpp, line 256]
Event: 194.389 Thread 0x00000273213cd360 Exception <a 'java/lang/ClassNotFoundException'{0x00000006393bf100}: org/gradle/util/internal/DefaultGradleVersionCustomizer> (0x00000006393bf100) 
thrown [s\open\src\hotspot\share\classfile\systemDictionary.cpp, line 256]
Event: 195.056 Thread 0x00000273213cd360 Exception <a 'sun/nio/fs/WindowsException'{0x0000000638d62d48}> (0x0000000638d62d48) 
thrown [s\open\src\hotspot\share\prims\jni.cpp, line 516]
Event: 195.056 Thread 0x00000273213cd360 Exception <a 'sun/nio/fs/WindowsException'{0x0000000638d63198}> (0x0000000638d63198) 
thrown [s\open\src\hotspot\share\prims\jni.cpp, line 516]
Event: 195.480 Thread 0x0000027326372a30 Exception <a 'sun/nio/fs/WindowsException'{0x000000063794e6d0}> (0x000000063794e6d0) 
thrown [s\open\src\hotspot\share\prims\jni.cpp, line 516]
Event: 255.372 Thread 0x00000273213cd360 Exception <a 'sun/nio/fs/WindowsException'{0x0000000636f7e4a8}> (0x0000000636f7e4a8) 
thrown [s\open\src\hotspot\share\prims\jni.cpp, line 516]
Event: 255.374 Thread 0x00000273213cd360 Exception <a 'sun/nio/fs/WindowsException'{0x0000000636f7fcd0}> (0x0000000636f7fcd0) 
thrown [s\open\src\hotspot\share\prims\jni.cpp, line 516]
Event: 255.375 Thread 0x00000273213cd360 Exception <a 'sun/nio/fs/WindowsException'{0x0000000636f814f8}> (0x0000000636f814f8) 
thrown [s\open\src\hotspot\share\prims\jni.cpp, line 516]
Event: 255.376 Thread 0x00000273213cd360 Exception <a 'sun/nio/fs/WindowsException'{0x0000000636f828f0}> (0x0000000636f828f0) 
thrown [s\open\src\hotspot\share\prims\jni.cpp, line 516]
Event: 255.511 Thread 0x00000273213cd360 Exception <a 'sun/nio/fs/WindowsException'{0x00000006369b2720}> (0x00000006369b2720) 
thrown [s\open\src\hotspot\share\prims\jni.cpp, line 516]
Event: 255.512 Thread 0x00000273213cd360 Exception <a 'sun/nio/fs/WindowsException'{0x00000006369b4498}> (0x00000006369b4498) 
thrown [s\open\src\hotspot\share\prims\jni.cpp, line 516]
Event: 255.512 Thread 0x00000273213cd360 Exception <a 'sun/nio/fs/WindowsException'{0x00000006369b6210}> (0x00000006369b6210) 
thrown [s\open\src\hotspot\share\prims\jni.cpp, line 516]
Event: 255.513 Thread 0x00000273213cd360 Exception <a 'sun/nio/fs/WindowsException'{0x00000006369b7b58}> (0x00000006369b7b58) 
thrown [s\open\src\hotspot\share\prims\jni.cpp, line 516]
Event: 255.659 Thread 0x00000273213cd360 Implicit null exception at 0x00000272b4b063ac to 0x00000272b4b063f4

VM Operations (20 events):
Event: 233.919 Executing VM operation: Cleanup
Event: 233.920 Executing VM operation: Cleanup done
Event: 234.933 Executing VM operation: Cleanup
Event: 234.933 Executing VM operation: Cleanup done
Event: 240.553 Executing VM operation: HandshakeAllThreads
Event: 240.553 Executing VM operation: HandshakeAllThreads done
Event: 249.626 Executing VM operation: Cleanup
Event: 249.626 Executing VM operation: Cleanup done
Event: 254.660 Executing VM operation: Cleanup
Event: 254.661 Executing VM operation: Cleanup done
Event: 255.668 Executing VM operation: HandshakeAllThreads
Event: 255.668 Executing VM operation: HandshakeAllThreads done
Event: 255.668 Executing VM operation: Cleanup
Event: 255.668 Executing VM operation: Cleanup done
Event: 256.672 Executing VM operation: Cleanup
Event: 256.784 Executing VM operation: Cleanup done
Event: 257.796 Executing VM operation: Cleanup
Event: 257.797 Executing VM operation: Cleanup done
Event: 258.799 Executing VM operation: Cleanup
Event: 258.808 Executing VM operation: Cleanup done

Events (20 events):
Event: 257.811 Thread 0x0000027326373960 Thread added: 0x0000027326373960
Event: 257.813 Thread 0x000002732636fca0 Thread added: 0x000002732636fca0
Event: 257.813 Thread 0x000002732636d930 Thread added: 0x000002732636d930
Event: 257.814 Thread 0x0000027326373e70 Thread added: 0x0000027326373e70
Event: 258.153 Thread 0x000002732636cf10 Thread added: 0x000002732636cf10
Event: 258.154 Thread 0x0000027326374380 Thread added: 0x0000027326374380
Event: 258.154 Thread 0x000002732189a970 Thread added: 0x000002732189a970
Event: 258.154 Thread 0x000002732189e120 Thread added: 0x000002732189e120
Event: 258.154 Thread 0x000002732189dc10 Thread added: 0x000002732189dc10
Event: 258.155 Thread 0x000002732189a460 Thread added: 0x000002732189a460
Event: 258.155 Thread 0x000002732189ff80 Thread added: 0x000002732189ff80
Event: 258.193 Thread 0x00000273218a09a0 Thread added: 0x00000273218a09a0
Event: 258.194 Thread 0x000002732189d1f0 Thread added: 0x000002732189d1f0
Event: 258.194 Thread 0x000002732189b390 Thread added: 0x000002732189b390
Event: 258.194 Thread 0x000002732189eb40 Thread added: 0x000002732189eb40
Event: 258.194 Thread 0x000002732189b8a0 Thread added: 0x000002732189b8a0
Event: 258.194 Thread 0x000002732189f050 Thread added: 0x000002732189f050
Event: 258.195 Thread 0x000002732189f560 Thread added: 0x000002732189f560
Event: 258.228 Thread 0x00000273218a0490 Thread added: 0x00000273218a0490
Event: 258.228 Thread 0x000002732189fa70 Thread added: 0x000002732189fa70


Dynamic libraries:
0x00007ff60a450000 - 0x00007ff60a460000 	C:\Program Files\Java\jdk-17\bin\java.exe
0x00007ffceaf50000 - 0x00007ffceb168000 	C:\Windows\SYSTEM32\ntdll.dll
0x00007ffcea170000 - 0x00007ffcea234000 	C:\Windows\System32\KERNEL32.DLL
0x00007ffce8430000 - 0x00007ffce8803000 	C:\Windows\System32\KERNELBASE.dll
0x00007ffce8ad0000 - 0x00007ffce8be1000 	C:\Windows\System32\ucrtbase.dll
0x00007ffce1500000 - 0x00007ffce151b000 	C:\Program Files\Java\jdk-17\bin\VCRUNTIME140.dll
0x00007ffce4700000 - 0x00007ffce4719000 	C:\Program Files\Java\jdk-17\bin\jli.dll
0x00007ffcea0b0000 - 0x00007ffcea161000 	C:\Windows\System32\ADVAPI32.dll
0x00007ffce9fa0000 - 0x00007ffcea047000 	C:\Windows\System32\msvcrt.dll
0x00007ffce9140000 - 0x00007ffce91e8000 	C:\Windows\System32\sechost.dll
0x00007ffce8aa0000 - 0x00007ffce8ac8000 	C:\Windows\System32\bcrypt.dll
0x00007ffce8e30000 - 0x00007ffce8f48000 	C:\Windows\System32\RPCRT4.dll
0x00007ffce9b30000 - 0x00007ffce9ce2000 	C:\Windows\System32\USER32.dll
0x00007ffce8400000 - 0x00007ffce8426000 	C:\Windows\System32\win32u.dll
0x00007ffcd3f00000 - 0x00007ffcd419c000 	C:\Windows\WinSxS\amd64_microsoft.windows.common-controls_6595b64144ccf1df_6.0.22621.6060_none_2712eda17382d24b\COMCTL32.dll
0x00007ffce9e90000 - 0x00007ffce9eb9000 	C:\Windows\System32\GDI32.dll
0x00007ffce82e0000 - 0x00007ffce83fb000 	C:\Windows\System32\gdi32full.dll
0x00007ffce8980000 - 0x00007ffce8a1a000 	C:\Windows\System32\msvcp_win.dll
0x00007ffce0030000 - 0x00007ffce003a000 	C:\Windows\SYSTEM32\VERSION.dll
0x00007ffceaed0000 - 0x00007ffceaf01000 	C:\Windows\System32\IMM32.DLL
0x00007ffce1490000 - 0x00007ffce149c000 	C:\Program Files\Java\jdk-17\bin\vcruntime140_1.dll
0x00007ffca5950000 - 0x00007ffca59de000 	C:\Program Files\Java\jdk-17\bin\msvcp140.dll
0x00007ffc4b820000 - 0x00007ffc4c401000 	C:\Program Files\Java\jdk-17\bin\server\jvm.dll
0x00007ffce9f20000 - 0x00007ffce9f28000 	C:\Windows\System32\PSAPI.DLL
0x00007ffcccdb0000 - 0x00007ffcccdb9000 	C:\Windows\SYSTEM32\WSOCK32.dll
0x00007ffce3620000 - 0x00007ffce3654000 	C:\Windows\SYSTEM32\WINMM.dll
0x00007ffce9210000 - 0x00007ffce9281000 	C:\Windows\System32\WS2_32.dll
0x00007ffce70f0000 - 0x00007ffce7108000 	C:\Windows\SYSTEM32\kernel.appcore.dll
0x00007ffce1480000 - 0x00007ffce148a000 	C:\Program Files\Java\jdk-17\bin\jimage.dll
0x00007ffce5a80000 - 0x00007ffce5cb3000 	C:\Windows\SYSTEM32\DBGHELP.DLL
0x00007ffcea8f0000 - 0x00007ffceac81000 	C:\Windows\System32\combase.dll
0x00007ffce9cf0000 - 0x00007ffce9dc8000 	C:\Windows\System32\OLEAUT32.dll
0x00007ffcd1ad0000 - 0x00007ffcd1b02000 	C:\Windows\SYSTEM32\dbgcore.DLL
0x00007ffce81a0000 - 0x00007ffce821b000 	C:\Windows\System32\bcryptPrimitives.dll
0x00007ffce3850000 - 0x00007ffce385e000 	C:\Program Files\Java\jdk-17\bin\instrument.dll
0x00007ffcd3ea0000 - 0x00007ffcd3ec5000 	C:\Program Files\Java\jdk-17\bin\java.dll
0x00007ffca55c0000 - 0x00007ffca5697000 	C:\Program Files\Java\jdk-17\bin\jsvml.dll
0x00007ffce9290000 - 0x00007ffce9b2c000 	C:\Windows\System32\SHELL32.dll
0x00007ffce8060000 - 0x00007ffce819f000 	C:\Windows\System32\wintypes.dll
0x00007ffce5f20000 - 0x00007ffce683a000 	C:\Windows\SYSTEM32\windows.storage.dll
0x00007ffcea360000 - 0x00007ffcea464000 	C:\Windows\System32\SHCORE.dll
0x00007ffce9f30000 - 0x00007ffce9f99000 	C:\Windows\System32\shlwapi.dll
0x00007ffce7f90000 - 0x00007ffce7fb5000 	C:\Windows\SYSTEM32\profapi.dll
0x00007ffcd3b10000 - 0x00007ffcd3b28000 	C:\Program Files\Java\jdk-17\bin\zip.dll
0x00007ffcba4e0000 - 0x00007ffcba4f9000 	C:\Program Files\Java\jdk-17\bin\net.dll
0x00007ffce39c0000 - 0x00007ffce3aec000 	C:\Windows\SYSTEM32\WINHTTP.dll
0x00007ffce75b0000 - 0x00007ffce7619000 	C:\Windows\system32\mswsock.dll
0x00007ffcb5e80000 - 0x00007ffcb5e96000 	C:\Program Files\Java\jdk-17\bin\nio.dll
0x00007ffcd3e90000 - 0x00007ffcd3ea0000 	C:\Program Files\Java\jdk-17\bin\verify.dll
0x00007ffcabe10000 - 0x00007ffcabe37000 	C:\Users\Windows 11\.gradle\native\1def1411415f61bf3af743bc5b6707747c0891f09f0c88961ee8f79bc544acac\windows-amd64\native-platform.dll
0x00007ffca5540000 - 0x00007ffca55b8000 	C:\Users\Windows 11\.gradle\native\0.2.7\x86_64-windows-gnu\gradle-fileevents.dll
0x00007ffcd3df0000 - 0x00007ffcd3dfa000 	C:\Program Files\Java\jdk-17\bin\management.dll
0x00007ffcd3b00000 - 0x00007ffcd3b0b000 	C:\Program Files\Java\jdk-17\bin\management_ext.dll
0x00007ffce6b10000 - 0x00007ffce6b3d000 	C:\Windows\SYSTEM32\IPHLPAPI.DLL
0x00007ffcea0a0000 - 0x00007ffcea0a9000 	C:\Windows\System32\NSI.dll
0x00007ffce39a0000 - 0x00007ffce39b9000 	C:\Windows\SYSTEM32\dhcpcsvc6.DLL
0x00007ffce3980000 - 0x00007ffce399f000 	C:\Windows\SYSTEM32\dhcpcsvc.DLL
0x00007ffce6b40000 - 0x00007ffce6c38000 	C:\Windows\SYSTEM32\DNSAPI.dll
0x00007ffce7900000 - 0x00007ffce791b000 	C:\Windows\SYSTEM32\CRYPTSP.dll
0x00007ffce7050000 - 0x00007ffce7087000 	C:\Windows\system32\rsaenh.dll
0x00007ffce7650000 - 0x00007ffce7678000 	C:\Windows\SYSTEM32\USERENV.dll
0x00007ffce78e0000 - 0x00007ffce78ec000 	C:\Windows\SYSTEM32\CRYPTBASE.dll
0x00007ffce1470000 - 0x00007ffce147e000 	C:\Program Files\Java\jdk-17\bin\sunmscapi.dll
0x00007ffce8810000 - 0x00007ffce8978000 	C:\Windows\System32\CRYPT32.dll
0x00007ffce7a20000 - 0x00007ffce7a4e000 	C:\Windows\SYSTEM32\ncrypt.dll
0x00007ffce79e0000 - 0x00007ffce7a17000 	C:\Windows\SYSTEM32\NTASN1.dll
0x00007ffcd5690000 - 0x00007ffcd5698000 	C:\Windows\system32\wshunix.dll
0x00007ffcc8e40000 - 0x00007ffcc8e57000 	C:\Windows\system32\napinsp.dll
0x00007ffcc8e20000 - 0x00007ffcc8e3b000 	C:\Windows\system32\pnrpnsp.dll
0x00007ffcc8e00000 - 0x00007ffcc8e11000 	C:\Windows\System32\winrnr.dll
0x00007ffcc8a60000 - 0x00007ffcc8a75000 	C:\Windows\system32\wshbth.dll
0x00007ffcc54a0000 - 0x00007ffcc54c1000 	C:\Windows\system32\nlansp_c.dll
0x00007ffcd8d40000 - 0x00007ffcd8d4a000 	C:\Windows\System32\rasadhlp.dll
0x00007ffce1740000 - 0x00007ffce17c4000 	C:\Windows\System32\fwpuclnt.dll
0x00007ffce7200000 - 0x00007ffce7234000 	C:\Windows\SYSTEM32\ntmarta.dll

dbghelp: loaded successfully - version: 4.0.5 - missing functions: none
symbol engine: initialized successfully - sym options: 0x614 - pdb path: .;C:\Program Files\Java\jdk-17\bin;C:\Windows\SYSTEM32;C:\Windows\WinSxS\amd64_microsoft.windows.common-controls_6595b64144ccf1df_6.0.22621.6060_none_2712eda17382d24b;C:\Program Files\Java\jdk-17\bin\server;C:\Users\Windows 11\.gradle\native\1def1411415f61bf3af743bc5b6707747c0891f09f0c88961ee8f79bc544acac\windows-amd64;C:\Users\Windows 11\.gradle\native\0.2.7\x86_64-windows-gnu

VM Arguments:
jvm_args: --add-opens=java.base/java.lang=ALL-UNNAMED --add-opens=java.base/java.lang.invoke=ALL-UNNAMED --add-opens=java.base/java.util=ALL-UNNAMED --add-opens=java.prefs/java.util.prefs=ALL-UNNAMED --add-exports=jdk.compiler/com.sun.tools.javac.api=ALL-UNNAMED --add-exports=jdk.compiler/com.sun.tools.javac.util=ALL-UNNAMED --add-opens=java.base/java.util=ALL-UNNAMED --add-opens=java.prefs/java.util.prefs=ALL-UNNAMED --add-opens=java.base/java.nio.charset=ALL-UNNAMED --add-opens=java.base/java.net=ALL-UNNAMED --add-opens=java.base/java.util.concurrent.atomic=ALL-UNNAMED --add-opens=java.xml/javax.xml.namespace=ALL-UNNAMED -XX:MaxMetaspaceSize=4G -XX:ReservedCodeCacheSize=512m -XX:+HeapDumpOnOutOfMemoryError -Xmx8G -Dfile.encoding=UTF-8 -Duser.country=ID -Duser.language=en -Duser.variant -javaagent:C:\Users\Windows 11\.gradle\wrapper\dists\gradle-8.14-all\c2qonpi39x1mddn7hk5gh9iqj\gradle-8.14\lib\agents\gradle-instrumentation-agent-8.14.jar 
java_command: org.gradle.launcher.daemon.bootstrap.GradleDaemon 8.14
java_class_path (initial): C:\Users\Windows 11\.gradle\wrapper\dists\gradle-8.14-all\c2qonpi39x1mddn7hk5gh9iqj\gradle-8.14\lib\gradle-daemon-main-8.14.jar
Launcher Type: SUN_STANDARD

[Global flags]
     intx CICompilerCount                          = 4                                         {product} {ergonomic}
     uint ConcGCThreads                            = 2                                         {product} {ergonomic}
     uint G1ConcRefinementThreads                  = 8                                         {product} {ergonomic}
   size_t G1HeapRegionSize                         = 4194304                                   {product} {ergonomic}
    uintx GCDrainStackTargetSize                   = 64                                        {product} {ergonomic}
     bool HeapDumpOnOutOfMemoryError               = true                                   {manageable} {command line}
   size_t InitialHeapSize                          = 134217728                                 {product} {ergonomic}
   size_t MarkStackSize                            = 4194304                                   {product} {ergonomic}
   size_t MaxHeapSize                              = 8589934592                                {product} {command line}
   size_t MaxMetaspaceSize                         = 4294967296                                {product} {command line}
   size_t MaxNewSize                               = 5150605312                                {product} {ergonomic}
   size_t MinHeapDeltaBytes                        = 4194304                                   {product} {ergonomic}
   size_t MinHeapSize                              = 8388608                                   {product} {ergonomic}
    uintx NonNMethodCodeHeapSize                   = 5839372                                {pd product} {ergonomic}
    uintx NonProfiledCodeHeapSize                  = 265515770                              {pd product} {ergonomic}
    uintx ProfiledCodeHeapSize                     = 265515770                              {pd product} {ergonomic}
    uintx ReservedCodeCacheSize                    = 536870912                              {pd product} {command line}
     bool SegmentedCodeCache                       = true                                      {product} {ergonomic}
   size_t SoftMaxHeapSize                          = 8589934592                             {manageable} {ergonomic}
   double SweeperThreshold                         = 0.234375                                  {product} {ergonomic}
     bool UseCompressedClassPointers               = true                           {product lp64_product} {ergonomic}
     bool UseCompressedOops                        = true                           {product lp64_product} {ergonomic}
     bool UseG1GC                                  = true                                      {product} {ergonomic}
     bool UseLargePagesIndividualAllocation        = false                                  {pd product} {ergonomic}

Logging:
Log output configuration:
 #0: stdout all=warning uptime,level,tags
 #1: stderr all=off uptime,level,tags

Environment Variables:
PATH=C:\Program Files\Common Files\Oracle\Java\javapath;C:\Windows\system32;C:\Windows;C:\Windows\System32\Wbem;C:\Windows\System32\WindowsPowerShell\v1.0\;C:\Windows\System32\OpenSSH\;C:\Program Files\Intel\WiFi\bin\;C:\Program Files\Common Files\Intel\WirelessCommon\;C:\Users\Windows 11\AppData\Local\Programs\Python\Python312;C:\Users\Windows 11\AppData\Local\Programs\Python\Python312\Scripts;C:\Program Files\dotnet\;C:\msys64\ucrt64\bin\;D:\Nodejs\;D:\Git\cmd;D:\SEMESTER 3 TEKNIK INFORMATIKA\KOMPUTER GRAFIK\PRAKTEK\dotnet;D:\Downloads\php-8.4.12-Win32-vs17-x64;D:\SEMESTER 3 TEKNIK INFORMATIKA\PROYEK-3-PBO\ComposerSetup;C:\Program Files\Java\jdk-17\bin;D:\xampp\php;D:\SEMESTER 3 TEKNIK INFORMATIKA\PEMROGRAMAN-BERORIENTASI-OBJECT\maven\maven-mvnd-1.0.3-windows-amd64\mvn\bin;C:\Program Files\Docker\Docker\resources\bin;D:\UNIT-TECNO\Android\Sdk;D:\UNIT-TECNO\Flutter\Tools\cmdline-tools\latest\bin;D:\Downloads\flutter_windows_3.29.0-stable\flutter\bin;C:\Users\Windows 11\scoop\shims;C:\Users\Windows 11\AppData\Local\Programs\Python\Python313\Scripts\;C:\Users\Windows 11\AppData\Local\Programs\Python\Python313\;C:\Users\Windows 11\AppData\Local\Programs\Python\Launcher\;C:\Users\Windows 11\AppData\Local\Microsoft\WindowsApps;D:\Microsoft VS Code\bin;C:\Users\Windows 11\AppData\Local\Programs\Python\Python312;C:\Users\Windows 11\AppData\Local\Programs\Python\Python312\Scripts;C:\Users\Windows 11\scoop\apps\scoop\current\bin\;C:\Users\Windows 11\scoop\apps\make\4.4.1\bin;C:\msys64\ucrt64\bin\;D:\IntelliJ IDEA 2024.3.1.1\bin;;D:\Downloads\kotlin-compiler-2.1.10\kotlinc\bin;C:\Users\Windows 11\AppData\Local\GitHubDesktop\bin;D:\Downloads\kotlin-compiler-2.1.10\kotlinc\lib;C:\msys64\usr\bin;C:\Users\Windows 11\AppData\Roaming\npm;C:\Users\Windows 11\.dotnet\tools;C:\Users\Windows 11\AppData\Roaming\Composer\vendor\bin;D:\Antigravity\bin;C:\Program Files (x86)\MongoDB Atlas CLI\
USERNAME=Windows 11
OS=Windows_NT
PROCESSOR_IDENTIFIER=Intel64 Family 6 Model 142 Stepping 10, GenuineIntel



---------------  S Y S T E M  ---------------

OS:
 Windows 11 , 64 bit Build 22621 (10.0.22621.5415)
OS uptime: 3 days 20:16 hours
Hyper-V role detected

CPU: total 8 (initial active 8) (4 cores per cpu, 2 threads per core) family 6 model 142 stepping 10 microcode 0xf6, cx8, cmov, fxsr, ht, mmx, 3dnowpref, sse, sse2, sse3, ssse3, sse4.1, sse4.2, popcnt, lzcnt, tsc, tscinvbit, avx, avx2, aes, erms, clmul, bmi1, bmi2, rtm, adx, fma, vzeroupper, clflush, clflushopt, hv

Memory: 4k page, system-wide physical 8071M (304M free)
TotalPageFile size 14506M (AvailPageFile size 99M)
current process WorkingSet (physical memory assigned to process): 1016M, peak: 1455M
current process commit charge ("private bytes"): 1610M, peak: 1622M

vm_info: Java HotSpot(TM) 64-Bit Server VM (17.0.14+8-LTS-191) for windows-amd64 JRE (17.0.14+8-LTS-191), built on Dec  3 2024 11:07:59 by "mach5one" with MS VC++ 17.6 (VS2022)

END.
