#
# There is insufficient memory for the Java Runtime Environment to continue.
# Native memory allocation (malloc) failed to allocate 1760496 bytes for Chunk::new
# Possible reasons:
#   The system is out of physical RAM or swap space
#   The process is running with CompressedOops enabled, and the Java Heap may be blocking the growth of the native heap
# Possible solutions:
#   Reduce memory load on the system
#   Increase physical memory or swap space
#   Check if swap backing store is full
#   Decrease Java heap size (-Xmx/-Xms)
#   Decrease number of Java threads
#   Decrease Java thread stack sizes (-Xss)
#   Set larger code cache with -XX:ReservedCodeCacheSize=
#   JVM is running with Zero Based Compressed Oops mode in which the Java heap is
#     placed in the first 32GB address space. The Java Heap base address is the
#     maximum limit for the native heap growth. Please use -XX:HeapBaseMinAddress
#     to set the Java Heap base and to place the Java Heap above 32GB virtual address.
# This output file may be truncated or incomplete.
#
#  Out of Memory Error (arena.cpp:189), pid=3980, tid=7736
#
# JRE version: Java(TM) SE Runtime Environment (17.0.14+8) (build 17.0.14+8-LTS-191)
# Java VM: Java HotSpot(TM) 64-Bit Server VM (17.0.14+8-LTS-191, mixed mode, sharing, tiered, compressed oops, compressed class ptrs, g1 gc, windows-amd64)
# No core dump will be written. Minidumps are not enabled by default on client versions of Windows
#

---------------  S U M M A R Y ------------

Command Line: --add-opens=java.base/java.lang=ALL-UNNAMED --add-opens=java.base/java.lang.invoke=ALL-UNNAMED --add-opens=java.base/java.util=ALL-UNNAMED --add-opens=java.prefs/java.util.prefs=ALL-UNNAMED --add-exports=jdk.compiler/com.sun.tools.javac.api=ALL-UNNAMED --add-exports=jdk.compiler/com.sun.tools.javac.util=ALL-UNNAMED --add-opens=java.base/java.util=ALL-UNNAMED --add-opens=java.prefs/java.util.prefs=ALL-UNNAMED --add-opens=java.base/java.nio.charset=ALL-UNNAMED --add-opens=java.base/java.net=ALL-UNNAMED --add-opens=java.base/java.util.concurrent.atomic=ALL-UNNAMED --add-opens=java.xml/javax.xml.namespace=ALL-UNNAMED -XX:MaxMetaspaceSize=4G -XX:ReservedCodeCacheSize=512m -XX:+HeapDumpOnOutOfMemoryError -Xmx8G -Dfile.encoding=UTF-8 -Duser.country=ID -Duser.language=en -Duser.variant -javaagent:C:\Users\Windows 11\.gradle\wrapper\dists\gradle-8.14-all\c2qonpi39x1mddn7hk5gh9iqj\gradle-8.14\lib\agents\gradle-instrumentation-agent-8.14.jar org.gradle.launcher.daemon.bootstrap.GradleDaemon 8.14

Host: Intel(R) Core(TM) i5-8350U CPU @ 1.70GHz, 8 cores, 7G,  Windows 11 , 64 bit Build 22621 (10.0.22621.5415)
Time: Tue Mar 31 10:47:29 2026 SE Asia Standard Time elapsed time: 97.897288 seconds (0d 0h 1m 37s)

---------------  T H R E A D  ---------------

Current thread (0x000001f57a56c080):  JavaThread "C2 CompilerThread0" daemon [_thread_in_native, id=7736, stack(0x000000ea8c800000,0x000000ea8c900000)]


Current CompileTask:
C2:  97897 23380   !   4       sun.reflect.annotation.AnnotationParser::parseAnnotations (37 bytes)

Stack: [0x000000ea8c800000,0x000000ea8c900000]
Native frames: (J=compiled Java code, j=interpreted, Vv=VM code, C=native code)
V  [jvm.dll+0x67a38a]
V  [jvm.dll+0x7da7ed]
V  [jvm.dll+0x7dc133]
V  [jvm.dll+0x7dc7a3]
V  [jvm.dll+0x24517f]
V  [jvm.dll+0xab773]
V  [jvm.dll+0xabd3c]
V  [jvm.dll+0x361dff]
V  [jvm.dll+0x32c521]
V  [jvm.dll+0x32b9ba]
V  [jvm.dll+0x21693f]
V  [jvm.dll+0x215d6f]
V  [jvm.dll+0x1a2950]
V  [jvm.dll+0x22620b]
V  [jvm.dll+0x2243ab]
V  [jvm.dll+0x790bbc]
V  [jvm.dll+0x78b04a]
V  [jvm.dll+0x679275]
C  [ucrtbase.dll+0x29333]
C  [KERNEL32.DLL+0x1259d]
C  [ntdll.dll+0x5af78]


---------------  P R O C E S S  ---------------

Threads class SMR info:
_java_thread_list=0x000001f5c16a9e10, length=108, elements={
0x000001f56d357520, 0x000001f57a54f0b0, 0x000001f57a54ff30, 0x000001f57a55d5c0,
0x000001f57a5602f0, 0x000001f57a564330, 0x000001f57a5670c0, 0x000001f57a56c080,
0x000001f57a574b40, 0x000001f57a566bb0, 0x000001f57a5675d0, 0x000001f57a5666a0,
0x000001f57a563e20, 0x000001f57a564840, 0x000001f57a565260, 0x000001f57a565770,
0x000001f5c2682240, 0x000001f5c267f4b0, 0x000001f5c267f9c0, 0x000001f5c26854e0,
0x000001f5c2682750, 0x000001f5c2682c60, 0x000001f5c267e070, 0x000001f5c2683170,
0x000001f5c26859f0, 0x000001f5c2684ac0, 0x000001f5c2684fd0, 0x000001f5c5df37b0,
0x000001f5c5dee1a0, 0x000001f5c5ded780, 0x000001f5c5ded270, 0x000001f5c16d7250,
0x000001f5c16d9fe0, 0x000001f5c6193680, 0x000001f5c6197340, 0x000001f5c6196920,
0x000001f5c6192c60, 0x000001f5c61945b0, 0x000001f5c3c46bc0, 0x000001f5c36739e0,
0x000001f5c3676770, 0x000001f5c3c42f00, 0x000001f5c44c0190, 0x000001f5c44c57a0,
0x000001f5c44c15d0, 0x000001f5c44c2500, 0x000001f5c44be840, 0x000001f5c44bfc80,
0x000001f5c44c4d80, 0x000001f5c44c4870, 0x000001f5c44c2a10, 0x000001f5c44bf260,
0x000001f5c44c5290, 0x000001f5c44c5cb0, 0x000001f5c44c2f20, 0x000001f5c44c3430,
0x000001f5c44c10c0, 0x000001f5c44c61c0, 0x000001f5c44c3e50, 0x000001f5c44c06a0,
0x000001f5c44bed50, 0x000001f5c44c4360, 0x000001f5c44bf770, 0x000001f5c44c0bb0,
0x000001f5c44c1ae0, 0x000001f5c44c1ff0, 0x000001f5c3678ae0, 0x000001f5c3674400,
0x000001f5c3672090, 0x000001f5c3675840, 0x000001f5c36725a0, 0x000001f5c3676260,
0x000001f5c36785d0, 0x000001f5c3676c80, 0x000001f5c3674e20, 0x000001f5c3675330,
0x000001f5c3677190, 0x000001f5c3675d50, 0x000001f5c3672fc0, 0x000001f5c3671b80,
0x000001f5c36776a0, 0x000001f5c3677bb0, 0x000001f5c36780c0, 0x000001f5c36734d0,
0x000001f5c3671670, 0x000001f5c3673ef0, 0x000001f5c3678ff0, 0x000001f5c3674910,
0x000001f5c3c41ac0, 0x000001f5c3c48a20, 0x000001f5c3c461a0, 0x000001f5c3c415b0,
0x000001f5c3c44d60, 0x000001f5c3c43920, 0x000001f5c3c466b0, 0x000001f5c3c48510,
0x000001f5c3c45270, 0x000001f5c3c48f30, 0x000001f5c3c470d0, 0x000001f5c3c475e0,
0x000001f5c3c41fd0, 0x000001f5c3c424e0, 0x000001f5c3c429f0, 0x000001f5c3c43410,
0x000001f5c3c43e30, 0x000001f5c6196e30, 0x000001f5c6197850, 0x000001f5c6198270
}

Java Threads: ( => current thread )
  0x000001f56d357520 JavaThread "main" [_thread_blocked, id=11500, stack(0x000000ea8bb00000,0x000000ea8bc00000)]
  0x000001f57a54f0b0 JavaThread "Reference Handler" daemon [_thread_blocked, id=19416, stack(0x000000ea8c200000,0x000000ea8c300000)]
  0x000001f57a54ff30 JavaThread "Finalizer" daemon [_thread_blocked, id=12572, stack(0x000000ea8c300000,0x000000ea8c400000)]
  0x000001f57a55d5c0 JavaThread "Signal Dispatcher" daemon [_thread_blocked, id=19192, stack(0x000000ea8c400000,0x000000ea8c500000)]
  0x000001f57a5602f0 JavaThread "Attach Listener" daemon [_thread_blocked, id=12064, stack(0x000000ea8c500000,0x000000ea8c600000)]
  0x000001f57a564330 JavaThread "Service Thread" daemon [_thread_blocked, id=20248, stack(0x000000ea8c600000,0x000000ea8c700000)]
  0x000001f57a5670c0 JavaThread "Monitor Deflation Thread" daemon [_thread_blocked, id=16800, stack(0x000000ea8c700000,0x000000ea8c800000)]
=>0x000001f57a56c080 JavaThread "C2 CompilerThread0" daemon [_thread_in_native, id=7736, stack(0x000000ea8c800000,0x000000ea8c900000)]
  0x000001f57a574b40 JavaThread "C1 CompilerThread0" daemon [_thread_blocked, id=8712, stack(0x000000ea8c900000,0x000000ea8ca00000)]
  0x000001f57a566bb0 JavaThread "Sweeper thread" daemon [_thread_blocked, id=4388, stack(0x000000ea8ca00000,0x000000ea8cb00000)]
  0x000001f57a5675d0 JavaThread "Common-Cleaner" daemon [_thread_blocked, id=15964, stack(0x000000ea8cb00000,0x000000ea8cc00000)]
  0x000001f57a5666a0 JavaThread "Notification Thread" daemon [_thread_blocked, id=2380, stack(0x000000ea8cc00000,0x000000ea8cd00000)]
  0x000001f57a563e20 JavaThread "Daemon health stats" [_thread_blocked, id=19352, stack(0x000000ea8d000000,0x000000ea8d100000)]
  0x000001f57a564840 JavaThread "Incoming local TCP Connector on port 56007" [_thread_in_native, id=5160, stack(0x000000ea8d300000,0x000000ea8d400000)]
  0x000001f57a565260 JavaThread "Daemon periodic checks" [_thread_blocked, id=17388, stack(0x000000ea8d400000,0x000000ea8d500000)]
  0x000001f57a565770 JavaThread "Daemon" [_thread_blocked, id=10620, stack(0x000000ea8d500000,0x000000ea8d600000)]
  0x000001f5c2682240 JavaThread "Daemon worker" [_thread_in_Java, id=15672, stack(0x000000ea8d800000,0x000000ea8d900000)]
  0x000001f5c267f4b0 JavaThread "Cache worker for journal cache (C:\Users\Windows 11\.gradle\caches\journal-1)" [_thread_blocked, id=10492, stack(0x000000ea8dc00000,0x000000ea8dd00000)]
  0x000001f5c267f9c0 JavaThread "File lock request listener" [_thread_in_native, id=15720, stack(0x000000ea8dd00000,0x000000ea8de00000)]
  0x000001f5c26854e0 JavaThread "Cache worker for file hash cache (C:\Users\Windows 11\.gradle\caches\8.14\fileHashes)" [_thread_blocked, id=6664, stack(0x000000ea8de00000,0x000000ea8df00000)]
  0x000001f5c2682750 JavaThread "File watcher server" daemon [_thread_in_native, id=12076, stack(0x000000ea8e600000,0x000000ea8e700000)]
  0x000001f5c2682c60 JavaThread "File watcher consumer" daemon [_thread_blocked, id=12048, stack(0x000000ea8e700000,0x000000ea8e800000)]
  0x000001f5c267e070 JavaThread "jar transforms" [_thread_blocked, id=14196, stack(0x000000ea8e800000,0x000000ea8e900000)]
  0x000001f5c2683170 JavaThread "jar transforms Thread 2" [_thread_blocked, id=18748, stack(0x000000ea8e900000,0x000000ea8ea00000)]
  0x000001f5c26859f0 JavaThread "jar transforms Thread 3" [_thread_blocked, id=10328, stack(0x000000ea8ea00000,0x000000ea8eb00000)]
  0x000001f5c2684ac0 JavaThread "jar transforms Thread 4" [_thread_blocked, id=13336, stack(0x000000ea8eb00000,0x000000ea8ec00000)]
  0x000001f5c2684fd0 JavaThread "jar transforms Thread 5" [_thread_blocked, id=9740, stack(0x000000ea8ec00000,0x000000ea8ed00000)]
  0x000001f5c5df37b0 JavaThread "Cache worker for file content cache (C:\Users\Windows 11\.gradle\caches\8.14\fileContent)" [_thread_blocked, id=1612, stack(0x000000ea8ee00000,0x000000ea8ef00000)]
  0x000001f5c5dee1a0 JavaThread "jar transforms Thread 6" [_thread_blocked, id=14116, stack(0x000000ea8ef00000,0x000000ea8f000000)]
  0x000001f5c5ded780 JavaThread "jar transforms Thread 7" [_thread_blocked, id=4384, stack(0x000000ea8f000000,0x000000ea8f100000)]
  0x000001f5c5ded270 JavaThread "jar transforms Thread 8" [_thread_blocked, id=20044, stack(0x000000ea8f100000,0x000000ea8f200000)]
  0x000001f5c16d7250 JavaThread "Memory manager" [_thread_blocked, id=14352, stack(0x000000ea90a00000,0x000000ea90b00000)]
  0x000001f5c16d9fe0 JavaThread "included builds" [_thread_blocked, id=12156, stack(0x000000ea90c00000,0x000000ea90d00000)]
  0x000001f5c6193680 JavaThread "RMI Scheduler(0)" daemon [_thread_blocked, id=16392, stack(0x000000ea92d00000,0x000000ea92e00000)]
  0x000001f5c6197340 JavaThread "RMI GC Daemon" daemon [_thread_blocked, id=11404, stack(0x000000ea92f00000,0x000000ea93000000)]
  0x000001f5c6196920 JavaThread "RMI TCP Accept-0" daemon [_thread_in_native, id=17436, stack(0x000000ea93000000,0x000000ea93100000)]
  0x000001f5c6192c60 JavaThread "RMI Reaper" [_thread_blocked, id=11948, stack(0x000000ea93100000,0x000000ea93200000)]
  0x000001f5c61945b0 JavaThread "RMI TCP Connection(idle)" daemon [_thread_blocked, id=18332, stack(0x000000ea93200000,0x000000ea93300000)]
  0x000001f5c3c46bc0 JavaThread "VFS cleanup" [_thread_blocked, id=5668, stack(0x000000ea8b800000,0x000000ea8b900000)]
  0x000001f5c36739e0 JavaThread "included builds" [_thread_blocked, id=8720, stack(0x000000ea90200000,0x000000ea90300000)]
  0x000001f5c3676770 JavaThread "included builds" [_thread_blocked, id=11812, stack(0x000000ea90300000,0x000000ea90400000)]
  0x000001f5c3c42f00 JavaThread "included builds" [_thread_blocked, id=3708, stack(0x000000ea90400000,0x000000ea90500000)]
  0x000001f5c44c0190 JavaThread "Handler for socket connection from /127.0.0.1:56007 to /127.0.0.1:57772" [_thread_in_native, id=4584, stack(0x000000ea8b900000,0x000000ea8ba00000)]
  0x000001f5c44c57a0 JavaThread "Cancel handler" [_thread_blocked, id=10812, stack(0x000000ea8ba00000,0x000000ea8bb00000)]
  0x000001f5c44c15d0 JavaThread "Asynchronous log dispatcher for DefaultDaemonConnection: socket connection from /127.0.0.1:56007 to /127.0.0.1:57772" [_thread_blocked, id=10936, stack(0x000000ea8d600000,0x000000ea8d700000)]
  0x000001f5c44c2500 JavaThread "Stdin handler" [_thread_blocked, id=15012, stack(0x000000ea8d700000,0x000000ea8d800000)]
  0x000001f5c44be840 JavaThread "Daemon client event forwarder" [_thread_blocked, id=10900, stack(0x000000ea8d900000,0x000000ea8da00000)]
  0x000001f5c44bfc80 JavaThread "Cache worker for file hash cache (D:\SEMESTER 4 TEKNIK INFORMATIKA\PROYEK_4_MOOBILE_DEV\GIT\PY4_2C_D3_2024\MODUL_6\logbook_app_001\android\.gradle\8.14\fileHashes)" [_thread_blocked, id=1288, stack(0x000000ea8da00000,0x000000ea8db00000)]
  0x000001f5c44c4d80 JavaThread "Cache worker for Build Output Cleanup Cache (D:\SEMESTER 4 TEKNIK INFORMATIKA\PROYEK_4_MOOBILE_DEV\GIT\PY4_2C_D3_2024\MODUL_6\logbook_app_001\android\.gradle\buildOutputCleanup)" [_thread_blocked, id=4212, stack(0x000000ea8db00000,0x000000ea8dc00000)]
  0x000001f5c44c4870 JavaThread "Cache worker for checksums cache (D:\SEMESTER 4 TEKNIK INFORMATIKA\PROYEK_4_MOOBILE_DEV\GIT\PY4_2C_D3_2024\MODUL_6\logbook_app_001\android\.gradle\8.14\checksums)" [_thread_blocked, id=20080, stack(0x000000ea8e400000,0x000000ea8e500000)]
  0x000001f5c44c2a10 JavaThread "Cache worker for cache directory md-supplier (C:\Users\Windows 11\.gradle\caches\8.14\md-supplier)" [_thread_blocked, id=9024, stack(0x000000ea8ed00000,0x000000ea8ee00000)]
  0x000001f5c44bf260 JavaThread "Cache worker for cache directory md-rule (C:\Users\Windows 11\.gradle\caches\8.14\md-rule)" [_thread_blocked, id=4280, stack(0x000000ea8f200000,0x000000ea8f300000)]
  0x000001f5c44c5290 JavaThread "Cache worker for Build Output Cleanup Cache (D:\Downloads\flutter_windows_3.29.0-stable\flutter\packages\flutter_tools\gradle\.gradle\buildOutputCleanup)" [_thread_blocked, id=10796, stack(0x000000ea8f300000,0x000000ea8f400000)]
  0x000001f5c44c5cb0 JavaThread "Unconstrained build operations" [_thread_blocked, id=16544, stack(0x000000ea8f400000,0x000000ea8f500000)]
  0x000001f5c44c2f20 JavaThread "Unconstrained build operations Thread 2" [_thread_blocked, id=16040, stack(0x000000ea8f500000,0x000000ea8f600000)]
  0x000001f5c44c3430 JavaThread "Unconstrained build operations Thread 3" [_thread_blocked, id=10508, stack(0x000000ea8f600000,0x000000ea8f700000)]
  0x000001f5c44c10c0 JavaThread "Unconstrained build operations Thread 4" [_thread_blocked, id=7756, stack(0x000000ea8f700000,0x000000ea8f800000)]
  0x000001f5c44c61c0 JavaThread "Unconstrained build operations Thread 5" [_thread_blocked, id=19328, stack(0x000000ea8f800000,0x000000ea8f900000)]
  0x000001f5c44c3e50 JavaThread "Unconstrained build operations Thread 6" [_thread_blocked, id=6156, stack(0x000000ea8f900000,0x000000ea8fa00000)]
  0x000001f5c44c06a0 JavaThread "Unconstrained build operations Thread 7" [_thread_blocked, id=13160, stack(0x000000ea8fa00000,0x000000ea8fb00000)]
  0x000001f5c44bed50 JavaThread "Unconstrained build operations Thread 8" [_thread_blocked, id=13520, stack(0x000000ea8fb00000,0x000000ea8fc00000)]
  0x000001f5c44c4360 JavaThread "Unconstrained build operations Thread 9" [_thread_blocked, id=3740, stack(0x000000ea8fc00000,0x000000ea8fd00000)]
  0x000001f5c44bf770 JavaThread "Unconstrained build operations Thread 10" [_thread_blocked, id=5964, stack(0x000000ea8fd00000,0x000000ea8fe00000)]
  0x000001f5c44c0bb0 JavaThread "Unconstrained build operations Thread 11" [_thread_blocked, id=19768, stack(0x000000ea8fe00000,0x000000ea8ff00000)]
  0x000001f5c44c1ae0 JavaThread "Unconstrained build operations Thread 12" [_thread_blocked, id=7816, stack(0x000000ea8ff00000,0x000000ea90000000)]
  0x000001f5c44c1ff0 JavaThread "Unconstrained build operations Thread 13" [_thread_blocked, id=14296, stack(0x000000ea90000000,0x000000ea90100000)]
  0x000001f5c3678ae0 JavaThread "Unconstrained build operations Thread 14" [_thread_blocked, id=19796, stack(0x000000ea90500000,0x000000ea90600000)]
  0x000001f5c3674400 JavaThread "build event listener" [_thread_blocked, id=14428, stack(0x000000ea90600000,0x000000ea90700000)]
  0x000001f5c3672090 JavaThread "included builds" [_thread_blocked, id=3664, stack(0x000000ea90700000,0x000000ea90800000)]
  0x000001f5c3675840 JavaThread "Execution worker" [_thread_blocked, id=2392, stack(0x000000ea90800000,0x000000ea90900000)]
  0x000001f5c36725a0 JavaThread "Execution worker Thread 2" [_thread_blocked, id=17416, stack(0x000000ea90900000,0x000000ea90a00000)]
  0x000001f5c3676260 JavaThread "Execution worker Thread 3" [_thread_blocked, id=4428, stack(0x000000ea90b00000,0x000000ea90c00000)]
  0x000001f5c36785d0 JavaThread "Execution worker Thread 4" [_thread_blocked, id=5336, stack(0x000000ea90d00000,0x000000ea90e00000)]
  0x000001f5c3676c80 JavaThread "Execution worker Thread 5" [_thread_blocked, id=19848, stack(0x000000ea90e00000,0x000000ea90f00000)]
  0x000001f5c3674e20 JavaThread "Execution worker Thread 6" [_thread_blocked, id=8556, stack(0x000000ea90f00000,0x000000ea91000000)]
  0x000001f5c3675330 JavaThread "Execution worker Thread 7" [_thread_blocked, id=3400, stack(0x000000ea91000000,0x000000ea91100000)]
  0x000001f5c3677190 JavaThread "Cache worker for execution history cache (D:\Downloads\flutter_windows_3.29.0-stable\flutter\packages\flutter_tools\gradle\.gradle\8.14\executionHistory)" [_thread_blocked, id=7060, stack(0x000000ea91100000,0x000000ea91200000)]
  0x000001f5c3675d50 JavaThread "Unconstrained build operations Thread 15" [_thread_blocked, id=3312, stack(0x000000ea91200000,0x000000ea91300000)]
  0x000001f5c3672fc0 JavaThread "Unconstrained build operations Thread 16" [_thread_blocked, id=11280, stack(0x000000ea91300000,0x000000ea91400000)]
  0x000001f5c3671b80 JavaThread "Unconstrained build operations Thread 17" [_thread_blocked, id=11472, stack(0x000000ea91400000,0x000000ea91500000)]
  0x000001f5c36776a0 JavaThread "Unconstrained build operations Thread 18" [_thread_blocked, id=20456, stack(0x000000ea91500000,0x000000ea91600000)]
  0x000001f5c3677bb0 JavaThread "Unconstrained build operations Thread 19" [_thread_blocked, id=16812, stack(0x000000ea91600000,0x000000ea91700000)]
  0x000001f5c36780c0 JavaThread "Unconstrained build operations Thread 20" [_thread_blocked, id=4964, stack(0x000000ea91700000,0x000000ea91800000)]
  0x000001f5c36734d0 JavaThread "Unconstrained build operations Thread 21" [_thread_blocked, id=16320, stack(0x000000ea91800000,0x000000ea91900000)]
  0x000001f5c3671670 JavaThread "Unconstrained build operations Thread 22" [_thread_blocked, id=19904, stack(0x000000ea91900000,0x000000ea91a00000)]
  0x000001f5c3673ef0 JavaThread "Unconstrained build operations Thread 23" [_thread_blocked, id=17368, stack(0x000000ea91a00000,0x000000ea91b00000)]
  0x000001f5c3678ff0 JavaThread "Unconstrained build operations Thread 24" [_thread_blocked, id=6576, stack(0x000000ea91b00000,0x000000ea91c00000)]
  0x000001f5c3674910 JavaThread "Unconstrained build operations Thread 25" [_thread_blocked, id=19808, stack(0x000000ea91c00000,0x000000ea91d00000)]
  0x000001f5c3c41ac0 JavaThread "Unconstrained build operations Thread 26" [_thread_blocked, id=10028, stack(0x000000ea91d00000,0x000000ea91e00000)]
  0x000001f5c3c48a20 JavaThread "Unconstrained build operations Thread 27" [_thread_blocked, id=304, stack(0x000000ea91e00000,0x000000ea91f00000)]
  0x000001f5c3c461a0 JavaThread "Unconstrained build operations Thread 28" [_thread_blocked, id=8844, stack(0x000000ea91f00000,0x000000ea92000000)]
  0x000001f5c3c415b0 JavaThread "Unconstrained build operations Thread 29" [_thread_blocked, id=11096, stack(0x000000ea92000000,0x000000ea92100000)]
  0x000001f5c3c44d60 JavaThread "Unconstrained build operations Thread 30" [_thread_blocked, id=15140, stack(0x000000ea92100000,0x000000ea92200000)]
  0x000001f5c3c43920 JavaThread "Unconstrained build operations Thread 31" [_thread_blocked, id=10852, stack(0x000000ea92200000,0x000000ea92300000)]
  0x000001f5c3c466b0 JavaThread "Unconstrained build operations Thread 32" [_thread_blocked, id=13712, stack(0x000000ea92300000,0x000000ea92400000)]
  0x000001f5c3c48510 JavaThread "Unconstrained build operations Thread 33" [_thread_blocked, id=6624, stack(0x000000ea92400000,0x000000ea92500000)]
  0x000001f5c3c45270 JavaThread "Unconstrained build operations Thread 34" [_thread_blocked, id=2072, stack(0x000000ea92500000,0x000000ea92600000)]
  0x000001f5c3c48f30 JavaThread "Unconstrained build operations Thread 35" [_thread_blocked, id=12600, stack(0x000000ea92600000,0x000000ea92700000)]
  0x000001f5c3c470d0 JavaThread "Unconstrained build operations Thread 36" [_thread_blocked, id=3136, stack(0x000000ea92700000,0x000000ea92800000)]
  0x000001f5c3c475e0 JavaThread "Unconstrained build operations Thread 37" [_thread_blocked, id=7000, stack(0x000000ea92800000,0x000000ea92900000)]
  0x000001f5c3c41fd0 JavaThread "Unconstrained build operations Thread 38" [_thread_blocked, id=3616, stack(0x000000ea92900000,0x000000ea92a00000)]
  0x000001f5c3c424e0 JavaThread "Unconstrained build operations Thread 39" [_thread_blocked, id=7148, stack(0x000000ea92a00000,0x000000ea92b00000)]
  0x000001f5c3c429f0 JavaThread "Unconstrained build operations Thread 40" [_thread_blocked, id=12776, stack(0x000000ea92b00000,0x000000ea92c00000)]
  0x000001f5c3c43410 JavaThread "Unconstrained build operations Thread 41" [_thread_blocked, id=20120, stack(0x000000ea92c00000,0x000000ea92d00000)]
  0x000001f5c3c43e30 JavaThread "Unconstrained build operations Thread 42" [_thread_blocked, id=8648, stack(0x000000ea92e00000,0x000000ea92f00000)]
  0x000001f5c6196e30 JavaThread "Unconstrained build operations Thread 43" [_thread_blocked, id=9176, stack(0x000000ea93400000,0x000000ea93500000)]
  0x000001f5c6197850 JavaThread "Unconstrained build operations Thread 44" [_thread_blocked, id=16592, stack(0x000000ea93500000,0x000000ea93600000)]
  0x000001f5c6198270 JavaThread "build event listener" [_thread_blocked, id=11292, stack(0x000000ea93600000,0x000000ea93700000)]

Other Threads:
  0x000001f57a5494a0 VMThread "VM Thread" [stack: 0x000000ea8c100000,0x000000ea8c200000] [id=5180]
  0x000001f57a3ac7b0 WatcherThread [stack: 0x000000ea8cd00000,0x000000ea8ce00000] [id=17376]
  0x000001f56d406530 GCTaskThread "GC Thread#0" [stack: 0x000000ea8bc00000,0x000000ea8bd00000] [id=1340]
  0x000001f5c0295000 GCTaskThread "GC Thread#1" [stack: 0x000000ea8ce00000,0x000000ea8cf00000] [id=3248]
  0x000001f5c02952c0 GCTaskThread "GC Thread#2" [stack: 0x000000ea8cf00000,0x000000ea8d000000] [id=1428]
  0x000001f5c14a6b70 GCTaskThread "GC Thread#3" [stack: 0x000000ea8d100000,0x000000ea8d200000] [id=10484]
  0x000001f5c1bc8d00 GCTaskThread "GC Thread#4" [stack: 0x000000ea8d200000,0x000000ea8d300000] [id=15740]
  0x000001f5c23c5f20 GCTaskThread "GC Thread#5" [stack: 0x000000ea8df00000,0x000000ea8e000000] [id=11972]
  0x000001f5c2695fb0 GCTaskThread "GC Thread#6" [stack: 0x000000ea8e000000,0x000000ea8e100000] [id=17656]
  0x000001f5c28930f0 GCTaskThread "GC Thread#7" [stack: 0x000000ea8e100000,0x000000ea8e200000] [id=16652]
  0x000001f56d417480 ConcurrentGCThread "G1 Main Marker" [stack: 0x000000ea8bd00000,0x000000ea8be00000] [id=13204]
  0x000001f56d417e90 ConcurrentGCThread "G1 Conc#0" [stack: 0x000000ea8be00000,0x000000ea8bf00000] [id=9388]
  0x000001f5c37adc10 ConcurrentGCThread "G1 Conc#1" [stack: 0x000000ea8e500000,0x000000ea8e600000] [id=11856]
  0x000001f57a4010f0 ConcurrentGCThread "G1 Refine#0" [stack: 0x000000ea8bf00000,0x000000ea8c000000] [id=15248]
  0x000001f5c6ca7e00 ConcurrentGCThread "G1 Refine#1" [stack: 0x000000ea8e300000,0x000000ea8e400000] [id=20104]
  0x000001f5c49a4b30 ConcurrentGCThread "G1 Refine#2" [stack: 0x000000ea93700000,0x000000ea93800000] [id=19112]
  0x000001f5ccaf0410 ConcurrentGCThread "G1 Refine#3" [stack: 0x000000ea93800000,0x000000ea93900000] [id=4676]
  0x000001f5c5fd2ce0 ConcurrentGCThread "G1 Refine#4" [stack: 0x000000ea93900000,0x000000ea93a00000] [id=20148]
  0x000001f5ccc2b220 ConcurrentGCThread "G1 Refine#5" [stack: 0x000000ea93a00000,0x000000ea93b00000] [id=12632]
  0x000001f57a401b20 ConcurrentGCThread "G1 Service" [stack: 0x000000ea8c000000,0x000000ea8c100000] [id=8680]

Threads with active compile tasks:
C2 CompilerThread0    97985 23380   !   4       sun.reflect.annotation.AnnotationParser::parseAnnotations (37 bytes)

VM state: not at safepoint (normal execution)

VM Mutex/Monitor currently owned by a thread: None

Heap address: 0x0000000600000000, size: 8192 MB, Compressed Oops mode: Zero based, Oop shift amount: 3

CDS archive(s) mapped at: [0x000001f57b000000-0x000001f57bbd0000-0x000001f57bbd0000), size 12386304, SharedBaseAddress: 0x000001f57b000000, ArchiveRelocationMode: 1.
Compressed class space mapped at: 0x000001f57c000000-0x000001f5bc000000, reserved size: 1073741824
Narrow klass base: 0x000001f57b000000, Narrow klass shift: 0, Narrow klass range: 0x100000000

GC Precious Log:
 CPUs: 8 total, 8 available
 Memory: 8071M
 Large Page Support: Disabled
 NUMA Support: Disabled
 Compressed Oops: Enabled (Zero based)
 Heap Region Size: 4M
 Heap Min Capacity: 8M
 Heap Initial Capacity: 128M
 Heap Max Capacity: 8G
 Pre-touch: Disabled
 Parallel Workers: 8
 Concurrent Workers: 2
 Concurrent Refinement Workers: 8
 Periodic GC: Disabled

Heap:
 garbage-first heap   total 1015808K, used 276829K [0x0000000600000000, 0x0000000800000000)
  region size 4096K, 13 young (53248K), 4 survivors (16384K)
 Metaspace       used 168519K, committed 170176K, reserved 1245184K
  class space    used 22647K, committed 23424K, reserved 1048576K

Heap Regions: E=young(eden), S=young(survivor), O=old, HS=humongous(starts), HC=humongous(continues), CS=collection set, F=free, OA=open archive, CA=closed archive, TAMS=top-at-mark-start (previous, next)
|   0|0x0000000600000000, 0x0000000600400000, 0x0000000600400000|100%|HS|  |TAMS 0x0000000600400000, 0x0000000600000000| Complete 
|   1|0x0000000600400000, 0x0000000600800000, 0x0000000600800000|100%| O|  |TAMS 0x0000000600800000, 0x0000000600400000| Untracked 
|   2|0x0000000600800000, 0x0000000600c00000, 0x0000000600c00000|100%| O|  |TAMS 0x0000000600c00000, 0x0000000600800000| Untracked 
|   3|0x0000000600c00000, 0x0000000600fe1e00, 0x0000000601000000| 97%| O|  |TAMS 0x0000000600fe1e00, 0x0000000600c00000| Untracked 
|   4|0x0000000601000000, 0x0000000601400000, 0x0000000601400000|100%| O|  |TAMS 0x0000000601400000, 0x0000000601000000| Untracked 
|   5|0x0000000601400000, 0x0000000601800000, 0x0000000601800000|100%| O|  |TAMS 0x0000000601800000, 0x0000000601400000| Untracked 
|   6|0x0000000601800000, 0x0000000601c00000, 0x0000000601c00000|100%| O|  |TAMS 0x0000000601c00000, 0x0000000601800000| Untracked 
|   7|0x0000000601c00000, 0x0000000602000000, 0x0000000602000000|100%| O|  |TAMS 0x0000000602000000, 0x0000000601c00000| Untracked 
|   8|0x0000000602000000, 0x0000000602400000, 0x0000000602400000|100%| O|  |TAMS 0x0000000602400000, 0x0000000602000000| Untracked 
|   9|0x0000000602400000, 0x0000000602800000, 0x0000000602800000|100%| O|  |TAMS 0x0000000602800000, 0x0000000602400000| Untracked 
|  10|0x0000000602800000, 0x0000000602c00000, 0x0000000602c00000|100%| O|  |TAMS 0x0000000602c00000, 0x0000000602800000| Untracked 
|  11|0x0000000602c00000, 0x0000000603000000, 0x0000000603000000|100%|HS|  |TAMS 0x0000000603000000, 0x0000000602c00000| Complete 
|  12|0x0000000603000000, 0x0000000603400000, 0x0000000603400000|100%| O|  |TAMS 0x0000000603400000, 0x0000000603000000| Untracked 
|  13|0x0000000603400000, 0x0000000603800000, 0x0000000603800000|100%| O|  |TAMS 0x0000000603800000, 0x0000000603400000| Untracked 
|  14|0x0000000603800000, 0x0000000603c00000, 0x0000000603c00000|100%|HS|  |TAMS 0x0000000603c00000, 0x0000000603800000| Complete 
|  15|0x0000000603c00000, 0x0000000604000000, 0x0000000604000000|100%| O|  |TAMS 0x0000000604000000, 0x0000000603c00000| Untracked 
|  16|0x0000000604000000, 0x0000000604400000, 0x0000000604400000|100%| O|  |TAMS 0x00000006043fee00, 0x0000000604000000| Untracked 
|  17|0x0000000604400000, 0x0000000604800000, 0x0000000604800000|100%| O|  |TAMS 0x0000000604800000, 0x0000000604400000| Untracked 
|  18|0x0000000604800000, 0x0000000604c00000, 0x0000000604c00000|100%| O|  |TAMS 0x0000000604c00000, 0x0000000604800000| Untracked 
|  19|0x0000000604c00000, 0x0000000605000000, 0x0000000605000000|100%| O|  |TAMS 0x0000000605000000, 0x0000000604c00000| Untracked 
|  20|0x0000000605000000, 0x0000000605400000, 0x0000000605400000|100%| O|  |TAMS 0x0000000605400000, 0x0000000605000000| Untracked 
|  21|0x0000000605400000, 0x0000000605800000, 0x0000000605800000|100%| O|  |TAMS 0x0000000605400000, 0x0000000605400000| Untracked 
|  22|0x0000000605800000, 0x0000000605c00000, 0x0000000605c00000|100%| O|  |TAMS 0x0000000605c00000, 0x0000000605800000| Untracked 
|  23|0x0000000605c00000, 0x0000000606000000, 0x0000000606000000|100%| O|  |TAMS 0x0000000605c00000, 0x0000000605c00000| Untracked 
|  24|0x0000000606000000, 0x0000000606400000, 0x0000000606400000|100%| O|  |TAMS 0x0000000606400000, 0x0000000606000000| Untracked 
|  25|0x0000000606400000, 0x0000000606800000, 0x0000000606800000|100%| O|  |TAMS 0x0000000606800000, 0x0000000606400000| Untracked 
|  26|0x0000000606800000, 0x0000000606c00000, 0x0000000606c00000|100%| O|  |TAMS 0x0000000606c00000, 0x0000000606800000| Untracked 
|  27|0x0000000606c00000, 0x0000000607000000, 0x0000000607000000|100%| O|  |TAMS 0x0000000607000000, 0x0000000606c00000| Untracked 
|  28|0x0000000607000000, 0x0000000607400000, 0x0000000607400000|100%| O|  |TAMS 0x0000000607400000, 0x0000000607000000| Untracked 
|  29|0x0000000607400000, 0x0000000607800000, 0x0000000607800000|100%| O|  |TAMS 0x0000000607800000, 0x0000000607400000| Untracked 
|  30|0x0000000607800000, 0x0000000607c00000, 0x0000000607c00000|100%| O|  |TAMS 0x0000000607c00000, 0x0000000607800000| Untracked 
|  31|0x0000000607c00000, 0x0000000608000000, 0x0000000608000000|100%| O|  |TAMS 0x0000000607c00000, 0x0000000607c00000| Untracked 
|  32|0x0000000608000000, 0x0000000608400000, 0x0000000608400000|100%| O|  |TAMS 0x0000000608000000, 0x0000000608000000| Untracked 
|  33|0x0000000608400000, 0x0000000608800000, 0x0000000608800000|100%| O|  |TAMS 0x0000000608400000, 0x0000000608400000| Untracked 
|  34|0x0000000608800000, 0x0000000608c00000, 0x0000000608c00000|100%| O|  |TAMS 0x0000000608800000, 0x0000000608800000| Untracked 
|  35|0x0000000608c00000, 0x0000000609000000, 0x0000000609000000|100%| O|  |TAMS 0x0000000608c00000, 0x0000000608c00000| Untracked 
|  36|0x0000000609000000, 0x0000000609400000, 0x0000000609400000|100%| O|  |TAMS 0x0000000609000000, 0x0000000609000000| Untracked 
|  37|0x0000000609400000, 0x0000000609800000, 0x0000000609800000|100%| O|  |TAMS 0x0000000609400000, 0x0000000609400000| Untracked 
|  38|0x0000000609800000, 0x0000000609c00000, 0x0000000609c00000|100%| O|  |TAMS 0x0000000609800000, 0x0000000609800000| Untracked 
|  39|0x0000000609c00000, 0x000000060a000000, 0x000000060a000000|100%| O|  |TAMS 0x0000000609c00000, 0x0000000609c00000| Untracked 
|  40|0x000000060a000000, 0x000000060a400000, 0x000000060a400000|100%| O|  |TAMS 0x000000060a000000, 0x000000060a000000| Untracked 
|  41|0x000000060a400000, 0x000000060a800000, 0x000000060a800000|100%| O|  |TAMS 0x000000060a400000, 0x000000060a400000| Untracked 
|  42|0x000000060a800000, 0x000000060ac00000, 0x000000060ac00000|100%| O|  |TAMS 0x000000060a800000, 0x000000060a800000| Untracked 
|  43|0x000000060ac00000, 0x000000060b000000, 0x000000060b000000|100%| O|  |TAMS 0x000000060ac00000, 0x000000060ac00000| Untracked 
|  44|0x000000060b000000, 0x000000060b400000, 0x000000060b400000|100%|HS|  |TAMS 0x000000060b000000, 0x000000060b000000| Complete 
|  45|0x000000060b400000, 0x000000060b800000, 0x000000060b800000|100%|HC|  |TAMS 0x000000060b400000, 0x000000060b400000| Complete 
|  46|0x000000060b800000, 0x000000060bc00000, 0x000000060bc00000|100%| O|  |TAMS 0x000000060b800000, 0x000000060b800000| Untracked 
|  47|0x000000060bc00000, 0x000000060c000000, 0x000000060c000000|100%| O|  |TAMS 0x000000060bc00000, 0x000000060bc00000| Untracked 
|  48|0x000000060c000000, 0x000000060c400000, 0x000000060c400000|100%| O|  |TAMS 0x000000060c000000, 0x000000060c000000| Untracked 
|  49|0x000000060c400000, 0x000000060c800000, 0x000000060c800000|100%| O|  |TAMS 0x000000060c400000, 0x000000060c400000| Untracked 
|  50|0x000000060c800000, 0x000000060cc00000, 0x000000060cc00000|100%| O|  |TAMS 0x000000060c800000, 0x000000060c800000| Untracked 
|  51|0x000000060cc00000, 0x000000060d000000, 0x000000060d000000|100%| O|  |TAMS 0x000000060cc00000, 0x000000060cc00000| Untracked 
|  52|0x000000060d000000, 0x000000060d400000, 0x000000060d400000|100%| O|  |TAMS 0x000000060d000000, 0x000000060d000000| Untracked 
|  53|0x000000060d400000, 0x000000060d800000, 0x000000060d800000|100%| O|  |TAMS 0x000000060d400000, 0x000000060d400000| Untracked 
|  54|0x000000060d800000, 0x000000060dc00000, 0x000000060dc00000|100%| O|  |TAMS 0x000000060d800000, 0x000000060d800000| Untracked 
|  55|0x000000060dc00000, 0x000000060df23000, 0x000000060e000000| 78%| O|  |TAMS 0x000000060dc00000, 0x000000060dc00000| Untracked 
|  56|0x000000060e000000, 0x000000060e000000, 0x000000060e400000|  0%| F|  |TAMS 0x000000060e000000, 0x000000060e000000| Untracked 
|  57|0x000000060e400000, 0x000000060e400000, 0x000000060e800000|  0%| F|  |TAMS 0x000000060e400000, 0x000000060e400000| Untracked 
|  58|0x000000060e800000, 0x000000060e800000, 0x000000060ec00000|  0%| F|  |TAMS 0x000000060e800000, 0x000000060e800000| Untracked 
|  59|0x000000060ec00000, 0x000000060ec00000, 0x000000060f000000|  0%| F|  |TAMS 0x000000060ec00000, 0x000000060ec00000| Untracked 
|  60|0x000000060f000000, 0x000000060f000000, 0x000000060f400000|  0%| F|  |TAMS 0x000000060f000000, 0x000000060f000000| Untracked 
|  61|0x000000060f400000, 0x000000060f400000, 0x000000060f800000|  0%| F|  |TAMS 0x000000060f400000, 0x000000060f400000| Untracked 
|  62|0x000000060f800000, 0x000000060f800000, 0x000000060fc00000|  0%| F|  |TAMS 0x000000060f800000, 0x000000060f800000| Untracked 
|  63|0x000000060fc00000, 0x000000060fc00000, 0x0000000610000000|  0%| F|  |TAMS 0x000000060fc00000, 0x000000060fc00000| Untracked 
|  64|0x0000000610000000, 0x0000000610000000, 0x0000000610400000|  0%| F|  |TAMS 0x0000000610000000, 0x0000000610000000| Untracked 
|  65|0x0000000610400000, 0x0000000610400000, 0x0000000610800000|  0%| F|  |TAMS 0x0000000610400000, 0x0000000610400000| Untracked 
|  66|0x0000000610800000, 0x0000000610800000, 0x0000000610c00000|  0%| F|  |TAMS 0x0000000610800000, 0x0000000610800000| Untracked 
|  67|0x0000000610c00000, 0x0000000610c00000, 0x0000000611000000|  0%| F|  |TAMS 0x0000000610c00000, 0x0000000610c00000| Untracked 
|  68|0x0000000611000000, 0x0000000611000000, 0x0000000611400000|  0%| F|  |TAMS 0x0000000611000000, 0x0000000611000000| Untracked 
|  69|0x0000000611400000, 0x0000000611400000, 0x0000000611800000|  0%| F|  |TAMS 0x0000000611400000, 0x0000000611400000| Untracked 
|  70|0x0000000611800000, 0x0000000611800000, 0x0000000611c00000|  0%| F|  |TAMS 0x0000000611800000, 0x0000000611800000| Untracked 
|  71|0x0000000611c00000, 0x0000000611c00000, 0x0000000612000000|  0%| F|  |TAMS 0x0000000611c00000, 0x0000000611c00000| Untracked 
|  72|0x0000000612000000, 0x0000000612000000, 0x0000000612400000|  0%| F|  |TAMS 0x0000000612000000, 0x0000000612000000| Untracked 
|  73|0x0000000612400000, 0x0000000612400000, 0x0000000612800000|  0%| F|  |TAMS 0x0000000612400000, 0x0000000612400000| Untracked 
|  74|0x0000000612800000, 0x0000000612800000, 0x0000000612c00000|  0%| F|  |TAMS 0x0000000612800000, 0x0000000612800000| Untracked 
|  75|0x0000000612c00000, 0x0000000612c00000, 0x0000000613000000|  0%| F|  |TAMS 0x0000000612c00000, 0x0000000612c00000| Untracked 
|  76|0x0000000613000000, 0x0000000613352960, 0x0000000613400000| 83%| S|CS|TAMS 0x0000000613000000, 0x0000000613000000| Complete 
|  77|0x0000000613400000, 0x0000000613800000, 0x0000000613800000|100%| S|CS|TAMS 0x0000000613400000, 0x0000000613400000| Complete 
|  78|0x0000000613800000, 0x0000000613c00000, 0x0000000613c00000|100%| S|CS|TAMS 0x0000000613800000, 0x0000000613800000| Complete 
|  79|0x0000000613c00000, 0x0000000614000000, 0x0000000614000000|100%| S|CS|TAMS 0x0000000613c00000, 0x0000000613c00000| Complete 
|  80|0x0000000614000000, 0x0000000614000000, 0x0000000614400000|  0%| F|  |TAMS 0x0000000614000000, 0x0000000614000000| Untracked 
|  81|0x0000000614400000, 0x0000000614400000, 0x0000000614800000|  0%| F|  |TAMS 0x0000000614400000, 0x0000000614400000| Untracked 
|  82|0x0000000614800000, 0x0000000614800000, 0x0000000614c00000|  0%| F|  |TAMS 0x0000000614800000, 0x0000000614800000| Untracked 
|  83|0x0000000614c00000, 0x0000000614c00000, 0x0000000615000000|  0%| F|  |TAMS 0x0000000614c00000, 0x0000000614c00000| Untracked 
|  84|0x0000000615000000, 0x0000000615000000, 0x0000000615400000|  0%| F|  |TAMS 0x0000000615000000, 0x0000000615000000| Untracked 
|  85|0x0000000615400000, 0x0000000615400000, 0x0000000615800000|  0%| F|  |TAMS 0x0000000615400000, 0x0000000615400000| Untracked 
|  86|0x0000000615800000, 0x0000000615800000, 0x0000000615c00000|  0%| F|  |TAMS 0x0000000615800000, 0x0000000615800000| Untracked 
|  87|0x0000000615c00000, 0x0000000615c00000, 0x0000000616000000|  0%| F|  |TAMS 0x0000000615c00000, 0x0000000615c00000| Untracked 
|  88|0x0000000616000000, 0x0000000616000000, 0x0000000616400000|  0%| F|  |TAMS 0x0000000616000000, 0x0000000616000000| Untracked 
|  89|0x0000000616400000, 0x0000000616400000, 0x0000000616800000|  0%| F|  |TAMS 0x0000000616400000, 0x0000000616400000| Untracked 
|  90|0x0000000616800000, 0x0000000616800000, 0x0000000616c00000|  0%| F|  |TAMS 0x0000000616800000, 0x0000000616800000| Untracked 
|  91|0x0000000616c00000, 0x0000000616c00000, 0x0000000617000000|  0%| F|  |TAMS 0x0000000616c00000, 0x0000000616c00000| Untracked 
|  92|0x0000000617000000, 0x0000000617000000, 0x0000000617400000|  0%| F|  |TAMS 0x0000000617000000, 0x0000000617000000| Untracked 
|  93|0x0000000617400000, 0x0000000617400000, 0x0000000617800000|  0%| F|  |TAMS 0x0000000617400000, 0x0000000617400000| Untracked 
|  94|0x0000000617800000, 0x0000000617800000, 0x0000000617c00000|  0%| F|  |TAMS 0x0000000617800000, 0x0000000617800000| Untracked 
|  95|0x0000000617c00000, 0x0000000617c00000, 0x0000000618000000|  0%| F|  |TAMS 0x0000000617c00000, 0x0000000617c00000| Untracked 
|  96|0x0000000618000000, 0x0000000618000000, 0x0000000618400000|  0%| F|  |TAMS 0x0000000618000000, 0x0000000618000000| Untracked 
|  97|0x0000000618400000, 0x0000000618400000, 0x0000000618800000|  0%| F|  |TAMS 0x0000000618400000, 0x0000000618400000| Untracked 
|  98|0x0000000618800000, 0x0000000618800000, 0x0000000618c00000|  0%| F|  |TAMS 0x0000000618800000, 0x0000000618800000| Untracked 
|  99|0x0000000618c00000, 0x0000000618c00000, 0x0000000619000000|  0%| F|  |TAMS 0x0000000618c00000, 0x0000000618c00000| Untracked 
| 100|0x0000000619000000, 0x0000000619000000, 0x0000000619400000|  0%| F|  |TAMS 0x0000000619000000, 0x0000000619000000| Untracked 
| 101|0x0000000619400000, 0x0000000619400000, 0x0000000619800000|  0%| F|  |TAMS 0x0000000619400000, 0x0000000619400000| Untracked 
| 102|0x0000000619800000, 0x0000000619800000, 0x0000000619c00000|  0%| F|  |TAMS 0x0000000619800000, 0x0000000619800000| Untracked 
| 103|0x0000000619c00000, 0x0000000619c00000, 0x000000061a000000|  0%| F|  |TAMS 0x0000000619c00000, 0x0000000619c00000| Untracked 
| 104|0x000000061a000000, 0x000000061a000000, 0x000000061a400000|  0%| F|  |TAMS 0x000000061a000000, 0x000000061a000000| Untracked 
| 105|0x000000061a400000, 0x000000061a400000, 0x000000061a800000|  0%| F|  |TAMS 0x000000061a400000, 0x000000061a400000| Untracked 
| 106|0x000000061a800000, 0x000000061a800000, 0x000000061ac00000|  0%| F|  |TAMS 0x000000061a800000, 0x000000061a800000| Untracked 
| 107|0x000000061ac00000, 0x000000061ac00000, 0x000000061b000000|  0%| F|  |TAMS 0x000000061ac00000, 0x000000061ac00000| Untracked 
| 108|0x000000061b000000, 0x000000061b000000, 0x000000061b400000|  0%| F|  |TAMS 0x000000061b000000, 0x000000061b000000| Untracked 
| 109|0x000000061b400000, 0x000000061b400000, 0x000000061b800000|  0%| F|  |TAMS 0x000000061b400000, 0x000000061b400000| Untracked 
| 110|0x000000061b800000, 0x000000061b800000, 0x000000061bc00000|  0%| F|  |TAMS 0x000000061b800000, 0x000000061b800000| Untracked 
| 111|0x000000061bc00000, 0x000000061bc00000, 0x000000061c000000|  0%| F|  |TAMS 0x000000061bc00000, 0x000000061bc00000| Untracked 
| 112|0x000000061c000000, 0x000000061c000000, 0x000000061c400000|  0%| F|  |TAMS 0x000000061c000000, 0x000000061c000000| Untracked 
| 113|0x000000061c400000, 0x000000061c400000, 0x000000061c800000|  0%| F|  |TAMS 0x000000061c400000, 0x000000061c400000| Untracked 
| 114|0x000000061c800000, 0x000000061c800000, 0x000000061cc00000|  0%| F|  |TAMS 0x000000061c800000, 0x000000061c800000| Untracked 
| 115|0x000000061cc00000, 0x000000061cc00000, 0x000000061d000000|  0%| F|  |TAMS 0x000000061cc00000, 0x000000061cc00000| Untracked 
| 116|0x000000061d000000, 0x000000061d000000, 0x000000061d400000|  0%| F|  |TAMS 0x000000061d000000, 0x000000061d000000| Untracked 
| 117|0x000000061d400000, 0x000000061d400000, 0x000000061d800000|  0%| F|  |TAMS 0x000000061d400000, 0x000000061d400000| Untracked 
| 118|0x000000061d800000, 0x000000061d800000, 0x000000061dc00000|  0%| F|  |TAMS 0x000000061d800000, 0x000000061d800000| Untracked 
| 119|0x000000061dc00000, 0x000000061dc00000, 0x000000061e000000|  0%| F|  |TAMS 0x000000061dc00000, 0x000000061dc00000| Untracked 
| 120|0x000000061e000000, 0x000000061e000000, 0x000000061e400000|  0%| F|  |TAMS 0x000000061e000000, 0x000000061e000000| Untracked 
| 121|0x000000061e400000, 0x000000061e400000, 0x000000061e800000|  0%| F|  |TAMS 0x000000061e400000, 0x000000061e400000| Untracked 
| 122|0x000000061e800000, 0x000000061e800000, 0x000000061ec00000|  0%| F|  |TAMS 0x000000061e800000, 0x000000061e800000| Untracked 
| 123|0x000000061ec00000, 0x000000061ec00000, 0x000000061f000000|  0%| F|  |TAMS 0x000000061ec00000, 0x000000061ec00000| Untracked 
| 124|0x000000061f000000, 0x000000061f000000, 0x000000061f400000|  0%| F|  |TAMS 0x000000061f000000, 0x000000061f000000| Untracked 
| 125|0x000000061f400000, 0x000000061f400000, 0x000000061f800000|  0%| F|  |TAMS 0x000000061f400000, 0x000000061f400000| Untracked 
| 126|0x000000061f800000, 0x000000061f800000, 0x000000061fc00000|  0%| F|  |TAMS 0x000000061f800000, 0x000000061f800000| Untracked 
| 127|0x000000061fc00000, 0x000000061fc00000, 0x0000000620000000|  0%| F|  |TAMS 0x000000061fc00000, 0x000000061fc00000| Untracked 
| 128|0x0000000620000000, 0x0000000620000000, 0x0000000620400000|  0%| F|  |TAMS 0x0000000620000000, 0x0000000620000000| Untracked 
| 129|0x0000000620400000, 0x0000000620400000, 0x0000000620800000|  0%| F|  |TAMS 0x0000000620400000, 0x0000000620400000| Untracked 
| 130|0x0000000620800000, 0x0000000620800000, 0x0000000620c00000|  0%| F|  |TAMS 0x0000000620800000, 0x0000000620800000| Untracked 
| 131|0x0000000620c00000, 0x0000000620c00000, 0x0000000621000000|  0%| F|  |TAMS 0x0000000620c00000, 0x0000000620c00000| Untracked 
| 132|0x0000000621000000, 0x0000000621000000, 0x0000000621400000|  0%| F|  |TAMS 0x0000000621000000, 0x0000000621000000| Untracked 
| 133|0x0000000621400000, 0x0000000621400000, 0x0000000621800000|  0%| F|  |TAMS 0x0000000621400000, 0x0000000621400000| Untracked 
| 134|0x0000000621800000, 0x0000000621800000, 0x0000000621c00000|  0%| F|  |TAMS 0x0000000621800000, 0x0000000621800000| Untracked 
| 135|0x0000000621c00000, 0x0000000621c00000, 0x0000000622000000|  0%| F|  |TAMS 0x0000000621c00000, 0x0000000621c00000| Untracked 
| 136|0x0000000622000000, 0x0000000622000000, 0x0000000622400000|  0%| F|  |TAMS 0x0000000622000000, 0x0000000622000000| Untracked 
| 137|0x0000000622400000, 0x0000000622400000, 0x0000000622800000|  0%| F|  |TAMS 0x0000000622400000, 0x0000000622400000| Untracked 
| 138|0x0000000622800000, 0x0000000622800000, 0x0000000622c00000|  0%| F|  |TAMS 0x0000000622800000, 0x0000000622800000| Untracked 
| 139|0x0000000622c00000, 0x0000000622c00000, 0x0000000623000000|  0%| F|  |TAMS 0x0000000622c00000, 0x0000000622c00000| Untracked 
| 140|0x0000000623000000, 0x0000000623000000, 0x0000000623400000|  0%| F|  |TAMS 0x0000000623000000, 0x0000000623000000| Untracked 
| 141|0x0000000623400000, 0x0000000623400000, 0x0000000623800000|  0%| F|  |TAMS 0x0000000623400000, 0x0000000623400000| Untracked 
| 142|0x0000000623800000, 0x0000000623800000, 0x0000000623c00000|  0%| F|  |TAMS 0x0000000623800000, 0x0000000623800000| Untracked 
| 143|0x0000000623c00000, 0x0000000623c00000, 0x0000000624000000|  0%| F|  |TAMS 0x0000000623c00000, 0x0000000623c00000| Untracked 
| 144|0x0000000624000000, 0x0000000624000000, 0x0000000624400000|  0%| F|  |TAMS 0x0000000624000000, 0x0000000624000000| Untracked 
| 145|0x0000000624400000, 0x0000000624400000, 0x0000000624800000|  0%| F|  |TAMS 0x0000000624400000, 0x0000000624400000| Untracked 
| 146|0x0000000624800000, 0x0000000624800000, 0x0000000624c00000|  0%| F|  |TAMS 0x0000000624800000, 0x0000000624800000| Untracked 
| 147|0x0000000624c00000, 0x0000000624c00000, 0x0000000625000000|  0%| F|  |TAMS 0x0000000624c00000, 0x0000000624c00000| Untracked 
| 148|0x0000000625000000, 0x0000000625000000, 0x0000000625400000|  0%| F|  |TAMS 0x0000000625000000, 0x0000000625000000| Untracked 
| 149|0x0000000625400000, 0x0000000625400000, 0x0000000625800000|  0%| F|  |TAMS 0x0000000625400000, 0x0000000625400000| Untracked 
| 150|0x0000000625800000, 0x0000000625800000, 0x0000000625c00000|  0%| F|  |TAMS 0x0000000625800000, 0x0000000625800000| Untracked 
| 151|0x0000000625c00000, 0x0000000625c00000, 0x0000000626000000|  0%| F|  |TAMS 0x0000000625c00000, 0x0000000625c00000| Untracked 
| 152|0x0000000626000000, 0x0000000626000000, 0x0000000626400000|  0%| F|  |TAMS 0x0000000626000000, 0x0000000626000000| Untracked 
| 153|0x0000000626400000, 0x0000000626400000, 0x0000000626800000|  0%| F|  |TAMS 0x0000000626400000, 0x0000000626400000| Untracked 
| 154|0x0000000626800000, 0x0000000626800000, 0x0000000626c00000|  0%| F|  |TAMS 0x0000000626800000, 0x0000000626800000| Untracked 
| 155|0x0000000626c00000, 0x0000000626c00000, 0x0000000627000000|  0%| F|  |TAMS 0x0000000626c00000, 0x0000000626c00000| Untracked 
| 156|0x0000000627000000, 0x0000000627000000, 0x0000000627400000|  0%| F|  |TAMS 0x0000000627000000, 0x0000000627000000| Untracked 
| 157|0x0000000627400000, 0x0000000627400000, 0x0000000627800000|  0%| F|  |TAMS 0x0000000627400000, 0x0000000627400000| Untracked 
| 158|0x0000000627800000, 0x0000000627800000, 0x0000000627c00000|  0%| F|  |TAMS 0x0000000627800000, 0x0000000627800000| Untracked 
| 159|0x0000000627c00000, 0x0000000627c00000, 0x0000000628000000|  0%| F|  |TAMS 0x0000000627c00000, 0x0000000627c00000| Untracked 
| 160|0x0000000628000000, 0x0000000628000000, 0x0000000628400000|  0%| F|  |TAMS 0x0000000628000000, 0x0000000628000000| Untracked 
| 161|0x0000000628400000, 0x0000000628400000, 0x0000000628800000|  0%| F|  |TAMS 0x0000000628400000, 0x0000000628400000| Untracked 
| 162|0x0000000628800000, 0x0000000628800000, 0x0000000628c00000|  0%| F|  |TAMS 0x0000000628800000, 0x0000000628800000| Untracked 
| 163|0x0000000628c00000, 0x0000000628c00000, 0x0000000629000000|  0%| F|  |TAMS 0x0000000628c00000, 0x0000000628c00000| Untracked 
| 164|0x0000000629000000, 0x0000000629000000, 0x0000000629400000|  0%| F|  |TAMS 0x0000000629000000, 0x0000000629000000| Untracked 
| 165|0x0000000629400000, 0x0000000629400000, 0x0000000629800000|  0%| F|  |TAMS 0x0000000629400000, 0x0000000629400000| Untracked 
| 166|0x0000000629800000, 0x0000000629800000, 0x0000000629c00000|  0%| F|  |TAMS 0x0000000629800000, 0x0000000629800000| Untracked 
| 167|0x0000000629c00000, 0x0000000629c00000, 0x000000062a000000|  0%| F|  |TAMS 0x0000000629c00000, 0x0000000629c00000| Untracked 
| 168|0x000000062a000000, 0x000000062a000000, 0x000000062a400000|  0%| F|  |TAMS 0x000000062a000000, 0x000000062a000000| Untracked 
| 169|0x000000062a400000, 0x000000062a400000, 0x000000062a800000|  0%| F|  |TAMS 0x000000062a400000, 0x000000062a400000| Untracked 
| 170|0x000000062a800000, 0x000000062a800000, 0x000000062ac00000|  0%| F|  |TAMS 0x000000062a800000, 0x000000062a800000| Untracked 
| 171|0x000000062ac00000, 0x000000062ac00000, 0x000000062b000000|  0%| F|  |TAMS 0x000000062ac00000, 0x000000062ac00000| Untracked 
| 172|0x000000062b000000, 0x000000062b000000, 0x000000062b400000|  0%| F|  |TAMS 0x000000062b000000, 0x000000062b000000| Untracked 
| 173|0x000000062b400000, 0x000000062b400000, 0x000000062b800000|  0%| F|  |TAMS 0x000000062b400000, 0x000000062b400000| Untracked 
| 174|0x000000062b800000, 0x000000062b800000, 0x000000062bc00000|  0%| F|  |TAMS 0x000000062b800000, 0x000000062b800000| Untracked 
| 175|0x000000062bc00000, 0x000000062bc00000, 0x000000062c000000|  0%| F|  |TAMS 0x000000062bc00000, 0x000000062bc00000| Untracked 
| 176|0x000000062c000000, 0x000000062c000000, 0x000000062c400000|  0%| F|  |TAMS 0x000000062c000000, 0x000000062c000000| Untracked 
| 177|0x000000062c400000, 0x000000062c400000, 0x000000062c800000|  0%| F|  |TAMS 0x000000062c400000, 0x000000062c400000| Untracked 
| 178|0x000000062c800000, 0x000000062c800000, 0x000000062cc00000|  0%| F|  |TAMS 0x000000062c800000, 0x000000062c800000| Untracked 
| 179|0x000000062cc00000, 0x000000062cc00000, 0x000000062d000000|  0%| F|  |TAMS 0x000000062cc00000, 0x000000062cc00000| Untracked 
| 180|0x000000062d000000, 0x000000062d000000, 0x000000062d400000|  0%| F|  |TAMS 0x000000062d000000, 0x000000062d000000| Untracked 
| 181|0x000000062d400000, 0x000000062d400000, 0x000000062d800000|  0%| F|  |TAMS 0x000000062d400000, 0x000000062d400000| Untracked 
| 182|0x000000062d800000, 0x000000062d800000, 0x000000062dc00000|  0%| F|  |TAMS 0x000000062d800000, 0x000000062d800000| Untracked 
| 183|0x000000062dc00000, 0x000000062dc00000, 0x000000062e000000|  0%| F|  |TAMS 0x000000062dc00000, 0x000000062dc00000| Untracked 
| 184|0x000000062e000000, 0x000000062e000000, 0x000000062e400000|  0%| F|  |TAMS 0x000000062e000000, 0x000000062e000000| Untracked 
| 185|0x000000062e400000, 0x000000062e400000, 0x000000062e800000|  0%| F|  |TAMS 0x000000062e400000, 0x000000062e400000| Untracked 
| 186|0x000000062e800000, 0x000000062e800000, 0x000000062ec00000|  0%| F|  |TAMS 0x000000062e800000, 0x000000062e800000| Untracked 
| 187|0x000000062ec00000, 0x000000062ec00000, 0x000000062f000000|  0%| F|  |TAMS 0x000000062ec00000, 0x000000062ec00000| Untracked 
| 188|0x000000062f000000, 0x000000062f000000, 0x000000062f400000|  0%| F|  |TAMS 0x000000062f000000, 0x000000062f000000| Untracked 
| 189|0x000000062f400000, 0x000000062f400000, 0x000000062f800000|  0%| F|  |TAMS 0x000000062f400000, 0x000000062f400000| Untracked 
| 190|0x000000062f800000, 0x000000062f800000, 0x000000062fc00000|  0%| F|  |TAMS 0x000000062f800000, 0x000000062f800000| Untracked 
| 191|0x000000062fc00000, 0x000000062fc00000, 0x0000000630000000|  0%| F|  |TAMS 0x000000062fc00000, 0x000000062fc00000| Untracked 
| 192|0x0000000630000000, 0x0000000630000000, 0x0000000630400000|  0%| F|  |TAMS 0x0000000630000000, 0x0000000630000000| Untracked 
| 193|0x0000000630400000, 0x0000000630400000, 0x0000000630800000|  0%| F|  |TAMS 0x0000000630400000, 0x0000000630400000| Untracked 
| 194|0x0000000630800000, 0x0000000630800000, 0x0000000630c00000|  0%| F|  |TAMS 0x0000000630800000, 0x0000000630800000| Untracked 
| 195|0x0000000630c00000, 0x0000000630c00000, 0x0000000631000000|  0%| F|  |TAMS 0x0000000630c00000, 0x0000000630c00000| Untracked 
| 196|0x0000000631000000, 0x0000000631000000, 0x0000000631400000|  0%| F|  |TAMS 0x0000000631000000, 0x0000000631000000| Untracked 
| 197|0x0000000631400000, 0x0000000631400000, 0x0000000631800000|  0%| F|  |TAMS 0x0000000631400000, 0x0000000631400000| Untracked 
| 198|0x0000000631800000, 0x0000000631800000, 0x0000000631c00000|  0%| F|  |TAMS 0x0000000631800000, 0x0000000631800000| Untracked 
| 199|0x0000000631c00000, 0x0000000631c00000, 0x0000000632000000|  0%| F|  |TAMS 0x0000000631c00000, 0x0000000631c00000| Untracked 
| 200|0x0000000632000000, 0x0000000632000000, 0x0000000632400000|  0%| F|  |TAMS 0x0000000632000000, 0x0000000632000000| Untracked 
| 201|0x0000000632400000, 0x0000000632400000, 0x0000000632800000|  0%| F|  |TAMS 0x0000000632400000, 0x0000000632400000| Untracked 
| 202|0x0000000632800000, 0x0000000632800000, 0x0000000632c00000|  0%| F|  |TAMS 0x0000000632800000, 0x0000000632800000| Untracked 
| 203|0x0000000632c00000, 0x0000000632c00000, 0x0000000633000000|  0%| F|  |TAMS 0x0000000632c00000, 0x0000000632c00000| Untracked 
| 204|0x0000000633000000, 0x0000000633000000, 0x0000000633400000|  0%| F|  |TAMS 0x0000000633000000, 0x0000000633000000| Untracked 
| 205|0x0000000633400000, 0x0000000633400000, 0x0000000633800000|  0%| F|  |TAMS 0x0000000633400000, 0x0000000633400000| Untracked 
| 206|0x0000000633800000, 0x0000000633800000, 0x0000000633c00000|  0%| F|  |TAMS 0x0000000633800000, 0x0000000633800000| Untracked 
| 207|0x0000000633c00000, 0x0000000633c00000, 0x0000000634000000|  0%| F|  |TAMS 0x0000000633c00000, 0x0000000633c00000| Untracked 
| 208|0x0000000634000000, 0x0000000634000000, 0x0000000634400000|  0%| F|  |TAMS 0x0000000634000000, 0x0000000634000000| Untracked 
| 209|0x0000000634400000, 0x0000000634400000, 0x0000000634800000|  0%| F|  |TAMS 0x0000000634400000, 0x0000000634400000| Untracked 
| 210|0x0000000634800000, 0x0000000634800000, 0x0000000634c00000|  0%| F|  |TAMS 0x0000000634800000, 0x0000000634800000| Untracked 
| 211|0x0000000634c00000, 0x0000000634c00000, 0x0000000635000000|  0%| F|  |TAMS 0x0000000634c00000, 0x0000000634c00000| Untracked 
| 212|0x0000000635000000, 0x0000000635000000, 0x0000000635400000|  0%| F|  |TAMS 0x0000000635000000, 0x0000000635000000| Untracked 
| 213|0x0000000635400000, 0x0000000635400000, 0x0000000635800000|  0%| F|  |TAMS 0x0000000635400000, 0x0000000635400000| Untracked 
| 214|0x0000000635800000, 0x0000000635800000, 0x0000000635c00000|  0%| F|  |TAMS 0x0000000635800000, 0x0000000635800000| Untracked 
| 215|0x0000000635c00000, 0x0000000635c00000, 0x0000000636000000|  0%| F|  |TAMS 0x0000000635c00000, 0x0000000635c00000| Untracked 
| 216|0x0000000636000000, 0x0000000636000000, 0x0000000636400000|  0%| F|  |TAMS 0x0000000636000000, 0x0000000636000000| Untracked 
| 217|0x0000000636400000, 0x0000000636400000, 0x0000000636800000|  0%| F|  |TAMS 0x0000000636400000, 0x0000000636400000| Untracked 
| 218|0x0000000636800000, 0x0000000636800000, 0x0000000636c00000|  0%| F|  |TAMS 0x0000000636800000, 0x0000000636800000| Untracked 
| 219|0x0000000636c00000, 0x0000000636c00000, 0x0000000637000000|  0%| F|  |TAMS 0x0000000636c00000, 0x0000000636c00000| Untracked 
| 220|0x0000000637000000, 0x0000000637000000, 0x0000000637400000|  0%| F|  |TAMS 0x0000000637000000, 0x0000000637000000| Untracked 
| 221|0x0000000637400000, 0x0000000637400000, 0x0000000637800000|  0%| F|  |TAMS 0x0000000637400000, 0x0000000637400000| Untracked 
| 222|0x0000000637800000, 0x0000000637800000, 0x0000000637c00000|  0%| F|  |TAMS 0x0000000637800000, 0x0000000637800000| Untracked 
| 223|0x0000000637c00000, 0x0000000637c00000, 0x0000000638000000|  0%| F|  |TAMS 0x0000000637c00000, 0x0000000637c00000| Untracked 
| 224|0x0000000638000000, 0x0000000638000000, 0x0000000638400000|  0%| F|  |TAMS 0x0000000638000000, 0x0000000638000000| Untracked 
| 225|0x0000000638400000, 0x0000000638400000, 0x0000000638800000|  0%| F|  |TAMS 0x0000000638400000, 0x0000000638400000| Untracked 
| 226|0x0000000638800000, 0x0000000638800000, 0x0000000638c00000|  0%| F|  |TAMS 0x0000000638800000, 0x0000000638800000| Untracked 
| 227|0x0000000638c00000, 0x0000000638c00000, 0x0000000639000000|  0%| F|  |TAMS 0x0000000638c00000, 0x0000000638c00000| Untracked 
| 228|0x0000000639000000, 0x0000000639000000, 0x0000000639400000|  0%| F|  |TAMS 0x0000000639000000, 0x0000000639000000| Untracked 
| 229|0x0000000639400000, 0x0000000639400000, 0x0000000639800000|  0%| F|  |TAMS 0x0000000639400000, 0x0000000639400000| Untracked 
| 230|0x0000000639800000, 0x0000000639800000, 0x0000000639c00000|  0%| F|  |TAMS 0x0000000639800000, 0x0000000639800000| Untracked 
| 231|0x0000000639c00000, 0x0000000639c00000, 0x000000063a000000|  0%| F|  |TAMS 0x0000000639c00000, 0x0000000639c00000| Untracked 
| 232|0x000000063a000000, 0x000000063a000000, 0x000000063a400000|  0%| F|  |TAMS 0x000000063a000000, 0x000000063a000000| Untracked 
| 233|0x000000063a400000, 0x000000063a400000, 0x000000063a800000|  0%| F|  |TAMS 0x000000063a400000, 0x000000063a400000| Untracked 
| 234|0x000000063a800000, 0x000000063a800000, 0x000000063ac00000|  0%| F|  |TAMS 0x000000063a800000, 0x000000063a800000| Untracked 
| 235|0x000000063ac00000, 0x000000063ac00000, 0x000000063b000000|  0%| F|  |TAMS 0x000000063ac00000, 0x000000063ac00000| Untracked 
| 236|0x000000063b000000, 0x000000063b000000, 0x000000063b400000|  0%| F|  |TAMS 0x000000063b000000, 0x000000063b000000| Untracked 
| 237|0x000000063b400000, 0x000000063b400000, 0x000000063b800000|  0%| F|  |TAMS 0x000000063b400000, 0x000000063b400000| Untracked 
| 238|0x000000063b800000, 0x000000063ba00800, 0x000000063bc00000| 50%| E|  |TAMS 0x000000063b800000, 0x000000063b800000| Complete 
| 239|0x000000063bc00000, 0x000000063c000000, 0x000000063c000000|100%| E|CS|TAMS 0x000000063bc00000, 0x000000063bc00000| Complete 
| 240|0x000000063c000000, 0x000000063c400000, 0x000000063c400000|100%| E|CS|TAMS 0x000000063c000000, 0x000000063c000000| Complete 
| 241|0x000000063c400000, 0x000000063c800000, 0x000000063c800000|100%| E|CS|TAMS 0x000000063c400000, 0x000000063c400000| Complete 
| 242|0x000000063c800000, 0x000000063cc00000, 0x000000063cc00000|100%| E|CS|TAMS 0x000000063c800000, 0x000000063c800000| Complete 
| 243|0x000000063cc00000, 0x000000063d000000, 0x000000063d000000|100%| E|CS|TAMS 0x000000063cc00000, 0x000000063cc00000| Complete 
| 244|0x000000063d000000, 0x000000063d400000, 0x000000063d400000|100%| E|CS|TAMS 0x000000063d000000, 0x000000063d000000| Complete 
| 245|0x000000063d400000, 0x000000063d800000, 0x000000063d800000|100%| E|CS|TAMS 0x000000063d400000, 0x000000063d400000| Complete 
| 246|0x000000063d800000, 0x000000063dc00000, 0x000000063dc00000|100%| E|CS|TAMS 0x000000063d800000, 0x000000063d800000| Complete 
| 247|0x000000063dc00000, 0x000000063e000000, 0x000000063e000000|100%| E|CS|TAMS 0x000000063dc00000, 0x000000063dc00000| Complete 

Card table byte_map: [0x000001f576180000,0x000001f577180000] _byte_map_base: 0x000001f573180000

Marking Bits (Prev, Next): (CMBitMap*) 0x000001f56d406b90, (CMBitMap*) 0x000001f56d406b50
 Prev Bits: [0x000001f528000000, 0x000001f530000000)
 Next Bits: [0x000001f520000000, 0x000001f528000000)

Polling page: 0x000001f56cb20000

Metaspace:

Usage:
  Non-class:    142.47 MB used.
      Class:     22.12 MB used.
       Both:    164.59 MB used.

Virtual space:
  Non-class space:      192.00 MB reserved,     143.31 MB ( 75%) committed,  3 nodes.
      Class space:        1.00 GB reserved,      22.88 MB (  2%) committed,  1 nodes.
             Both:        1.19 GB reserved,     166.19 MB ( 14%) committed. 

Chunk freelists:
   Non-Class:  15.97 MB
       Class:  9.14 MB
        Both:  25.11 MB

MaxMetaspaceSize: 4.00 GB
CompressedClassSpaceSize: 1.00 GB
Initial GC threshold: 21.00 MB
Current GC threshold: 170.62 MB
CDS: on
MetaspaceReclaimPolicy: balanced
 - commit_granule_bytes: 65536.
 - commit_granule_words: 8192.
 - virtual_space_node_default_size: 8388608.
 - enlarge_chunks_in_place: 1.
 - new_chunks_are_fully_committed: 0.
 - uncommit_free_chunks: 1.
 - use_allocation_guard: 0.
 - handle_deallocations: 1.


Internal statistics:

num_allocs_failed_limit: 11.
num_arena_births: 2632.
num_arena_deaths: 0.
num_vsnodes_births: 4.
num_vsnodes_deaths: 0.
num_space_committed: 2657.
num_space_uncommitted: 0.
num_chunks_returned_to_freelist: 11.
num_chunks_taken_from_freelist: 10248.
num_chunk_merges: 6.
num_chunk_splits: 6749.
num_chunks_enlarged: 4374.
num_inconsistent_stats: 0.

CodeHeap 'non-profiled nmethods': size=259264Kb used=12022Kb max_used=12141Kb free=247241Kb
 bounds [0x000001f5102d0000, 0x000001f510eb0000, 0x000001f520000000]
CodeHeap 'profiled nmethods': size=259264Kb used=36523Kb max_used=36523Kb free=222740Kb
 bounds [0x000001f500000000, 0x000001f5023b0000, 0x000001f50fd30000]
CodeHeap 'non-nmethods': size=5760Kb used=2630Kb max_used=2672Kb free=3129Kb
 bounds [0x000001f50fd30000, 0x000001f50ffd0000, 0x000001f5102d0000]
 total_blobs=20549 nmethods=19334 adapters=1126
 compilation: enabled
              stopped_count=0, restarted_count=0
 full_count=0

Compilation events (20 events):
Event: 97.759 Thread 0x000001f57a574b40 23385       1       org.jetbrains.kotlin.backend.common.phaser.AbstractNamedCompilerPhase::getName (5 bytes)
Event: 97.759 Thread 0x000001f57a574b40 nmethod 23385 0x000001f510c65710 code [0x000001f510c658a0, 0x000001f510c65978]
Event: 97.880 Thread 0x000001f57a574b40 23386       3       org.jetbrains.kotlin.name.FqName::fromSegments (22 bytes)
Event: 97.880 Thread 0x000001f57a574b40 nmethod 23386 0x000001f502398610 code [0x000001f5023987e0, 0x000001f502398a28]
Event: 97.880 Thread 0x000001f57a574b40 23387       3       org.jetbrains.kotlin.builtins.KotlinBuiltIns::getBuiltInsModule (67 bytes)
Event: 97.881 Thread 0x000001f57a574b40 nmethod 23387 0x000001f502398b10 code [0x000001f502398ce0, 0x000001f5023990f8]
Event: 97.881 Thread 0x000001f57a574b40 23389       3       org.jetbrains.kotlin.descriptors.impl.ModuleDescriptorImpl::toString (85 bytes)
Event: 97.882 Thread 0x000001f57a574b40 nmethod 23389 0x000001f502399210 code [0x000001f5023994a0, 0x000001f502399d78]
Event: 97.882 Thread 0x000001f57a574b40 23390       3       org.jetbrains.kotlin.renderer.DescriptorRendererImpl$RenderDeclarationDescriptorVisitor::<init> (10 bytes)
Event: 97.882 Thread 0x000001f57a574b40 nmethod 23390 0x000001f50239a110 code [0x000001f50239a2a0, 0x000001f50239a478]
Event: 97.882 Thread 0x000001f57a574b40 23391       3       org.jetbrains.kotlin.descriptors.impl.ModuleDescriptorImpl::accept (7 bytes)
Event: 97.883 Thread 0x000001f57a574b40 nmethod 23391 0x000001f50239a510 code [0x000001f50239a740, 0x000001f50239ae48]
Event: 97.883 Thread 0x000001f57a574b40 23392       3       org.jetbrains.kotlin.descriptors.ModuleDescriptor$DefaultImpls::accept (15 bytes)
Event: 97.884 Thread 0x000001f57a574b40 nmethod 23392 0x000001f50239b110 code [0x000001f50239b320, 0x000001f50239b9a8]
Event: 97.884 Thread 0x000001f57a574b40 23393       3       org.jetbrains.kotlin.renderer.RenderingUtilsKt::shouldBeEscaped (135 bytes)
Event: 97.886 Thread 0x000001f57a574b40 nmethod 23393 0x000001f50239bc10 code [0x000001f50239bf20, 0x000001f50239d118]
Event: 97.886 Thread 0x000001f57a574b40 23388       3       org.jetbrains.kotlin.load.java.lazy.descriptors.LazyJavaScope::getFunctionNamesLazy (17 bytes)
Event: 97.888 Thread 0x000001f57a574b40 nmethod 23388 0x000001f50239d790 code [0x000001f50239da40, 0x000001f50239e708]
Event: 97.891 Thread 0x000001f57a574b40 23394       3       org.jetbrains.kotlin.resolve.calls.components.ClassicTypeSystemContextForCS::argumentsCount (6 bytes)
Event: 97.891 Thread 0x000001f57a574b40 nmethod 23394 0x000001f50239eb90 code [0x000001f50239ed20, 0x000001f50239ee48]

GC Heap History (20 events):
Event: 62.744 GC heap before
{Heap before GC invocations=54 (full 0):
 garbage-first heap   total 507904K, used 395396K [0x0000000600000000, 0x0000000800000000)
  region size 4096K, 67 young (274432K), 1 survivors (4096K)
 Metaspace       used 107533K, committed 108672K, reserved 1179648K
  class space    used 15127K, committed 15680K, reserved 1048576K
}
Event: 62.760 GC heap after
{Heap after GC invocations=55 (full 0):
 garbage-first heap   total 507904K, used 153178K [0x0000000600000000, 0x0000000800000000)
  region size 4096K, 7 young (28672K), 7 survivors (28672K)
 Metaspace       used 107533K, committed 108672K, reserved 1179648K
  class space    used 15127K, committed 15680K, reserved 1048576K
}
Event: 65.791 GC heap before
{Heap before GC invocations=55 (full 0):
 garbage-first heap   total 507904K, used 374362K [0x0000000600000000, 0x0000000800000000)
  region size 4096K, 61 young (249856K), 7 survivors (28672K)
 Metaspace       used 116886K, committed 118144K, reserved 1179648K
  class space    used 16405K, committed 17024K, reserved 1048576K
}
Event: 65.827 GC heap after
{Heap after GC invocations=56 (full 0):
 garbage-first heap   total 507904K, used 168133K [0x0000000600000000, 0x0000000800000000)
  region size 4096K, 4 young (16384K), 4 survivors (16384K)
 Metaspace       used 116886K, committed 118144K, reserved 1179648K
  class space    used 16405K, committed 17024K, reserved 1048576K
}
Event: 68.813 GC heap before
{Heap before GC invocations=56 (full 0):
 garbage-first heap   total 507904K, used 389317K [0x0000000600000000, 0x0000000800000000)
  region size 4096K, 58 young (237568K), 4 survivors (16384K)
 Metaspace       used 117667K, committed 118976K, reserved 1179648K
  class space    used 16446K, committed 17088K, reserved 1048576K
}
Event: 68.844 GC heap after
{Heap after GC invocations=57 (full 0):
 garbage-first heap   total 507904K, used 185592K [0x0000000600000000, 0x0000000800000000)
  region size 4096K, 8 young (32768K), 8 survivors (32768K)
 Metaspace       used 117667K, committed 118976K, reserved 1179648K
  class space    used 16446K, committed 17088K, reserved 1048576K
}
Event: 71.652 GC heap before
{Heap before GC invocations=57 (full 0):
 garbage-first heap   total 507904K, used 398584K [0x0000000600000000, 0x0000000800000000)
  region size 4096K, 60 young (245760K), 8 survivors (32768K)
 Metaspace       used 118202K, committed 119488K, reserved 1179648K
  class space    used 16465K, committed 17152K, reserved 1048576K
}
Event: 71.678 GC heap after
{Heap after GC invocations=58 (full 0):
 garbage-first heap   total 507904K, used 180529K [0x0000000600000000, 0x0000000800000000)
  region size 4096K, 3 young (12288K), 3 survivors (12288K)
 Metaspace       used 118202K, committed 119488K, reserved 1179648K
  class space    used 16465K, committed 17152K, reserved 1048576K
}
Event: 73.731 GC heap before
{Heap before GC invocations=58 (full 0):
 garbage-first heap   total 507904K, used 405809K [0x0000000600000000, 0x0000000800000000)
  region size 4096K, 58 young (237568K), 3 survivors (12288K)
 Metaspace       used 118919K, committed 120256K, reserved 1179648K
  class space    used 16520K, committed 17216K, reserved 1048576K
}
Event: 73.737 GC heap after
{Heap after GC invocations=59 (full 0):
 garbage-first heap   total 507904K, used 173871K [0x0000000600000000, 0x0000000800000000)
  region size 4096K, 2 young (8192K), 2 survivors (8192K)
 Metaspace       used 118919K, committed 120256K, reserved 1179648K
  class space    used 16520K, committed 17216K, reserved 1048576K
}
Event: 77.612 GC heap before
{Heap before GC invocations=59 (full 0):
 garbage-first heap   total 507904K, used 403247K [0x0000000600000000, 0x0000000800000000)
  region size 4096K, 59 young (241664K), 2 survivors (8192K)
 Metaspace       used 119245K, committed 120704K, reserved 1179648K
  class space    used 16539K, committed 17280K, reserved 1048576K
}
Event: 77.631 GC heap after
{Heap after GC invocations=60 (full 0):
 garbage-first heap   total 507904K, used 185498K [0x0000000600000000, 0x0000000800000000)
  region size 4096K, 5 young (20480K), 5 survivors (20480K)
 Metaspace       used 119245K, committed 120704K, reserved 1179648K
  class space    used 16539K, committed 17280K, reserved 1048576K
}
Event: 85.132 GC heap before
{Heap before GC invocations=60 (full 0):
 garbage-first heap   total 507904K, used 406682K [0x0000000600000000, 0x0000000800000000)
  region size 4096K, 59 young (241664K), 5 survivors (20480K)
 Metaspace       used 121234K, committed 122752K, reserved 1179648K
  class space    used 16765K, committed 17536K, reserved 1048576K
}
Event: 85.146 GC heap after
{Heap after GC invocations=61 (full 0):
 garbage-first heap   total 507904K, used 178422K [0x0000000600000000, 0x0000000800000000)
  region size 4096K, 3 young (12288K), 3 survivors (12288K)
 Metaspace       used 121234K, committed 122752K, reserved 1179648K
  class space    used 16765K, committed 17536K, reserved 1048576K
}
Event: 87.937 GC heap before
{Heap before GC invocations=61 (full 0):
 garbage-first heap   total 507904K, used 411894K [0x0000000600000000, 0x0000000800000000)
  region size 4096K, 60 young (245760K), 3 survivors (12288K)
 Metaspace       used 135743K, committed 137344K, reserved 1179648K
  class space    used 19006K, committed 19776K, reserved 1048576K
}
Event: 87.958 GC heap after
{Heap after GC invocations=62 (full 0):
 garbage-first heap   total 507904K, used 190230K [0x0000000600000000, 0x0000000800000000)
  region size 4096K, 6 young (24576K), 6 survivors (24576K)
 Metaspace       used 135743K, committed 137344K, reserved 1179648K
  class space    used 19006K, committed 19776K, reserved 1048576K
}
Event: 90.780 GC heap before
{Heap before GC invocations=62 (full 0):
 garbage-first heap   total 507904K, used 427798K [0x0000000600000000, 0x0000000800000000)
  region size 4096K, 60 young (245760K), 6 survivors (24576K)
 Metaspace       used 149135K, committed 150720K, reserved 1179648K
  class space    used 20392K, committed 21184K, reserved 1048576K
}
Event: 90.830 GC heap after
{Heap after GC invocations=63 (full 0):
 garbage-first heap   total 507904K, used 227486K [0x0000000600000000, 0x0000000800000000)
  region size 4096K, 8 young (32768K), 8 survivors (32768K)
 Metaspace       used 149135K, committed 150720K, reserved 1179648K
  class space    used 20392K, committed 21184K, reserved 1048576K
}
Event: 96.054 GC heap before
{Heap before GC invocations=63 (full 0):
 garbage-first heap   total 507904K, used 407710K [0x0000000600000000, 0x0000000800000000)
  region size 4096K, 52 young (212992K), 8 survivors (32768K)
 Metaspace       used 163591K, committed 165248K, reserved 1245184K
  class space    used 22061K, committed 22848K, reserved 1048576K
}
Event: 96.138 GC heap after
{Heap after GC invocations=64 (full 0):
 garbage-first heap   total 1015808K, used 244061K [0x0000000600000000, 0x0000000800000000)
  region size 4096K, 4 young (16384K), 4 survivors (16384K)
 Metaspace       used 163591K, committed 165248K, reserved 1245184K
  class space    used 22061K, committed 22848K, reserved 1048576K
}

Deoptimization events (20 events):
Event: 94.860 Thread 0x000001f5c2682240 Uncommon trap: trap_request=0xffffffde fr.pc=0x000001f510deda14 relative=0x0000000000000674
Event: 94.860 Thread 0x000001f5c2682240 Uncommon trap: reason=class_check action=maybe_recompile pc=0x000001f510deda14 method=org.jetbrains.kotlin.storage.LockBasedStorageManager$LockBasedLazyValue.invoke()Ljava/lang/Object; @ 24 c2
Event: 94.860 Thread 0x000001f5c2682240 DEOPT PACKING pc=0x000001f510deda14 sp=0x000000ea8d8f3d00
Event: 94.860 Thread 0x000001f5c2682240 DEOPT UNPACKING pc=0x000001f50fd823a3 sp=0x000000ea8d8f3cc0 mode 2
Event: 95.197 Thread 0x000001f5c2682240 Uncommon trap: trap_request=0xffffffc6 fr.pc=0x000001f510dd989c relative=0x00000000000009dc
Event: 95.197 Thread 0x000001f5c2682240 Uncommon trap: reason=bimorphic_or_optimized_type_check action=maybe_recompile pc=0x000001f510dd989c method=org.jetbrains.kotlin.storage.LockBasedStorageManager$LockBasedLazyValue.invoke()Ljava/lang/Object; @ 181 c2
Event: 95.197 Thread 0x000001f5c2682240 DEOPT PACKING pc=0x000001f510dd989c sp=0x000000ea8d8f5680
Event: 95.197 Thread 0x000001f5c2682240 DEOPT UNPACKING pc=0x000001f50fd823a3 sp=0x000000ea8d8f5638 mode 2
Event: 95.198 Thread 0x000001f5c2682240 Uncommon trap: trap_request=0xffffffc6 fr.pc=0x000001f510dd989c relative=0x00000000000009dc
Event: 95.198 Thread 0x000001f5c2682240 Uncommon trap: reason=bimorphic_or_optimized_type_check action=maybe_recompile pc=0x000001f510dd989c method=org.jetbrains.kotlin.storage.LockBasedStorageManager$LockBasedLazyValue.invoke()Ljava/lang/Object; @ 181 c2
Event: 95.198 Thread 0x000001f5c2682240 DEOPT PACKING pc=0x000001f510dd989c sp=0x000000ea8d8f5390
Event: 95.198 Thread 0x000001f5c2682240 DEOPT UNPACKING pc=0x000001f50fd823a3 sp=0x000000ea8d8f5348 mode 2
Event: 96.979 Thread 0x000001f5c2682240 Uncommon trap: trap_request=0xffffff45 fr.pc=0x000001f510b97c40 relative=0x0000000000000d60
Event: 96.979 Thread 0x000001f5c2682240 Uncommon trap: reason=unstable_if action=reinterpret pc=0x000001f510b97c40 method=org.jetbrains.kotlin.metadata.ProtoBuf$Type.getSerializedSize()I @ 176 c2
Event: 96.979 Thread 0x000001f5c2682240 DEOPT PACKING pc=0x000001f510b97c40 sp=0x000000ea8d8f33f0
Event: 96.979 Thread 0x000001f5c2682240 DEOPT UNPACKING pc=0x000001f50fd823a3 sp=0x000000ea8d8f33b0 mode 2
Event: 96.979 Thread 0x000001f5c2682240 Uncommon trap: trap_request=0xffffff45 fr.pc=0x000001f510afd5e4 relative=0x0000000000001b84
Event: 96.979 Thread 0x000001f5c2682240 Uncommon trap: reason=unstable_if action=reinterpret pc=0x000001f510afd5e4 method=org.jetbrains.kotlin.metadata.ProtoBuf$Type.writeTo(Lorg/jetbrains/kotlin/protobuf/CodedOutputStream;)V @ 160 c2
Event: 96.979 Thread 0x000001f5c2682240 DEOPT PACKING pc=0x000001f510afd5e4 sp=0x000000ea8d8f33b0
Event: 96.979 Thread 0x000001f5c2682240 DEOPT UNPACKING pc=0x000001f50fd823a3 sp=0x000000ea8d8f3398 mode 2

Classes unloaded (0 events):
No events

Classes redefined (0 events):
No events

Internal exceptions (20 events):
Event: 91.543 Thread 0x000001f5c2682240 Exception <a 'java/lang/NoSuchMethodError'{0x000000061cbb4358}: 'java.lang.Object java.lang.invoke.Invokers$Holder.linkToTargetMethod(java.lang.Object, java.lang.Object, java.lang.Object, java.lang.Object, int, java.lang.Object, java.lang.Object)'> (0x000000061cbb4358) 
thrown [s\open\src\hotspot\share\interpreter\linkResolver.cpp, line 759]
Event: 91.706 Thread 0x000001f5c2682240 Exception <a 'java/lang/NoSuchMethodError'{0x000000061b383690}: 'java.lang.Object java.lang.invoke.DirectMethodHandle$Holder.invokeStatic(java.lang.Object, java.lang.Object, java.lang.Object, java.lang.Object, int, java.lang.Object, java.lang.Object)'> (0x000000061b383690) 
thrown [s\open\src\hotspot\share\interpreter\linkResolver.cpp, line 759]
Event: 92.211 Thread 0x000001f5c2682240 Exception <a 'java/lang/NoSuchMethodError'{0x000000061965e130}: 'java.lang.Object java.lang.invoke.DirectMethodHandle$Holder.invokeStatic(java.lang.Object, int, java.lang.Object, java.lang.Object, java.lang.Object, java.lang.Object, java.lang.Object, java.lang.Object)'> (0x000000061965e130) 
thrown [s\open\src\hotspot\share\interpreter\linkResolver.cpp, line 759]
Event: 92.212 Thread 0x000001f5c2682240 Exception <a 'java/lang/NoSuchMethodError'{0x000000061966af40}: 'java.lang.Object java.lang.invoke.DirectMethodHandle$Holder.newInvokeSpecial(java.lang.Object, int, java.lang.Object, java.lang.Object, java.lang.Object, java.lang.Object, java.lang.Object)'> (0x000000061966af40) 
thrown [s\open\src\hotspot\share\interpreter\linkResolver.cpp, line 759]
Event: 92.213 Thread 0x000001f5c2682240 Exception <a 'java/lang/NoSuchMethodError'{0x0000000619671590}: 'java.lang.Object java.lang.invoke.DirectMethodHandle$Holder.invokeSpecial(java.lang.Object, java.lang.Object, int, java.lang.Object, java.lang.Object, java.lang.Object, java.lang.Object, java.lang.Object)'> (0x0000000619671590) 
thrown [s\open\src\hotspot\share\interpreter\linkResolver.cpp, line 759]
Event: 92.324 Thread 0x000001f5c2682240 Exception <a 'java/lang/NoSuchMethodError'{0x000000061919ae60}: 'java.lang.Object java.lang.invoke.DirectMethodHandle$Holder.newInvokeSpecial(java.lang.Object, java.lang.Object, java.lang.Object, java.lang.Object, java.lang.Object, java.lang.Object, java.lang.Object, java.lang.Object, java.lang.Object)'> (0x000000061919ae60) 
thrown [s\open\src\hotspot\share\interpreter\linkResolver.cpp, line 759]
Event: 92.325 Thread 0x000001f5c2682240 Exception <a 'java/lang/NoSuchMethodError'{0x00000006191a1430}: 'java.lang.Object java.lang.invoke.Invokers$Holder.linkToTargetMethod(java.lang.Object, java.lang.Object, java.lang.Object, java.lang.Object, java.lang.Object, java.lang.Object, java.lang.Object, java.lang.Object, java.lang.Object)'> (0x00000006191a1430) 
thrown [s\open\src\hotspot\share\interpreter\linkResolver.cpp, line 759]
Event: 94.071 Thread 0x000001f5c2682240 Exception <a 'java/lang/NoSuchMethodError'{0x000000061654dc20}: 'java.lang.Object java.lang.invoke.DirectMethodHandle$Holder.newInvokeSpecial(java.lang.Object, java.lang.Object, java.lang.Object, java.lang.Object, java.lang.Object, java.lang.Object, java.lang.Object, int)'> (0x000000061654dc20) 
thrown [s\open\src\hotspot\share\interpreter\linkResolver.cpp, line 759]
Event: 94.072 Thread 0x000001f5c2682240 Exception <a 'java/lang/NoSuchMethodError'{0x00000006165543b8}: 'java.lang.Object java.lang.invoke.DirectMethodHandle$Holder.invokeSpecial(java.lang.Object, java.lang.Object, java.lang.Object, java.lang.Object, java.lang.Object, java.lang.Object, java.lang.Object, java.lang.Object, int)'> (0x00000006165543b8) 
thrown [s\open\src\hotspot\share\interpreter\linkResolver.cpp, line 759]
Event: 94.074 Thread 0x000001f5c2682240 Exception <a 'java/lang/NoSuchMethodError'{0x000000061655a620}: 'java.lang.Object java.lang.invoke.Invokers$Holder.linkToTargetMethod(java.lang.Object, java.lang.Object, java.lang.Object, java.lang.Object, java.lang.Object, java.lang.Object, int, java.lang.Object)'> (0x000000061655a620) 
thrown [s\open\src\hotspot\share\interpreter\linkResolver.cpp, line 759]
Event: 95.949 Thread 0x000001f5c2682240 Exception <a 'java/lang/NoSuchMethodError'{0x00000006142bf820}: 'java.lang.Object java.lang.invoke.DirectMethodHandle$Holder.invokeStatic(java.lang.Object, java.lang.Object, int, int, java.lang.Object, java.lang.Object)'> (0x00000006142bf820) 
thrown [s\open\src\hotspot\share\interpreter\linkResolver.cpp, line 759]
Event: 95.952 Thread 0x000001f5c2682240 Exception <a 'java/lang/NoSuchMethodError'{0x00000006142d0008}: 'java.lang.Object java.lang.invoke.Invokers$Holder.linkToTargetMethod(java.lang.Object, int, int, java.lang.Object, java.lang.Object)'> (0x00000006142d0008) 
thrown [s\open\src\hotspot\share\interpreter\linkResolver.cpp, line 759]
Event: 96.480 Thread 0x000001f5c2682240 Exception <a 'java/lang/NoSuchMethodError'{0x000000063ddb5fd8}: 'java.lang.Object java.lang.invoke.DirectMethodHandle$Holder.invokeStatic(java.lang.Object, java.lang.Object, java.lang.Object, int, int, java.lang.Object, java.lang.Object)'> (0x000000063ddb5fd8) 
thrown [s\open\src\hotspot\share\interpreter\linkResolver.cpp, line 759]
Event: 96.509 Thread 0x000001f5c2682240 Exception <a 'java/lang/NoSuchMethodError'{0x000000063ddc0918}: 'java.lang.Object java.lang.invoke.DirectMethodHandle$Holder.newInvokeSpecial(java.lang.Object, java.lang.Object, java.lang.Object, int, int, java.lang.Object)'> (0x000000063ddc0918) 
thrown [s\open\src\hotspot\share\interpreter\linkResolver.cpp, line 759]
Event: 96.522 Thread 0x000001f5c2682240 Exception <a 'java/lang/NoSuchMethodError'{0x000000063ddc9db0}: 'java.lang.Object java.lang.invoke.Invokers$Holder.linkToTargetMethod(java.lang.Object, java.lang.Object, int, int, java.lang.Object, java.lang.Object)'> (0x000000063ddc9db0) 
thrown [s\open\src\hotspot\share\interpreter\linkResolver.cpp, line 759]
Event: 96.529 Thread 0x000001f5c2682240 Exception <a 'java/lang/NoSuchMethodError'{0x000000063ddd7de8}: 'java.lang.Object java.lang.invoke.DirectMethodHandle$Holder.invokeStatic(java.lang.Object, java.lang.Object, int, int, java.lang.Object)'> (0x000000063ddd7de8) 
thrown [s\open\src\hotspot\share\interpreter\linkResolver.cpp, line 759]
Event: 96.708 Thread 0x000001f5c2682240 Exception <a 'java/lang/NoSuchMethodError'{0x000000063deb6ea8}: 'java.lang.Object java.lang.invoke.DirectMethodHandle$Holder.newInvokeSpecial(java.lang.Object, java.lang.Object, java.lang.Object, int, int, java.lang.Object, java.lang.Object)'> (0x000000063deb6ea8) 
thrown [s\open\src\hotspot\share\interpreter\linkResolver.cpp, line 759]
Event: 96.710 Thread 0x000001f5c2682240 Exception <a 'java/lang/NoSuchMethodError'{0x000000063dec0830}: 'java.lang.Object java.lang.invoke.Invokers$Holder.linkToTargetMethod(java.lang.Object, java.lang.Object, int, int, java.lang.Object, java.lang.Object, java.lang.Object)'> (0x000000063dec0830) 
thrown [s\open\src\hotspot\share\interpreter\linkResolver.cpp, line 759]
Event: 97.255 Thread 0x000001f5c2682240 Exception <a 'java/lang/NoSuchMethodError'{0x000000063d2062e8}: 'java.lang.Object java.lang.invoke.DirectMethodHandle$Holder.invokeStatic(java.lang.Object, int, java.lang.Object, java.lang.Object, java.lang.Object)'> (0x000000063d2062e8) 
thrown [s\open\src\hotspot\share\interpreter\linkResolver.cpp, line 759]
Event: 97.257 Thread 0x000001f5c2682240 Exception <a 'java/lang/NoSuchMethodError'{0x000000063d20b638}: 'java.lang.Object java.lang.invoke.DirectMethodHandle$Holder.invokeStaticInit(java.lang.Object, int, java.lang.Object, java.lang.Object, java.lang.Object)'> (0x000000063d20b638) 
thrown [s\open\src\hotspot\share\interpreter\linkResolver.cpp, line 759]

VM Operations (20 events):
Event: 93.417 Executing VM operation: HandshakeAllThreads
Event: 93.417 Executing VM operation: HandshakeAllThreads done
Event: 93.476 Executing VM operation: HandshakeAllThreads
Event: 93.477 Executing VM operation: HandshakeAllThreads done
Event: 94.277 Executing VM operation: HandshakeAllThreads
Event: 94.277 Executing VM operation: HandshakeAllThreads done
Event: 94.649 Executing VM operation: HandshakeAllThreads
Event: 94.649 Executing VM operation: HandshakeAllThreads done
Event: 94.649 Executing VM operation: Cleanup
Event: 94.650 Executing VM operation: Cleanup done
Event: 95.033 Executing VM operation: HandshakeAllThreads
Event: 95.033 Executing VM operation: HandshakeAllThreads done
Event: 96.038 Executing VM operation: Cleanup
Event: 96.039 Executing VM operation: Cleanup done
Event: 96.053 Executing VM operation: G1CollectForAllocation
Event: 96.140 Executing VM operation: G1CollectForAllocation done
Event: 97.149 Executing VM operation: Cleanup
Event: 97.165 Executing VM operation: Cleanup done
Event: 97.894 Executing VM operation: HandshakeAllThreads
Event: 97.894 Executing VM operation: HandshakeAllThreads done

Events (20 events):
Event: 90.697 Thread 0x000001f57a566bb0 flushing nmethod 0x000001f5020a8b90
Event: 90.697 Thread 0x000001f57a566bb0 flushing nmethod 0x000001f5020aa590
Event: 90.697 Thread 0x000001f57a566bb0 flushing nmethod 0x000001f5020aec90
Event: 90.697 Thread 0x000001f57a566bb0 flushing nmethod 0x000001f5020b0290
Event: 90.697 Thread 0x000001f57a566bb0 flushing nmethod 0x000001f5020d3b90
Event: 90.697 Thread 0x000001f57a566bb0 flushing nmethod 0x000001f502136f90
Event: 90.762 loading class java/text/StringCharacterIterator
Event: 90.762 loading class java/text/CharacterIterator
Event: 90.762 loading class java/text/CharacterIterator done
Event: 90.762 loading class java/text/StringCharacterIterator done
Event: 91.452 loading class java/util/EnumMap$EntrySet
Event: 91.452 loading class java/util/EnumMap$EntrySet done
Event: 91.452 loading class java/util/EnumMap$EntryIterator
Event: 91.452 loading class java/util/EnumMap$EnumMapIterator
Event: 91.452 loading class java/util/EnumMap$EnumMapIterator done
Event: 91.452 loading class java/util/EnumMap$EntryIterator done
Event: 91.452 loading class java/util/EnumMap$EntryIterator$Entry
Event: 91.452 loading class java/util/EnumMap$EntryIterator$Entry done
Event: 92.370 Thread 0x000001f5cc7577d0 Thread added: 0x000001f5cc7577d0
Event: 94.204 Thread 0x000001f5cc7577d0 Thread exited: 0x000001f5cc7577d0


Dynamic libraries:
0x00007ff60a450000 - 0x00007ff60a460000 	C:\Program Files\Java\jdk-17\bin\java.exe
0x00007ffceaf50000 - 0x00007ffceb168000 	C:\Windows\SYSTEM32\ntdll.dll
0x00007ffcea170000 - 0x00007ffcea234000 	C:\Windows\System32\KERNEL32.DLL
0x00007ffce8430000 - 0x00007ffce8803000 	C:\Windows\System32\KERNELBASE.dll
0x00007ffce8ad0000 - 0x00007ffce8be1000 	C:\Windows\System32\ucrtbase.dll
0x00007ffce4700000 - 0x00007ffce4719000 	C:\Program Files\Java\jdk-17\bin\jli.dll
0x00007ffce1500000 - 0x00007ffce151b000 	C:\Program Files\Java\jdk-17\bin\VCRUNTIME140.dll
0x00007ffcea0b0000 - 0x00007ffcea161000 	C:\Windows\System32\ADVAPI32.dll
0x00007ffce9fa0000 - 0x00007ffcea047000 	C:\Windows\System32\msvcrt.dll
0x00007ffce9140000 - 0x00007ffce91e8000 	C:\Windows\System32\sechost.dll
0x00007ffce8aa0000 - 0x00007ffce8ac8000 	C:\Windows\System32\bcrypt.dll
0x00007ffce8e30000 - 0x00007ffce8f48000 	C:\Windows\System32\RPCRT4.dll
0x00007ffce9b30000 - 0x00007ffce9ce2000 	C:\Windows\System32\USER32.dll
0x00007ffce8400000 - 0x00007ffce8426000 	C:\Windows\System32\win32u.dll
0x00007ffcd3f00000 - 0x00007ffcd419c000 	C:\Windows\WinSxS\amd64_microsoft.windows.common-controls_6595b64144ccf1df_6.0.22621.6060_none_2712eda17382d24b\COMCTL32.dll
0x00007ffce9e90000 - 0x00007ffce9eb9000 	C:\Windows\System32\GDI32.dll
0x00007ffce82e0000 - 0x00007ffce83fb000 	C:\Windows\System32\gdi32full.dll
0x00007ffce8980000 - 0x00007ffce8a1a000 	C:\Windows\System32\msvcp_win.dll
0x00007ffce0030000 - 0x00007ffce003a000 	C:\Windows\SYSTEM32\VERSION.dll
0x00007ffceaed0000 - 0x00007ffceaf01000 	C:\Windows\System32\IMM32.DLL
0x00007ffce1490000 - 0x00007ffce149c000 	C:\Program Files\Java\jdk-17\bin\vcruntime140_1.dll
0x00007ffca5950000 - 0x00007ffca59de000 	C:\Program Files\Java\jdk-17\bin\msvcp140.dll
0x00007ffc4b820000 - 0x00007ffc4c401000 	C:\Program Files\Java\jdk-17\bin\server\jvm.dll
0x00007ffce9f20000 - 0x00007ffce9f28000 	C:\Windows\System32\PSAPI.DLL
0x00007ffce3620000 - 0x00007ffce3654000 	C:\Windows\SYSTEM32\WINMM.dll
0x00007ffcccdb0000 - 0x00007ffcccdb9000 	C:\Windows\SYSTEM32\WSOCK32.dll
0x00007ffce9210000 - 0x00007ffce9281000 	C:\Windows\System32\WS2_32.dll
0x00007ffce70f0000 - 0x00007ffce7108000 	C:\Windows\SYSTEM32\kernel.appcore.dll
0x00007ffce1480000 - 0x00007ffce148a000 	C:\Program Files\Java\jdk-17\bin\jimage.dll
0x00007ffce5a80000 - 0x00007ffce5cb3000 	C:\Windows\SYSTEM32\DBGHELP.DLL
0x00007ffcea8f0000 - 0x00007ffceac81000 	C:\Windows\System32\combase.dll
0x00007ffce9cf0000 - 0x00007ffce9dc8000 	C:\Windows\System32\OLEAUT32.dll
0x00007ffcd1ad0000 - 0x00007ffcd1b02000 	C:\Windows\SYSTEM32\dbgcore.DLL
0x00007ffce81a0000 - 0x00007ffce821b000 	C:\Windows\System32\bcryptPrimitives.dll
0x00007ffce1470000 - 0x00007ffce147e000 	C:\Program Files\Java\jdk-17\bin\instrument.dll
0x00007ffcd3ea0000 - 0x00007ffcd3ec5000 	C:\Program Files\Java\jdk-17\bin\java.dll
0x00007ffca55c0000 - 0x00007ffca5697000 	C:\Program Files\Java\jdk-17\bin\jsvml.dll
0x00007ffce9290000 - 0x00007ffce9b2c000 	C:\Windows\System32\SHELL32.dll
0x00007ffce8060000 - 0x00007ffce819f000 	C:\Windows\System32\wintypes.dll
0x00007ffce5f20000 - 0x00007ffce683a000 	C:\Windows\SYSTEM32\windows.storage.dll
0x00007ffcea360000 - 0x00007ffcea464000 	C:\Windows\System32\SHCORE.dll
0x00007ffce9f30000 - 0x00007ffce9f99000 	C:\Windows\System32\shlwapi.dll
0x00007ffce7f90000 - 0x00007ffce7fb5000 	C:\Windows\SYSTEM32\profapi.dll
0x00007ffcd3b10000 - 0x00007ffcd3b28000 	C:\Program Files\Java\jdk-17\bin\zip.dll
0x00007ffcba4e0000 - 0x00007ffcba4f9000 	C:\Program Files\Java\jdk-17\bin\net.dll
0x00007ffce39c0000 - 0x00007ffce3aec000 	C:\Windows\SYSTEM32\WINHTTP.dll
0x00007ffce75b0000 - 0x00007ffce7619000 	C:\Windows\system32\mswsock.dll
0x00007ffcb5e80000 - 0x00007ffcb5e96000 	C:\Program Files\Java\jdk-17\bin\nio.dll
0x00007ffcd3e90000 - 0x00007ffcd3ea0000 	C:\Program Files\Java\jdk-17\bin\verify.dll
0x00007ffce3850000 - 0x00007ffce3877000 	C:\Users\Windows 11\.gradle\native\1def1411415f61bf3af743bc5b6707747c0891f09f0c88961ee8f79bc544acac\windows-amd64\native-platform.dll
0x00007ffca58d0000 - 0x00007ffca5948000 	C:\Users\Windows 11\.gradle\native\0.2.7\x86_64-windows-gnu\gradle-fileevents.dll
0x00007ffcd3df0000 - 0x00007ffcd3dfa000 	C:\Program Files\Java\jdk-17\bin\management.dll
0x00007ffcd3b00000 - 0x00007ffcd3b0b000 	C:\Program Files\Java\jdk-17\bin\management_ext.dll
0x00007ffce6b10000 - 0x00007ffce6b3d000 	C:\Windows\SYSTEM32\IPHLPAPI.DLL
0x00007ffcea0a0000 - 0x00007ffcea0a9000 	C:\Windows\System32\NSI.dll
0x00007ffce39a0000 - 0x00007ffce39b9000 	C:\Windows\SYSTEM32\dhcpcsvc6.DLL
0x00007ffce3980000 - 0x00007ffce399f000 	C:\Windows\SYSTEM32\dhcpcsvc.DLL
0x00007ffce6b40000 - 0x00007ffce6c38000 	C:\Windows\SYSTEM32\DNSAPI.dll
0x00007ffce7900000 - 0x00007ffce791b000 	C:\Windows\SYSTEM32\CRYPTSP.dll
0x00007ffce7050000 - 0x00007ffce7087000 	C:\Windows\system32\rsaenh.dll
0x00007ffce7650000 - 0x00007ffce7678000 	C:\Windows\SYSTEM32\USERENV.dll
0x00007ffce78e0000 - 0x00007ffce78ec000 	C:\Windows\SYSTEM32\CRYPTBASE.dll
0x00007ffcca4d0000 - 0x00007ffcca4de000 	C:\Program Files\Java\jdk-17\bin\sunmscapi.dll
0x00007ffce8810000 - 0x00007ffce8978000 	C:\Windows\System32\CRYPT32.dll
0x00007ffce7a20000 - 0x00007ffce7a4e000 	C:\Windows\SYSTEM32\ncrypt.dll
0x00007ffce79e0000 - 0x00007ffce7a17000 	C:\Windows\SYSTEM32\NTASN1.dll
0x00007ffcd5690000 - 0x00007ffcd5698000 	C:\Windows\system32\wshunix.dll
0x00007ffcc8e40000 - 0x00007ffcc8e57000 	C:\Windows\system32\napinsp.dll
0x00007ffcc8e20000 - 0x00007ffcc8e3b000 	C:\Windows\system32\pnrpnsp.dll
0x00007ffcc8e00000 - 0x00007ffcc8e11000 	C:\Windows\System32\winrnr.dll
0x00007ffcc8a60000 - 0x00007ffcc8a75000 	C:\Windows\system32\wshbth.dll
0x00007ffcc54a0000 - 0x00007ffcc54c1000 	C:\Windows\system32\nlansp_c.dll
0x00007ffcd8d40000 - 0x00007ffcd8d4a000 	C:\Windows\System32\rasadhlp.dll
0x00007ffce1740000 - 0x00007ffce17c4000 	C:\Windows\System32\fwpuclnt.dll
0x00007ffcc9620000 - 0x00007ffcc9627000 	C:\Program Files\Java\jdk-17\bin\rmi.dll
0x00007ffce7200000 - 0x00007ffce7234000 	C:\Windows\SYSTEM32\ntmarta.dll

dbghelp: loaded successfully - version: 4.0.5 - missing functions: none
symbol engine: initialized successfully - sym options: 0x614 - pdb path: .;C:\Program Files\Java\jdk-17\bin;C:\Windows\SYSTEM32;C:\Windows\WinSxS\amd64_microsoft.windows.common-controls_6595b64144ccf1df_6.0.22621.6060_none_2712eda17382d24b;C:\Program Files\Java\jdk-17\bin\server;C:\Users\Windows 11\.gradle\native\1def1411415f61bf3af743bc5b6707747c0891f09f0c88961ee8f79bc544acac\windows-amd64;C:\Users\Windows 11\.gradle\native\0.2.7\x86_64-windows-gnu

VM Arguments:
jvm_args: --add-opens=java.base/java.lang=ALL-UNNAMED --add-opens=java.base/java.lang.invoke=ALL-UNNAMED --add-opens=java.base/java.util=ALL-UNNAMED --add-opens=java.prefs/java.util.prefs=ALL-UNNAMED --add-exports=jdk.compiler/com.sun.tools.javac.api=ALL-UNNAMED --add-exports=jdk.compiler/com.sun.tools.javac.util=ALL-UNNAMED --add-opens=java.base/java.util=ALL-UNNAMED --add-opens=java.prefs/java.util.prefs=ALL-UNNAMED --add-opens=java.base/java.nio.charset=ALL-UNNAMED --add-opens=java.base/java.net=ALL-UNNAMED --add-opens=java.base/java.util.concurrent.atomic=ALL-UNNAMED --add-opens=java.xml/javax.xml.namespace=ALL-UNNAMED -XX:MaxMetaspaceSize=4G -XX:ReservedCodeCacheSize=512m -XX:+HeapDumpOnOutOfMemoryError -Xmx8G -Dfile.encoding=UTF-8 -Duser.country=ID -Duser.language=en -Duser.variant -javaagent:C:\Users\Windows 11\.gradle\wrapper\dists\gradle-8.14-all\c2qonpi39x1mddn7hk5gh9iqj\gradle-8.14\lib\agents\gradle-instrumentation-agent-8.14.jar 
java_command: org.gradle.launcher.daemon.bootstrap.GradleDaemon 8.14
java_class_path (initial): C:\Users\Windows 11\.gradle\wrapper\dists\gradle-8.14-all\c2qonpi39x1mddn7hk5gh9iqj\gradle-8.14\lib\gradle-daemon-main-8.14.jar
Launcher Type: SUN_STANDARD

[Global flags]
     intx CICompilerCount                          = 4                                         {product} {ergonomic}
     uint ConcGCThreads                            = 2                                         {product} {ergonomic}
     uint G1ConcRefinementThreads                  = 8                                         {product} {ergonomic}
   size_t G1HeapRegionSize                         = 4194304                                   {product} {ergonomic}
    uintx GCDrainStackTargetSize                   = 64                                        {product} {ergonomic}
     bool HeapDumpOnOutOfMemoryError               = true                                   {manageable} {command line}
   size_t InitialHeapSize                          = 134217728                                 {product} {ergonomic}
   size_t MarkStackSize                            = 4194304                                   {product} {ergonomic}
   size_t MaxHeapSize                              = 8589934592                                {product} {command line}
   size_t MaxMetaspaceSize                         = 4294967296                                {product} {command line}
   size_t MaxNewSize                               = 5150605312                                {product} {ergonomic}
   size_t MinHeapDeltaBytes                        = 4194304                                   {product} {ergonomic}
   size_t MinHeapSize                              = 8388608                                   {product} {ergonomic}
    uintx NonNMethodCodeHeapSize                   = 5839372                                {pd product} {ergonomic}
    uintx NonProfiledCodeHeapSize                  = 265515770                              {pd product} {ergonomic}
    uintx ProfiledCodeHeapSize                     = 265515770                              {pd product} {ergonomic}
    uintx ReservedCodeCacheSize                    = 536870912                              {pd product} {command line}
     bool SegmentedCodeCache                       = true                                      {product} {ergonomic}
   size_t SoftMaxHeapSize                          = 8589934592                             {manageable} {ergonomic}
   double SweeperThreshold                         = 0.234375                                  {product} {ergonomic}
     bool UseCompressedClassPointers               = true                           {product lp64_product} {ergonomic}
     bool UseCompressedOops                        = true                           {product lp64_product} {ergonomic}
     bool UseG1GC                                  = true                                      {product} {ergonomic}
     bool UseLargePagesIndividualAllocation        = false                                  {pd product} {ergonomic}

Logging:
Log output configuration:
 #0: stdout all=warning uptime,level,tags
 #1: stderr all=off uptime,level,tags

Environment Variables:
PATH=C:\Program Files\Common Files\Oracle\Java\javapath;C:\Windows\system32;C:\Windows;C:\Windows\System32\Wbem;C:\Windows\System32\WindowsPowerShell\v1.0\;C:\Windows\System32\OpenSSH\;C:\Program Files\Intel\WiFi\bin\;C:\Program Files\Common Files\Intel\WirelessCommon\;C:\Users\Windows 11\AppData\Local\Programs\Python\Python312;C:\Users\Windows 11\AppData\Local\Programs\Python\Python312\Scripts;C:\Program Files\dotnet\;C:\msys64\ucrt64\bin\;D:\Nodejs\;D:\Git\cmd;D:\SEMESTER 3 TEKNIK INFORMATIKA\KOMPUTER GRAFIK\PRAKTEK\dotnet;D:\Downloads\php-8.4.12-Win32-vs17-x64;D:\SEMESTER 3 TEKNIK INFORMATIKA\PROYEK-3-PBO\ComposerSetup;C:\Program Files\Java\jdk-17\bin;D:\xampp\php;D:\SEMESTER 3 TEKNIK INFORMATIKA\PEMROGRAMAN-BERORIENTASI-OBJECT\maven\maven-mvnd-1.0.3-windows-amd64\mvn\bin;C:\Program Files\Docker\Docker\resources\bin;D:\UNIT-TECNO\Android\Sdk;D:\UNIT-TECNO\Flutter\Tools\cmdline-tools\latest\bin;D:\Downloads\flutter_windows_3.29.0-stable\flutter\bin;C:\Users\Windows 11\scoop\shims;C:\Users\Windows 11\AppData\Local\Programs\Python\Python313\Scripts\;C:\Users\Windows 11\AppData\Local\Programs\Python\Python313\;C:\Users\Windows 11\AppData\Local\Programs\Python\Launcher\;C:\Users\Windows 11\AppData\Local\Microsoft\WindowsApps;D:\Microsoft VS Code\bin;C:\Users\Windows 11\AppData\Local\Programs\Python\Python312;C:\Users\Windows 11\AppData\Local\Programs\Python\Python312\Scripts;C:\Users\Windows 11\scoop\apps\scoop\current\bin\;C:\Users\Windows 11\scoop\apps\make\4.4.1\bin;C:\msys64\ucrt64\bin\;D:\IntelliJ IDEA 2024.3.1.1\bin;;D:\Downloads\kotlin-compiler-2.1.10\kotlinc\bin;C:\Users\Windows 11\AppData\Local\GitHubDesktop\bin;D:\Downloads\kotlin-compiler-2.1.10\kotlinc\lib;C:\msys64\usr\bin;C:\Users\Windows 11\AppData\Roaming\npm;C:\Users\Windows 11\.dotnet\tools;C:\Users\Windows 11\AppData\Roaming\Composer\vendor\bin;D:\Antigravity\bin;C:\Program Files (x86)\MongoDB Atlas CLI\
USERNAME=Windows 11
OS=Windows_NT
PROCESSOR_IDENTIFIER=Intel64 Family 6 Model 142 Stepping 10, GenuineIntel



---------------  S Y S T E M  ---------------

OS:
 Windows 11 , 64 bit Build 22621 (10.0.22621.5415)
OS uptime: 3 days 20:12 hours
Hyper-V role detected

CPU: total 8 (initial active 8) (4 cores per cpu, 2 threads per core) family 6 model 142 stepping 10 microcode 0xf6, cx8, cmov, fxsr, ht, mmx, 3dnowpref, sse, sse2, sse3, ssse3, sse4.1, sse4.2, popcnt, lzcnt, tsc, tscinvbit, avx, avx2, aes, erms, clmul, bmi1, bmi2, rtm, adx, fma, vzeroupper, clflush, clflushopt, hv

Memory: 4k page, system-wide physical 8071M (264M free)
TotalPageFile size 14380M (AvailPageFile size 0M)
current process WorkingSet (physical memory assigned to process): 637M, peak: 799M
current process commit charge ("private bytes"): 1457M, peak: 1458M

vm_info: Java HotSpot(TM) 64-Bit Server VM (17.0.14+8-LTS-191) for windows-amd64 JRE (17.0.14+8-LTS-191), built on Dec  3 2024 11:07:59 by "mach5one" with MS VC++ 17.6 (VS2022)

END.
