#
# There is insufficient memory for the Java Runtime Environment to continue.
# Native memory allocation (malloc) failed to allocate 1614896 bytes for Chunk::new
# Possible reasons:
#   The system is out of physical RAM or swap space
#   The process is running with CompressedOops enabled, and the Java Heap may be blocking the growth of the native heap
# Possible solutions:
#   Reduce memory load on the system
#   Increase physical memory or swap space
#   Check if swap backing store is full
#   Decrease Java heap size (-Xmx/-Xms)
#   Decrease number of Java threads
#   Decrease Java thread stack sizes (-Xss)
#   Set larger code cache with -XX:ReservedCodeCacheSize=
#   JVM is running with Zero Based Compressed Oops mode in which the Java heap is
#     placed in the first 32GB address space. The Java Heap base address is the
#     maximum limit for the native heap growth. Please use -XX:HeapBaseMinAddress
#     to set the Java Heap base and to place the Java Heap above 32GB virtual address.
# This output file may be truncated or incomplete.
#
#  Out of Memory Error (arena.cpp:189), pid=16144, tid=20308
#
# JRE version: Java(TM) SE Runtime Environment (17.0.14+8) (build 17.0.14+8-LTS-191)
# Java VM: Java HotSpot(TM) 64-Bit Server VM (17.0.14+8-LTS-191, mixed mode, sharing, tiered, compressed oops, compressed class ptrs, g1 gc, windows-amd64)
# No core dump will be written. Minidumps are not enabled by default on client versions of Windows
#

---------------  S U M M A R Y ------------

Command Line: --add-opens=java.base/java.lang=ALL-UNNAMED --add-opens=java.base/java.lang.invoke=ALL-UNNAMED --add-opens=java.base/java.util=ALL-UNNAMED --add-opens=java.prefs/java.util.prefs=ALL-UNNAMED --add-exports=jdk.compiler/com.sun.tools.javac.api=ALL-UNNAMED --add-exports=jdk.compiler/com.sun.tools.javac.util=ALL-UNNAMED --add-opens=java.base/java.util=ALL-UNNAMED --add-opens=java.prefs/java.util.prefs=ALL-UNNAMED --add-opens=java.base/java.nio.charset=ALL-UNNAMED --add-opens=java.base/java.net=ALL-UNNAMED --add-opens=java.base/java.util.concurrent.atomic=ALL-UNNAMED --add-opens=java.xml/javax.xml.namespace=ALL-UNNAMED -XX:MaxMetaspaceSize=4G -XX:ReservedCodeCacheSize=512m -XX:+HeapDumpOnOutOfMemoryError -Xmx8G -Dfile.encoding=UTF-8 -Duser.country=ID -Duser.language=en -Duser.variant -javaagent:C:\Users\Windows 11\.gradle\wrapper\dists\gradle-8.14-all\c2qonpi39x1mddn7hk5gh9iqj\gradle-8.14\lib\agents\gradle-instrumentation-agent-8.14.jar org.gradle.launcher.daemon.bootstrap.GradleDaemon 8.14

Host: Intel(R) Core(TM) i5-8350U CPU @ 1.70GHz, 8 cores, 7G,  Windows 11 , 64 bit Build 22621 (10.0.22621.5415)
Time: Wed Mar 11 21:20:44 2026 SE Asia Standard Time elapsed time: 67.847463 seconds (0d 0h 1m 7s)

---------------  T H R E A D  ---------------

Current thread (0x00000195ca31c270):  JavaThread "C2 CompilerThread1" daemon [_thread_in_native, id=20308, stack(0x0000007380b00000,0x0000007380c00000)]


Current CompileTask:
C2:  67847 21470       4       org.gradle.api.internal.tasks.DefaultTaskContainer::register (18 bytes)

Stack: [0x0000007380b00000,0x0000007380c00000]
Native frames: (J=compiled Java code, j=interpreted, Vv=VM code, C=native code)
V  [jvm.dll+0x67a38a]
V  [jvm.dll+0x7da7ed]
V  [jvm.dll+0x7dc133]
V  [jvm.dll+0x7dc7a3]
V  [jvm.dll+0x24517f]
V  [jvm.dll+0xab773]
V  [jvm.dll+0xabd3c]
V  [jvm.dll+0x361dff]
V  [jvm.dll+0x32c521]
V  [jvm.dll+0x32b9ba]
V  [jvm.dll+0x21693f]
V  [jvm.dll+0x215d6f]
V  [jvm.dll+0x1a2950]
V  [jvm.dll+0x22620b]
V  [jvm.dll+0x2243ab]
V  [jvm.dll+0x790bbc]
V  [jvm.dll+0x78b04a]
V  [jvm.dll+0x679275]
C  [ucrtbase.dll+0x29333]
C  [KERNEL32.DLL+0x1259d]
C  [ntdll.dll+0x5af78]


---------------  P R O C E S S  ---------------

Threads class SMR info:
_java_thread_list=0x00000195cc0faf80, length=142, elements={
0x000001957ccd7ee0, 0x000001957f6bcaa0, 0x000001957f6bd920, 0x000001957f6cd7d0,
0x000001957f6ce390, 0x000001957f6cff60, 0x000001957f6d2a30, 0x000001957f6d3fe0,
0x000001957f6d5aa0, 0x000001957f6d93d0, 0x00000195c50d8da0, 0x00000195c51be280,
0x00000195c5e093f0, 0x00000195c6cca480, 0x00000195c6de96f0, 0x00000195c6d2f090,
0x00000195c6eff700, 0x00000195c6efce80, 0x00000195c6efc970, 0x00000195c6efd390,
0x00000195c6efece0, 0x00000195c5f19590, 0x00000195c5f19080, 0x00000195c5f1d760,
0x00000195c5f1e180, 0x00000195c5f1e690, 0x00000195c5f1eba0, 0x00000195c5f19aa0,
0x00000195c5f1c320, 0x00000195c5f1d250, 0x00000195c5f1f0b0, 0x00000195c5489400,
0x00000195c54833d0, 0x00000195d22cca90, 0x00000195cbda28e0, 0x00000195cbda6ab0,
0x00000195cbda2df0, 0x00000195c6efc460, 0x00000195c6eff1f0, 0x00000195c6efddb0,
0x00000195c6efe2c0, 0x00000195c6efbf50, 0x00000195c5485c50, 0x00000195c5484d20,
0x00000195c5486160, 0x00000195c548ad50, 0x00000195c54875a0, 0x00000195ca31c270,
0x00000195c5487090, 0x00000195c5487ab0, 0x00000195c5485740, 0x00000195c5488ef0,
0x00000195c54838e0, 0x00000195c5487fc0, 0x00000195c5483df0, 0x00000195c5485230,
0x00000195c54884d0, 0x00000195c5486670, 0x00000195c54889e0, 0x00000195c5489e20,
0x00000195c548a330, 0x00000195c548a840, 0x00000195c5484300, 0x00000195c5484810,
0x00000195d22cc580, 0x00000195d22cfd30, 0x00000195d22d1b90, 0x00000195d22d0c60,
0x00000195d22ccfa0, 0x00000195d22d2fd0, 0x00000195d22d0240, 0x00000195d22cee00,
0x00000195d22d1680, 0x00000195d22cd9c0, 0x00000195d22cf820, 0x00000195d22cd4b0,
0x00000195d22d34e0, 0x00000195d22d20a0, 0x00000195d22d0750, 0x00000195d22d39f0,
0x00000195d22cded0, 0x00000195d22ce3e0, 0x00000195d22ce8f0, 0x00000195cbda74d0,
0x00000195cbda79e0, 0x00000195cbda19b0, 0x00000195cbda1ec0, 0x00000195ca319d40,
0x00000195cbda6fc0, 0x00000195cbda0570, 0x00000195cbda3300, 0x00000195cbda0a80,
0x00000195cbda0f90, 0x00000195cbda23d0, 0x00000195cbda3810, 0x00000195cbda3d20,
0x00000195cbda4230, 0x00000195cbda4740, 0x00000195cbda5160, 0x00000195cbda5670,
0x00000195cbda5b80, 0x00000195cbda6090, 0x00000195cbda65a0, 0x00000195cb4d4ce0,
0x00000195cb4d1a40, 0x00000195cb4d8eb0, 0x00000195cb4d2460, 0x00000195cb4d7560,
0x00000195cb4d93c0, 0x00000195cb4d2970, 0x00000195cb4d2e80, 0x00000195cb4d3390,
0x00000195cb4d3db0, 0x00000195cb4d5c10, 0x00000195cb4d42c0, 0x00000195cb4d38a0,
0x00000195cb4d47d0, 0x00000195cb4d51f0, 0x00000195cb4d8490, 0x00000195cb4d5700,
0x00000195cb4d7050, 0x00000195cb4d7f80, 0x00000195c556ec60, 0x00000195c556fb90,
0x00000195c55700a0, 0x00000195c5573340, 0x00000195c55705b0, 0x00000195c556f170,
0x00000195c556f680, 0x00000195c5573850, 0x00000195c5570ac0, 0x00000195c5570fd0,
0x00000195c55714e0, 0x00000195c5573d60, 0x00000195c5f1f5c0, 0x00000195c5f1fad0,
0x00000195c5f1a9d0, 0x00000195c5f18b70, 0x00000195c5f1ffe0, 0x00000195c5f204f0,
0x00000195c5f1cd40, 0x00000195c5f19fb0
}

Java Threads: ( => current thread )
  0x000001957ccd7ee0 JavaThread "main" [_thread_blocked, id=5284, stack(0x00000073fc200000,0x00000073fc300000)]
  0x000001957f6bcaa0 JavaThread "Reference Handler" daemon [_thread_blocked, id=13648, stack(0x00000073fc900000,0x00000073fca00000)]
  0x000001957f6bd920 JavaThread "Finalizer" daemon [_thread_blocked, id=21764, stack(0x00000073fca00000,0x00000073fcb00000)]
  0x000001957f6cd7d0 JavaThread "Signal Dispatcher" daemon [_thread_blocked, id=21084, stack(0x00000073fcb00000,0x00000073fcc00000)]
  0x000001957f6ce390 JavaThread "Attach Listener" daemon [_thread_blocked, id=13100, stack(0x00000073fcc00000,0x00000073fcd00000)]
  0x000001957f6cff60 JavaThread "Service Thread" daemon [_thread_blocked, id=16256, stack(0x00000073fcd00000,0x00000073fce00000)]
  0x000001957f6d2a30 JavaThread "Monitor Deflation Thread" daemon [_thread_blocked, id=21584, stack(0x00000073fce00000,0x00000073fcf00000)]
  0x000001957f6d3fe0 JavaThread "C2 CompilerThread0" daemon [_thread_in_native, id=18768, stack(0x00000073fcf00000,0x00000073fd000000)]
  0x000001957f6d5aa0 JavaThread "C1 CompilerThread0" daemon [_thread_in_native, id=5876, stack(0x00000073fd000000,0x00000073fd100000)]
  0x000001957f6d93d0 JavaThread "Sweeper thread" daemon [_thread_blocked, id=8096, stack(0x00000073fd100000,0x00000073fd200000)]
  0x00000195c50d8da0 JavaThread "Common-Cleaner" daemon [_thread_blocked, id=19464, stack(0x00000073fd200000,0x00000073fd300000)]
  0x00000195c51be280 JavaThread "Notification Thread" daemon [_thread_blocked, id=22164, stack(0x00000073fd300000,0x00000073fd400000)]
  0x00000195c5e093f0 JavaThread "Daemon health stats" [_thread_blocked, id=10820, stack(0x00000073fdc00000,0x00000073fdd00000)]
  0x00000195c6cca480 JavaThread "Incoming local TCP Connector on port 56659" [_thread_in_native, id=20528, stack(0x00000073fdd00000,0x00000073fde00000)]
  0x00000195c6de96f0 JavaThread "Daemon periodic checks" [_thread_blocked, id=16940, stack(0x00000073fde00000,0x00000073fdf00000)]
  0x00000195c6d2f090 JavaThread "Daemon" [_thread_blocked, id=11328, stack(0x00000073fdf00000,0x00000073fe000000)]
  0x00000195c6eff700 JavaThread "Daemon worker" [_thread_in_Java, id=3440, stack(0x00000073fe200000,0x00000073fe300000)]
  0x00000195c6efce80 JavaThread "Cache worker for journal cache (C:\Users\Windows 11\.gradle\caches\journal-1)" [_thread_blocked, id=2932, stack(0x00000073fe600000,0x00000073fe700000)]
  0x00000195c6efc970 JavaThread "File lock request listener" [_thread_in_native, id=15144, stack(0x00000073fe700000,0x00000073fe800000)]
  0x00000195c6efd390 JavaThread "Cache worker for file hash cache (C:\Users\Windows 11\.gradle\caches\8.14\fileHashes)" [_thread_blocked, id=18912, stack(0x00000073fe800000,0x00000073fe900000)]
  0x00000195c6efece0 JavaThread "File watcher server" daemon [_thread_in_native, id=19672, stack(0x00000073fec00000,0x00000073fed00000)]
  0x00000195c5f19590 JavaThread "File watcher consumer" daemon [_thread_blocked, id=8780, stack(0x00000073fed00000,0x00000073fee00000)]
  0x00000195c5f19080 JavaThread "jar transforms" [_thread_blocked, id=4068, stack(0x00000073fee00000,0x00000073fef00000)]
  0x00000195c5f1d760 JavaThread "jar transforms Thread 2" [_thread_blocked, id=14032, stack(0x00000073fef00000,0x00000073ff000000)]
  0x00000195c5f1e180 JavaThread "jar transforms Thread 3" [_thread_blocked, id=15688, stack(0x00000073ff000000,0x00000073ff100000)]
  0x00000195c5f1e690 JavaThread "jar transforms Thread 4" [_thread_blocked, id=3592, stack(0x00000073ff100000,0x00000073ff200000)]
  0x00000195c5f1eba0 JavaThread "Cache worker for file content cache (C:\Users\Windows 11\.gradle\caches\8.14\fileContent)" [_thread_blocked, id=22300, stack(0x00000073ff300000,0x00000073ff400000)]
  0x00000195c5f19aa0 JavaThread "jar transforms Thread 5" [_thread_blocked, id=15812, stack(0x00000073ff400000,0x00000073ff500000)]
  0x00000195c5f1c320 JavaThread "jar transforms Thread 6" [_thread_blocked, id=17328, stack(0x00000073ff500000,0x00000073ff600000)]
  0x00000195c5f1d250 JavaThread "jar transforms Thread 7" [_thread_blocked, id=15888, stack(0x00000073ff600000,0x00000073ff700000)]
  0x00000195c5f1f0b0 JavaThread "jar transforms Thread 8" [_thread_blocked, id=14888, stack(0x00000073ff700000,0x00000073ff800000)]
  0x00000195c5489400 JavaThread "Memory manager" [_thread_blocked, id=21732, stack(0x0000007381300000,0x0000007381400000)]
  0x00000195c54833d0 JavaThread "included builds" [_thread_blocked, id=11872, stack(0x0000007381600000,0x0000007381700000)]
  0x00000195d22cca90 JavaThread "VFS cleanup" [_thread_blocked, id=17416, stack(0x0000007380000000,0x0000007380100000)]
  0x00000195cbda28e0 JavaThread "included builds" [_thread_blocked, id=20912, stack(0x0000007381f00000,0x0000007382000000)]
  0x00000195cbda6ab0 JavaThread "included builds" [_thread_blocked, id=9480, stack(0x0000007382000000,0x0000007382100000)]
  0x00000195cbda2df0 JavaThread "included builds" [_thread_blocked, id=4808, stack(0x0000007382100000,0x0000007382200000)]
  0x00000195c6efc460 JavaThread "Handler for socket connection from /127.0.0.1:56659 to /127.0.0.1:62392" [_thread_in_native, id=8788, stack(0x0000007380100000,0x0000007380200000)]
  0x00000195c6eff1f0 JavaThread "Cancel handler" [_thread_blocked, id=13380, stack(0x0000007380200000,0x0000007380300000)]
  0x00000195c6efddb0 JavaThread "Asynchronous log dispatcher for DefaultDaemonConnection: socket connection from /127.0.0.1:56659 to /127.0.0.1:62392" [_thread_blocked, id=21492, stack(0x0000007380300000,0x0000007380400000)]
  0x00000195c6efe2c0 JavaThread "Stdin handler" [_thread_blocked, id=7632, stack(0x0000007380400000,0x0000007380500000)]
  0x00000195c6efbf50 JavaThread "Daemon client event forwarder" [_thread_in_native, id=19796, stack(0x0000007380500000,0x0000007380600000)]
  0x00000195c5485c50 JavaThread "Cache worker for file hash cache (D:\SEMESTER 4 TEKNIK INFORMATIKA\PROYEK_4_MOOBILE_DEV\GIT\PY4_2C_D3_2024\MODUL_5\logbook_app_071\android\.gradle\8.14\fileHashes)" [_thread_blocked, id=12920, stack(0x0000007380600000,0x0000007380700000)]
  0x00000195c5484d20 JavaThread "Cache worker for Build Output Cleanup Cache (D:\SEMESTER 4 TEKNIK INFORMATIKA\PROYEK_4_MOOBILE_DEV\GIT\PY4_2C_D3_2024\MODUL_5\logbook_app_071\android\.gradle\buildOutputCleanup)" [_thread_blocked, id=15428, stack(0x0000007380700000,0x0000007380800000)]
  0x00000195c5486160 JavaThread "Cache worker for checksums cache (D:\SEMESTER 4 TEKNIK INFORMATIKA\PROYEK_4_MOOBILE_DEV\GIT\PY4_2C_D3_2024\MODUL_5\logbook_app_071\android\.gradle\8.14\checksums)" [_thread_blocked, id=6424, stack(0x0000007380800000,0x0000007380900000)]
  0x00000195c548ad50 JavaThread "Cache worker for cache directory md-supplier (C:\Users\Windows 11\.gradle\caches\8.14\md-supplier)" [_thread_blocked, id=6340, stack(0x0000007380900000,0x0000007380a00000)]
  0x00000195c54875a0 JavaThread "Cache worker for cache directory md-rule (C:\Users\Windows 11\.gradle\caches\8.14\md-rule)" [_thread_blocked, id=21664, stack(0x0000007380a00000,0x0000007380b00000)]
=>0x00000195ca31c270 JavaThread "C2 CompilerThread1" daemon [_thread_in_native, id=20308, stack(0x0000007380b00000,0x0000007380c00000)]
  0x00000195c5487090 JavaThread "Cache worker for Build Output Cleanup Cache (D:\Downloads\flutter_windows_3.29.0-stable\flutter\packages\flutter_tools\gradle\.gradle\buildOutputCleanup)" [_thread_blocked, id=17440, stack(0x0000007380c00000,0x0000007380d00000)]
  0x00000195c5487ab0 JavaThread "Unconstrained build operations" [_thread_blocked, id=15936, stack(0x0000007380d00000,0x0000007380e00000)]
  0x00000195c5485740 JavaThread "Unconstrained build operations Thread 2" [_thread_blocked, id=10532, stack(0x0000007380e00000,0x0000007380f00000)]
  0x00000195c5488ef0 JavaThread "Unconstrained build operations Thread 3" [_thread_blocked, id=15584, stack(0x0000007380f00000,0x0000007381000000)]
  0x00000195c54838e0 JavaThread "Unconstrained build operations Thread 4" [_thread_blocked, id=17840, stack(0x0000007381000000,0x0000007381100000)]
  0x00000195c5487fc0 JavaThread "Unconstrained build operations Thread 5" [_thread_blocked, id=22444, stack(0x0000007381100000,0x0000007381200000)]
  0x00000195c5483df0 JavaThread "Unconstrained build operations Thread 6" [_thread_blocked, id=12428, stack(0x0000007381200000,0x0000007381300000)]
  0x00000195c5485230 JavaThread "Unconstrained build operations Thread 7" [_thread_blocked, id=20760, stack(0x0000007381400000,0x0000007381500000)]
  0x00000195c54884d0 JavaThread "Unconstrained build operations Thread 8" [_thread_blocked, id=16804, stack(0x0000007381500000,0x0000007381600000)]
  0x00000195c5486670 JavaThread "Unconstrained build operations Thread 9" [_thread_blocked, id=12416, stack(0x0000007381700000,0x0000007381800000)]
  0x00000195c54889e0 JavaThread "Unconstrained build operations Thread 10" [_thread_blocked, id=11928, stack(0x0000007381800000,0x0000007381900000)]
  0x00000195c5489e20 JavaThread "Unconstrained build operations Thread 11" [_thread_blocked, id=9964, stack(0x0000007381900000,0x0000007381a00000)]
  0x00000195c548a330 JavaThread "Unconstrained build operations Thread 12" [_thread_blocked, id=4620, stack(0x0000007381a00000,0x0000007381b00000)]
  0x00000195c548a840 JavaThread "Unconstrained build operations Thread 13" [_thread_blocked, id=18440, stack(0x0000007381b00000,0x0000007381c00000)]
  0x00000195c5484300 JavaThread "Unconstrained build operations Thread 14" [_thread_blocked, id=17812, stack(0x0000007381c00000,0x0000007381d00000)]
  0x00000195c5484810 JavaThread "build event listener" [_thread_blocked, id=14920, stack(0x0000007381d00000,0x0000007381e00000)]
  0x00000195d22cc580 JavaThread "included builds" [_thread_blocked, id=14284, stack(0x0000007381e00000,0x0000007381f00000)]
  0x00000195d22cfd30 JavaThread "Execution worker" [_thread_blocked, id=20044, stack(0x0000007382200000,0x0000007382300000)]
  0x00000195d22d1b90 JavaThread "Execution worker Thread 2" [_thread_blocked, id=16672, stack(0x0000007382300000,0x0000007382400000)]
  0x00000195d22d0c60 JavaThread "Execution worker Thread 3" [_thread_blocked, id=13488, stack(0x0000007382400000,0x0000007382500000)]
  0x00000195d22ccfa0 JavaThread "Execution worker Thread 4" [_thread_blocked, id=3272, stack(0x0000007382500000,0x0000007382600000)]
  0x00000195d22d2fd0 JavaThread "Execution worker Thread 5" [_thread_blocked, id=19784, stack(0x0000007382600000,0x0000007382700000)]
  0x00000195d22d0240 JavaThread "Execution worker Thread 6" [_thread_blocked, id=12384, stack(0x0000007382700000,0x0000007382800000)]
  0x00000195d22cee00 JavaThread "Execution worker Thread 7" [_thread_blocked, id=22492, stack(0x0000007382800000,0x0000007382900000)]
  0x00000195d22d1680 JavaThread "Cache worker for execution history cache (D:\Downloads\flutter_windows_3.29.0-stable\flutter\packages\flutter_tools\gradle\.gradle\8.14\executionHistory)" [_thread_blocked, id=4132, stack(0x0000007382900000,0x0000007382a00000)]
  0x00000195d22cd9c0 JavaThread "Unconstrained build operations Thread 15" [_thread_blocked, id=164, stack(0x0000007382a00000,0x0000007382b00000)]
  0x00000195d22cf820 JavaThread "Unconstrained build operations Thread 16" [_thread_blocked, id=3076, stack(0x0000007382b00000,0x0000007382c00000)]
  0x00000195d22cd4b0 JavaThread "Unconstrained build operations Thread 17" [_thread_blocked, id=19388, stack(0x0000007382c00000,0x0000007382d00000)]
  0x00000195d22d34e0 JavaThread "Unconstrained build operations Thread 18" [_thread_blocked, id=21624, stack(0x0000007382d00000,0x0000007382e00000)]
  0x00000195d22d20a0 JavaThread "Unconstrained build operations Thread 19" [_thread_blocked, id=11520, stack(0x0000007382e00000,0x0000007382f00000)]
  0x00000195d22d0750 JavaThread "Unconstrained build operations Thread 20" [_thread_blocked, id=19612, stack(0x0000007382f00000,0x0000007383000000)]
  0x00000195d22d39f0 JavaThread "Unconstrained build operations Thread 21" [_thread_blocked, id=16064, stack(0x0000007383000000,0x0000007383100000)]
  0x00000195d22cded0 JavaThread "Unconstrained build operations Thread 22" [_thread_blocked, id=20544, stack(0x0000007383100000,0x0000007383200000)]
  0x00000195d22ce3e0 JavaThread "Unconstrained build operations Thread 23" [_thread_blocked, id=2376, stack(0x0000007383200000,0x0000007383300000)]
  0x00000195d22ce8f0 JavaThread "Unconstrained build operations Thread 24" [_thread_blocked, id=19000, stack(0x0000007383300000,0x0000007383400000)]
  0x00000195cbda74d0 JavaThread "Unconstrained build operations Thread 25" [_thread_blocked, id=4048, stack(0x0000007383400000,0x0000007383500000)]
  0x00000195cbda79e0 JavaThread "Unconstrained build operations Thread 26" [_thread_blocked, id=9492, stack(0x0000007383500000,0x0000007383600000)]
  0x00000195cbda19b0 JavaThread "Unconstrained build operations Thread 27" [_thread_blocked, id=21720, stack(0x0000007383600000,0x0000007383700000)]
  0x00000195cbda1ec0 JavaThread "Unconstrained build operations Thread 28" [_thread_blocked, id=17656, stack(0x0000007383700000,0x0000007383800000)]
  0x00000195ca319d40 JavaThread "C2 CompilerThread2" daemon [_thread_in_native, id=12592, stack(0x0000007383800000,0x0000007383900000)]
  0x00000195cbda6fc0 JavaThread "Unconstrained build operations Thread 29" [_thread_blocked, id=16676, stack(0x0000007383900000,0x0000007383a00000)]
  0x00000195cbda0570 JavaThread "Unconstrained build operations Thread 30" [_thread_blocked, id=6264, stack(0x0000007383a00000,0x0000007383b00000)]
  0x00000195cbda3300 JavaThread "Unconstrained build operations Thread 31" [_thread_blocked, id=9424, stack(0x0000007383b00000,0x0000007383c00000)]
  0x00000195cbda0a80 JavaThread "Unconstrained build operations Thread 32" [_thread_blocked, id=15060, stack(0x0000007383c00000,0x0000007383d00000)]
  0x00000195cbda0f90 JavaThread "Unconstrained build operations Thread 33" [_thread_blocked, id=8456, stack(0x0000007383d00000,0x0000007383e00000)]
  0x00000195cbda23d0 JavaThread "Unconstrained build operations Thread 34" [_thread_blocked, id=10860, stack(0x0000007383e00000,0x0000007383f00000)]
  0x00000195cbda3810 JavaThread "Unconstrained build operations Thread 35" [_thread_blocked, id=19340, stack(0x0000007383f00000,0x0000007384000000)]
  0x00000195cbda3d20 JavaThread "Unconstrained build operations Thread 36" [_thread_blocked, id=17996, stack(0x0000007384000000,0x0000007384100000)]
  0x00000195cbda4230 JavaThread "Unconstrained build operations Thread 37" [_thread_blocked, id=17724, stack(0x0000007384100000,0x0000007384200000)]
  0x00000195cbda4740 JavaThread "Unconstrained build operations Thread 38" [_thread_blocked, id=7812, stack(0x0000007384200000,0x0000007384300000)]
  0x00000195cbda5160 JavaThread "Unconstrained build operations Thread 39" [_thread_blocked, id=20012, stack(0x0000007384300000,0x0000007384400000)]
  0x00000195cbda5670 JavaThread "Unconstrained build operations Thread 40" [_thread_blocked, id=20816, stack(0x0000007384400000,0x0000007384500000)]
  0x00000195cbda5b80 JavaThread "Unconstrained build operations Thread 41" [_thread_blocked, id=21196, stack(0x0000007384500000,0x0000007384600000)]
  0x00000195cbda6090 JavaThread "Unconstrained build operations Thread 42" [_thread_blocked, id=20456, stack(0x0000007384600000,0x0000007384700000)]
  0x00000195cbda65a0 JavaThread "Unconstrained build operations Thread 43" [_thread_blocked, id=1040, stack(0x0000007384700000,0x0000007384800000)]
  0x00000195cb4d4ce0 JavaThread "Unconstrained build operations Thread 44" [_thread_blocked, id=6456, stack(0x0000007384800000,0x0000007384900000)]
  0x00000195cb4d1a40 JavaThread "build event listener" [_thread_blocked, id=18976, stack(0x0000007384900000,0x0000007384a00000)]
  0x00000195cb4d8eb0 JavaThread "Unconstrained build operations Thread 45" [_thread_blocked, id=18464, stack(0x0000007384a00000,0x0000007384b00000)]
  0x00000195cb4d2460 JavaThread "Unconstrained build operations Thread 46" [_thread_blocked, id=18120, stack(0x0000007384b00000,0x0000007384c00000)]
  0x00000195cb4d7560 JavaThread "Unconstrained build operations Thread 47" [_thread_blocked, id=8820, stack(0x0000007384e00000,0x0000007384f00000)]
  0x00000195cb4d93c0 JavaThread "Unconstrained build operations Thread 48" [_thread_blocked, id=3396, stack(0x0000007384f00000,0x0000007385000000)]
  0x00000195cb4d2970 JavaThread "Unconstrained build operations Thread 49" [_thread_blocked, id=21136, stack(0x0000007385000000,0x0000007385100000)]
  0x00000195cb4d2e80 JavaThread "Unconstrained build operations Thread 50" [_thread_blocked, id=16100, stack(0x0000007385100000,0x0000007385200000)]
  0x00000195cb4d3390 JavaThread "Unconstrained build operations Thread 51" [_thread_blocked, id=20180, stack(0x0000007385200000,0x0000007385300000)]
  0x00000195cb4d3db0 JavaThread "Unconstrained build operations Thread 52" [_thread_blocked, id=13556, stack(0x0000007385300000,0x0000007385400000)]
  0x00000195cb4d5c10 JavaThread "Unconstrained build operations Thread 53" [_thread_blocked, id=19288, stack(0x0000007385400000,0x0000007385500000)]
  0x00000195cb4d42c0 JavaThread "Unconstrained build operations Thread 54" [_thread_blocked, id=12864, stack(0x0000007385500000,0x0000007385600000)]
  0x00000195cb4d38a0 JavaThread "Unconstrained build operations Thread 55" [_thread_blocked, id=18396, stack(0x0000007385600000,0x0000007385700000)]
  0x00000195cb4d47d0 JavaThread "Unconstrained build operations Thread 56" [_thread_blocked, id=19756, stack(0x0000007385700000,0x0000007385800000)]
  0x00000195cb4d51f0 JavaThread "Unconstrained build operations Thread 57" [_thread_blocked, id=22188, stack(0x0000007385800000,0x0000007385900000)]
  0x00000195cb4d8490 JavaThread "Unconstrained build operations Thread 58" [_thread_blocked, id=18220, stack(0x0000007385900000,0x0000007385a00000)]
  0x00000195cb4d5700 JavaThread "Unconstrained build operations Thread 59" [_thread_blocked, id=10652, stack(0x0000007385a00000,0x0000007385b00000)]
  0x00000195cb4d7050 JavaThread "Unconstrained build operations Thread 60" [_thread_blocked, id=19376, stack(0x0000007385b00000,0x0000007385c00000)]
  0x00000195cb4d7f80 JavaThread "Unconstrained build operations Thread 61" [_thread_blocked, id=3500, stack(0x0000007385c00000,0x0000007385d00000)]
  0x00000195c556ec60 JavaThread "Unconstrained build operations Thread 62" [_thread_blocked, id=9560, stack(0x0000007385d00000,0x0000007385e00000)]
  0x00000195c556fb90 JavaThread "Unconstrained build operations Thread 63" [_thread_blocked, id=22332, stack(0x0000007385e00000,0x0000007385f00000)]
  0x00000195c55700a0 JavaThread "Unconstrained build operations Thread 64" [_thread_blocked, id=7384, stack(0x0000007385f00000,0x0000007386000000)]
  0x00000195c5573340 JavaThread "Unconstrained build operations Thread 65" [_thread_blocked, id=21808, stack(0x0000007386000000,0x0000007386100000)]
  0x00000195c55705b0 JavaThread "Problems report writer" [_thread_blocked, id=19364, stack(0x0000007386100000,0x0000007386200000)]
  0x00000195c556f170 JavaThread "Unconstrained build operations Thread 66" [_thread_blocked, id=936, stack(0x0000007386200000,0x0000007386300000)]
  0x00000195c556f680 JavaThread "Unconstrained build operations Thread 67" [_thread_blocked, id=20036, stack(0x0000007386300000,0x0000007386400000)]
  0x00000195c5573850 JavaThread "Unconstrained build operations Thread 68" [_thread_blocked, id=16272, stack(0x0000007386400000,0x0000007386500000)]
  0x00000195c5570ac0 JavaThread "Unconstrained build operations Thread 69" [_thread_blocked, id=8252, stack(0x0000007386500000,0x0000007386600000)]
  0x00000195c5570fd0 JavaThread "Unconstrained build operations Thread 70" [_thread_blocked, id=18668, stack(0x0000007386600000,0x0000007386700000)]
  0x00000195c55714e0 JavaThread "Unconstrained build operations Thread 71" [_thread_blocked, id=21448, stack(0x0000007386700000,0x0000007386800000)]
  0x00000195c5573d60 JavaThread "Unconstrained build operations Thread 72" [_thread_blocked, id=20400, stack(0x0000007386800000,0x0000007386900000)]
  0x00000195c5f1f5c0 JavaThread "Unconstrained build operations Thread 73" [_thread_blocked, id=11288, stack(0x0000007386900000,0x0000007386a00000)]
  0x00000195c5f1fad0 JavaThread "Unconstrained build operations Thread 74" [_thread_blocked, id=6584, stack(0x0000007386a00000,0x0000007386b00000)]
  0x00000195c5f1a9d0 JavaThread "Unconstrained build operations Thread 75" [_thread_blocked, id=18988, stack(0x0000007386b00000,0x0000007386c00000)]
  0x00000195c5f18b70 JavaThread "Unconstrained build operations Thread 76" [_thread_blocked, id=8480, stack(0x0000007386c00000,0x0000007386d00000)]
  0x00000195c5f1ffe0 JavaThread "Unconstrained build operations Thread 77" [_thread_blocked, id=18784, stack(0x0000007386d00000,0x0000007386e00000)]
  0x00000195c5f204f0 JavaThread "Unconstrained build operations Thread 78" [_thread_blocked, id=22508, stack(0x0000007386e00000,0x0000007386f00000)]
  0x00000195c5f1cd40 JavaThread "Unconstrained build operations Thread 79" [_thread_blocked, id=22152, stack(0x0000007386f00000,0x0000007387000000)]
  0x00000195c5f19fb0 JavaThread "Unconstrained build operations Thread 80" [_thread_blocked, id=15484, stack(0x0000007387000000,0x0000007387100000)]

Other Threads:
  0x000001957f6b8ea0 VMThread "VM Thread" [stack: 0x00000073fc800000,0x00000073fc900000] [id=9676]
  0x000001957f525310 WatcherThread [stack: 0x00000073fd400000,0x00000073fd500000] [id=21912]
  0x000001957cd85120 GCTaskThread "GC Thread#0" [stack: 0x00000073fc300000,0x00000073fc400000] [id=15044]
  0x00000195c53b1e90 GCTaskThread "GC Thread#1" [stack: 0x00000073fd500000,0x00000073fd600000] [id=13424]
  0x00000195c53b2560 GCTaskThread "GC Thread#2" [stack: 0x00000073fd600000,0x00000073fd700000] [id=21480]
  0x00000195c6206f40 GCTaskThread "GC Thread#3" [stack: 0x00000073fd700000,0x00000073fd800000] [id=21168]
  0x00000195c6207200 GCTaskThread "GC Thread#4" [stack: 0x00000073fd800000,0x00000073fd900000] [id=8792]
  0x00000195c5ac7800 GCTaskThread "GC Thread#5" [stack: 0x00000073fd900000,0x00000073fda00000] [id=19216]
  0x00000195c68b0d10 GCTaskThread "GC Thread#6" [stack: 0x00000073fda00000,0x00000073fdb00000] [id=11832]
  0x00000195c6b75e20 GCTaskThread "GC Thread#7" [stack: 0x00000073fdb00000,0x00000073fdc00000] [id=21108]
  0x000001957cd96070 ConcurrentGCThread "G1 Main Marker" [stack: 0x00000073fc400000,0x00000073fc500000] [id=17912]
  0x000001957cd97a90 ConcurrentGCThread "G1 Conc#0" [stack: 0x00000073fc500000,0x00000073fc600000] [id=18128]
  0x00000195c7018040 ConcurrentGCThread "G1 Conc#1" [stack: 0x00000073feb00000,0x00000073fec00000] [id=11596]
  0x000001957f573a00 ConcurrentGCThread "G1 Refine#0" [stack: 0x00000073fc600000,0x00000073fc700000] [id=5532]
  0x000001957f574430 ConcurrentGCThread "G1 Service" [stack: 0x00000073fc700000,0x00000073fc800000] [id=8044]

Threads with active compile tasks:
C2 CompilerThread0    67944 21585       4       com.android.build.api.artifact.impl.SingleInitialProviderRequestImpl::<init> (97 bytes)
C2 CompilerThread1    67944 21470       4       org.gradle.api.internal.tasks.DefaultTaskContainer::register (18 bytes)
C2 CompilerThread2    67944 21556   !   4       org.gradle.internal.event.DefaultListenerManager::getBroadcasterInternal (177 bytes)

VM state: not at safepoint (normal execution)

VM Mutex/Monitor currently owned by a thread: None

Heap address: 0x0000000600000000, size: 8192 MB, Compressed Oops mode: Zero based, Oop shift amount: 3

CDS archive(s) mapped at: [0x0000019580000000-0x0000019580bd0000-0x0000019580bd0000), size 12386304, SharedBaseAddress: 0x0000019580000000, ArchiveRelocationMode: 1.
Compressed class space mapped at: 0x0000019581000000-0x00000195c1000000, reserved size: 1073741824
Narrow klass base: 0x0000019580000000, Narrow klass shift: 0, Narrow klass range: 0x100000000

GC Precious Log:
 CPUs: 8 total, 8 available
 Memory: 8071M
 Large Page Support: Disabled
 NUMA Support: Disabled
 Compressed Oops: Enabled (Zero based)
 Heap Region Size: 4M
 Heap Min Capacity: 8M
 Heap Initial Capacity: 128M
 Heap Max Capacity: 8G
 Pre-touch: Disabled
 Parallel Workers: 8
 Concurrent Workers: 2
 Concurrent Refinement Workers: 8
 Periodic GC: Disabled

Heap:
 garbage-first heap   total 557056K, used 268505K [0x0000000600000000, 0x0000000800000000)
  region size 4096K, 22 young (90112K), 6 survivors (24576K)
 Metaspace       used 122300K, committed 123648K, reserved 1179648K
  class space    used 16788K, committed 17472K, reserved 1048576K

Heap Regions: E=young(eden), S=young(survivor), O=old, HS=humongous(starts), HC=humongous(continues), CS=collection set, F=free, OA=open archive, CA=closed archive, TAMS=top-at-mark-start (previous, next)
|   0|0x0000000600000000, 0x0000000600400000, 0x0000000600400000|100%|HS|  |TAMS 0x0000000600400000, 0x0000000600000000| Complete 
|   1|0x0000000600400000, 0x0000000600800000, 0x0000000600800000|100%| O|  |TAMS 0x0000000600800000, 0x0000000600400000| Untracked 
|   2|0x0000000600800000, 0x0000000600c00000, 0x0000000600c00000|100%| O|  |TAMS 0x0000000600c00000, 0x0000000600800000| Untracked 
|   3|0x0000000600c00000, 0x0000000601000000, 0x0000000601000000|100%| O|  |TAMS 0x0000000601000000, 0x0000000600c00000| Untracked 
|   4|0x0000000601000000, 0x0000000601400000, 0x0000000601400000|100%| O|  |TAMS 0x0000000601400000, 0x0000000601000000| Untracked 
|   5|0x0000000601400000, 0x0000000601800000, 0x0000000601800000|100%| O|  |TAMS 0x0000000601800000, 0x0000000601400000| Untracked 
|   6|0x0000000601800000, 0x0000000601c00000, 0x0000000601c00000|100%| O|  |TAMS 0x0000000601c00000, 0x0000000601800000| Untracked 
|   7|0x0000000601c00000, 0x0000000602000000, 0x0000000602000000|100%| O|  |TAMS 0x0000000602000000, 0x0000000601c00000| Untracked 
|   8|0x0000000602000000, 0x0000000602400000, 0x0000000602400000|100%| O|  |TAMS 0x0000000602400000, 0x0000000602000000| Untracked 
|   9|0x0000000602400000, 0x0000000602800000, 0x0000000602800000|100%|HS|  |TAMS 0x0000000602800000, 0x0000000602400000| Complete 
|  10|0x0000000602800000, 0x0000000602c00000, 0x0000000602c00000|100%| O|  |TAMS 0x0000000602c00000, 0x0000000602800000| Untracked 
|  11|0x0000000602c00000, 0x0000000603000000, 0x0000000603000000|100%| O|  |TAMS 0x0000000603000000, 0x0000000602c00000| Untracked 
|  12|0x0000000603000000, 0x0000000603400000, 0x0000000603400000|100%| O|  |TAMS 0x0000000603400000, 0x0000000603000000| Untracked 
|  13|0x0000000603400000, 0x0000000603800000, 0x0000000603800000|100%| O|  |TAMS 0x0000000603800000, 0x0000000603400000| Untracked 
|  14|0x0000000603800000, 0x0000000603c00000, 0x0000000603c00000|100%| O|  |TAMS 0x0000000603c00000, 0x0000000603800000| Untracked 
|  15|0x0000000603c00000, 0x0000000604000000, 0x0000000604000000|100%|HS|  |TAMS 0x0000000604000000, 0x0000000603c00000| Complete 
|  16|0x0000000604000000, 0x0000000604400000, 0x0000000604400000|100%| O|  |TAMS 0x0000000604400000, 0x0000000604000000| Untracked 
|  17|0x0000000604400000, 0x0000000604800000, 0x0000000604800000|100%| O|  |TAMS 0x0000000604800000, 0x0000000604400000| Untracked 
|  18|0x0000000604800000, 0x0000000604c00000, 0x0000000604c00000|100%| O|  |TAMS 0x0000000604c00000, 0x0000000604800000| Untracked 
|  19|0x0000000604c00000, 0x0000000605000000, 0x0000000605000000|100%| O|  |TAMS 0x0000000605000000, 0x0000000604c00000| Untracked 
|  20|0x0000000605000000, 0x0000000605400000, 0x0000000605400000|100%| O|  |TAMS 0x0000000605400000, 0x0000000605000000| Untracked 
|  21|0x0000000605400000, 0x0000000605800000, 0x0000000605800000|100%| O|  |TAMS 0x0000000605400000, 0x0000000605400000| Untracked 
|  22|0x0000000605800000, 0x0000000605c00000, 0x0000000605c00000|100%| O|  |TAMS 0x0000000605c00000, 0x0000000605800000| Untracked 
|  23|0x0000000605c00000, 0x0000000606000000, 0x0000000606000000|100%| O|  |TAMS 0x0000000606000000, 0x0000000605c00000| Untracked 
|  24|0x0000000606000000, 0x0000000606400000, 0x0000000606400000|100%| O|  |TAMS 0x0000000606400000, 0x0000000606000000| Untracked 
|  25|0x0000000606400000, 0x0000000606800000, 0x0000000606800000|100%| O|  |TAMS 0x0000000606800000, 0x0000000606400000| Untracked 
|  26|0x0000000606800000, 0x0000000606c00000, 0x0000000606c00000|100%| O|  |TAMS 0x0000000606c00000, 0x0000000606800000| Untracked 
|  27|0x0000000606c00000, 0x0000000607000000, 0x0000000607000000|100%| O|  |TAMS 0x0000000607000000, 0x0000000606c00000| Untracked 
|  28|0x0000000607000000, 0x0000000607400000, 0x0000000607400000|100%| O|  |TAMS 0x0000000607400000, 0x0000000607000000| Untracked 
|  29|0x0000000607400000, 0x0000000607800000, 0x0000000607800000|100%| O|  |TAMS 0x0000000607800000, 0x0000000607400000| Untracked 
|  30|0x0000000607800000, 0x0000000607c00000, 0x0000000607c00000|100%| O|  |TAMS 0x0000000607c00000, 0x0000000607800000| Untracked 
|  31|0x0000000607c00000, 0x0000000608000000, 0x0000000608000000|100%| O|  |TAMS 0x0000000608000000, 0x0000000607c00000| Untracked 
|  32|0x0000000608000000, 0x0000000608400000, 0x0000000608400000|100%| O|  |TAMS 0x0000000608400000, 0x0000000608000000| Untracked 
|  33|0x0000000608400000, 0x0000000608800000, 0x0000000608800000|100%| O|  |TAMS 0x0000000608800000, 0x0000000608400000| Untracked 
|  34|0x0000000608800000, 0x0000000608c00000, 0x0000000608c00000|100%| O|  |TAMS 0x0000000608c00000, 0x0000000608800000| Untracked 
|  35|0x0000000608c00000, 0x0000000609000000, 0x0000000609000000|100%| O|  |TAMS 0x0000000609000000, 0x0000000608c00000| Untracked 
|  36|0x0000000609000000, 0x0000000609400000, 0x0000000609400000|100%| O|  |TAMS 0x0000000609400000, 0x0000000609000000| Untracked 
|  37|0x0000000609400000, 0x0000000609800000, 0x0000000609800000|100%| O|  |TAMS 0x0000000609457600, 0x0000000609400000| Untracked 
|  38|0x0000000609800000, 0x0000000609c00000, 0x0000000609c00000|100%| O|  |TAMS 0x0000000609800000, 0x0000000609800000| Untracked 
|  39|0x0000000609c00000, 0x000000060a000000, 0x000000060a000000|100%| O|  |TAMS 0x0000000609c00000, 0x0000000609c00000| Untracked 
|  40|0x000000060a000000, 0x000000060a400000, 0x000000060a400000|100%| O|  |TAMS 0x000000060a000000, 0x000000060a000000| Untracked 
|  41|0x000000060a400000, 0x000000060a800000, 0x000000060a800000|100%| O|  |TAMS 0x000000060a400000, 0x000000060a400000| Untracked 
|  42|0x000000060a800000, 0x000000060ac00000, 0x000000060ac00000|100%| O|  |TAMS 0x000000060a800000, 0x000000060a800000| Untracked 
|  43|0x000000060ac00000, 0x000000060b000000, 0x000000060b000000|100%| O|  |TAMS 0x000000060ac00000, 0x000000060ac00000| Untracked 
|  44|0x000000060b000000, 0x000000060b400000, 0x000000060b400000|100%| O|  |TAMS 0x000000060b000000, 0x000000060b000000| Untracked 
|  45|0x000000060b400000, 0x000000060b444400, 0x000000060b800000|  6%| O|  |TAMS 0x000000060b400000, 0x000000060b400000| Untracked 
|  46|0x000000060b800000, 0x000000060b800000, 0x000000060bc00000|  0%| F|  |TAMS 0x000000060b800000, 0x000000060b800000| Untracked 
|  47|0x000000060bc00000, 0x000000060bc00000, 0x000000060c000000|  0%| F|  |TAMS 0x000000060bc00000, 0x000000060bc00000| Untracked 
|  48|0x000000060c000000, 0x000000060c000000, 0x000000060c400000|  0%| F|  |TAMS 0x000000060c000000, 0x000000060c000000| Untracked 
|  49|0x000000060c400000, 0x000000060c400000, 0x000000060c800000|  0%| F|  |TAMS 0x000000060c400000, 0x000000060c400000| Untracked 
|  50|0x000000060c800000, 0x000000060c800000, 0x000000060cc00000|  0%| F|  |TAMS 0x000000060c800000, 0x000000060c800000| Untracked 
|  51|0x000000060cc00000, 0x000000060cc00000, 0x000000060d000000|  0%| F|  |TAMS 0x000000060cc00000, 0x000000060cc00000| Untracked 
|  52|0x000000060d000000, 0x000000060d000000, 0x000000060d400000|  0%| F|  |TAMS 0x000000060d000000, 0x000000060d000000| Untracked 
|  53|0x000000060d400000, 0x000000060d400000, 0x000000060d800000|  0%| F|  |TAMS 0x000000060d400000, 0x000000060d400000| Untracked 
|  54|0x000000060d800000, 0x000000060d800000, 0x000000060dc00000|  0%| F|  |TAMS 0x000000060d800000, 0x000000060d800000| Untracked 
|  55|0x000000060dc00000, 0x000000060dc00000, 0x000000060e000000|  0%| F|  |TAMS 0x000000060dc00000, 0x000000060dc00000| Untracked 
|  56|0x000000060e000000, 0x000000060e000000, 0x000000060e400000|  0%| F|  |TAMS 0x000000060e000000, 0x000000060e000000| Untracked 
|  57|0x000000060e400000, 0x000000060e400000, 0x000000060e800000|  0%| F|  |TAMS 0x000000060e400000, 0x000000060e400000| Untracked 
|  58|0x000000060e800000, 0x000000060e800000, 0x000000060ec00000|  0%| F|  |TAMS 0x000000060e800000, 0x000000060e800000| Untracked 
|  59|0x000000060ec00000, 0x000000060ec00000, 0x000000060f000000|  0%| F|  |TAMS 0x000000060ec00000, 0x000000060ec00000| Untracked 
|  60|0x000000060f000000, 0x000000060f000000, 0x000000060f400000|  0%| F|  |TAMS 0x000000060f000000, 0x000000060f000000| Untracked 
|  61|0x000000060f400000, 0x000000060f5f2230, 0x000000060f800000| 48%| S|CS|TAMS 0x000000060f400000, 0x000000060f400000| Complete 
|  62|0x000000060f800000, 0x000000060fc00000, 0x000000060fc00000|100%| S|CS|TAMS 0x000000060f800000, 0x000000060f800000| Complete 
|  63|0x000000060fc00000, 0x0000000610000000, 0x0000000610000000|100%| S|CS|TAMS 0x000000060fc00000, 0x000000060fc00000| Complete 
|  64|0x0000000610000000, 0x0000000610400000, 0x0000000610400000|100%| S|CS|TAMS 0x0000000610000000, 0x0000000610000000| Complete 
|  65|0x0000000610400000, 0x0000000610800000, 0x0000000610800000|100%| S|CS|TAMS 0x0000000610400000, 0x0000000610400000| Complete 
|  66|0x0000000610800000, 0x0000000610c00000, 0x0000000610c00000|100%| S|CS|TAMS 0x0000000610800000, 0x0000000610800000| Complete 
|  67|0x0000000610c00000, 0x0000000610c00000, 0x0000000611000000|  0%| F|  |TAMS 0x0000000610c00000, 0x0000000610c00000| Untracked 
|  68|0x0000000611000000, 0x0000000611000000, 0x0000000611400000|  0%| F|  |TAMS 0x0000000611000000, 0x0000000611000000| Untracked 
|  69|0x0000000611400000, 0x0000000611400000, 0x0000000611800000|  0%| F|  |TAMS 0x0000000611400000, 0x0000000611400000| Untracked 
|  70|0x0000000611800000, 0x0000000611800000, 0x0000000611c00000|  0%| F|  |TAMS 0x0000000611800000, 0x0000000611800000| Untracked 
|  71|0x0000000611c00000, 0x0000000611c00000, 0x0000000612000000|  0%| F|  |TAMS 0x0000000611c00000, 0x0000000611c00000| Untracked 
|  72|0x0000000612000000, 0x0000000612000000, 0x0000000612400000|  0%| F|  |TAMS 0x0000000612000000, 0x0000000612000000| Untracked 
|  73|0x0000000612400000, 0x0000000612400000, 0x0000000612800000|  0%| F|  |TAMS 0x0000000612400000, 0x0000000612400000| Untracked 
|  74|0x0000000612800000, 0x0000000612800000, 0x0000000612c00000|  0%| F|  |TAMS 0x0000000612800000, 0x0000000612800000| Untracked 
|  75|0x0000000612c00000, 0x0000000612c00000, 0x0000000613000000|  0%| F|  |TAMS 0x0000000612c00000, 0x0000000612c00000| Untracked 
|  76|0x0000000613000000, 0x0000000613000000, 0x0000000613400000|  0%| F|  |TAMS 0x0000000613000000, 0x0000000613000000| Untracked 
|  77|0x0000000613400000, 0x0000000613400000, 0x0000000613800000|  0%| F|  |TAMS 0x0000000613400000, 0x0000000613400000| Untracked 
|  78|0x0000000613800000, 0x0000000613800000, 0x0000000613c00000|  0%| F|  |TAMS 0x0000000613800000, 0x0000000613800000| Untracked 
|  79|0x0000000613c00000, 0x0000000613c00000, 0x0000000614000000|  0%| F|  |TAMS 0x0000000613c00000, 0x0000000613c00000| Untracked 
|  80|0x0000000614000000, 0x0000000614000000, 0x0000000614400000|  0%| F|  |TAMS 0x0000000614000000, 0x0000000614000000| Untracked 
|  81|0x0000000614400000, 0x0000000614400000, 0x0000000614800000|  0%| F|  |TAMS 0x0000000614400000, 0x0000000614400000| Untracked 
|  82|0x0000000614800000, 0x0000000614800000, 0x0000000614c00000|  0%| F|  |TAMS 0x0000000614800000, 0x0000000614800000| Untracked 
|  83|0x0000000614c00000, 0x0000000614c00000, 0x0000000615000000|  0%| F|  |TAMS 0x0000000614c00000, 0x0000000614c00000| Untracked 
|  84|0x0000000615000000, 0x0000000615000000, 0x0000000615400000|  0%| F|  |TAMS 0x0000000615000000, 0x0000000615000000| Untracked 
|  85|0x0000000615400000, 0x0000000615400000, 0x0000000615800000|  0%| F|  |TAMS 0x0000000615400000, 0x0000000615400000| Untracked 
|  86|0x0000000615800000, 0x0000000615800000, 0x0000000615c00000|  0%| F|  |TAMS 0x0000000615800000, 0x0000000615800000| Untracked 
|  87|0x0000000615c00000, 0x0000000615c00000, 0x0000000616000000|  0%| F|  |TAMS 0x0000000615c00000, 0x0000000615c00000| Untracked 
|  88|0x0000000616000000, 0x0000000616000000, 0x0000000616400000|  0%| F|  |TAMS 0x0000000616000000, 0x0000000616000000| Untracked 
|  89|0x0000000616400000, 0x0000000616400000, 0x0000000616800000|  0%| F|  |TAMS 0x0000000616400000, 0x0000000616400000| Untracked 
|  90|0x0000000616800000, 0x0000000616800000, 0x0000000616c00000|  0%| F|  |TAMS 0x0000000616800000, 0x0000000616800000| Untracked 
|  91|0x0000000616c00000, 0x0000000616c00000, 0x0000000617000000|  0%| F|  |TAMS 0x0000000616c00000, 0x0000000616c00000| Untracked 
|  92|0x0000000617000000, 0x0000000617000000, 0x0000000617400000|  0%| F|  |TAMS 0x0000000617000000, 0x0000000617000000| Untracked 
|  93|0x0000000617400000, 0x0000000617400000, 0x0000000617800000|  0%| F|  |TAMS 0x0000000617400000, 0x0000000617400000| Untracked 
|  94|0x0000000617800000, 0x0000000617800000, 0x0000000617c00000|  0%| F|  |TAMS 0x0000000617800000, 0x0000000617800000| Untracked 
|  95|0x0000000617c00000, 0x0000000617c00000, 0x0000000618000000|  0%| F|  |TAMS 0x0000000617c00000, 0x0000000617c00000| Untracked 
|  96|0x0000000618000000, 0x0000000618000000, 0x0000000618400000|  0%| F|  |TAMS 0x0000000618000000, 0x0000000618000000| Untracked 
|  97|0x0000000618400000, 0x0000000618400000, 0x0000000618800000|  0%| F|  |TAMS 0x0000000618400000, 0x0000000618400000| Untracked 
|  98|0x0000000618800000, 0x0000000618800000, 0x0000000618c00000|  0%| F|  |TAMS 0x0000000618800000, 0x0000000618800000| Untracked 
|  99|0x0000000618c00000, 0x0000000618c00000, 0x0000000619000000|  0%| F|  |TAMS 0x0000000618c00000, 0x0000000618c00000| Untracked 
| 100|0x0000000619000000, 0x0000000619000000, 0x0000000619400000|  0%| F|  |TAMS 0x0000000619000000, 0x0000000619000000| Untracked 
| 101|0x0000000619400000, 0x0000000619400000, 0x0000000619800000|  0%| F|  |TAMS 0x0000000619400000, 0x0000000619400000| Untracked 
| 102|0x0000000619800000, 0x0000000619800000, 0x0000000619c00000|  0%| F|  |TAMS 0x0000000619800000, 0x0000000619800000| Untracked 
| 103|0x0000000619c00000, 0x0000000619c00000, 0x000000061a000000|  0%| F|  |TAMS 0x0000000619c00000, 0x0000000619c00000| Untracked 
| 104|0x000000061a000000, 0x000000061a000000, 0x000000061a400000|  0%| F|  |TAMS 0x000000061a000000, 0x000000061a000000| Untracked 
| 105|0x000000061a400000, 0x000000061a400000, 0x000000061a800000|  0%| F|  |TAMS 0x000000061a400000, 0x000000061a400000| Untracked 
| 106|0x000000061a800000, 0x000000061a800000, 0x000000061ac00000|  0%| F|  |TAMS 0x000000061a800000, 0x000000061a800000| Untracked 
| 107|0x000000061ac00000, 0x000000061ac00000, 0x000000061b000000|  0%| F|  |TAMS 0x000000061ac00000, 0x000000061ac00000| Untracked 
| 108|0x000000061b000000, 0x000000061b000000, 0x000000061b400000|  0%| F|  |TAMS 0x000000061b000000, 0x000000061b000000| Untracked 
| 109|0x000000061b400000, 0x000000061b400000, 0x000000061b800000|  0%| F|  |TAMS 0x000000061b400000, 0x000000061b400000| Untracked 
| 110|0x000000061b800000, 0x000000061b800000, 0x000000061bc00000|  0%| F|  |TAMS 0x000000061b800000, 0x000000061b800000| Untracked 
| 111|0x000000061bc00000, 0x000000061bc00000, 0x000000061c000000|  0%| F|  |TAMS 0x000000061bc00000, 0x000000061bc00000| Untracked 
| 112|0x000000061c000000, 0x000000061c000000, 0x000000061c400000|  0%| F|  |TAMS 0x000000061c000000, 0x000000061c000000| Untracked 
| 113|0x000000061c400000, 0x000000061c400000, 0x000000061c800000|  0%| F|  |TAMS 0x000000061c400000, 0x000000061c400000| Untracked 
| 114|0x000000061c800000, 0x000000061c800000, 0x000000061cc00000|  0%| F|  |TAMS 0x000000061c800000, 0x000000061c800000| Untracked 
| 115|0x000000061cc00000, 0x000000061cc00000, 0x000000061d000000|  0%| F|  |TAMS 0x000000061cc00000, 0x000000061cc00000| Untracked 
| 116|0x000000061d000000, 0x000000061d000000, 0x000000061d400000|  0%| F|  |TAMS 0x000000061d000000, 0x000000061d000000| Untracked 
| 117|0x000000061d400000, 0x000000061d400000, 0x000000061d800000|  0%| F|  |TAMS 0x000000061d400000, 0x000000061d400000| Untracked 
| 118|0x000000061d800000, 0x000000061d800000, 0x000000061dc00000|  0%| F|  |TAMS 0x000000061d800000, 0x000000061d800000| Untracked 
| 119|0x000000061dc00000, 0x000000061dc00000, 0x000000061e000000|  0%| F|  |TAMS 0x000000061dc00000, 0x000000061dc00000| Untracked 
| 120|0x000000061e000000, 0x000000061e3198c0, 0x000000061e400000| 77%| E|  |TAMS 0x000000061e000000, 0x000000061e000000| Complete 
| 121|0x000000061e400000, 0x000000061e800000, 0x000000061e800000|100%| E|CS|TAMS 0x000000061e400000, 0x000000061e400000| Complete 
| 122|0x000000061e800000, 0x000000061ec00000, 0x000000061ec00000|100%| E|CS|TAMS 0x000000061e800000, 0x000000061e800000| Complete 
| 123|0x000000061ec00000, 0x000000061f000000, 0x000000061f000000|100%| E|CS|TAMS 0x000000061ec00000, 0x000000061ec00000| Complete 
| 124|0x000000061f000000, 0x000000061f400000, 0x000000061f400000|100%| E|CS|TAMS 0x000000061f000000, 0x000000061f000000| Complete 
| 125|0x000000061f400000, 0x000000061f800000, 0x000000061f800000|100%| E|CS|TAMS 0x000000061f400000, 0x000000061f400000| Complete 
| 126|0x000000061f800000, 0x000000061fc00000, 0x000000061fc00000|100%| E|CS|TAMS 0x000000061f800000, 0x000000061f800000| Complete 
| 127|0x000000061fc00000, 0x0000000620000000, 0x0000000620000000|100%| E|CS|TAMS 0x000000061fc00000, 0x000000061fc00000| Complete 
| 128|0x0000000620000000, 0x0000000620400000, 0x0000000620400000|100%| E|CS|TAMS 0x0000000620000000, 0x0000000620000000| Complete 
| 129|0x0000000620400000, 0x0000000620800000, 0x0000000620800000|100%| E|CS|TAMS 0x0000000620400000, 0x0000000620400000| Complete 
| 130|0x0000000620800000, 0x0000000620c00000, 0x0000000620c00000|100%| E|CS|TAMS 0x0000000620800000, 0x0000000620800000| Complete 
| 131|0x0000000620c00000, 0x0000000621000000, 0x0000000621000000|100%| E|CS|TAMS 0x0000000620c00000, 0x0000000620c00000| Complete 
| 132|0x0000000621000000, 0x0000000621400000, 0x0000000621400000|100%| E|CS|TAMS 0x0000000621000000, 0x0000000621000000| Complete 
| 133|0x0000000621400000, 0x0000000621800000, 0x0000000621800000|100%| E|CS|TAMS 0x0000000621400000, 0x0000000621400000| Complete 
| 134|0x0000000621800000, 0x0000000621c00000, 0x0000000621c00000|100%| E|CS|TAMS 0x0000000621800000, 0x0000000621800000| Complete 
| 135|0x0000000621c00000, 0x0000000622000000, 0x0000000622000000|100%| E|CS|TAMS 0x0000000621c00000, 0x0000000621c00000| Complete 

Card table byte_map: [0x000001957e2f0000,0x000001957f2f0000] _byte_map_base: 0x000001957b2f0000

Marking Bits (Prev, Next): (CMBitMap*) 0x000001957cd85740, (CMBitMap*) 0x000001957cd85780
 Prev Bits: [0x0000019528810000, 0x0000019530810000)
 Next Bits: [0x0000019530810000, 0x0000019538810000)

Polling page: 0x000001957acb0000

Metaspace:

Usage:
  Non-class:    103.04 MB used.
      Class:     16.39 MB used.
       Both:    119.44 MB used.

Virtual space:
  Non-class space:      128.00 MB reserved,     103.69 MB ( 81%) committed,  2 nodes.
      Class space:        1.00 GB reserved,      17.06 MB (  2%) committed,  1 nodes.
             Both:        1.12 GB reserved,     120.75 MB ( 10%) committed. 

Chunk freelists:
   Non-Class:  7.82 MB
       Class:  14.79 MB
        Both:  22.60 MB

MaxMetaspaceSize: 4.00 GB
CompressedClassSpaceSize: 1.00 GB
Initial GC threshold: 21.00 MB
Current GC threshold: 187.31 MB
CDS: on
MetaspaceReclaimPolicy: balanced
 - commit_granule_bytes: 65536.
 - commit_granule_words: 8192.
 - virtual_space_node_default_size: 8388608.
 - enlarge_chunks_in_place: 1.
 - new_chunks_are_fully_committed: 0.
 - uncommit_free_chunks: 1.
 - use_allocation_guard: 0.
 - handle_deallocations: 1.


Internal statistics:

num_allocs_failed_limit: 9.
num_arena_births: 2294.
num_arena_deaths: 0.
num_vsnodes_births: 3.
num_vsnodes_deaths: 0.
num_space_committed: 1932.
num_space_uncommitted: 0.
num_chunks_returned_to_freelist: 9.
num_chunks_taken_from_freelist: 8062.
num_chunk_merges: 9.
num_chunk_splits: 4981.
num_chunks_enlarged: 2884.
num_inconsistent_stats: 0.

CodeHeap 'non-profiled nmethods': size=259264Kb used=14359Kb max_used=14359Kb free=244904Kb
 bounds [0x0000019517ae0000, 0x00000195188f0000, 0x0000019527810000]
CodeHeap 'profiled nmethods': size=259264Kb used=33387Kb max_used=33387Kb free=225876Kb
 bounds [0x0000019507810000, 0x00000195098b0000, 0x0000019517540000]
CodeHeap 'non-nmethods': size=5760Kb used=2511Kb max_used=2646Kb free=3248Kb
 bounds [0x0000019517540000, 0x00000195177e0000, 0x0000019517ae0000]
 total_blobs=18142 nmethods=17087 adapters=966
 compilation: enabled
              stopped_count=0, restarted_count=0
 full_count=0

Compilation events (20 events):
Event: 67.818 Thread 0x000001957f6d5aa0 21555       1       com.android.build.gradle.internal.dsl.BaselineProfileImpl$AgpDecorated::getIgnoreFromAllExternalDependencies (5 bytes)
Event: 67.818 Thread 0x000001957f6d5aa0 nmethod 21555 0x00000195188dd790 code [0x00000195188dd920, 0x00000195188dd9f8]
Event: 67.819 Thread 0x00000195ca319d40 21556   !   4       org.gradle.internal.event.DefaultListenerManager::getBroadcasterInternal (177 bytes)
Event: 67.821 Thread 0x000001957f6d5aa0 21557       1       com.android.build.gradle.internal.core.dsl.impl.LibraryVariantDslInfoImpl::getAarMetadata (5 bytes)
Event: 67.821 Thread 0x000001957f6d5aa0 nmethod 21557 0x00000195188dda90 code [0x00000195188ddc20, 0x00000195188ddcf8]
Event: 67.829 Thread 0x000001957f6d3fe0 21558       4       org.gradle.internal.typeconversion.NotationParserBuilder::toComposite (9 bytes)
Event: 67.832 Thread 0x000001957f6d5aa0 21561       1       com.android.build.gradle.internal.variant.VariantComponentInfo::getVariantDslInfo (5 bytes)
Event: 67.832 Thread 0x000001957f6d5aa0 nmethod 21561 0x00000195188ddd90 code [0x00000195188ddf20, 0x00000195188ddff8]
Event: 67.832 Thread 0x000001957f6d5aa0 21562       3       com.android.build.gradle.internal.VariantDimensionData::getSourceSet (24 bytes)
Event: 67.833 Thread 0x000001957f6d5aa0 nmethod 21562 0x0000019509891990 code [0x0000019509891be0, 0x0000019509892478]
Event: 67.840 Thread 0x000001957f6d5aa0 21563       3       com.android.build.gradle.internal.dsl.DefaultConfig$AgpDecorated_Decorated::getMultiDexEnabled (40 bytes)
Event: 67.840 Thread 0x000001957f6d5aa0 nmethod 21563 0x0000019509892790 code [0x0000019509892960, 0x0000019509892cd8]
Event: 67.841 Thread 0x000001957f6d5aa0 21564       1       com.android.builder.core.AbstractProductFlavor::setMinSdkVersion (6 bytes)
Event: 67.841 Thread 0x000001957f6d5aa0 nmethod 21564 0x00000195188de090 code [0x00000195188de220, 0x00000195188de338]
Event: 67.841 Thread 0x000001957f6d5aa0 21565       1       com.android.build.gradle.internal.dsl.DefaultConfig$AgpDecorated::getTestHandleProfiling (5 bytes)
Event: 67.841 Thread 0x000001957f6d5aa0 nmethod 21565 0x00000195188de390 code [0x00000195188de520, 0x00000195188de5f8]
Event: 67.841 Thread 0x000001957f6d5aa0 21566       1       com.android.build.gradle.internal.dsl.DefaultConfig$AgpDecorated::getTestFunctionalTest (5 bytes)
Event: 67.841 Thread 0x000001957f6d5aa0 nmethod 21566 0x00000195188de690 code [0x00000195188de820, 0x00000195188de8f8]
Event: 67.841 Thread 0x000001957f6d5aa0 21567       1       com.android.builder.core.DefaultVectorDrawablesOptions::setUseSupportLibrary (6 bytes)
Event: 67.841 Thread 0x000001957f6d5aa0 nmethod 21567 0x00000195188de990 code [0x00000195188deb20, 0x00000195188dec38]

GC Heap History (20 events):
Event: 42.596 GC heap before
{Heap before GC invocations=59 (full 0):
 garbage-first heap   total 307200K, used 219194K [0x0000000600000000, 0x0000000800000000)
  region size 4096K, 17 young (69632K), 3 survivors (12288K)
 Metaspace       used 116902K, committed 118016K, reserved 1179648K
  class space    used 16308K, committed 16832K, reserved 1048576K
}
Event: 42.607 GC heap after
{Heap after GC invocations=60 (full 0):
 garbage-first heap   total 307200K, used 165139K [0x0000000600000000, 0x0000000800000000)
  region size 4096K, 3 young (12288K), 3 survivors (12288K)
 Metaspace       used 116902K, committed 118016K, reserved 1179648K
  class space    used 16308K, committed 16832K, reserved 1048576K
}
Event: 42.682 GC heap before
{Heap before GC invocations=60 (full 0):
 garbage-first heap   total 307200K, used 169235K [0x0000000600000000, 0x0000000800000000)
  region size 4096K, 4 young (16384K), 3 survivors (12288K)
 Metaspace       used 117044K, committed 118080K, reserved 1179648K
  class space    used 16334K, committed 16832K, reserved 1048576K
}
Event: 42.696 GC heap after
{Heap after GC invocations=61 (full 0):
 garbage-first heap   total 368640K, used 164231K [0x0000000600000000, 0x0000000800000000)
  region size 4096K, 1 young (4096K), 1 survivors (4096K)
 Metaspace       used 117044K, committed 118080K, reserved 1179648K
  class space    used 16334K, committed 16832K, reserved 1048576K
}
Event: 54.785 GC heap before
{Heap before GC invocations=61 (full 0):
 garbage-first heap   total 368640K, used 295303K [0x0000000600000000, 0x0000000800000000)
  region size 4096K, 33 young (135168K), 1 survivors (4096K)
 Metaspace       used 118394K, committed 119488K, reserved 1179648K
  class space    used 16504K, committed 17024K, reserved 1048576K
}
Event: 54.796 GC heap after
{Heap after GC invocations=62 (full 0):
 garbage-first heap   total 368640K, used 171839K [0x0000000600000000, 0x0000000800000000)
  region size 4096K, 3 young (12288K), 3 survivors (12288K)
 Metaspace       used 118394K, committed 119488K, reserved 1179648K
  class space    used 16504K, committed 17024K, reserved 1048576K
}
Event: 55.651 GC heap before
{Heap before GC invocations=62 (full 0):
 garbage-first heap   total 368640K, used 294719K [0x0000000600000000, 0x0000000800000000)
  region size 4096K, 33 young (135168K), 3 survivors (12288K)
 Metaspace       used 118818K, committed 119936K, reserved 1179648K
  class space    used 16525K, committed 17088K, reserved 1048576K
}
Event: 55.665 GC heap after
{Heap after GC invocations=63 (full 0):
 garbage-first heap   total 368640K, used 179417K [0x0000000600000000, 0x0000000800000000)
  region size 4096K, 5 young (20480K), 5 survivors (20480K)
 Metaspace       used 118818K, committed 119936K, reserved 1179648K
  class space    used 16525K, committed 17088K, reserved 1048576K
}
Event: 57.377 GC heap before
{Heap before GC invocations=63 (full 0):
 garbage-first heap   total 368640K, used 298201K [0x0000000600000000, 0x0000000800000000)
  region size 4096K, 34 young (139264K), 5 survivors (20480K)
 Metaspace       used 119235K, committed 120384K, reserved 1179648K
  class space    used 16541K, committed 17088K, reserved 1048576K
}
Event: 57.387 GC heap after
{Heap after GC invocations=64 (full 0):
 garbage-first heap   total 368640K, used 170195K [0x0000000600000000, 0x0000000800000000)
  region size 4096K, 2 young (8192K), 2 survivors (8192K)
 Metaspace       used 119235K, committed 120384K, reserved 1179648K
  class space    used 16541K, committed 17088K, reserved 1048576K
}
Event: 58.410 GC heap before
{Heap before GC invocations=64 (full 0):
 garbage-first heap   total 368640K, used 301267K [0x0000000600000000, 0x0000000800000000)
  region size 4096K, 34 young (139264K), 2 survivors (8192K)
 Metaspace       used 119515K, committed 120704K, reserved 1179648K
  class space    used 16550K, committed 17152K, reserved 1048576K
}
Event: 58.421 GC heap after
{Heap after GC invocations=65 (full 0):
 garbage-first heap   total 368640K, used 175999K [0x0000000600000000, 0x0000000800000000)
  region size 4096K, 3 young (12288K), 3 survivors (12288K)
 Metaspace       used 119515K, committed 120704K, reserved 1179648K
  class space    used 16550K, committed 17152K, reserved 1048576K
}
Event: 59.489 GC heap before
{Heap before GC invocations=65 (full 0):
 garbage-first heap   total 368640K, used 298879K [0x0000000600000000, 0x0000000800000000)
  region size 4096K, 34 young (139264K), 3 survivors (12288K)
 Metaspace       used 119862K, committed 121024K, reserved 1179648K
  class space    used 16569K, committed 17152K, reserved 1048576K
}
Event: 59.507 GC heap after
{Heap after GC invocations=66 (full 0):
 garbage-first heap   total 368640K, used 185982K [0x0000000600000000, 0x0000000800000000)
  region size 4096K, 5 young (20480K), 5 survivors (20480K)
 Metaspace       used 119862K, committed 121024K, reserved 1179648K
  class space    used 16569K, committed 17152K, reserved 1048576K
}
Event: 61.014 GC heap before
{Heap before GC invocations=66 (full 0):
 garbage-first heap   total 368640K, used 304766K [0x0000000600000000, 0x0000000800000000)
  region size 4096K, 34 young (139264K), 5 survivors (20480K)
 Metaspace       used 120273K, committed 121536K, reserved 1179648K
  class space    used 16612K, committed 17216K, reserved 1048576K
}
Event: 61.040 GC heap after
{Heap after GC invocations=67 (full 0):
 garbage-first heap   total 557056K, used 197322K [0x0000000600000000, 0x0000000800000000)
  region size 4096K, 4 young (16384K), 4 survivors (16384K)
 Metaspace       used 120273K, committed 121536K, reserved 1179648K
  class space    used 16612K, committed 17216K, reserved 1048576K
}
Event: 64.431 GC heap before
{Heap before GC invocations=67 (full 0):
 garbage-first heap   total 557056K, used 426698K [0x0000000600000000, 0x0000000800000000)
  region size 4096K, 60 young (245760K), 4 survivors (16384K)
 Metaspace       used 120842K, committed 122240K, reserved 1179648K
  class space    used 16651K, committed 17344K, reserved 1048576K
}
Event: 64.437 GC heap after
{Heap after GC invocations=68 (full 0):
 garbage-first heap   total 557056K, used 191779K [0x0000000600000000, 0x0000000800000000)
  region size 4096K, 2 young (8192K), 2 survivors (8192K)
 Metaspace       used 120842K, committed 122240K, reserved 1179648K
  class space    used 16651K, committed 17344K, reserved 1048576K
}
Event: 67.221 GC heap before
{Heap before GC invocations=68 (full 0):
 garbage-first heap   total 557056K, used 462115K [0x0000000600000000, 0x0000000800000000)
  region size 4096K, 69 young (282624K), 2 survivors (8192K)
 Metaspace       used 122122K, committed 123456K, reserved 1179648K
  class space    used 16768K, committed 17408K, reserved 1048576K
}
Event: 67.245 GC heap after
{Heap after GC invocations=69 (full 0):
 garbage-first heap   total 557056K, used 207065K [0x0000000600000000, 0x0000000800000000)
  region size 4096K, 6 young (24576K), 6 survivors (24576K)
 Metaspace       used 122122K, committed 123456K, reserved 1179648K
  class space    used 16768K, committed 17408K, reserved 1048576K
}

Deoptimization events (20 events):
Event: 67.506 Thread 0x00000195c6eff700 Uncommon trap: trap_request=0xffffff76 fr.pc=0x00000195188aea78 relative=0x00000000000004b8
Event: 67.506 Thread 0x00000195c6eff700 Uncommon trap: reason=predicate action=maybe_recompile pc=0x00000195188aea78 method=com.google.common.collect.ImmutableList.copyIntoArray([Ljava/lang/Object;I)I @ 11 c2
Event: 67.506 Thread 0x00000195c6eff700 DEOPT PACKING pc=0x00000195188aea78 sp=0x00000073fe2f7d30
Event: 67.506 Thread 0x00000195c6eff700 DEOPT UNPACKING pc=0x00000195175923a3 sp=0x00000073fe2f7cf0 mode 2
Event: 67.555 Thread 0x00000195c6eff700 Uncommon trap: trap_request=0xffffffbe fr.pc=0x00000195188bf15c relative=0x0000000000000adc
Event: 67.555 Thread 0x00000195c6eff700 Uncommon trap: reason=profile_predicate action=maybe_recompile pc=0x00000195188bf15c method=org.gradle.api.internal.artifacts.transform.TransformingAsyncArtifactListener$TransformedArtifact.lambda$visit$3(Lorg/gradle/api/internal/artifacts/ivyservice/reso
Event: 67.555 Thread 0x00000195c6eff700 DEOPT PACKING pc=0x00000195188bf15c sp=0x00000073fe2f8a60
Event: 67.555 Thread 0x00000195c6eff700 DEOPT UNPACKING pc=0x00000195175923a3 sp=0x00000073fe2f8a10 mode 2
Event: 67.555 Thread 0x00000195c6eff700 Uncommon trap: trap_request=0xffffffbe fr.pc=0x00000195188bf15c relative=0x0000000000000adc
Event: 67.555 Thread 0x00000195c6eff700 Uncommon trap: reason=profile_predicate action=maybe_recompile pc=0x00000195188bf15c method=org.gradle.api.internal.artifacts.transform.TransformingAsyncArtifactListener$TransformedArtifact.lambda$visit$3(Lorg/gradle/api/internal/artifacts/ivyservice/reso
Event: 67.555 Thread 0x00000195c6eff700 DEOPT PACKING pc=0x00000195188bf15c sp=0x00000073fe2f8a60
Event: 67.555 Thread 0x00000195c6eff700 DEOPT UNPACKING pc=0x00000195175923a3 sp=0x00000073fe2f8a10 mode 2
Event: 67.555 Thread 0x00000195c6eff700 Uncommon trap: trap_request=0xffffffbe fr.pc=0x00000195188bf15c relative=0x0000000000000adc
Event: 67.555 Thread 0x00000195c6eff700 Uncommon trap: reason=profile_predicate action=maybe_recompile pc=0x00000195188bf15c method=org.gradle.api.internal.artifacts.transform.TransformingAsyncArtifactListener$TransformedArtifact.lambda$visit$3(Lorg/gradle/api/internal/artifacts/ivyservice/reso
Event: 67.555 Thread 0x00000195c6eff700 DEOPT PACKING pc=0x00000195188bf15c sp=0x00000073fe2f8a60
Event: 67.555 Thread 0x00000195c6eff700 DEOPT UNPACKING pc=0x00000195175923a3 sp=0x00000073fe2f8a10 mode 2
Event: 67.555 Thread 0x00000195c6eff700 Uncommon trap: trap_request=0xffffffbe fr.pc=0x00000195188bf15c relative=0x0000000000000adc
Event: 67.555 Thread 0x00000195c6eff700 Uncommon trap: reason=profile_predicate action=maybe_recompile pc=0x00000195188bf15c method=org.gradle.api.internal.artifacts.transform.TransformingAsyncArtifactListener$TransformedArtifact.lambda$visit$3(Lorg/gradle/api/internal/artifacts/ivyservice/reso
Event: 67.555 Thread 0x00000195c6eff700 DEOPT PACKING pc=0x00000195188bf15c sp=0x00000073fe2f8a60
Event: 67.555 Thread 0x00000195c6eff700 DEOPT UNPACKING pc=0x00000195175923a3 sp=0x00000073fe2f8a10 mode 2

Classes unloaded (0 events):
No events

Classes redefined (0 events):
No events

Internal exceptions (20 events):
Event: 64.308 Thread 0x00000195c6eff700 Exception <a 'sun/nio/fs/WindowsException'{0x0000000614b0c400}> (0x0000000614b0c400) 
thrown [s\open\src\hotspot\share\prims\jni.cpp, line 516]
Event: 64.309 Thread 0x00000195c6eff700 Exception <a 'sun/nio/fs/WindowsException'{0x0000000614b0d7f8}> (0x0000000614b0d7f8) 
thrown [s\open\src\hotspot\share\prims\jni.cpp, line 516]
Event: 64.351 Thread 0x00000195c6eff700 Exception <a 'sun/nio/fs/WindowsException'{0x0000000614444288}> (0x0000000614444288) 
thrown [s\open\src\hotspot\share\prims\jni.cpp, line 516]
Event: 64.352 Thread 0x00000195c6eff700 Exception <a 'sun/nio/fs/WindowsException'{0x0000000614446000}> (0x0000000614446000) 
thrown [s\open\src\hotspot\share\prims\jni.cpp, line 516]
Event: 64.352 Thread 0x00000195c6eff700 Exception <a 'sun/nio/fs/WindowsException'{0x0000000614447d78}> (0x0000000614447d78) 
thrown [s\open\src\hotspot\share\prims\jni.cpp, line 516]
Event: 64.352 Thread 0x00000195c6eff700 Exception <a 'sun/nio/fs/WindowsException'{0x00000006144496c0}> (0x00000006144496c0) 
thrown [s\open\src\hotspot\share\prims\jni.cpp, line 516]
Event: 64.736 Thread 0x00000195d22cee00 Exception <a 'sun/nio/fs/WindowsException'{0x000000061f172e80}> (0x000000061f172e80) 
thrown [s\open\src\hotspot\share\prims\jni.cpp, line 516]
Event: 64.736 Thread 0x00000195d22cee00 Exception <a 'sun/nio/fs/WindowsException'{0x000000061f174ec0}> (0x000000061f174ec0) 
thrown [s\open\src\hotspot\share\prims\jni.cpp, line 516]
Event: 64.736 Thread 0x00000195d22cee00 Exception <a 'sun/nio/fs/WindowsException'{0x000000061f176e50}> (0x000000061f176e50) 
thrown [s\open\src\hotspot\share\prims\jni.cpp, line 516]
Event: 64.737 Thread 0x00000195d22cee00 Exception <a 'sun/nio/fs/WindowsException'{0x000000061f178aa8}> (0x000000061f178aa8) 
thrown [s\open\src\hotspot\share\prims\jni.cpp, line 516]
Event: 64.743 Thread 0x00000195d22cee00 Exception <a 'sun/nio/fs/WindowsException'{0x000000061f19d168}> (0x000000061f19d168) 
thrown [s\open\src\hotspot\share\prims\jni.cpp, line 516]
Event: 64.743 Thread 0x00000195d22cee00 Exception <a 'sun/nio/fs/WindowsException'{0x000000061f19f190}> (0x000000061f19f190) 
thrown [s\open\src\hotspot\share\prims\jni.cpp, line 516]
Event: 64.744 Thread 0x00000195d22cee00 Exception <a 'sun/nio/fs/WindowsException'{0x000000061f1a0df0}> (0x000000061f1a0df0) 
thrown [s\open\src\hotspot\share\prims\jni.cpp, line 516]
Event: 65.247 Thread 0x00000195c6eff700 Exception <a 'sun/nio/fs/WindowsException'{0x000000061b154aa0}> (0x000000061b154aa0) 
thrown [s\open\src\hotspot\share\prims\jni.cpp, line 516]
Event: 65.411 Thread 0x00000195c6eff700 Exception <a 'sun/nio/fs/WindowsException'{0x0000000619cfe870}> (0x0000000619cfe870) 
thrown [s\open\src\hotspot\share\prims\jni.cpp, line 516]
Event: 65.659 Thread 0x00000195c6eff700 Exception <a 'java/lang/ClassNotFoundException'{0x00000006188d1520}: build_eow84pnpo0jw9xe4pth335roeBeanInfo> (0x00000006188d1520) 
thrown [s\open\src\hotspot\share\classfile\systemDictionary.cpp, line 256]
Event: 65.660 Thread 0x00000195c6eff700 Exception <a 'java/lang/ClassNotFoundException'{0x00000006188d9850}: build_eow84pnpo0jw9xe4pth335roeCustomizer> (0x00000006188d9850) 
thrown [s\open\src\hotspot\share\classfile\systemDictionary.cpp, line 256]
Event: 66.697 Thread 0x00000195c6eff700 Exception <a 'java/lang/ClassNotFoundException'{0x00000006125009a8}: build_eow84pnpo0jw9xe4pth335roeBeanInfo> (0x00000006125009a8) 
thrown [s\open\src\hotspot\share\classfile\systemDictionary.cpp, line 256]
Event: 66.698 Thread 0x00000195c6eff700 Exception <a 'java/lang/ClassNotFoundException'{0x0000000612508c58}: build_eow84pnpo0jw9xe4pth335roeCustomizer> (0x0000000612508c58) 
thrown [s\open\src\hotspot\share\classfile\systemDictionary.cpp, line 256]
Event: 67.347 Thread 0x00000195c6eff700 Implicit null exception at 0x0000019518756130 to 0x00000195187561b1

VM Operations (20 events):
Event: 60.882 Executing VM operation: ICBufferFull
Event: 60.882 Executing VM operation: ICBufferFull done
Event: 61.014 Executing VM operation: G1CollectForAllocation
Event: 61.043 Executing VM operation: G1CollectForAllocation done
Event: 62.049 Executing VM operation: Cleanup
Event: 62.049 Executing VM operation: Cleanup done
Event: 63.060 Executing VM operation: Cleanup
Event: 63.060 Executing VM operation: Cleanup done
Event: 64.068 Executing VM operation: Cleanup
Event: 64.068 Executing VM operation: Cleanup done
Event: 64.431 Executing VM operation: G1CollectForAllocation
Event: 64.437 Executing VM operation: G1CollectForAllocation done
Event: 65.449 Executing VM operation: Cleanup
Event: 65.449 Executing VM operation: Cleanup done
Event: 66.449 Executing VM operation: Cleanup
Event: 66.450 Executing VM operation: Cleanup done
Event: 67.211 Executing VM operation: HandshakeAllThreads
Event: 67.212 Executing VM operation: HandshakeAllThreads done
Event: 67.220 Executing VM operation: G1CollectForAllocation
Event: 67.250 Executing VM operation: G1CollectForAllocation done

Events (20 events):
Event: 67.260 Thread 0x00000195c5f1ffe0 Thread added: 0x00000195c5f1ffe0
Event: 67.261 Thread 0x000001957f6d93d0 flushing nmethod 0x0000019508277b90
Event: 67.263 Thread 0x00000195c5f204f0 Thread added: 0x00000195c5f204f0
Event: 67.264 Thread 0x00000195c5f1cd40 Thread added: 0x00000195c5f1cd40
Event: 67.265 Thread 0x000001957f6d93d0 flushing nmethod 0x0000019508514310
Event: 67.268 Thread 0x000001957f6d93d0 flushing nmethod 0x00000195087dfc10
Event: 67.278 Thread 0x000001957f6d93d0 flushing nmethod 0x0000019508fcb790
Event: 67.278 Thread 0x000001957f6d93d0 flushing nmethod 0x0000019508fcbc10
Event: 67.278 Thread 0x000001957f6d93d0 flushing nmethod 0x0000019508fcc190
Event: 67.278 Thread 0x000001957f6d93d0 flushing nmethod 0x0000019508fcd090
Event: 67.278 Thread 0x000001957f6d93d0 flushing nmethod 0x0000019508fce190
Event: 67.278 Thread 0x000001957f6d93d0 flushing nmethod 0x0000019508fcf310
Event: 67.278 Thread 0x000001957f6d93d0 flushing nmethod 0x0000019508fcfc10
Event: 67.278 Thread 0x000001957f6d93d0 flushing nmethod 0x0000019508fd0890
Event: 67.278 Thread 0x000001957f6d93d0 flushing nmethod 0x0000019508fd1090
Event: 67.278 Thread 0x000001957f6d93d0 flushing nmethod 0x0000019508fd1a10
Event: 67.278 Thread 0x000001957f6d93d0 flushing nmethod 0x0000019508fd2690
Event: 67.278 Thread 0x000001957f6d93d0 flushing nmethod 0x0000019508fd2a10
Event: 67.278 Thread 0x000001957f6d93d0 flushing nmethod 0x0000019508fd3390
Event: 67.521 Thread 0x00000195c5f19fb0 Thread added: 0x00000195c5f19fb0


Dynamic libraries:
0x00007ff693f60000 - 0x00007ff693f70000 	C:\Program Files\Java\jdk-17\bin\java.exe
0x00007fff98c50000 - 0x00007fff98e68000 	C:\Windows\SYSTEM32\ntdll.dll
0x00007fff97a00000 - 0x00007fff97ac4000 	C:\Windows\System32\KERNEL32.DLL
0x00007fff96490000 - 0x00007fff96863000 	C:\Windows\System32\KERNELBASE.dll
0x00007fff95e50000 - 0x00007fff95f61000 	C:\Windows\System32\ucrtbase.dll
0x00007fff53bc0000 - 0x00007fff53bd9000 	C:\Program Files\Java\jdk-17\bin\jli.dll
0x00007fff5f9f0000 - 0x00007fff5fa0b000 	C:\Program Files\Java\jdk-17\bin\VCRUNTIME140.dll
0x00007fff97ad0000 - 0x00007fff97b81000 	C:\Windows\System32\ADVAPI32.dll
0x00007fff97950000 - 0x00007fff979f7000 	C:\Windows\System32\msvcrt.dll
0x00007fff98ad0000 - 0x00007fff98b78000 	C:\Windows\System32\sechost.dll
0x00007fff95d60000 - 0x00007fff95d88000 	C:\Windows\System32\bcrypt.dll
0x00007fff97b90000 - 0x00007fff97ca8000 	C:\Windows\System32\RPCRT4.dll
0x00007fff97340000 - 0x00007fff974f2000 	C:\Windows\System32\USER32.dll
0x00007fff82ef0000 - 0x00007fff8318c000 	C:\Windows\WinSxS\amd64_microsoft.windows.common-controls_6595b64144ccf1df_6.0.22621.6060_none_2712eda17382d24b\COMCTL32.dll
0x00007fff960b0000 - 0x00007fff960d6000 	C:\Windows\System32\win32u.dll
0x00007fff96d30000 - 0x00007fff96d59000 	C:\Windows\System32\GDI32.dll
0x00007fff960e0000 - 0x00007fff961fb000 	C:\Windows\System32\gdi32full.dll
0x00007fff963f0000 - 0x00007fff9648a000 	C:\Windows\System32\msvcp_win.dll
0x00007fff8d970000 - 0x00007fff8d97a000 	C:\Windows\SYSTEM32\VERSION.dll
0x00007fff96d70000 - 0x00007fff96da1000 	C:\Windows\System32\IMM32.DLL
0x00007fff79290000 - 0x00007fff7929c000 	C:\Program Files\Java\jdk-17\bin\vcruntime140_1.dll
0x00007fff51cc0000 - 0x00007fff51d4e000 	C:\Program Files\Java\jdk-17\bin\msvcp140.dll
0x00007ffed8db0000 - 0x00007ffed9991000 	C:\Program Files\Java\jdk-17\bin\server\jvm.dll
0x00007fff96d60000 - 0x00007fff96d68000 	C:\Windows\System32\PSAPI.DLL
0x00007fff7b5c0000 - 0x00007fff7b5c9000 	C:\Windows\SYSTEM32\WSOCK32.dll
0x00007fff91320000 - 0x00007fff91354000 	C:\Windows\SYSTEM32\WINMM.dll
0x00007fff969d0000 - 0x00007fff96a41000 	C:\Windows\System32\WS2_32.dll
0x00007fff94df0000 - 0x00007fff94e08000 	C:\Windows\SYSTEM32\kernel.appcore.dll
0x00007fff639c0000 - 0x00007fff639ca000 	C:\Program Files\Java\jdk-17\bin\jimage.dll
0x00007fff93670000 - 0x00007fff938a3000 	C:\Windows\SYSTEM32\DBGHELP.DLL
0x00007fff975b0000 - 0x00007fff97941000 	C:\Windows\System32\combase.dll
0x00007fff968f0000 - 0x00007fff969c8000 	C:\Windows\System32\OLEAUT32.dll
0x00007fff7f1c0000 - 0x00007fff7f1f2000 	C:\Windows\SYSTEM32\dbgcore.DLL
0x00007fff96200000 - 0x00007fff9627b000 	C:\Windows\System32\bcryptPrimitives.dll
0x00007fff62b30000 - 0x00007fff62b3e000 	C:\Program Files\Java\jdk-17\bin\instrument.dll
0x00007fff52ea0000 - 0x00007fff52ec5000 	C:\Program Files\Java\jdk-17\bin\java.dll
0x00007fff49830000 - 0x00007fff49907000 	C:\Program Files\Java\jdk-17\bin\jsvml.dll
0x00007fff98020000 - 0x00007fff988bc000 	C:\Windows\System32\SHELL32.dll
0x00007fff95f70000 - 0x00007fff960af000 	C:\Windows\System32\wintypes.dll
0x00007fff93c20000 - 0x00007fff9453a000 	C:\Windows\SYSTEM32\windows.storage.dll
0x00007fff989c0000 - 0x00007fff98ac4000 	C:\Windows\System32\SHCORE.dll
0x00007fff96cc0000 - 0x00007fff96d29000 	C:\Windows\System32\shlwapi.dll
0x00007fff95c90000 - 0x00007fff95cb5000 	C:\Windows\SYSTEM32\profapi.dll
0x00007fff53aa0000 - 0x00007fff53ab8000 	C:\Program Files\Java\jdk-17\bin\zip.dll
0x00007fff53890000 - 0x00007fff538a9000 	C:\Program Files\Java\jdk-17\bin\net.dll
0x00007fff91640000 - 0x00007fff9176c000 	C:\Windows\SYSTEM32\WINHTTP.dll
0x00007fff952b0000 - 0x00007fff95319000 	C:\Windows\system32\mswsock.dll
0x00007fff52bc0000 - 0x00007fff52bd6000 	C:\Program Files\Java\jdk-17\bin\nio.dll
0x00007fff61d70000 - 0x00007fff61d80000 	C:\Program Files\Java\jdk-17\bin\verify.dll
0x00007fff558f0000 - 0x00007fff55917000 	C:\Users\Windows 11\.gradle\native\1def1411415f61bf3af743bc5b6707747c0891f09f0c88961ee8f79bc544acac\windows-amd64\native-platform.dll
0x00007fff51c40000 - 0x00007fff51cb8000 	C:\Users\Windows 11\.gradle\native\0.2.7\x86_64-windows-gnu\gradle-fileevents.dll
0x00007fff61580000 - 0x00007fff6158a000 	C:\Program Files\Java\jdk-17\bin\management.dll
0x00007fff5c080000 - 0x00007fff5c08b000 	C:\Program Files\Java\jdk-17\bin\management_ext.dll
0x00007fff94810000 - 0x00007fff9483d000 	C:\Windows\SYSTEM32\IPHLPAPI.DLL
0x00007fff97580000 - 0x00007fff97589000 	C:\Windows\System32\NSI.dll
0x00007fff91d50000 - 0x00007fff91d69000 	C:\Windows\SYSTEM32\dhcpcsvc6.DLL
0x00007fff91620000 - 0x00007fff9163f000 	C:\Windows\SYSTEM32\dhcpcsvc.DLL
0x00007fff94880000 - 0x00007fff94978000 	C:\Windows\SYSTEM32\DNSAPI.dll
0x00007fff95600000 - 0x00007fff9561b000 	C:\Windows\SYSTEM32\CRYPTSP.dll
0x00007fff94d50000 - 0x00007fff94d87000 	C:\Windows\system32\rsaenh.dll
0x00007fff95350000 - 0x00007fff95378000 	C:\Windows\SYSTEM32\USERENV.dll
0x00007fff955e0000 - 0x00007fff955ec000 	C:\Windows\SYSTEM32\CRYPTBASE.dll
0x00007fff55d00000 - 0x00007fff55d0e000 	C:\Program Files\Java\jdk-17\bin\sunmscapi.dll
0x00007fff96280000 - 0x00007fff963e8000 	C:\Windows\System32\CRYPT32.dll
0x00007fff95720000 - 0x00007fff9574e000 	C:\Windows\SYSTEM32\ncrypt.dll
0x00007fff956e0000 - 0x00007fff95717000 	C:\Windows\SYSTEM32\NTASN1.dll
0x00007fff866b0000 - 0x00007fff866b8000 	C:\Windows\system32\wshunix.dll
0x00007fff8bc90000 - 0x00007fff8bc9a000 	C:\Windows\System32\rasadhlp.dll
0x00007fff8f0d0000 - 0x00007fff8f154000 	C:\Windows\System32\fwpuclnt.dll
0x00007fff73470000 - 0x00007fff73487000 	C:\Windows\system32\napinsp.dll
0x00007fff739d0000 - 0x00007fff739eb000 	C:\Windows\system32\pnrpnsp.dll
0x00007fff771c0000 - 0x00007fff771d1000 	C:\Windows\System32\winrnr.dll
0x00007fff74a20000 - 0x00007fff74a35000 	C:\Windows\system32\wshbth.dll
0x00007fff749f0000 - 0x00007fff74a11000 	C:\Windows\system32\nlansp_c.dll

dbghelp: loaded successfully - version: 4.0.5 - missing functions: none
symbol engine: initialized successfully - sym options: 0x614 - pdb path: .;C:\Program Files\Java\jdk-17\bin;C:\Windows\SYSTEM32;C:\Windows\WinSxS\amd64_microsoft.windows.common-controls_6595b64144ccf1df_6.0.22621.6060_none_2712eda17382d24b;C:\Program Files\Java\jdk-17\bin\server;C:\Users\Windows 11\.gradle\native\1def1411415f61bf3af743bc5b6707747c0891f09f0c88961ee8f79bc544acac\windows-amd64;C:\Users\Windows 11\.gradle\native\0.2.7\x86_64-windows-gnu

VM Arguments:
jvm_args: --add-opens=java.base/java.lang=ALL-UNNAMED --add-opens=java.base/java.lang.invoke=ALL-UNNAMED --add-opens=java.base/java.util=ALL-UNNAMED --add-opens=java.prefs/java.util.prefs=ALL-UNNAMED --add-exports=jdk.compiler/com.sun.tools.javac.api=ALL-UNNAMED --add-exports=jdk.compiler/com.sun.tools.javac.util=ALL-UNNAMED --add-opens=java.base/java.util=ALL-UNNAMED --add-opens=java.prefs/java.util.prefs=ALL-UNNAMED --add-opens=java.base/java.nio.charset=ALL-UNNAMED --add-opens=java.base/java.net=ALL-UNNAMED --add-opens=java.base/java.util.concurrent.atomic=ALL-UNNAMED --add-opens=java.xml/javax.xml.namespace=ALL-UNNAMED -XX:MaxMetaspaceSize=4G -XX:ReservedCodeCacheSize=512m -XX:+HeapDumpOnOutOfMemoryError -Xmx8G -Dfile.encoding=UTF-8 -Duser.country=ID -Duser.language=en -Duser.variant -javaagent:C:\Users\Windows 11\.gradle\wrapper\dists\gradle-8.14-all\c2qonpi39x1mddn7hk5gh9iqj\gradle-8.14\lib\agents\gradle-instrumentation-agent-8.14.jar 
java_command: org.gradle.launcher.daemon.bootstrap.GradleDaemon 8.14
java_class_path (initial): C:\Users\Windows 11\.gradle\wrapper\dists\gradle-8.14-all\c2qonpi39x1mddn7hk5gh9iqj\gradle-8.14\lib\gradle-daemon-main-8.14.jar
Launcher Type: SUN_STANDARD

[Global flags]
     intx CICompilerCount                          = 4                                         {product} {ergonomic}
     uint ConcGCThreads                            = 2                                         {product} {ergonomic}
     uint G1ConcRefinementThreads                  = 8                                         {product} {ergonomic}
   size_t G1HeapRegionSize                         = 4194304                                   {product} {ergonomic}
    uintx GCDrainStackTargetSize                   = 64                                        {product} {ergonomic}
     bool HeapDumpOnOutOfMemoryError               = true                                   {manageable} {command line}
   size_t InitialHeapSize                          = 134217728                                 {product} {ergonomic}
   size_t MarkStackSize                            = 4194304                                   {product} {ergonomic}
   size_t MaxHeapSize                              = 8589934592                                {product} {command line}
   size_t MaxMetaspaceSize                         = 4294967296                                {product} {command line}
   size_t MaxNewSize                               = 5150605312                                {product} {ergonomic}
   size_t MinHeapDeltaBytes                        = 4194304                                   {product} {ergonomic}
   size_t MinHeapSize                              = 8388608                                   {product} {ergonomic}
    uintx NonNMethodCodeHeapSize                   = 5839372                                {pd product} {ergonomic}
    uintx NonProfiledCodeHeapSize                  = 265515770                              {pd product} {ergonomic}
    uintx ProfiledCodeHeapSize                     = 265515770                              {pd product} {ergonomic}
    uintx ReservedCodeCacheSize                    = 536870912                              {pd product} {command line}
     bool SegmentedCodeCache                       = true                                      {product} {ergonomic}
   size_t SoftMaxHeapSize                          = 8589934592                             {manageable} {ergonomic}
   double SweeperThreshold                         = 0.234375                                  {product} {ergonomic}
     bool UseCompressedClassPointers               = true                           {product lp64_product} {ergonomic}
     bool UseCompressedOops                        = true                           {product lp64_product} {ergonomic}
     bool UseG1GC                                  = true                                      {product} {ergonomic}
     bool UseLargePagesIndividualAllocation        = false                                  {pd product} {ergonomic}

Logging:
Log output configuration:
 #0: stdout all=warning uptime,level,tags
 #1: stderr all=off uptime,level,tags

Environment Variables:
PATH=C:\Program Files\Common Files\Oracle\Java\javapath;C:\Windows\system32;C:\Windows;C:\Windows\System32\Wbem;C:\Windows\System32\WindowsPowerShell\v1.0\;C:\Windows\System32\OpenSSH\;C:\Program Files\Intel\WiFi\bin\;C:\Program Files\Common Files\Intel\WirelessCommon\;C:\Users\Windows 11\AppData\Local\Programs\Python\Python312;C:\Users\Windows 11\AppData\Local\Programs\Python\Python312\Scripts;C:\Program Files\dotnet\;C:\msys64\ucrt64\bin\;D:\Nodejs\;D:\Git\cmd;D:\SEMESTER 3 TEKNIK INFORMATIKA\KOMPUTER GRAFIK\PRAKTEK\dotnet;D:\Downloads\php-8.4.12-Win32-vs17-x64;D:\SEMESTER 3 TEKNIK INFORMATIKA\PROYEK-3-PBO\ComposerSetup;C:\Program Files\Java\jdk-17\bin;D:\xampp\php;D:\SEMESTER 3 TEKNIK INFORMATIKA\PEMROGRAMAN-BERORIENTASI-OBJECT\maven\maven-mvnd-1.0.3-windows-amd64\mvn\bin;C:\Program Files\Docker\Docker\resources\bin;D:\UNIT-TECNO\Android\Sdk;D:\UNIT-TECNO\Flutter\Tools\cmdline-tools\latest\bin;D:\Downloads\flutter_windows_3.29.0-stable\flutter\bin;C:\Users\Windows 11\scoop\shims;C:\Users\Windows 11\AppData\Local\Programs\Python\Python313\Scripts\;C:\Users\Windows 11\AppData\Local\Programs\Python\Python313\;C:\Users\Windows 11\AppData\Local\Programs\Python\Launcher\;C:\Users\Windows 11\AppData\Local\Microsoft\WindowsApps;D:\Microsoft VS Code\bin;C:\Users\Windows 11\AppData\Local\Programs\Python\Python312;C:\Users\Windows 11\AppData\Local\Programs\Python\Python312\Scripts;C:\Users\Windows 11\scoop\apps\scoop\current\bin\;C:\Users\Windows 11\scoop\apps\make\4.4.1\bin;C:\msys64\ucrt64\bin\;D:\IntelliJ IDEA 2024.3.1.1\bin;;D:\Downloads\kotlin-compiler-2.1.10\kotlinc\bin;C:\Users\Windows 11\AppData\Local\GitHubDesktop\bin;D:\Downloads\kotlin-compiler-2.1.10\kotlinc\lib;C:\msys64\usr\bin;C:\Users\Windows 11\AppData\Roaming\npm;C:\Users\Windows 11\.dotnet\tools;C:\Users\Windows 11\AppData\Roaming\Composer\vendor\bin;D:\Antigravity\bin;C:\Program Files (x86)\MongoDB Atlas CLI\
USERNAME=Windows 11
OS=Windows_NT
PROCESSOR_IDENTIFIER=Intel64 Family 6 Model 142 Stepping 10, GenuineIntel



---------------  S Y S T E M  ---------------

OS:
 Windows 11 , 64 bit Build 22621 (10.0.22621.5415)
OS uptime: 0 days 16:35 hours
Hyper-V role detected

CPU: total 8 (initial active 8) (4 cores per cpu, 2 threads per core) family 6 model 142 stepping 10 microcode 0xf6, cx8, cmov, fxsr, ht, mmx, 3dnowpref, sse, sse2, sse3, ssse3, sse4.1, sse4.2, popcnt, lzcnt, tsc, tscinvbit, avx, avx2, aes, erms, clmul, bmi1, bmi2, rtm, adx, fma, vzeroupper, clflush, clflushopt, hv

Memory: 4k page, system-wide physical 8071M (577M free)
TotalPageFile size 14837M (AvailPageFile size 4M)
current process WorkingSet (physical memory assigned to process): 905M, peak: 906M
current process commit charge ("private bytes"): 958M, peak: 962M

vm_info: Java HotSpot(TM) 64-Bit Server VM (17.0.14+8-LTS-191) for windows-amd64 JRE (17.0.14+8-LTS-191), built on Dec  3 2024 11:07:59 by "mach5one" with MS VC++ 17.6 (VS2022)

END.
