#
# There is insufficient memory for the Java Runtime Environment to continue.
# Native memory allocation (malloc) failed to allocate 1734416 bytes for Chunk::new
# Possible reasons:
#   The system is out of physical RAM or swap space
#   The process is running with CompressedOops enabled, and the Java Heap may be blocking the growth of the native heap
# Possible solutions:
#   Reduce memory load on the system
#   Increase physical memory or swap space
#   Check if swap backing store is full
#   Decrease Java heap size (-Xmx/-Xms)
#   Decrease number of Java threads
#   Decrease Java thread stack sizes (-Xss)
#   Set larger code cache with -XX:ReservedCodeCacheSize=
#   JVM is running with Zero Based Compressed Oops mode in which the Java heap is
#     placed in the first 32GB address space. The Java Heap base address is the
#     maximum limit for the native heap growth. Please use -XX:HeapBaseMinAddress
#     to set the Java Heap base and to place the Java Heap above 32GB virtual address.
# This output file may be truncated or incomplete.
#
#  Out of Memory Error (arena.cpp:189), pid=22004, tid=17288
#
# JRE version: Java(TM) SE Runtime Environment (17.0.14+8) (build 17.0.14+8-LTS-191)
# Java VM: Java HotSpot(TM) 64-Bit Server VM (17.0.14+8-LTS-191, mixed mode, sharing, tiered, compressed oops, compressed class ptrs, g1 gc, windows-amd64)
# No core dump will be written. Minidumps are not enabled by default on client versions of Windows
#

---------------  S U M M A R Y ------------

Command Line: --add-opens=java.base/java.lang=ALL-UNNAMED --add-opens=java.base/java.lang.invoke=ALL-UNNAMED --add-opens=java.base/java.util=ALL-UNNAMED --add-opens=java.prefs/java.util.prefs=ALL-UNNAMED --add-exports=jdk.compiler/com.sun.tools.javac.api=ALL-UNNAMED --add-exports=jdk.compiler/com.sun.tools.javac.util=ALL-UNNAMED --add-opens=java.base/java.util=ALL-UNNAMED --add-opens=java.prefs/java.util.prefs=ALL-UNNAMED --add-opens=java.base/java.nio.charset=ALL-UNNAMED --add-opens=java.base/java.net=ALL-UNNAMED --add-opens=java.base/java.util.concurrent.atomic=ALL-UNNAMED --add-opens=java.xml/javax.xml.namespace=ALL-UNNAMED -XX:MaxMetaspaceSize=4G -XX:ReservedCodeCacheSize=512m -XX:+HeapDumpOnOutOfMemoryError -Xmx8G -Dfile.encoding=UTF-8 -Duser.country=ID -Duser.language=en -Duser.variant -javaagent:C:\Users\Windows 11\.gradle\wrapper\dists\gradle-8.14-all\c2qonpi39x1mddn7hk5gh9iqj\gradle-8.14\lib\agents\gradle-instrumentation-agent-8.14.jar org.gradle.launcher.daemon.bootstrap.GradleDaemon 8.14

Host: Intel(R) Core(TM) i5-8350U CPU @ 1.70GHz, 8 cores, 7G,  Windows 11 , 64 bit Build 22621 (10.0.22621.5415)
Time: Wed Mar 11 21:21:33 2026 SE Asia Standard Time elapsed time: 46.327557 seconds (0d 0h 0m 46s)

---------------  T H R E A D  ---------------

Current thread (0x000001b1b8702fb0):  JavaThread "C2 CompilerThread2" daemon [_thread_in_native, id=17288, stack(0x00000041f8100000,0x00000041f8200000)]


Current CompileTask:
C2:  46328 18026       4       org.gradle.api.internal.artifacts.ivyservice.resolveengine.graph.builder.DependencyGraphBuilder::resolveEdges (47 bytes)

Stack: [0x00000041f8100000,0x00000041f8200000]
Native frames: (J=compiled Java code, j=interpreted, Vv=VM code, C=native code)
V  [jvm.dll+0x67a38a]
V  [jvm.dll+0x7da7ed]
V  [jvm.dll+0x7dc133]
V  [jvm.dll+0x7dc7a3]
V  [jvm.dll+0x24517f]
V  [jvm.dll+0xab773]
V  [jvm.dll+0xabd3c]
V  [jvm.dll+0x361dff]
V  [jvm.dll+0x1ba28a]
V  [jvm.dll+0x216a97]
V  [jvm.dll+0x215d6f]
V  [jvm.dll+0x1a2950]
V  [jvm.dll+0x22620b]
V  [jvm.dll+0x2243ab]
V  [jvm.dll+0x790bbc]
V  [jvm.dll+0x78b04a]
V  [jvm.dll+0x679275]
C  [ucrtbase.dll+0x29333]
C  [KERNEL32.DLL+0x1259d]
C  [ntdll.dll+0x5af78]


---------------  P R O C E S S  ---------------

Threads class SMR info:
_java_thread_list=0x000001b1bbf12d70, length=141, elements={
0x000001b1334b5bb0, 0x000001b1706aab90, 0x000001b1706aba10, 0x000001b1706bb540,
0x000001b1706bc260, 0x000001b1706bd630, 0x000001b1706c1410, 0x000001b1706c56b0,
0x000001b1706cf190, 0x000001b1706cfb90, 0x000001b1706976d0, 0x000001b1b61a0d70,
0x000001b1b72e9d00, 0x000001b1b72ea210, 0x000001b1b72e83b0, 0x000001b1b72eb140,
0x000001b1b72e88c0, 0x000001b1b72eb650, 0x000001b1b72ebb60, 0x000001b1b7fc7500,
0x000001b1b7fcb1c0, 0x000001b1b7fc9870, 0x000001b1b7fc9d80, 0x000001b1b7fcd530,
0x000001b1b7fcacb0, 0x000001b1b7fc8430, 0x000001b1b7fcc600, 0x000001b1b7fc8940,
0x000001b1b7fcb6d0, 0x000001b1b7fc8e50, 0x000001b1b7fc9360, 0x000001b1b63488d0,
0x000001b1b6345630, 0x000001b1b64147f0, 0x000001b1b634ac40, 0x000001b1b6414d00,
0x000001b1b6415210, 0x000001b1b6411040, 0x000001b1b6412990, 0x000001b1b6415720,
0x000001b1b6411550, 0x000001b1b64138c0, 0x000001b1b6416b60, 0x000001b1b6411f70,
0x000001b1b6410b30, 0x000001b1b6412ea0, 0x000001b1b8709f40, 0x000001b1b8702fb0,
0x000001b1b6416650, 0x000001b1b6412480, 0x000001b1b6410110, 0x000001b1b6413dd0,
0x000001b1b6415c30, 0x000001b1b64133b0, 0x000001b1b64142e0, 0x000001b1b6410620,
0x000001b1b6416140, 0x000001b1b6417070, 0x000001b1b6417580, 0x000001b1b6344c10,
0x000001b1b6345120, 0x000001b1b63479a0, 0x000001b1b634a220, 0x000001b1b6345b40,
0x000001b1b6346050, 0x000001b1b6349d10, 0x000001b1b6347eb0, 0x000001b1b6346560,
0x000001b1b634a730, 0x000001b1b634b150, 0x000001b1b6343ce0, 0x000001b1b6346a70,
0x000001b1b634b660, 0x000001b1b6347490, 0x000001b1b63483c0, 0x000001b1b63441f0,
0x000001b1b6344700, 0x000001b1b6348de0, 0x000001b1bdc61160, 0x000001b1bdc61670,
0x000001b1bdc62090, 0x000001b1bdc5c060, 0x000001b1bdc5e8e0, 0x000001b1bdc5c570,
0x000001b1bdc5edf0, 0x000001b1bdc5dec0, 0x000001b1bdc62ab0, 0x000001b1bdc5e3d0,
0x000001b1bdc62fc0, 0x000001b1bdc5ca80, 0x000001b1bdc5d9b0, 0x000001b1bdc634d0,
0x000001b1bdc5fd20, 0x000001b1bdc60230, 0x000001b1bdc639e0, 0x000001b1bdc5cf90,
0x000001b1bdc60740, 0x000001b1bd660230, 0x000001b1bd661160, 0x000001b1bd65ac20,
0x000001b1bd65d4a0, 0x000001b1bd65e3d0, 0x000001b1bd65f300, 0x000001b1bd65d9b0,
0x000001b1bd65f810, 0x000001b1bd65bb50, 0x000001b1bd65fd20, 0x000001b1bd65b640,
0x000001b1bd660740, 0x000001b1bd65c060, 0x000001b1bd65dec0, 0x000001b1b7fca290,
0x000001b1b7fca7a0, 0x000001b1b7fcbbe0, 0x000001b1b7fcc0f0, 0x000001b1b7fccb10,
0x000001b1b7fcd020, 0x000001b1b7fcda40, 0x000001b1b7fc65d0, 0x000001b1b7fc6ff0,
0x000001b1b72e8dd0, 0x000001b1b72eac30, 0x000001b1b72ea720, 0x000001b1b72e92e0,
0x000001b1b86bc4d0, 0x000001b1b86be330, 0x000001b1b86bbab0, 0x000001b1b86c1ff0,
0x000001b1b86c10c0, 0x000001b1b86c15d0, 0x000001b1b86c2500, 0x000001b1b86c06a0,
0x000001b1b86be840, 0x000001b1b86bcef0, 0x000001b1b86bf260, 0x000001b1b86bb5a0,
0x000001b1b86bf770, 0x000001b1b86bfc80, 0x000001b1b86c0190, 0x000001b1b86c1ae0,
0x000001b1b86bed50
}

Java Threads: ( => current thread )
  0x000001b1334b5bb0 JavaThread "main" [_thread_blocked, id=15456, stack(0x00000041f4600000,0x00000041f4700000)]
  0x000001b1706aab90 JavaThread "Reference Handler" daemon [_thread_blocked, id=17096, stack(0x00000041f4d00000,0x00000041f4e00000)]
  0x000001b1706aba10 JavaThread "Finalizer" daemon [_thread_blocked, id=7272, stack(0x00000041f4e00000,0x00000041f4f00000)]
  0x000001b1706bb540 JavaThread "Signal Dispatcher" daemon [_thread_blocked, id=18144, stack(0x00000041f4f00000,0x00000041f5000000)]
  0x000001b1706bc260 JavaThread "Attach Listener" daemon [_thread_blocked, id=12240, stack(0x00000041f5000000,0x00000041f5100000)]
  0x000001b1706bd630 JavaThread "Service Thread" daemon [_thread_blocked, id=18280, stack(0x00000041f5100000,0x00000041f5200000)]
  0x000001b1706c1410 JavaThread "Monitor Deflation Thread" daemon [_thread_blocked, id=6112, stack(0x00000041f5200000,0x00000041f5300000)]
  0x000001b1706c56b0 JavaThread "C2 CompilerThread0" daemon [_thread_in_native, id=20112, stack(0x00000041f5300000,0x00000041f5400000)]
  0x000001b1706cf190 JavaThread "C1 CompilerThread0" daemon [_thread_blocked, id=19624, stack(0x00000041f5400000,0x00000041f5500000)]
  0x000001b1706cfb90 JavaThread "Sweeper thread" daemon [_thread_blocked, id=16996, stack(0x00000041f5500000,0x00000041f5600000)]
  0x000001b1706976d0 JavaThread "Common-Cleaner" daemon [_thread_blocked, id=21120, stack(0x00000041f5600000,0x00000041f5700000)]
  0x000001b1b61a0d70 JavaThread "Notification Thread" daemon [_thread_blocked, id=2944, stack(0x00000041f5700000,0x00000041f5800000)]
  0x000001b1b72e9d00 JavaThread "Daemon health stats" [_thread_blocked, id=17320, stack(0x00000041f5e00000,0x00000041f5f00000)]
  0x000001b1b72ea210 JavaThread "Incoming local TCP Connector on port 63984" [_thread_in_native, id=17236, stack(0x00000041f5900000,0x00000041f5a00000)]
  0x000001b1b72e83b0 JavaThread "Daemon periodic checks" [_thread_blocked, id=9740, stack(0x00000041f5f00000,0x00000041f6000000)]
  0x000001b1b72eb140 JavaThread "Daemon" [_thread_blocked, id=3480, stack(0x00000041f6000000,0x00000041f6100000)]
  0x000001b1b72e88c0 JavaThread "Daemon worker" [_thread_in_Java, id=18828, stack(0x00000041f6300000,0x00000041f6400000)]
  0x000001b1b72eb650 JavaThread "Cache worker for journal cache (C:\Users\Windows 11\.gradle\caches\journal-1)" [_thread_blocked, id=22184, stack(0x00000041f6700000,0x00000041f6800000)]
  0x000001b1b72ebb60 JavaThread "File lock request listener" [_thread_in_native, id=4892, stack(0x00000041f6800000,0x00000041f6900000)]
  0x000001b1b7fc7500 JavaThread "Cache worker for file hash cache (C:\Users\Windows 11\.gradle\caches\8.14\fileHashes)" [_thread_blocked, id=18344, stack(0x00000041f6a00000,0x00000041f6b00000)]
  0x000001b1b7fcb1c0 JavaThread "File watcher server" daemon [_thread_in_native, id=7488, stack(0x00000041f7200000,0x00000041f7300000)]
  0x000001b1b7fc9870 JavaThread "File watcher consumer" daemon [_thread_blocked, id=13324, stack(0x00000041f7300000,0x00000041f7400000)]
  0x000001b1b7fc9d80 JavaThread "jar transforms" [_thread_blocked, id=13812, stack(0x00000041f7400000,0x00000041f7500000)]
  0x000001b1b7fcd530 JavaThread "jar transforms Thread 2" [_thread_blocked, id=16296, stack(0x00000041f7500000,0x00000041f7600000)]
  0x000001b1b7fcacb0 JavaThread "jar transforms Thread 3" [_thread_blocked, id=1224, stack(0x00000041f7600000,0x00000041f7700000)]
  0x000001b1b7fc8430 JavaThread "jar transforms Thread 4" [_thread_blocked, id=21884, stack(0x00000041f7700000,0x00000041f7800000)]
  0x000001b1b7fcc600 JavaThread "Cache worker for file content cache (C:\Users\Windows 11\.gradle\caches\8.14\fileContent)" [_thread_blocked, id=14188, stack(0x00000041f7900000,0x00000041f7a00000)]
  0x000001b1b7fc8940 JavaThread "jar transforms Thread 5" [_thread_blocked, id=788, stack(0x00000041f7a00000,0x00000041f7b00000)]
  0x000001b1b7fcb6d0 JavaThread "jar transforms Thread 6" [_thread_blocked, id=18252, stack(0x00000041f7b00000,0x00000041f7c00000)]
  0x000001b1b7fc8e50 JavaThread "jar transforms Thread 7" [_thread_blocked, id=19420, stack(0x00000041f7c00000,0x00000041f7d00000)]
  0x000001b1b7fc9360 JavaThread "jar transforms Thread 8" [_thread_blocked, id=20128, stack(0x00000041f7d00000,0x00000041f7e00000)]
  0x000001b1b63488d0 JavaThread "Memory manager" [_thread_blocked, id=15376, stack(0x00000041f9600000,0x00000041f9700000)]
  0x000001b1b6345630 JavaThread "included builds" [_thread_blocked, id=19960, stack(0x00000041f9800000,0x00000041f9900000)]
  0x000001b1b64147f0 JavaThread "VFS cleanup" [_thread_blocked, id=6760, stack(0x00000041f6400000,0x00000041f6500000)]
  0x000001b1b634ac40 JavaThread "included builds" [_thread_blocked, id=19464, stack(0x00000041f9100000,0x00000041f9200000)]
  0x000001b1b6414d00 JavaThread "Handler for socket connection from /127.0.0.1:63984 to /127.0.0.1:57419" [_thread_in_native, id=9480, stack(0x00000041f6100000,0x00000041f6200000)]
  0x000001b1b6415210 JavaThread "Cancel handler" [_thread_blocked, id=3076, stack(0x00000041f6200000,0x00000041f6300000)]
  0x000001b1b6411040 JavaThread "Asynchronous log dispatcher for DefaultDaemonConnection: socket connection from /127.0.0.1:63984 to /127.0.0.1:57419" [_thread_blocked, id=12864, stack(0x00000041f6500000,0x00000041f6600000)]
  0x000001b1b6412990 JavaThread "Stdin handler" [_thread_blocked, id=14284, stack(0x00000041f6600000,0x00000041f6700000)]
  0x000001b1b6415720 JavaThread "Daemon client event forwarder" [_thread_in_native, id=12920, stack(0x00000041f6900000,0x00000041f6a00000)]
  0x000001b1b6411550 JavaThread "Cache worker for file hash cache (D:\SEMESTER 4 TEKNIK INFORMATIKA\PROYEK_4_MOOBILE_DEV\GIT\PY4_2C_D3_2024\MODUL_5\logbook_app_071\android\.gradle\8.14\fileHashes)" [_thread_blocked, id=17416, stack(0x00000041f6e00000,0x00000041f6f00000)]
  0x000001b1b64138c0 JavaThread "Cache worker for Build Output Cleanup Cache (D:\SEMESTER 4 TEKNIK INFORMATIKA\PROYEK_4_MOOBILE_DEV\GIT\PY4_2C_D3_2024\MODUL_5\logbook_app_071\android\.gradle\buildOutputCleanup)" [_thread_blocked, id=164, stack(0x00000041f6f00000,0x00000041f7000000)]
  0x000001b1b6416b60 JavaThread "Cache worker for checksums cache (D:\SEMESTER 4 TEKNIK INFORMATIKA\PROYEK_4_MOOBILE_DEV\GIT\PY4_2C_D3_2024\MODUL_5\logbook_app_071\android\.gradle\8.14\checksums)" [_thread_blocked, id=12416, stack(0x00000041f7000000,0x00000041f7100000)]
  0x000001b1b6411f70 JavaThread "Cache worker for cache directory md-supplier (C:\Users\Windows 11\.gradle\caches\8.14\md-supplier)" [_thread_blocked, id=17812, stack(0x00000041f7800000,0x00000041f7900000)]
  0x000001b1b6410b30 JavaThread "Cache worker for cache directory md-rule (C:\Users\Windows 11\.gradle\caches\8.14\md-rule)" [_thread_blocked, id=15428, stack(0x00000041f7e00000,0x00000041f7f00000)]
  0x000001b1b6412ea0 JavaThread "Cache worker for Build Output Cleanup Cache (D:\Downloads\flutter_windows_3.29.0-stable\flutter\packages\flutter_tools\gradle\.gradle\buildOutputCleanup)" [_thread_blocked, id=17996, stack(0x00000041f7f00000,0x00000041f8000000)]
  0x000001b1b8709f40 JavaThread "C2 CompilerThread1" daemon [_thread_blocked, id=21720, stack(0x00000041f8000000,0x00000041f8100000)]
=>0x000001b1b8702fb0 JavaThread "C2 CompilerThread2" daemon [_thread_in_native, id=17288, stack(0x00000041f8100000,0x00000041f8200000)]
  0x000001b1b6416650 JavaThread "Unconstrained build operations" [_thread_blocked, id=16468, stack(0x00000041f8200000,0x00000041f8300000)]
  0x000001b1b6412480 JavaThread "Unconstrained build operations Thread 2" [_thread_blocked, id=16144, stack(0x00000041f8300000,0x00000041f8400000)]
  0x000001b1b6410110 JavaThread "Unconstrained build operations Thread 3" [_thread_blocked, id=21688, stack(0x00000041f8400000,0x00000041f8500000)]
  0x000001b1b6413dd0 JavaThread "Unconstrained build operations Thread 4" [_thread_blocked, id=17740, stack(0x00000041f8500000,0x00000041f8600000)]
  0x000001b1b6415c30 JavaThread "Unconstrained build operations Thread 5" [_thread_blocked, id=12348, stack(0x00000041f8600000,0x00000041f8700000)]
  0x000001b1b64133b0 JavaThread "Unconstrained build operations Thread 6" [_thread_blocked, id=296, stack(0x00000041f8700000,0x00000041f8800000)]
  0x000001b1b64142e0 JavaThread "Unconstrained build operations Thread 7" [_thread_blocked, id=11524, stack(0x00000041f8800000,0x00000041f8900000)]
  0x000001b1b6410620 JavaThread "Unconstrained build operations Thread 8" [_thread_blocked, id=17468, stack(0x00000041f8900000,0x00000041f8a00000)]
  0x000001b1b6416140 JavaThread "Unconstrained build operations Thread 9" [_thread_blocked, id=2156, stack(0x00000041f8a00000,0x00000041f8b00000)]
  0x000001b1b6417070 JavaThread "Unconstrained build operations Thread 10" [_thread_blocked, id=11588, stack(0x00000041f8b00000,0x00000041f8c00000)]
  0x000001b1b6417580 JavaThread "Unconstrained build operations Thread 11" [_thread_blocked, id=15424, stack(0x00000041f8c00000,0x00000041f8d00000)]
  0x000001b1b6344c10 JavaThread "Unconstrained build operations Thread 12" [_thread_blocked, id=18576, stack(0x00000041f8d00000,0x00000041f8e00000)]
  0x000001b1b6345120 JavaThread "Unconstrained build operations Thread 13" [_thread_blocked, id=1788, stack(0x00000041f8e00000,0x00000041f8f00000)]
  0x000001b1b63479a0 JavaThread "Unconstrained build operations Thread 14" [_thread_blocked, id=2968, stack(0x00000041f8f00000,0x00000041f9000000)]
  0x000001b1b634a220 JavaThread "build event listener" [_thread_blocked, id=11808, stack(0x00000041f9000000,0x00000041f9100000)]
  0x000001b1b6345b40 JavaThread "included builds" [_thread_blocked, id=15820, stack(0x00000041f9200000,0x00000041f9300000)]
  0x000001b1b6346050 JavaThread "Execution worker" [_thread_blocked, id=13468, stack(0x00000041f9300000,0x00000041f9400000)]
  0x000001b1b6349d10 JavaThread "Execution worker Thread 2" [_thread_blocked, id=10940, stack(0x00000041f9400000,0x00000041f9500000)]
  0x000001b1b6347eb0 JavaThread "Execution worker Thread 3" [_thread_blocked, id=2296, stack(0x00000041f9500000,0x00000041f9600000)]
  0x000001b1b6346560 JavaThread "Execution worker Thread 4" [_thread_blocked, id=16848, stack(0x00000041f9700000,0x00000041f9800000)]
  0x000001b1b634a730 JavaThread "Execution worker Thread 5" [_thread_blocked, id=21340, stack(0x00000041f9900000,0x00000041f9a00000)]
  0x000001b1b634b150 JavaThread "Execution worker Thread 6" [_thread_blocked, id=19868, stack(0x00000041f9a00000,0x00000041f9b00000)]
  0x000001b1b6343ce0 JavaThread "Execution worker Thread 7" [_thread_blocked, id=21216, stack(0x00000041f9b00000,0x00000041f9c00000)]
  0x000001b1b6346a70 JavaThread "Cache worker for execution history cache (D:\Downloads\flutter_windows_3.29.0-stable\flutter\packages\flutter_tools\gradle\.gradle\8.14\executionHistory)" [_thread_blocked, id=20152, stack(0x00000041f9c00000,0x00000041f9d00000)]
  0x000001b1b634b660 JavaThread "Unconstrained build operations Thread 15" [_thread_blocked, id=10684, stack(0x00000041f9d00000,0x00000041f9e00000)]
  0x000001b1b6347490 JavaThread "Unconstrained build operations Thread 16" [_thread_blocked, id=11720, stack(0x00000041f9e00000,0x00000041f9f00000)]
  0x000001b1b63483c0 JavaThread "Unconstrained build operations Thread 17" [_thread_blocked, id=17768, stack(0x00000041f9f00000,0x00000041fa000000)]
  0x000001b1b63441f0 JavaThread "Unconstrained build operations Thread 18" [_thread_blocked, id=4568, stack(0x00000041fa000000,0x00000041fa100000)]
  0x000001b1b6344700 JavaThread "Unconstrained build operations Thread 19" [_thread_blocked, id=18092, stack(0x00000041fa100000,0x00000041fa200000)]
  0x000001b1b6348de0 JavaThread "Unconstrained build operations Thread 20" [_thread_blocked, id=21976, stack(0x00000041fa200000,0x00000041fa300000)]
  0x000001b1bdc61160 JavaThread "Unconstrained build operations Thread 21" [_thread_blocked, id=15716, stack(0x00000041fa300000,0x00000041fa400000)]
  0x000001b1bdc61670 JavaThread "Unconstrained build operations Thread 22" [_thread_blocked, id=5356, stack(0x00000041fa400000,0x00000041fa500000)]
  0x000001b1bdc62090 JavaThread "Unconstrained build operations Thread 23" [_thread_blocked, id=10856, stack(0x00000041fa500000,0x00000041fa600000)]
  0x000001b1bdc5c060 JavaThread "Unconstrained build operations Thread 24" [_thread_blocked, id=1260, stack(0x00000041fa600000,0x00000041fa700000)]
  0x000001b1bdc5e8e0 JavaThread "Unconstrained build operations Thread 25" [_thread_blocked, id=21076, stack(0x00000041fa700000,0x00000041fa800000)]
  0x000001b1bdc5c570 JavaThread "Unconstrained build operations Thread 26" [_thread_blocked, id=22068, stack(0x00000041fa800000,0x00000041fa900000)]
  0x000001b1bdc5edf0 JavaThread "Unconstrained build operations Thread 27" [_thread_blocked, id=20040, stack(0x00000041fa900000,0x00000041faa00000)]
  0x000001b1bdc5dec0 JavaThread "Unconstrained build operations Thread 28" [_thread_blocked, id=9828, stack(0x00000041faa00000,0x00000041fab00000)]
  0x000001b1bdc62ab0 JavaThread "Unconstrained build operations Thread 29" [_thread_blocked, id=18376, stack(0x00000041fab00000,0x00000041fac00000)]
  0x000001b1bdc5e3d0 JavaThread "Unconstrained build operations Thread 30" [_thread_blocked, id=15724, stack(0x00000041fac00000,0x00000041fad00000)]
  0x000001b1bdc62fc0 JavaThread "Unconstrained build operations Thread 31" [_thread_blocked, id=18820, stack(0x00000041fad00000,0x00000041fae00000)]
  0x000001b1bdc5ca80 JavaThread "Unconstrained build operations Thread 32" [_thread_blocked, id=3776, stack(0x00000041fae00000,0x00000041faf00000)]
  0x000001b1bdc5d9b0 JavaThread "Unconstrained build operations Thread 33" [_thread_blocked, id=19008, stack(0x00000041faf00000,0x00000041fb000000)]
  0x000001b1bdc634d0 JavaThread "Unconstrained build operations Thread 34" [_thread_blocked, id=22172, stack(0x00000041fb000000,0x00000041fb100000)]
  0x000001b1bdc5fd20 JavaThread "Unconstrained build operations Thread 35" [_thread_blocked, id=3532, stack(0x00000041fb100000,0x00000041fb200000)]
  0x000001b1bdc60230 JavaThread "Unconstrained build operations Thread 36" [_thread_blocked, id=20292, stack(0x00000041fb200000,0x00000041fb300000)]
  0x000001b1bdc639e0 JavaThread "Unconstrained build operations Thread 37" [_thread_blocked, id=18360, stack(0x00000041fb300000,0x00000041fb400000)]
  0x000001b1bdc5cf90 JavaThread "Unconstrained build operations Thread 38" [_thread_blocked, id=2308, stack(0x00000041fb400000,0x00000041fb500000)]
  0x000001b1bdc60740 JavaThread "Unconstrained build operations Thread 39" [_thread_blocked, id=16812, stack(0x00000041fb500000,0x00000041fb600000)]
  0x000001b1bd660230 JavaThread "Unconstrained build operations Thread 40" [_thread_blocked, id=6900, stack(0x00000041fb600000,0x00000041fb700000)]
  0x000001b1bd661160 JavaThread "Unconstrained build operations Thread 41" [_thread_blocked, id=12776, stack(0x00000041fb700000,0x00000041fb800000)]
  0x000001b1bd65ac20 JavaThread "Unconstrained build operations Thread 42" [_thread_blocked, id=22272, stack(0x00000041fb800000,0x00000041fb900000)]
  0x000001b1bd65d4a0 JavaThread "Unconstrained build operations Thread 43" [_thread_blocked, id=17180, stack(0x00000041fb900000,0x00000041fba00000)]
  0x000001b1bd65e3d0 JavaThread "Unconstrained build operations Thread 44" [_thread_blocked, id=3512, stack(0x00000041fba00000,0x00000041fbb00000)]
  0x000001b1bd65f300 JavaThread "build event listener" [_thread_blocked, id=9468, stack(0x00000041fbb00000,0x00000041fbc00000)]
  0x000001b1bd65d9b0 JavaThread "Unconstrained build operations Thread 45" [_thread_blocked, id=20616, stack(0x00000041fbc00000,0x00000041fbd00000)]
  0x000001b1bd65f810 JavaThread "Unconstrained build operations Thread 46" [_thread_blocked, id=17200, stack(0x00000041fbd00000,0x00000041fbe00000)]
  0x000001b1bd65bb50 JavaThread "Unconstrained build operations Thread 47" [_thread_blocked, id=21768, stack(0x00000041fbe00000,0x00000041fbf00000)]
  0x000001b1bd65fd20 JavaThread "Unconstrained build operations Thread 48" [_thread_blocked, id=9664, stack(0x00000041fbf00000,0x00000041fc000000)]
  0x000001b1bd65b640 JavaThread "Unconstrained build operations Thread 49" [_thread_blocked, id=9852, stack(0x00000041fc000000,0x00000041fc100000)]
  0x000001b1bd660740 JavaThread "Unconstrained build operations Thread 50" [_thread_blocked, id=10568, stack(0x00000041fc100000,0x00000041fc200000)]
  0x000001b1bd65c060 JavaThread "Unconstrained build operations Thread 51" [_thread_blocked, id=22372, stack(0x00000041fc200000,0x00000041fc300000)]
  0x000001b1bd65dec0 JavaThread "Unconstrained build operations Thread 52" [_thread_blocked, id=20772, stack(0x00000041fc300000,0x00000041fc400000)]
  0x000001b1b7fca290 JavaThread "Unconstrained build operations Thread 53" [_thread_blocked, id=18260, stack(0x00000041fc400000,0x00000041fc500000)]
  0x000001b1b7fca7a0 JavaThread "Unconstrained build operations Thread 54" [_thread_blocked, id=10796, stack(0x00000041fc500000,0x00000041fc600000)]
  0x000001b1b7fcbbe0 JavaThread "Unconstrained build operations Thread 55" [_thread_blocked, id=22240, stack(0x00000041fc600000,0x00000041fc700000)]
  0x000001b1b7fcc0f0 JavaThread "Unconstrained build operations Thread 56" [_thread_blocked, id=13716, stack(0x00000041fc700000,0x00000041fc800000)]
  0x000001b1b7fccb10 JavaThread "Unconstrained build operations Thread 57" [_thread_blocked, id=10720, stack(0x00000041fc800000,0x00000041fc900000)]
  0x000001b1b7fcd020 JavaThread "Unconstrained build operations Thread 58" [_thread_blocked, id=11600, stack(0x00000041fc900000,0x00000041fca00000)]
  0x000001b1b7fcda40 JavaThread "Unconstrained build operations Thread 59" [_thread_blocked, id=15420, stack(0x00000041fca00000,0x00000041fcb00000)]
  0x000001b1b7fc65d0 JavaThread "Unconstrained build operations Thread 60" [_thread_blocked, id=15432, stack(0x00000041fcb00000,0x00000041fcc00000)]
  0x000001b1b7fc6ff0 JavaThread "Unconstrained build operations Thread 61" [_thread_blocked, id=16788, stack(0x00000041fcc00000,0x00000041fcd00000)]
  0x000001b1b72e8dd0 JavaThread "Unconstrained build operations Thread 62" [_thread_blocked, id=9364, stack(0x00000041fcd00000,0x00000041fce00000)]
  0x000001b1b72eac30 JavaThread "Unconstrained build operations Thread 63" [_thread_blocked, id=19676, stack(0x00000041fce00000,0x00000041fcf00000)]
  0x000001b1b72ea720 JavaThread "Unconstrained build operations Thread 64" [_thread_blocked, id=21700, stack(0x00000041fcf00000,0x00000041fd000000)]
  0x000001b1b72e92e0 JavaThread "Unconstrained build operations Thread 65" [_thread_blocked, id=22312, stack(0x00000041fd000000,0x00000041fd100000)]
  0x000001b1b86bc4d0 JavaThread "Problems report writer" [_thread_blocked, id=3228, stack(0x00000041fd100000,0x00000041fd200000)]
  0x000001b1b86be330 JavaThread "Unconstrained build operations Thread 66" [_thread_blocked, id=22484, stack(0x00000041fd200000,0x00000041fd300000)]
  0x000001b1b86bbab0 JavaThread "Unconstrained build operations Thread 67" [_thread_blocked, id=2568, stack(0x00000041fd300000,0x00000041fd400000)]
  0x000001b1b86c1ff0 JavaThread "Unconstrained build operations Thread 68" [_thread_blocked, id=20500, stack(0x00000041fd400000,0x00000041fd500000)]
  0x000001b1b86c10c0 JavaThread "Unconstrained build operations Thread 69" [_thread_blocked, id=4624, stack(0x00000041fd500000,0x00000041fd600000)]
  0x000001b1b86c15d0 JavaThread "Unconstrained build operations Thread 70" [_thread_blocked, id=8312, stack(0x00000041fd600000,0x00000041fd700000)]
  0x000001b1b86c2500 JavaThread "Unconstrained build operations Thread 71" [_thread_blocked, id=15640, stack(0x00000041fd700000,0x00000041fd800000)]
  0x000001b1b86c06a0 JavaThread "Unconstrained build operations Thread 72" [_thread_blocked, id=13052, stack(0x00000041fd800000,0x00000041fd900000)]
  0x000001b1b86be840 JavaThread "Unconstrained build operations Thread 73" [_thread_blocked, id=17208, stack(0x00000041fd900000,0x00000041fda00000)]
  0x000001b1b86bcef0 JavaThread "Unconstrained build operations Thread 74" [_thread_blocked, id=11892, stack(0x00000041fda00000,0x00000041fdb00000)]
  0x000001b1b86bf260 JavaThread "Unconstrained build operations Thread 75" [_thread_blocked, id=12708, stack(0x00000041fdb00000,0x00000041fdc00000)]
  0x000001b1b86bb5a0 JavaThread "Unconstrained build operations Thread 76" [_thread_blocked, id=19920, stack(0x00000041fdc00000,0x00000041fdd00000)]
  0x000001b1b86bf770 JavaThread "Unconstrained build operations Thread 77" [_thread_blocked, id=22516, stack(0x00000041fdf00000,0x00000041fe000000)]
  0x000001b1b86bfc80 JavaThread "Unconstrained build operations Thread 78" [_thread_blocked, id=22524, stack(0x00000041fe000000,0x00000041fe100000)]
  0x000001b1b86c0190 JavaThread "Unconstrained build operations Thread 79" [_thread_blocked, id=22504, stack(0x00000041fe100000,0x00000041fe200000)]
  0x000001b1b86c1ae0 JavaThread "Unconstrained build operations Thread 80" [_thread_blocked, id=22032, stack(0x00000041fe200000,0x00000041fe300000)]
  0x000001b1b86bed50 JavaThread "Cache worker for execution history cache (D:\SEMESTER 4 TEKNIK INFORMATIKA\PROYEK_4_MOOBILE_DEV\GIT\PY4_2C_D3_2024\MODUL_5\logbook_app_071\android\.gradle\8.14\executionHistory)" [_thread_blocked, id=19500, stack(0x00000041fe300000,0x00000041fe400000)]

Other Threads:
  0x000001b1706a5b50 VMThread "VM Thread" [stack: 0x00000041f4c00000,0x00000041f4d00000] [id=9192]
  0x000001b1b60fa150 WatcherThread [stack: 0x00000041f5800000,0x00000041f5900000] [id=15652]
  0x000001b133565000 GCTaskThread "GC Thread#0" [stack: 0x00000041f4700000,0x00000041f4800000] [id=22200]
  0x000001b1b622d190 GCTaskThread "GC Thread#1" [stack: 0x00000041f5a00000,0x00000041f5b00000] [id=17160]
  0x000001b1b63f9af0 GCTaskThread "GC Thread#2" [stack: 0x00000041f5b00000,0x00000041f5c00000] [id=21476]
  0x000001b1b6cc3de0 GCTaskThread "GC Thread#3" [stack: 0x00000041f5c00000,0x00000041f5d00000] [id=10772]
  0x000001b1b763ee00 GCTaskThread "GC Thread#4" [stack: 0x00000041f5d00000,0x00000041f5e00000] [id=11728]
  0x000001b1b88f2e50 GCTaskThread "GC Thread#5" [stack: 0x00000041f6b00000,0x00000041f6c00000] [id=1252]
  0x000001b1b8473710 GCTaskThread "GC Thread#6" [stack: 0x00000041f6c00000,0x00000041f6d00000] [id=14544]
  0x000001b1b7dec850 GCTaskThread "GC Thread#7" [stack: 0x00000041f6d00000,0x00000041f6e00000] [id=21284]
  0x000001b133575f50 ConcurrentGCThread "G1 Main Marker" [stack: 0x00000041f4800000,0x00000041f4900000] [id=9248]
  0x000001b133577100 ConcurrentGCThread "G1 Conc#0" [stack: 0x00000041f4900000,0x00000041f4a00000] [id=19564]
  0x000001b1bbb92700 ConcurrentGCThread "G1 Conc#1" [stack: 0x00000041f7100000,0x00000041f7200000] [id=19320]
  0x000001b13357ea90 ConcurrentGCThread "G1 Refine#0" [stack: 0x00000041f4a00000,0x00000041f4b00000] [id=19024]
  0x000001b17055f840 ConcurrentGCThread "G1 Service" [stack: 0x00000041f4b00000,0x00000041f4c00000] [id=10452]

Threads with active compile tasks:
C2 CompilerThread0    46418 17973       4       com.android.build.gradle.options.ProjectOptions::get (78 bytes)
C2 CompilerThread2    46418 18026       4       org.gradle.api.internal.artifacts.ivyservice.resolveengine.graph.builder.DependencyGraphBuilder::resolveEdges (47 bytes)

VM state: not at safepoint (normal execution)

VM Mutex/Monitor currently owned by a thread: None

Heap address: 0x0000000600000000, size: 8192 MB, Compressed Oops mode: Zero based, Oop shift amount: 3

CDS archive(s) mapped at: [0x000001b171000000-0x000001b171bd0000-0x000001b171bd0000), size 12386304, SharedBaseAddress: 0x000001b171000000, ArchiveRelocationMode: 1.
Compressed class space mapped at: 0x000001b172000000-0x000001b1b2000000, reserved size: 1073741824
Narrow klass base: 0x000001b171000000, Narrow klass shift: 0, Narrow klass range: 0x100000000

GC Precious Log:
 CPUs: 8 total, 8 available
 Memory: 8071M
 Large Page Support: Disabled
 NUMA Support: Disabled
 Compressed Oops: Enabled (Zero based)
 Heap Region Size: 4M
 Heap Min Capacity: 8M
 Heap Initial Capacity: 128M
 Heap Max Capacity: 8G
 Pre-touch: Disabled
 Parallel Workers: 8
 Concurrent Workers: 2
 Concurrent Refinement Workers: 8
 Periodic GC: Disabled

Heap:
 garbage-first heap   total 491520K, used 212162K [0x0000000600000000, 0x0000000800000000)
  region size 4096K, 14 young (57344K), 7 survivors (28672K)
 Metaspace       used 115724K, committed 117120K, reserved 1179648K
  class space    used 16058K, committed 16768K, reserved 1048576K

Heap Regions: E=young(eden), S=young(survivor), O=old, HS=humongous(starts), HC=humongous(continues), CS=collection set, F=free, OA=open archive, CA=closed archive, TAMS=top-at-mark-start (previous, next)
|   0|0x0000000600000000, 0x0000000600400000, 0x0000000600400000|100%|HS|  |TAMS 0x0000000600400000, 0x0000000600000000| Complete 
|   1|0x0000000600400000, 0x0000000600800000, 0x0000000600800000|100%| O|  |TAMS 0x0000000600800000, 0x0000000600400000| Untracked 
|   2|0x0000000600800000, 0x0000000600c00000, 0x0000000600c00000|100%| O|  |TAMS 0x0000000600c00000, 0x0000000600800000| Untracked 
|   3|0x0000000600c00000, 0x0000000601000000, 0x0000000601000000|100%| O|  |TAMS 0x0000000601000000, 0x0000000600c00000| Untracked 
|   4|0x0000000601000000, 0x0000000601400000, 0x0000000601400000|100%| O|  |TAMS 0x0000000601400000, 0x0000000601000000| Untracked 
|   5|0x0000000601400000, 0x0000000601800000, 0x0000000601800000|100%| O|  |TAMS 0x0000000601800000, 0x0000000601400000| Untracked 
|   6|0x0000000601800000, 0x0000000601c00000, 0x0000000601c00000|100%| O|  |TAMS 0x0000000601c00000, 0x0000000601800000| Untracked 
|   7|0x0000000601c00000, 0x0000000602000000, 0x0000000602000000|100%| O|  |TAMS 0x0000000602000000, 0x0000000601c00000| Untracked 
|   8|0x0000000602000000, 0x0000000602400000, 0x0000000602400000|100%| O|  |TAMS 0x0000000602400000, 0x0000000602000000| Untracked 
|   9|0x0000000602400000, 0x0000000602800000, 0x0000000602800000|100%| O|  |TAMS 0x0000000602800000, 0x0000000602400000| Untracked 
|  10|0x0000000602800000, 0x0000000602c00000, 0x0000000602c00000|100%|HS|  |TAMS 0x0000000602c00000, 0x0000000602800000| Complete 
|  11|0x0000000602c00000, 0x0000000603000000, 0x0000000603000000|100%| O|  |TAMS 0x0000000603000000, 0x0000000602c00000| Untracked 
|  12|0x0000000603000000, 0x0000000603400000, 0x0000000603400000|100%| O|  |TAMS 0x0000000603400000, 0x0000000603000000| Untracked 
|  13|0x0000000603400000, 0x0000000603800000, 0x0000000603800000|100%| O|  |TAMS 0x0000000603800000, 0x0000000603400000| Untracked 
|  14|0x0000000603800000, 0x0000000603c00000, 0x0000000603c00000|100%|HS|  |TAMS 0x0000000603c00000, 0x0000000603800000| Complete 
|  15|0x0000000603c00000, 0x0000000604000000, 0x0000000604000000|100%| O|  |TAMS 0x0000000604000000, 0x0000000603c00000| Untracked 
|  16|0x0000000604000000, 0x0000000604400000, 0x0000000604400000|100%| O|  |TAMS 0x0000000604400000, 0x0000000604000000| Untracked 
|  17|0x0000000604400000, 0x0000000604800000, 0x0000000604800000|100%| O|  |TAMS 0x0000000604800000, 0x0000000604400000| Untracked 
|  18|0x0000000604800000, 0x0000000604c00000, 0x0000000604c00000|100%| O|  |TAMS 0x0000000604c00000, 0x0000000604800000| Untracked 
|  19|0x0000000604c00000, 0x0000000605000000, 0x0000000605000000|100%| O|  |TAMS 0x0000000605000000, 0x0000000604c00000| Untracked 
|  20|0x0000000605000000, 0x0000000605400000, 0x0000000605400000|100%| O|  |TAMS 0x0000000605400000, 0x0000000605000000| Untracked 
|  21|0x0000000605400000, 0x0000000605800000, 0x0000000605800000|100%| O|  |TAMS 0x0000000605800000, 0x0000000605400000| Untracked 
|  22|0x0000000605800000, 0x0000000605c00000, 0x0000000605c00000|100%| O|  |TAMS 0x0000000605800000, 0x0000000605800000| Untracked 
|  23|0x0000000605c00000, 0x0000000606000000, 0x0000000606000000|100%| O|  |TAMS 0x0000000606000000, 0x0000000605c00000| Untracked 
|  24|0x0000000606000000, 0x0000000606400000, 0x0000000606400000|100%| O|  |TAMS 0x0000000606400000, 0x0000000606000000| Untracked 
|  25|0x0000000606400000, 0x0000000606800000, 0x0000000606800000|100%| O|  |TAMS 0x0000000606800000, 0x0000000606400000| Untracked 
|  26|0x0000000606800000, 0x0000000606c00000, 0x0000000606c00000|100%| O|  |TAMS 0x0000000606c00000, 0x0000000606800000| Untracked 
|  27|0x0000000606c00000, 0x0000000607000000, 0x0000000607000000|100%| O|  |TAMS 0x0000000606c00000, 0x0000000606c00000| Untracked 
|  28|0x0000000607000000, 0x0000000607400000, 0x0000000607400000|100%| O|  |TAMS 0x0000000607400000, 0x0000000607000000| Untracked 
|  29|0x0000000607400000, 0x0000000607800000, 0x0000000607800000|100%| O|  |TAMS 0x0000000607800000, 0x0000000607400000| Untracked 
|  30|0x0000000607800000, 0x0000000607b90a00, 0x0000000607c00000| 89%| O|  |TAMS 0x0000000607b90a00, 0x0000000607800000| Untracked 
|  31|0x0000000607c00000, 0x0000000608000000, 0x0000000608000000|100%| O|  |TAMS 0x0000000607c00000, 0x0000000607c00000| Untracked 
|  32|0x0000000608000000, 0x0000000608400000, 0x0000000608400000|100%| O|  |TAMS 0x0000000608000000, 0x0000000608000000| Untracked 
|  33|0x0000000608400000, 0x0000000608800000, 0x0000000608800000|100%| O|  |TAMS 0x0000000608400000, 0x0000000608400000| Untracked 
|  34|0x0000000608800000, 0x0000000608c00000, 0x0000000608c00000|100%| O|  |TAMS 0x0000000608800000, 0x0000000608800000| Untracked 
|  35|0x0000000608c00000, 0x0000000609000000, 0x0000000609000000|100%| O|  |TAMS 0x0000000608c00000, 0x0000000608c00000| Untracked 
|  36|0x0000000609000000, 0x0000000609400000, 0x0000000609400000|100%| O|  |TAMS 0x0000000609000000, 0x0000000609000000| Untracked 
|  37|0x0000000609400000, 0x0000000609800000, 0x0000000609800000|100%| O|  |TAMS 0x0000000609400000, 0x0000000609400000| Untracked 
|  38|0x0000000609800000, 0x0000000609c00000, 0x0000000609c00000|100%| O|  |TAMS 0x0000000609800000, 0x0000000609800000| Untracked 
|  39|0x0000000609c00000, 0x0000000609c1c600, 0x000000060a000000|  2%| O|  |TAMS 0x0000000609c00000, 0x0000000609c00000| Untracked 
|  40|0x000000060a000000, 0x000000060a000000, 0x000000060a400000|  0%| F|  |TAMS 0x000000060a000000, 0x000000060a000000| Untracked 
|  41|0x000000060a400000, 0x000000060a400000, 0x000000060a800000|  0%| F|  |TAMS 0x000000060a400000, 0x000000060a400000| Untracked 
|  42|0x000000060a800000, 0x000000060a800000, 0x000000060ac00000|  0%| F|  |TAMS 0x000000060a800000, 0x000000060a800000| Untracked 
|  43|0x000000060ac00000, 0x000000060ac00000, 0x000000060b000000|  0%| F|  |TAMS 0x000000060ac00000, 0x000000060ac00000| Untracked 
|  44|0x000000060b000000, 0x000000060b000000, 0x000000060b400000|  0%| F|  |TAMS 0x000000060b000000, 0x000000060b000000| Untracked 
|  45|0x000000060b400000, 0x000000060b400000, 0x000000060b800000|  0%| F|  |TAMS 0x000000060b400000, 0x000000060b400000| Untracked 
|  46|0x000000060b800000, 0x000000060b800000, 0x000000060bc00000|  0%| F|  |TAMS 0x000000060b800000, 0x000000060b800000| Untracked 
|  47|0x000000060bc00000, 0x000000060bc00000, 0x000000060c000000|  0%| F|  |TAMS 0x000000060bc00000, 0x000000060bc00000| Untracked 
|  48|0x000000060c000000, 0x000000060c000000, 0x000000060c400000|  0%| F|  |TAMS 0x000000060c000000, 0x000000060c000000| Untracked 
|  49|0x000000060c400000, 0x000000060c400000, 0x000000060c800000|  0%| F|  |TAMS 0x000000060c400000, 0x000000060c400000| Untracked 
|  50|0x000000060c800000, 0x000000060c800000, 0x000000060cc00000|  0%| F|  |TAMS 0x000000060c800000, 0x000000060c800000| Untracked 
|  51|0x000000060cc00000, 0x000000060cc00000, 0x000000060d000000|  0%| F|  |TAMS 0x000000060cc00000, 0x000000060cc00000| Untracked 
|  52|0x000000060d000000, 0x000000060d000000, 0x000000060d400000|  0%| F|  |TAMS 0x000000060d000000, 0x000000060d000000| Untracked 
|  53|0x000000060d400000, 0x000000060d400000, 0x000000060d800000|  0%| F|  |TAMS 0x000000060d400000, 0x000000060d400000| Untracked 
|  54|0x000000060d800000, 0x000000060d800000, 0x000000060dc00000|  0%| F|  |TAMS 0x000000060d800000, 0x000000060d800000| Untracked 
|  55|0x000000060dc00000, 0x000000060dc00000, 0x000000060e000000|  0%| F|  |TAMS 0x000000060dc00000, 0x000000060dc00000| Untracked 
|  56|0x000000060e000000, 0x000000060e000000, 0x000000060e400000|  0%| F|  |TAMS 0x000000060e000000, 0x000000060e000000| Untracked 
|  57|0x000000060e400000, 0x000000060e783880, 0x000000060e800000| 87%| S|CS|TAMS 0x000000060e400000, 0x000000060e400000| Complete 
|  58|0x000000060e800000, 0x000000060ec00000, 0x000000060ec00000|100%| S|CS|TAMS 0x000000060e800000, 0x000000060e800000| Complete 
|  59|0x000000060ec00000, 0x000000060f000000, 0x000000060f000000|100%| S|CS|TAMS 0x000000060ec00000, 0x000000060ec00000| Complete 
|  60|0x000000060f000000, 0x000000060f400000, 0x000000060f400000|100%| S|CS|TAMS 0x000000060f000000, 0x000000060f000000| Complete 
|  61|0x000000060f400000, 0x000000060f800000, 0x000000060f800000|100%| S|CS|TAMS 0x000000060f400000, 0x000000060f400000| Complete 
|  62|0x000000060f800000, 0x000000060fc00000, 0x000000060fc00000|100%| S|CS|TAMS 0x000000060f800000, 0x000000060f800000| Complete 
|  63|0x000000060fc00000, 0x0000000610000000, 0x0000000610000000|100%| S|CS|TAMS 0x000000060fc00000, 0x000000060fc00000| Complete 
|  64|0x0000000610000000, 0x0000000610000000, 0x0000000610400000|  0%| F|  |TAMS 0x0000000610000000, 0x0000000610000000| Untracked 
|  65|0x0000000610400000, 0x0000000610400000, 0x0000000610800000|  0%| F|  |TAMS 0x0000000610400000, 0x0000000610400000| Untracked 
|  66|0x0000000610800000, 0x0000000610800000, 0x0000000610c00000|  0%| F|  |TAMS 0x0000000610800000, 0x0000000610800000| Untracked 
|  67|0x0000000610c00000, 0x0000000610c00000, 0x0000000611000000|  0%| F|  |TAMS 0x0000000610c00000, 0x0000000610c00000| Untracked 
|  68|0x0000000611000000, 0x0000000611000000, 0x0000000611400000|  0%| F|  |TAMS 0x0000000611000000, 0x0000000611000000| Untracked 
|  69|0x0000000611400000, 0x0000000611400000, 0x0000000611800000|  0%| F|  |TAMS 0x0000000611400000, 0x0000000611400000| Untracked 
|  70|0x0000000611800000, 0x0000000611800000, 0x0000000611c00000|  0%| F|  |TAMS 0x0000000611800000, 0x0000000611800000| Untracked 
|  71|0x0000000611c00000, 0x0000000611c00000, 0x0000000612000000|  0%| F|  |TAMS 0x0000000611c00000, 0x0000000611c00000| Untracked 
|  72|0x0000000612000000, 0x0000000612000000, 0x0000000612400000|  0%| F|  |TAMS 0x0000000612000000, 0x0000000612000000| Untracked 
|  73|0x0000000612400000, 0x0000000612400000, 0x0000000612800000|  0%| F|  |TAMS 0x0000000612400000, 0x0000000612400000| Untracked 
|  74|0x0000000612800000, 0x0000000612800000, 0x0000000612c00000|  0%| F|  |TAMS 0x0000000612800000, 0x0000000612800000| Untracked 
|  75|0x0000000612c00000, 0x0000000612c00000, 0x0000000613000000|  0%| F|  |TAMS 0x0000000612c00000, 0x0000000612c00000| Untracked 
|  76|0x0000000613000000, 0x0000000613000000, 0x0000000613400000|  0%| F|  |TAMS 0x0000000613000000, 0x0000000613000000| Untracked 
|  77|0x0000000613400000, 0x0000000613400000, 0x0000000613800000|  0%| F|  |TAMS 0x0000000613400000, 0x0000000613400000| Untracked 
|  78|0x0000000613800000, 0x0000000613800000, 0x0000000613c00000|  0%| F|  |TAMS 0x0000000613800000, 0x0000000613800000| Untracked 
|  79|0x0000000613c00000, 0x0000000613c00000, 0x0000000614000000|  0%| F|  |TAMS 0x0000000613c00000, 0x0000000613c00000| Untracked 
|  80|0x0000000614000000, 0x0000000614000000, 0x0000000614400000|  0%| F|  |TAMS 0x0000000614000000, 0x0000000614000000| Untracked 
|  81|0x0000000614400000, 0x0000000614400000, 0x0000000614800000|  0%| F|  |TAMS 0x0000000614400000, 0x0000000614400000| Untracked 
|  82|0x0000000614800000, 0x0000000614800000, 0x0000000614c00000|  0%| F|  |TAMS 0x0000000614800000, 0x0000000614800000| Untracked 
|  83|0x0000000614c00000, 0x0000000614c00000, 0x0000000615000000|  0%| F|  |TAMS 0x0000000614c00000, 0x0000000614c00000| Untracked 
|  84|0x0000000615000000, 0x0000000615000000, 0x0000000615400000|  0%| F|  |TAMS 0x0000000615000000, 0x0000000615000000| Untracked 
|  85|0x0000000615400000, 0x0000000615400000, 0x0000000615800000|  0%| F|  |TAMS 0x0000000615400000, 0x0000000615400000| Untracked 
|  86|0x0000000615800000, 0x0000000615800000, 0x0000000615c00000|  0%| F|  |TAMS 0x0000000615800000, 0x0000000615800000| Untracked 
|  87|0x0000000615c00000, 0x0000000615c00000, 0x0000000616000000|  0%| F|  |TAMS 0x0000000615c00000, 0x0000000615c00000| Untracked 
|  88|0x0000000616000000, 0x0000000616000000, 0x0000000616400000|  0%| F|  |TAMS 0x0000000616000000, 0x0000000616000000| Untracked 
|  89|0x0000000616400000, 0x0000000616400000, 0x0000000616800000|  0%| F|  |TAMS 0x0000000616400000, 0x0000000616400000| Untracked 
|  90|0x0000000616800000, 0x0000000616800000, 0x0000000616c00000|  0%| F|  |TAMS 0x0000000616800000, 0x0000000616800000| Untracked 
|  91|0x0000000616c00000, 0x0000000616c00000, 0x0000000617000000|  0%| F|  |TAMS 0x0000000616c00000, 0x0000000616c00000| Untracked 
|  92|0x0000000617000000, 0x0000000617000000, 0x0000000617400000|  0%| F|  |TAMS 0x0000000617000000, 0x0000000617000000| Untracked 
|  93|0x0000000617400000, 0x0000000617400000, 0x0000000617800000|  0%| F|  |TAMS 0x0000000617400000, 0x0000000617400000| Untracked 
|  94|0x0000000617800000, 0x0000000617800000, 0x0000000617c00000|  0%| F|  |TAMS 0x0000000617800000, 0x0000000617800000| Untracked 
|  95|0x0000000617c00000, 0x0000000617c00000, 0x0000000618000000|  0%| F|  |TAMS 0x0000000617c00000, 0x0000000617c00000| Untracked 
|  96|0x0000000618000000, 0x0000000618000000, 0x0000000618400000|  0%| F|  |TAMS 0x0000000618000000, 0x0000000618000000| Untracked 
|  97|0x0000000618400000, 0x0000000618400000, 0x0000000618800000|  0%| F|  |TAMS 0x0000000618400000, 0x0000000618400000| Untracked 
|  98|0x0000000618800000, 0x0000000618800000, 0x0000000618c00000|  0%| F|  |TAMS 0x0000000618800000, 0x0000000618800000| Untracked 
|  99|0x0000000618c00000, 0x0000000618c00000, 0x0000000619000000|  0%| F|  |TAMS 0x0000000618c00000, 0x0000000618c00000| Untracked 
| 100|0x0000000619000000, 0x0000000619000000, 0x0000000619400000|  0%| F|  |TAMS 0x0000000619000000, 0x0000000619000000| Untracked 
| 101|0x0000000619400000, 0x0000000619400000, 0x0000000619800000|  0%| F|  |TAMS 0x0000000619400000, 0x0000000619400000| Untracked 
| 102|0x0000000619800000, 0x0000000619800000, 0x0000000619c00000|  0%| F|  |TAMS 0x0000000619800000, 0x0000000619800000| Untracked 
| 103|0x0000000619c00000, 0x0000000619c00000, 0x000000061a000000|  0%| F|  |TAMS 0x0000000619c00000, 0x0000000619c00000| Untracked 
| 104|0x000000061a000000, 0x000000061a000000, 0x000000061a400000|  0%| F|  |TAMS 0x000000061a000000, 0x000000061a000000| Untracked 
| 105|0x000000061a400000, 0x000000061a400000, 0x000000061a800000|  0%| F|  |TAMS 0x000000061a400000, 0x000000061a400000| Untracked 
| 106|0x000000061a800000, 0x000000061a800000, 0x000000061ac00000|  0%| F|  |TAMS 0x000000061a800000, 0x000000061a800000| Untracked 
| 107|0x000000061ac00000, 0x000000061ac00000, 0x000000061b000000|  0%| F|  |TAMS 0x000000061ac00000, 0x000000061ac00000| Untracked 
| 108|0x000000061b000000, 0x000000061b000000, 0x000000061b400000|  0%| F|  |TAMS 0x000000061b000000, 0x000000061b000000| Untracked 
| 109|0x000000061b400000, 0x000000061b400000, 0x000000061b800000|  0%| F|  |TAMS 0x000000061b400000, 0x000000061b400000| Untracked 
| 110|0x000000061b800000, 0x000000061b800000, 0x000000061bc00000|  0%| F|  |TAMS 0x000000061b800000, 0x000000061b800000| Untracked 
| 111|0x000000061bc00000, 0x000000061bc00000, 0x000000061c000000|  0%| F|  |TAMS 0x000000061bc00000, 0x000000061bc00000| Untracked 
| 112|0x000000061c000000, 0x000000061c000000, 0x000000061c400000|  0%| F|  |TAMS 0x000000061c000000, 0x000000061c000000| Untracked 
| 113|0x000000061c400000, 0x000000061c7eadc8, 0x000000061c800000| 97%| E|  |TAMS 0x000000061c400000, 0x000000061c400000| Complete 
| 114|0x000000061c800000, 0x000000061cc00000, 0x000000061cc00000|100%| E|CS|TAMS 0x000000061c800000, 0x000000061c800000| Complete 
| 115|0x000000061cc00000, 0x000000061d000000, 0x000000061d000000|100%| E|CS|TAMS 0x000000061cc00000, 0x000000061cc00000| Complete 
| 116|0x000000061d000000, 0x000000061d400000, 0x000000061d400000|100%| E|CS|TAMS 0x000000061d000000, 0x000000061d000000| Complete 
| 118|0x000000061d800000, 0x000000061dc00000, 0x000000061dc00000|100%| E|CS|TAMS 0x000000061d800000, 0x000000061d800000| Complete 
| 119|0x000000061dc00000, 0x000000061e000000, 0x000000061e000000|100%| E|CS|TAMS 0x000000061dc00000, 0x000000061dc00000| Complete 
| 120|0x000000061e000000, 0x000000061e400000, 0x000000061e400000|100%| E|CS|TAMS 0x000000061e000000, 0x000000061e000000| Complete 

Card table byte_map: [0x000001b15c2e0000,0x000001b15d2e0000] _byte_map_base: 0x000001b1592e0000

Marking Bits (Prev, Next): (CMBitMap*) 0x000001b133565620, (CMBitMap*) 0x000001b133565660
 Prev Bits: [0x000001b15e2e0000, 0x000001b1662e0000)
 Next Bits: [0x000001b1662e0000, 0x000001b16e2e0000)

Polling page: 0x000001b131470000

Metaspace:

Usage:
  Non-class:     97.33 MB used.
      Class:     15.68 MB used.
       Both:    113.01 MB used.

Virtual space:
  Non-class space:      128.00 MB reserved,      98.00 MB ( 77%) committed,  2 nodes.
      Class space:        1.00 GB reserved,      16.38 MB (  2%) committed,  1 nodes.
             Both:        1.12 GB reserved,     114.38 MB ( 10%) committed. 

Chunk freelists:
   Non-Class:  13.87 MB
       Class:  15.55 MB
        Both:  29.42 MB

MaxMetaspaceSize: 4.00 GB
CompressedClassSpaceSize: 1.00 GB
Initial GC threshold: 21.00 MB
Current GC threshold: 166.19 MB
CDS: on
MetaspaceReclaimPolicy: balanced
 - commit_granule_bytes: 65536.
 - commit_granule_words: 8192.
 - virtual_space_node_default_size: 8388608.
 - enlarge_chunks_in_place: 1.
 - new_chunks_are_fully_committed: 0.
 - uncommit_free_chunks: 1.
 - use_allocation_guard: 0.
 - handle_deallocations: 1.


Internal statistics:

num_allocs_failed_limit: 9.
num_arena_births: 2004.
num_arena_deaths: 0.
num_vsnodes_births: 3.
num_vsnodes_deaths: 0.
num_space_committed: 1830.
num_space_uncommitted: 0.
num_chunks_returned_to_freelist: 9.
num_chunks_taken_from_freelist: 7538.
num_chunk_merges: 9.
num_chunk_splits: 4685.
num_chunks_enlarged: 2772.
num_inconsistent_stats: 0.

CodeHeap 'non-profiled nmethods': size=259264Kb used=12488Kb max_used=12488Kb free=246776Kb
 bounds [0x000001b14b060000, 0x000001b14bca0000, 0x000001b15ad90000]
CodeHeap 'profiled nmethods': size=259264Kb used=30010Kb max_used=30010Kb free=229253Kb
 bounds [0x000001b13ad90000, 0x000001b13cae0000, 0x000001b14aac0000]
CodeHeap 'non-nmethods': size=5760Kb used=2470Kb max_used=2598Kb free=3289Kb
 bounds [0x000001b14aac0000, 0x000001b14ad60000, 0x000001b14b060000]
 total_blobs=16141 nmethods=15128 adapters=924
 compilation: enabled
              stopped_count=0, restarted_count=0
 full_count=0

Compilation events (20 events):
Event: 46.290 Thread 0x000001b1706cf190 18177       1       com.android.build.api.component.impl.JavaCompilationImpl::getAnnotationProcessor (5 bytes)
Event: 46.291 Thread 0x000001b1706cf190 nmethod 18177 0x000001b14bc87f10 code [0x000001b14bc880a0, 0x000001b14bc88178]
Event: 46.292 Thread 0x000001b1706cf190 18178       3       org.gradle.api.tasks.util.PatternSet::include (13 bytes)
Event: 46.292 Thread 0x000001b1706cf190 nmethod 18178 0x000001b13cac9e90 code [0x000001b13caca080, 0x000001b13caca518]
Event: 46.295 Thread 0x000001b1706cf190 18179   !   3       org.gradle.api.internal.provider.FlatMapProvider::calculateOwnValue (97 bytes)
Event: 46.297 Thread 0x000001b1706cf190 nmethod 18179 0x000001b13caca690 code [0x000001b13caca920, 0x000001b13cacb4c8]
Event: 46.307 Thread 0x000001b1706cf190 18181       3       org.gradle.api.internal.file.pattern.PatternMatcherFactory::getPatternMatcher (16 bytes)
Event: 46.308 Thread 0x000001b1706cf190 nmethod 18181 0x000001b13cacba10 code [0x000001b13cacbbc0, 0x000001b13cacbec8]
Event: 46.308 Thread 0x000001b1706cf190 18182       3       org.gradle.api.internal.file.pattern.PatternMatcherFactory$DefaultPatternMatcher::<init> (15 bytes)
Event: 46.308 Thread 0x000001b1706cf190 nmethod 18182 0x000001b13cacc010 code [0x000001b13cacc1c0, 0x000001b13cacc3f8]
Event: 46.308 Thread 0x000001b1706cf190 18183       3       com.android.build.gradle.internal.services.TaskCreationServicesImpl::fileCollection (36 bytes)
Event: 46.311 Thread 0x000001b1706cf190 nmethod 18183 0x000001b13cacc510 code [0x000001b13cacc8c0, 0x000001b13cace2b8]
Event: 46.311 Thread 0x000001b1706cf190 18184       3       org.jetbrains.kotlin.gradle.plugin.PropertiesProvider::property$kotlin_gradle_plugin_common (20 bytes)
Event: 46.312 Thread 0x000001b1706cf190 nmethod 18184 0x000001b13cacec90 code [0x000001b13caceea0, 0x000001b13cacf4a8]
Event: 46.315 Thread 0x000001b1706cf190 18185       3       org.gradle.api.internal.tasks.DefaultTaskInputs::files (6 bytes)
Event: 46.317 Thread 0x000001b1706cf190 nmethod 18185 0x000001b13cacf710 code [0x000001b13cacf920, 0x000001b13cad0178]
Event: 46.317 Thread 0x000001b1706cf190 18186       3       org.gradle.api.internal.tasks.DefaultTaskInputs::files (20 bytes)
Event: 46.318 Thread 0x000001b1706cf190 nmethod 18186 0x000001b13cad0410 code [0x000001b13cad06a0, 0x000001b13cad14c8]
Event: 46.318 Thread 0x000001b1706cf190 18187       3       org.gradle.api.internal.FilePropertyContainer::add (17 bytes)
Event: 46.319 Thread 0x000001b1706cf190 nmethod 18187 0x000001b13cad1a10 code [0x000001b13cad1bc0, 0x000001b13cad1da8]

GC Heap History (20 events):
Event: 30.933 GC heap before
{Heap before GC invocations=50 (full 0):
 garbage-first heap   total 217088K, used 174720K [0x0000000600000000, 0x0000000800000000)
  region size 4096K, 15 young (61440K), 1 survivors (4096K)
 Metaspace       used 99679K, committed 100608K, reserved 1179648K
  class space    used 14011K, committed 14464K, reserved 1048576K
}
Event: 30.940 GC heap after
{Heap after GC invocations=51 (full 0):
 garbage-first heap   total 217088K, used 120815K [0x0000000600000000, 0x0000000800000000)
  region size 4096K, 2 young (8192K), 2 survivors (8192K)
 Metaspace       used 99679K, committed 100608K, reserved 1179648K
  class space    used 14011K, committed 14464K, reserved 1048576K
}
Event: 31.403 GC heap before
{Heap before GC invocations=52 (full 0):
 garbage-first heap   total 245760K, used 174063K [0x0000000600000000, 0x0000000800000000)
  region size 4096K, 15 young (61440K), 2 survivors (8192K)
 Metaspace       used 99695K, committed 100672K, reserved 1179648K
  class space    used 14011K, committed 14464K, reserved 1048576K
}
Event: 31.412 GC heap after
{Heap after GC invocations=53 (full 0):
 garbage-first heap   total 245760K, used 124157K [0x0000000600000000, 0x0000000800000000)
  region size 4096K, 2 young (8192K), 2 survivors (8192K)
 Metaspace       used 99695K, committed 100672K, reserved 1179648K
  class space    used 14011K, committed 14464K, reserved 1048576K
}
Event: 31.431 GC heap before
{Heap before GC invocations=53 (full 0):
 garbage-first heap   total 245760K, used 128253K [0x0000000600000000, 0x0000000800000000)
  region size 4096K, 3 young (12288K), 2 survivors (8192K)
 Metaspace       used 99695K, committed 100672K, reserved 1179648K
  class space    used 14011K, committed 14464K, reserved 1048576K
}
Event: 31.439 GC heap after
{Heap after GC invocations=54 (full 0):
 garbage-first heap   total 245760K, used 123790K [0x0000000600000000, 0x0000000800000000)
  region size 4096K, 1 young (4096K), 1 survivors (4096K)
 Metaspace       used 99695K, committed 100672K, reserved 1179648K
  class space    used 14011K, committed 14464K, reserved 1048576K
}
Event: 32.142 GC heap before
{Heap before GC invocations=54 (full 0):
 garbage-first heap   total 245760K, used 197518K [0x0000000600000000, 0x0000000800000000)
  region size 4096K, 20 young (81920K), 1 survivors (4096K)
 Metaspace       used 100599K, committed 101632K, reserved 1179648K
  class space    used 14163K, committed 14656K, reserved 1048576K
}
Event: 32.151 GC heap after
{Heap after GC invocations=55 (full 0):
 garbage-first heap   total 495616K, used 132938K [0x0000000600000000, 0x0000000800000000)
  region size 4096K, 3 young (12288K), 3 survivors (12288K)
 Metaspace       used 100599K, committed 101632K, reserved 1179648K
  class space    used 14163K, committed 14656K, reserved 1048576K
}
Event: 35.411 GC heap before
{Heap before GC invocations=56 (full 0):
 garbage-first heap   total 491520K, used 395082K [0x0000000600000000, 0x0000000800000000)
  region size 4096K, 67 young (274432K), 3 survivors (12288K)
 Metaspace       used 105579K, committed 106688K, reserved 1179648K
  class space    used 14873K, committed 15424K, reserved 1048576K
}
Event: 35.433 GC heap after
{Heap after GC invocations=57 (full 0):
 garbage-first heap   total 491520K, used 152218K [0x0000000600000000, 0x0000000800000000)
  region size 4096K, 8 young (32768K), 8 survivors (32768K)
 Metaspace       used 105579K, committed 106688K, reserved 1179648K
  class space    used 14873K, committed 15424K, reserved 1048576K
}
Event: 35.491 GC heap before
{Heap before GC invocations=57 (full 0):
 garbage-first heap   total 491520K, used 156314K [0x0000000600000000, 0x0000000800000000)
  region size 4096K, 9 young (36864K), 8 survivors (32768K)
 Metaspace       used 105720K, committed 106816K, reserved 1179648K
  class space    used 14891K, committed 15424K, reserved 1048576K
}
Event: 35.515 GC heap after
{Heap after GC invocations=58 (full 0):
 garbage-first heap   total 491520K, used 153830K [0x0000000600000000, 0x0000000800000000)
  region size 4096K, 1 young (4096K), 1 survivors (4096K)
 Metaspace       used 105720K, committed 106816K, reserved 1179648K
  class space    used 14891K, committed 15424K, reserved 1048576K
}
Event: 38.467 GC heap before
{Heap before GC invocations=58 (full 0):
 garbage-first heap   total 491520K, used 366822K [0x0000000600000000, 0x0000000800000000)
  region size 4096K, 53 young (217088K), 1 survivors (4096K)
 Metaspace       used 112913K, committed 114112K, reserved 1179648K
  class space    used 15842K, committed 16448K, reserved 1048576K
}
Event: 38.480 GC heap after
{Heap after GC invocations=59 (full 0):
 garbage-first heap   total 491520K, used 162899K [0x0000000600000000, 0x0000000800000000)
  region size 4096K, 4 young (16384K), 4 survivors (16384K)
 Metaspace       used 112913K, committed 114112K, reserved 1179648K
  class space    used 15842K, committed 16448K, reserved 1048576K
}
Event: 40.460 GC heap before
{Heap before GC invocations=59 (full 0):
 garbage-first heap   total 491520K, used 375891K [0x0000000600000000, 0x0000000800000000)
  region size 4096K, 56 young (229376K), 4 survivors (16384K)
 Metaspace       used 113578K, committed 114816K, reserved 1179648K
  class space    used 15869K, committed 16512K, reserved 1048576K
}
Event: 40.483 GC heap after
{Heap after GC invocations=60 (full 0):
 garbage-first heap   total 491520K, used 178785K [0x0000000600000000, 0x0000000800000000)
  region size 4096K, 7 young (28672K), 7 survivors (28672K)
 Metaspace       used 113578K, committed 114816K, reserved 1179648K
  class space    used 15869K, committed 16512K, reserved 1048576K
}
Event: 43.486 GC heap before
{Heap before GC invocations=60 (full 0):
 garbage-first heap   total 491520K, used 387681K [0x0000000600000000, 0x0000000800000000)
  region size 4096K, 58 young (237568K), 7 survivors (28672K)
 Metaspace       used 114221K, committed 115456K, reserved 1179648K
  class space    used 15911K, committed 16576K, reserved 1048576K
}
Event: 43.508 GC heap after
{Heap after GC invocations=61 (full 0):
 garbage-first heap   total 491520K, used 172857K [0x0000000600000000, 0x0000000800000000)
  region size 4096K, 4 young (16384K), 4 survivors (16384K)
 Metaspace       used 114221K, committed 115456K, reserved 1179648K
  class space    used 15911K, committed 16576K, reserved 1048576K
}
Event: 45.796 GC heap before
{Heap before GC invocations=61 (full 0):
 garbage-first heap   total 491520K, used 381753K [0x0000000600000000, 0x0000000800000000)
  region size 4096K, 56 young (229376K), 4 survivors (16384K)
 Metaspace       used 115616K, committed 116928K, reserved 1179648K
  class space    used 16053K, committed 16704K, reserved 1048576K
}
Event: 45.820 GC heap after
{Heap after GC invocations=62 (full 0):
 garbage-first heap   total 491520K, used 187586K [0x0000000600000000, 0x0000000800000000)
  region size 4096K, 7 young (28672K), 7 survivors (28672K)
 Metaspace       used 115616K, committed 116928K, reserved 1179648K
  class space    used 16053K, committed 16704K, reserved 1048576K
}

Deoptimization events (20 events):
Event: 44.442 Thread 0x000001b1b72e88c0 Uncommon trap: trap_request=0xffffff45 fr.pc=0x000001b14b2ad6b0 relative=0x0000000000000bb0
Event: 44.442 Thread 0x000001b1b72e88c0 Uncommon trap: reason=unstable_if action=reinterpret pc=0x000001b14b2ad6b0 method=java.lang.String.decodeASCII([BI[CII)I @ 7 c2
Event: 44.442 Thread 0x000001b1b72e88c0 DEOPT PACKING pc=0x000001b14b2ad6b0 sp=0x00000041f63f7910
Event: 44.442 Thread 0x000001b1b72e88c0 DEOPT UNPACKING pc=0x000001b14ab123a3 sp=0x00000041f63f7758 mode 2
Event: 44.443 Thread 0x000001b1b72e88c0 Uncommon trap: trap_request=0xffffff45 fr.pc=0x000001b14b1d8e5c relative=0x00000000000002dc
Event: 44.443 Thread 0x000001b1b72e88c0 Uncommon trap: reason=unstable_if action=reinterpret pc=0x000001b14b1d8e5c method=java.lang.AbstractStringBuilder.appendChars([CII)V @ 43 c2
Event: 44.443 Thread 0x000001b1b72e88c0 DEOPT PACKING pc=0x000001b14b1d8e5c sp=0x00000041f63f7b60
Event: 44.443 Thread 0x000001b1b72e88c0 DEOPT UNPACKING pc=0x000001b14ab123a3 sp=0x00000041f63f7ad8 mode 2
Event: 44.462 Thread 0x000001b1b72e88c0 Uncommon trap: trap_request=0xffffff45 fr.pc=0x000001b14b102ed0 relative=0x00000000000004b0
Event: 44.462 Thread 0x000001b1b72e88c0 Uncommon trap: reason=unstable_if action=reinterpret pc=0x000001b14b102ed0 method=java.lang.String.substring(II)Ljava/lang/String; @ 31 c2
Event: 44.462 Thread 0x000001b1b72e88c0 DEOPT PACKING pc=0x000001b14b102ed0 sp=0x00000041f63f7eb0
Event: 44.462 Thread 0x000001b1b72e88c0 DEOPT UNPACKING pc=0x000001b14ab123a3 sp=0x00000041f63f7e80 mode 2
Event: 44.462 Thread 0x000001b1b72e88c0 Uncommon trap: trap_request=0xffffff45 fr.pc=0x000001b14b0f2308 relative=0x0000000000000468
Event: 44.462 Thread 0x000001b1b72e88c0 Uncommon trap: reason=unstable_if action=reinterpret pc=0x000001b14b0f2308 method=java.lang.String.substring(II)Ljava/lang/String; @ 31 c2
Event: 44.462 Thread 0x000001b1b72e88c0 DEOPT PACKING pc=0x000001b14b0f2308 sp=0x00000041f63f7eb0
Event: 44.462 Thread 0x000001b1b72e88c0 DEOPT UNPACKING pc=0x000001b14ab123a3 sp=0x00000041f63f7e10 mode 2
Event: 44.566 Thread 0x000001b1b86bc4d0 Uncommon trap: trap_request=0xffffff45 fr.pc=0x000001b14ba2e2a4 relative=0x0000000000000284
Event: 44.566 Thread 0x000001b1b86bc4d0 Uncommon trap: reason=unstable_if action=reinterpret pc=0x000001b14ba2e2a4 method=java.io.BufferedOutputStream.write([BII)V @ 6 c2
Event: 44.566 Thread 0x000001b1b86bc4d0 DEOPT PACKING pc=0x000001b14ba2e2a4 sp=0x00000041fd1fea40
Event: 44.566 Thread 0x000001b1b86bc4d0 DEOPT UNPACKING pc=0x000001b14ab123a3 sp=0x00000041fd1fea08 mode 2

Classes unloaded (0 events):
No events

Classes redefined (0 events):
No events

Internal exceptions (20 events):
Event: 41.520 Thread 0x000001b1b72e88c0 Exception <a 'sun/nio/fs/WindowsException'{0x000000061a0d1c58}> (0x000000061a0d1c58) 
thrown [s\open\src\hotspot\share\prims\jni.cpp, line 516]
Event: 41.520 Thread 0x000001b1b72e88c0 Exception <a 'sun/nio/fs/WindowsException'{0x000000061a0d3498}> (0x000000061a0d3498) 
thrown [s\open\src\hotspot\share\prims\jni.cpp, line 516]
Event: 41.521 Thread 0x000001b1b72e88c0 Exception <a 'sun/nio/fs/WindowsException'{0x000000061a0d48a8}> (0x000000061a0d48a8) 
thrown [s\open\src\hotspot\share\prims\jni.cpp, line 516]
Event: 41.592 Thread 0x000001b1b72e88c0 Exception <a 'sun/nio/fs/WindowsException'{0x000000061a1cf598}> (0x000000061a1cf598) 
thrown [s\open\src\hotspot\share\prims\jni.cpp, line 516]
Event: 41.592 Thread 0x000001b1b72e88c0 Exception <a 'sun/nio/fs/WindowsException'{0x000000061a1d1328}> (0x000000061a1d1328) 
thrown [s\open\src\hotspot\share\prims\jni.cpp, line 516]
Event: 41.594 Thread 0x000001b1b72e88c0 Exception <a 'sun/nio/fs/WindowsException'{0x000000061a1d30b8}> (0x000000061a1d30b8) 
thrown [s\open\src\hotspot\share\prims\jni.cpp, line 516]
Event: 41.594 Thread 0x000001b1b72e88c0 Exception <a 'sun/nio/fs/WindowsException'{0x000000061a1d4a18}> (0x000000061a1d4a18) 
thrown [s\open\src\hotspot\share\prims\jni.cpp, line 516]
Event: 42.369 Thread 0x000001b1b634b150 Exception <a 'sun/nio/fs/WindowsException'{0x0000000616f69230}> (0x0000000616f69230) 
thrown [s\open\src\hotspot\share\prims\jni.cpp, line 516]
Event: 42.370 Thread 0x000001b1b634b150 Exception <a 'sun/nio/fs/WindowsException'{0x0000000616f6b690}> (0x0000000616f6b690) 
thrown [s\open\src\hotspot\share\prims\jni.cpp, line 516]
Event: 42.370 Thread 0x000001b1b634b150 Exception <a 'sun/nio/fs/WindowsException'{0x0000000616f6d788}> (0x0000000616f6d788) 
thrown [s\open\src\hotspot\share\prims\jni.cpp, line 516]
Event: 42.370 Thread 0x000001b1b634b150 Exception <a 'sun/nio/fs/WindowsException'{0x0000000616f6f518}> (0x0000000616f6f518) 
thrown [s\open\src\hotspot\share\prims\jni.cpp, line 516]
Event: 42.378 Thread 0x000001b1b6346050 Exception <a 'sun/nio/fs/WindowsException'{0x0000000616f80ff8}> (0x0000000616f80ff8) 
thrown [s\open\src\hotspot\share\prims\jni.cpp, line 516]
Event: 42.378 Thread 0x000001b1b6346050 Exception <a 'sun/nio/fs/WindowsException'{0x0000000616f831a8}> (0x0000000616f831a8) 
thrown [s\open\src\hotspot\share\prims\jni.cpp, line 516]
Event: 42.379 Thread 0x000001b1b6346050 Exception <a 'sun/nio/fs/WindowsException'{0x0000000616f84f40}> (0x0000000616f84f40) 
thrown [s\open\src\hotspot\share\prims\jni.cpp, line 516]
Event: 43.115 Thread 0x000001b1b72e88c0 Exception <a 'sun/nio/fs/WindowsException'{0x0000000612ea71a8}> (0x0000000612ea71a8) 
thrown [s\open\src\hotspot\share\prims\jni.cpp, line 516]
Event: 43.355 Thread 0x000001b1b72e88c0 Exception <a 'sun/nio/fs/WindowsException'{0x0000000611f1c2f8}> (0x0000000611f1c2f8) 
thrown [s\open\src\hotspot\share\prims\jni.cpp, line 516]
Event: 43.670 Thread 0x000001b1b72e88c0 Exception <a 'java/lang/ClassNotFoundException'{0x000000061cc347f0}: build_eow84pnpo0jw9xe4pth335roeBeanInfo> (0x000000061cc347f0) 
thrown [s\open\src\hotspot\share\classfile\systemDictionary.cpp, line 256]
Event: 43.671 Thread 0x000001b1b72e88c0 Exception <a 'java/lang/ClassNotFoundException'{0x000000061cc3cad8}: build_eow84pnpo0jw9xe4pth335roeCustomizer> (0x000000061cc3cad8) 
thrown [s\open\src\hotspot\share\classfile\systemDictionary.cpp, line 256]
Event: 44.400 Thread 0x000001b1b72e88c0 Exception <a 'java/lang/ClassNotFoundException'{0x0000000617758920}: build_eow84pnpo0jw9xe4pth335roeBeanInfo> (0x0000000617758920) 
thrown [s\open\src\hotspot\share\classfile\systemDictionary.cpp, line 256]
Event: 44.401 Thread 0x000001b1b72e88c0 Exception <a 'java/lang/ClassNotFoundException'{0x0000000617760b88}: build_eow84pnpo0jw9xe4pth335roeCustomizer> (0x0000000617760b88) 
thrown [s\open\src\hotspot\share\classfile\systemDictionary.cpp, line 256]

VM Operations (20 events):
Event: 41.609 Executing VM operation: HandshakeAllThreads
Event: 41.610 Executing VM operation: HandshakeAllThreads done
Event: 41.642 Executing VM operation: ICBufferFull
Event: 41.642 Executing VM operation: ICBufferFull done
Event: 41.667 Executing VM operation: HandshakeAllThreads
Event: 41.667 Executing VM operation: HandshakeAllThreads done
Event: 41.718 Executing VM operation: HandshakeAllThreads
Event: 41.718 Executing VM operation: HandshakeAllThreads done
Event: 42.135 Executing VM operation: ICBufferFull
Event: 42.136 Executing VM operation: ICBufferFull done
Event: 43.137 Executing VM operation: Cleanup
Event: 43.138 Executing VM operation: Cleanup done
Event: 43.485 Executing VM operation: G1CollectForAllocation
Event: 43.508 Executing VM operation: G1CollectForAllocation done
Event: 44.515 Executing VM operation: Cleanup
Event: 44.516 Executing VM operation: Cleanup done
Event: 45.508 Executing VM operation: ICBufferFull
Event: 45.508 Executing VM operation: ICBufferFull done
Event: 45.796 Executing VM operation: G1CollectForAllocation
Event: 45.821 Executing VM operation: G1CollectForAllocation done

Events (20 events):
Event: 43.833 Thread 0x000001b1b72e92e0 Thread added: 0x000001b1b72e92e0
Event: 44.509 loading class java/io/CharArrayReader
Event: 44.510 loading class java/io/CharArrayReader done
Event: 44.566 Thread 0x000001b1b86bc4d0 Thread added: 0x000001b1b86bc4d0
Event: 44.811 Thread 0x000001b1b86be330 Thread added: 0x000001b1b86be330
Event: 44.811 Thread 0x000001b1b86bbab0 Thread added: 0x000001b1b86bbab0
Event: 44.812 Thread 0x000001b1b86c1ff0 Thread added: 0x000001b1b86c1ff0
Event: 44.812 Thread 0x000001b1b86c10c0 Thread added: 0x000001b1b86c10c0
Event: 44.812 Thread 0x000001b1b86c15d0 Thread added: 0x000001b1b86c15d0
Event: 44.813 Thread 0x000001b1b86c2500 Thread added: 0x000001b1b86c2500
Event: 44.813 Thread 0x000001b1b86c06a0 Thread added: 0x000001b1b86c06a0
Event: 44.861 Thread 0x000001b1b86be840 Thread added: 0x000001b1b86be840
Event: 44.863 Thread 0x000001b1b86bcef0 Thread added: 0x000001b1b86bcef0
Event: 44.864 Thread 0x000001b1b86bf260 Thread added: 0x000001b1b86bf260
Event: 44.864 Thread 0x000001b1b86bb5a0 Thread added: 0x000001b1b86bb5a0
Event: 44.865 Thread 0x000001b1b86bf770 Thread added: 0x000001b1b86bf770
Event: 44.865 Thread 0x000001b1b86bfc80 Thread added: 0x000001b1b86bfc80
Event: 44.866 Thread 0x000001b1b86c0190 Thread added: 0x000001b1b86c0190
Event: 45.109 Thread 0x000001b1b86c1ae0 Thread added: 0x000001b1b86c1ae0
Event: 46.142 Thread 0x000001b1b86bed50 Thread added: 0x000001b1b86bed50


Dynamic libraries:
0x00007ff693f60000 - 0x00007ff693f70000 	C:\Program Files\Java\jdk-17\bin\java.exe
0x00007fff98c50000 - 0x00007fff98e68000 	C:\Windows\SYSTEM32\ntdll.dll
0x00007fff97a00000 - 0x00007fff97ac4000 	C:\Windows\System32\KERNEL32.DLL
0x00007fff96490000 - 0x00007fff96863000 	C:\Windows\System32\KERNELBASE.dll
0x00007fff95e50000 - 0x00007fff95f61000 	C:\Windows\System32\ucrtbase.dll
0x00007fff5f9f0000 - 0x00007fff5fa09000 	C:\Program Files\Java\jdk-17\bin\jli.dll
0x00007fff53bc0000 - 0x00007fff53bdb000 	C:\Program Files\Java\jdk-17\bin\VCRUNTIME140.dll
0x00007fff97ad0000 - 0x00007fff97b81000 	C:\Windows\System32\ADVAPI32.dll
0x00007fff97950000 - 0x00007fff979f7000 	C:\Windows\System32\msvcrt.dll
0x00007fff98ad0000 - 0x00007fff98b78000 	C:\Windows\System32\sechost.dll
0x00007fff95d60000 - 0x00007fff95d88000 	C:\Windows\System32\bcrypt.dll
0x00007fff97b90000 - 0x00007fff97ca8000 	C:\Windows\System32\RPCRT4.dll
0x00007fff97340000 - 0x00007fff974f2000 	C:\Windows\System32\USER32.dll
0x00007fff960b0000 - 0x00007fff960d6000 	C:\Windows\System32\win32u.dll
0x00007fff96d30000 - 0x00007fff96d59000 	C:\Windows\System32\GDI32.dll
0x00007fff82ef0000 - 0x00007fff8318c000 	C:\Windows\WinSxS\amd64_microsoft.windows.common-controls_6595b64144ccf1df_6.0.22621.6060_none_2712eda17382d24b\COMCTL32.dll
0x00007fff960e0000 - 0x00007fff961fb000 	C:\Windows\System32\gdi32full.dll
0x00007fff963f0000 - 0x00007fff9648a000 	C:\Windows\System32\msvcp_win.dll
0x00007fff8d970000 - 0x00007fff8d97a000 	C:\Windows\SYSTEM32\VERSION.dll
0x00007fff96d70000 - 0x00007fff96da1000 	C:\Windows\System32\IMM32.DLL
0x00007fff79290000 - 0x00007fff7929c000 	C:\Program Files\Java\jdk-17\bin\vcruntime140_1.dll
0x00007fff51cc0000 - 0x00007fff51d4e000 	C:\Program Files\Java\jdk-17\bin\msvcp140.dll
0x00007ffed8db0000 - 0x00007ffed9991000 	C:\Program Files\Java\jdk-17\bin\server\jvm.dll
0x00007fff96d60000 - 0x00007fff96d68000 	C:\Windows\System32\PSAPI.DLL
0x00007fff7b5c0000 - 0x00007fff7b5c9000 	C:\Windows\SYSTEM32\WSOCK32.dll
0x00007fff969d0000 - 0x00007fff96a41000 	C:\Windows\System32\WS2_32.dll
0x00007fff91320000 - 0x00007fff91354000 	C:\Windows\SYSTEM32\WINMM.dll
0x00007fff94df0000 - 0x00007fff94e08000 	C:\Windows\SYSTEM32\kernel.appcore.dll
0x00007fff639c0000 - 0x00007fff639ca000 	C:\Program Files\Java\jdk-17\bin\jimage.dll
0x00007fff93670000 - 0x00007fff938a3000 	C:\Windows\SYSTEM32\DBGHELP.DLL
0x00007fff975b0000 - 0x00007fff97941000 	C:\Windows\System32\combase.dll
0x00007fff968f0000 - 0x00007fff969c8000 	C:\Windows\System32\OLEAUT32.dll
0x00007fff7f1c0000 - 0x00007fff7f1f2000 	C:\Windows\SYSTEM32\dbgcore.DLL
0x00007fff96200000 - 0x00007fff9627b000 	C:\Windows\System32\bcryptPrimitives.dll
0x00007fff62b30000 - 0x00007fff62b3e000 	C:\Program Files\Java\jdk-17\bin\instrument.dll
0x00007fff52ea0000 - 0x00007fff52ec5000 	C:\Program Files\Java\jdk-17\bin\java.dll
0x00007fff49830000 - 0x00007fff49907000 	C:\Program Files\Java\jdk-17\bin\jsvml.dll
0x00007fff98020000 - 0x00007fff988bc000 	C:\Windows\System32\SHELL32.dll
0x00007fff95f70000 - 0x00007fff960af000 	C:\Windows\System32\wintypes.dll
0x00007fff93c20000 - 0x00007fff9453a000 	C:\Windows\SYSTEM32\windows.storage.dll
0x00007fff989c0000 - 0x00007fff98ac4000 	C:\Windows\System32\SHCORE.dll
0x00007fff96cc0000 - 0x00007fff96d29000 	C:\Windows\System32\shlwapi.dll
0x00007fff95c90000 - 0x00007fff95cb5000 	C:\Windows\SYSTEM32\profapi.dll
0x00007fff53aa0000 - 0x00007fff53ab8000 	C:\Program Files\Java\jdk-17\bin\zip.dll
0x00007fff53890000 - 0x00007fff538a9000 	C:\Program Files\Java\jdk-17\bin\net.dll
0x00007fff91640000 - 0x00007fff9176c000 	C:\Windows\SYSTEM32\WINHTTP.dll
0x00007fff952b0000 - 0x00007fff95319000 	C:\Windows\system32\mswsock.dll
0x00007fff52bc0000 - 0x00007fff52bd6000 	C:\Program Files\Java\jdk-17\bin\nio.dll
0x00007fff61d70000 - 0x00007fff61d80000 	C:\Program Files\Java\jdk-17\bin\verify.dll
0x00007fff558f0000 - 0x00007fff55917000 	C:\Users\Windows 11\.gradle\native\1def1411415f61bf3af743bc5b6707747c0891f09f0c88961ee8f79bc544acac\windows-amd64\native-platform.dll
0x00007fff51c40000 - 0x00007fff51cb8000 	C:\Users\Windows 11\.gradle\native\0.2.7\x86_64-windows-gnu\gradle-fileevents.dll
0x00007fff61580000 - 0x00007fff6158a000 	C:\Program Files\Java\jdk-17\bin\management.dll
0x00007fff5c080000 - 0x00007fff5c08b000 	C:\Program Files\Java\jdk-17\bin\management_ext.dll
0x00007fff94810000 - 0x00007fff9483d000 	C:\Windows\SYSTEM32\IPHLPAPI.DLL
0x00007fff97580000 - 0x00007fff97589000 	C:\Windows\System32\NSI.dll
0x00007fff91d50000 - 0x00007fff91d69000 	C:\Windows\SYSTEM32\dhcpcsvc6.DLL
0x00007fff91620000 - 0x00007fff9163f000 	C:\Windows\SYSTEM32\dhcpcsvc.DLL
0x00007fff94880000 - 0x00007fff94978000 	C:\Windows\SYSTEM32\DNSAPI.dll
0x00007fff95600000 - 0x00007fff9561b000 	C:\Windows\SYSTEM32\CRYPTSP.dll
0x00007fff94d50000 - 0x00007fff94d87000 	C:\Windows\system32\rsaenh.dll
0x00007fff95350000 - 0x00007fff95378000 	C:\Windows\SYSTEM32\USERENV.dll
0x00007fff955e0000 - 0x00007fff955ec000 	C:\Windows\SYSTEM32\CRYPTBASE.dll
0x00007fff55d00000 - 0x00007fff55d0e000 	C:\Program Files\Java\jdk-17\bin\sunmscapi.dll
0x00007fff96280000 - 0x00007fff963e8000 	C:\Windows\System32\CRYPT32.dll
0x00007fff95720000 - 0x00007fff9574e000 	C:\Windows\SYSTEM32\ncrypt.dll
0x00007fff956e0000 - 0x00007fff95717000 	C:\Windows\SYSTEM32\NTASN1.dll
0x00007fff866b0000 - 0x00007fff866b8000 	C:\Windows\system32\wshunix.dll
0x00007fff73470000 - 0x00007fff73487000 	C:\Windows\system32\napinsp.dll
0x00007fff739d0000 - 0x00007fff739eb000 	C:\Windows\system32\pnrpnsp.dll
0x00007fff771c0000 - 0x00007fff771d1000 	C:\Windows\System32\winrnr.dll
0x00007fff74a20000 - 0x00007fff74a35000 	C:\Windows\system32\wshbth.dll
0x00007fff749f0000 - 0x00007fff74a11000 	C:\Windows\system32\nlansp_c.dll
0x00007fff8bc90000 - 0x00007fff8bc9a000 	C:\Windows\System32\rasadhlp.dll
0x00007fff8f0d0000 - 0x00007fff8f154000 	C:\Windows\System32\fwpuclnt.dll

dbghelp: loaded successfully - version: 4.0.5 - missing functions: none
symbol engine: initialized successfully - sym options: 0x614 - pdb path: .;C:\Program Files\Java\jdk-17\bin;C:\Windows\SYSTEM32;C:\Windows\WinSxS\amd64_microsoft.windows.common-controls_6595b64144ccf1df_6.0.22621.6060_none_2712eda17382d24b;C:\Program Files\Java\jdk-17\bin\server;C:\Users\Windows 11\.gradle\native\1def1411415f61bf3af743bc5b6707747c0891f09f0c88961ee8f79bc544acac\windows-amd64;C:\Users\Windows 11\.gradle\native\0.2.7\x86_64-windows-gnu

VM Arguments:
jvm_args: --add-opens=java.base/java.lang=ALL-UNNAMED --add-opens=java.base/java.lang.invoke=ALL-UNNAMED --add-opens=java.base/java.util=ALL-UNNAMED --add-opens=java.prefs/java.util.prefs=ALL-UNNAMED --add-exports=jdk.compiler/com.sun.tools.javac.api=ALL-UNNAMED --add-exports=jdk.compiler/com.sun.tools.javac.util=ALL-UNNAMED --add-opens=java.base/java.util=ALL-UNNAMED --add-opens=java.prefs/java.util.prefs=ALL-UNNAMED --add-opens=java.base/java.nio.charset=ALL-UNNAMED --add-opens=java.base/java.net=ALL-UNNAMED --add-opens=java.base/java.util.concurrent.atomic=ALL-UNNAMED --add-opens=java.xml/javax.xml.namespace=ALL-UNNAMED -XX:MaxMetaspaceSize=4G -XX:ReservedCodeCacheSize=512m -XX:+HeapDumpOnOutOfMemoryError -Xmx8G -Dfile.encoding=UTF-8 -Duser.country=ID -Duser.language=en -Duser.variant -javaagent:C:\Users\Windows 11\.gradle\wrapper\dists\gradle-8.14-all\c2qonpi39x1mddn7hk5gh9iqj\gradle-8.14\lib\agents\gradle-instrumentation-agent-8.14.jar 
java_command: org.gradle.launcher.daemon.bootstrap.GradleDaemon 8.14
java_class_path (initial): C:\Users\Windows 11\.gradle\wrapper\dists\gradle-8.14-all\c2qonpi39x1mddn7hk5gh9iqj\gradle-8.14\lib\gradle-daemon-main-8.14.jar
Launcher Type: SUN_STANDARD

[Global flags]
     intx CICompilerCount                          = 4                                         {product} {ergonomic}
     uint ConcGCThreads                            = 2                                         {product} {ergonomic}
     uint G1ConcRefinementThreads                  = 8                                         {product} {ergonomic}
   size_t G1HeapRegionSize                         = 4194304                                   {product} {ergonomic}
    uintx GCDrainStackTargetSize                   = 64                                        {product} {ergonomic}
     bool HeapDumpOnOutOfMemoryError               = true                                   {manageable} {command line}
   size_t InitialHeapSize                          = 134217728                                 {product} {ergonomic}
   size_t MarkStackSize                            = 4194304                                   {product} {ergonomic}
   size_t MaxHeapSize                              = 8589934592                                {product} {command line}
   size_t MaxMetaspaceSize                         = 4294967296                                {product} {command line}
   size_t MaxNewSize                               = 5150605312                                {product} {ergonomic}
   size_t MinHeapDeltaBytes                        = 4194304                                   {product} {ergonomic}
   size_t MinHeapSize                              = 8388608                                   {product} {ergonomic}
    uintx NonNMethodCodeHeapSize                   = 5839372                                {pd product} {ergonomic}
    uintx NonProfiledCodeHeapSize                  = 265515770                              {pd product} {ergonomic}
    uintx ProfiledCodeHeapSize                     = 265515770                              {pd product} {ergonomic}
    uintx ReservedCodeCacheSize                    = 536870912                              {pd product} {command line}
     bool SegmentedCodeCache                       = true                                      {product} {ergonomic}
   size_t SoftMaxHeapSize                          = 8589934592                             {manageable} {ergonomic}
   double SweeperThreshold                         = 0.234375                                  {product} {ergonomic}
     bool UseCompressedClassPointers               = true                           {product lp64_product} {ergonomic}
     bool UseCompressedOops                        = true                           {product lp64_product} {ergonomic}
     bool UseG1GC                                  = true                                      {product} {ergonomic}
     bool UseLargePagesIndividualAllocation        = false                                  {pd product} {ergonomic}

Logging:
Log output configuration:
 #0: stdout all=warning uptime,level,tags
 #1: stderr all=off uptime,level,tags

Environment Variables:
PATH=C:\Program Files\Common Files\Oracle\Java\javapath;C:\Windows\system32;C:\Windows;C:\Windows\System32\Wbem;C:\Windows\System32\WindowsPowerShell\v1.0\;C:\Windows\System32\OpenSSH\;C:\Program Files\Intel\WiFi\bin\;C:\Program Files\Common Files\Intel\WirelessCommon\;C:\Users\Windows 11\AppData\Local\Programs\Python\Python312;C:\Users\Windows 11\AppData\Local\Programs\Python\Python312\Scripts;C:\Program Files\dotnet\;C:\msys64\ucrt64\bin\;D:\Nodejs\;D:\Git\cmd;D:\SEMESTER 3 TEKNIK INFORMATIKA\KOMPUTER GRAFIK\PRAKTEK\dotnet;D:\Downloads\php-8.4.12-Win32-vs17-x64;D:\SEMESTER 3 TEKNIK INFORMATIKA\PROYEK-3-PBO\ComposerSetup;C:\Program Files\Java\jdk-17\bin;D:\xampp\php;D:\SEMESTER 3 TEKNIK INFORMATIKA\PEMROGRAMAN-BERORIENTASI-OBJECT\maven\maven-mvnd-1.0.3-windows-amd64\mvn\bin;C:\Program Files\Docker\Docker\resources\bin;D:\UNIT-TECNO\Android\Sdk;D:\UNIT-TECNO\Flutter\Tools\cmdline-tools\latest\bin;D:\Downloads\flutter_windows_3.29.0-stable\flutter\bin;C:\Users\Windows 11\scoop\shims;C:\Users\Windows 11\AppData\Local\Programs\Python\Python313\Scripts\;C:\Users\Windows 11\AppData\Local\Programs\Python\Python313\;C:\Users\Windows 11\AppData\Local\Programs\Python\Launcher\;C:\Users\Windows 11\AppData\Local\Microsoft\WindowsApps;D:\Microsoft VS Code\bin;C:\Users\Windows 11\AppData\Local\Programs\Python\Python312;C:\Users\Windows 11\AppData\Local\Programs\Python\Python312\Scripts;C:\Users\Windows 11\scoop\apps\scoop\current\bin\;C:\Users\Windows 11\scoop\apps\make\4.4.1\bin;C:\msys64\ucrt64\bin\;D:\IntelliJ IDEA 2024.3.1.1\bin;;D:\Downloads\kotlin-compiler-2.1.10\kotlinc\bin;C:\Users\Windows 11\AppData\Local\GitHubDesktop\bin;D:\Downloads\kotlin-compiler-2.1.10\kotlinc\lib;C:\msys64\usr\bin;C:\Users\Windows 11\AppData\Roaming\npm;C:\Users\Windows 11\.dotnet\tools;C:\Users\Windows 11\AppData\Roaming\Composer\vendor\bin;D:\Antigravity\bin;C:\Program Files (x86)\MongoDB Atlas CLI\
USERNAME=Windows 11
OS=Windows_NT
PROCESSOR_IDENTIFIER=Intel64 Family 6 Model 142 Stepping 10, GenuineIntel



---------------  S Y S T E M  ---------------

OS:
 Windows 11 , 64 bit Build 22621 (10.0.22621.5415)
OS uptime: 0 days 16:36 hours
Hyper-V role detected

CPU: total 8 (initial active 8) (4 cores per cpu, 2 threads per core) family 6 model 142 stepping 10 microcode 0xf6, cx8, cmov, fxsr, ht, mmx, 3dnowpref, sse, sse2, sse3, ssse3, sse4.1, sse4.2, popcnt, lzcnt, tsc, tscinvbit, avx, avx2, aes, erms, clmul, bmi1, bmi2, rtm, adx, fma, vzeroupper, clflush, clflushopt, hv

Memory: 4k page, system-wide physical 8071M (462M free)
TotalPageFile size 14837M (AvailPageFile size 13M)
current process WorkingSet (physical memory assigned to process): 678M, peak: 828M
current process commit charge ("private bytes"): 883M, peak: 886M

vm_info: Java HotSpot(TM) 64-Bit Server VM (17.0.14+8-LTS-191) for windows-amd64 JRE (17.0.14+8-LTS-191), built on Dec  3 2024 11:07:59 by "mach5one" with MS VC++ 17.6 (VS2022)

END.
