#
# There is insufficient memory for the Java Runtime Environment to continue.
# Native memory allocation (mmap) failed to map 981467136 bytes for G1 virtual space
# Possible reasons:
#   The system is out of physical RAM or swap space
#   The process is running with CompressedOops enabled, and the Java Heap may be blocking the growth of the native heap
# Possible solutions:
#   Reduce memory load on the system
#   Increase physical memory or swap space
#   Check if swap backing store is full
#   Decrease Java heap size (-Xmx/-Xms)
#   Decrease number of Java threads
#   Decrease Java thread stack sizes (-Xss)
#   Set larger code cache with -XX:ReservedCodeCacheSize=
#   JVM is running with Zero Based Compressed Oops mode in which the Java heap is
#     placed in the first 32GB address space. The Java Heap base address is the
#     maximum limit for the native heap growth. Please use -XX:HeapBaseMinAddress
#     to set the Java Heap base and to place the Java Heap above 32GB virtual address.
# This output file may be truncated or incomplete.
#
#  Out of Memory Error (os_windows.cpp:3551), pid=9336, tid=18196
#
# JRE version: Java(TM) SE Runtime Environment (17.0.14+8) (build 17.0.14+8-LTS-191)
# Java VM: Java HotSpot(TM) 64-Bit Server VM (17.0.14+8-LTS-191, mixed mode, sharing, tiered, compressed oops, compressed class ptrs, g1 gc, windows-amd64)
# No core dump will be written. Minidumps are not enabled by default on client versions of Windows
#

---------------  S U M M A R Y ------------

Command Line: --add-opens=java.base/java.lang=ALL-UNNAMED --add-opens=java.base/java.lang.invoke=ALL-UNNAMED --add-opens=java.base/java.util=ALL-UNNAMED --add-opens=java.prefs/java.util.prefs=ALL-UNNAMED --add-exports=jdk.compiler/com.sun.tools.javac.api=ALL-UNNAMED --add-exports=jdk.compiler/com.sun.tools.javac.util=ALL-UNNAMED --add-opens=java.base/java.util=ALL-UNNAMED --add-opens=java.prefs/java.util.prefs=ALL-UNNAMED --add-opens=java.base/java.nio.charset=ALL-UNNAMED --add-opens=java.base/java.net=ALL-UNNAMED --add-opens=java.base/java.util.concurrent.atomic=ALL-UNNAMED --add-opens=java.xml/javax.xml.namespace=ALL-UNNAMED -XX:MaxMetaspaceSize=4G -XX:ReservedCodeCacheSize=512m -XX:+HeapDumpOnOutOfMemoryError -Xmx8G -Dfile.encoding=UTF-8 -Duser.country=ID -Duser.language=en -Duser.variant -javaagent:C:\Users\Windows 11\.gradle\wrapper\dists\gradle-8.14-all\c2qonpi39x1mddn7hk5gh9iqj\gradle-8.14\lib\agents\gradle-instrumentation-agent-8.14.jar org.gradle.launcher.daemon.bootstrap.GradleDaemon 8.14

Host: Intel(R) Core(TM) i5-8350U CPU @ 1.70GHz, 8 cores, 7G,  Windows 11 , 64 bit Build 22621 (10.0.22621.5415)
Time: Tue Mar 10 09:40:52 2026 SE Asia Standard Time elapsed time: 2363.915439 seconds (0d 0h 39m 23s)

---------------  T H R E A D  ---------------

Current thread (0x00000279d7a67e40):  VMThread "VM Thread" [stack: 0x0000008023000000,0x0000008023100000] [id=18196]

Stack: [0x0000008023000000,0x0000008023100000]
Native frames: (J=compiled Java code, j=interpreted, Vv=VM code, C=native code)
V  [jvm.dll+0x67a38a]
V  [jvm.dll+0x7da7ed]
V  [jvm.dll+0x7dc133]
V  [jvm.dll+0x7dc7a3]
V  [jvm.dll+0x24517f]
V  [jvm.dll+0x6773b9]
V  [jvm.dll+0x66c062]
V  [jvm.dll+0x302096]
V  [jvm.dll+0x309636]
V  [jvm.dll+0x359f8e]
V  [jvm.dll+0x35a1bf]
V  [jvm.dll+0x2d9168]
V  [jvm.dll+0x2d759d]
V  [jvm.dll+0x2d6bec]
V  [jvm.dll+0x31a74b]
V  [jvm.dll+0x7e109b]
V  [jvm.dll+0x7e1dd4]
V  [jvm.dll+0x7e22ed]
V  [jvm.dll+0x7e26c4]
V  [jvm.dll+0x7e2790]
V  [jvm.dll+0x78b04a]
V  [jvm.dll+0x679275]
C  [ucrtbase.dll+0x29333]
C  [KERNEL32.DLL+0x1259d]
C  [ntdll.dll+0x5af78]

VM_Operation (0x00000080251fe8f0): G1CollectForAllocation, mode: safepoint, requested by thread 0x0000027a29a11620


---------------  P R O C E S S  ---------------

Threads class SMR info:
_java_thread_list=0x0000027a1f00ad30, length=110, elements={
0x000002799a8783e0, 0x00000279d7a6ba40, 0x00000279d7a6c8c0, 0x00000279d7a7f020,
0x00000279d7a7fd40, 0x00000279d7a80900, 0x00000279d7a832d0, 0x00000279d7a85080,
0x00000279d7a85b30, 0x00000279d7a8f460, 0x00000279d7a569e0, 0x00000279d83cc6a0,
0x0000027a1ed74010, 0x0000027a1e097320, 0x00000279d8ddaa50, 0x0000027a1ecf6090,
0x0000027a1ecf5160, 0x0000027a1ecf3d20, 0x0000027a1ecf6ab0, 0x0000027a20ddd9a0,
0x0000027a20dda1f0, 0x0000027a20dde8d0, 0x0000027a20dd8390, 0x0000027a20ddc560,
0x0000027a20dda700, 0x0000027a20ddede0, 0x0000027a20dd9ce0, 0x0000027a20ddac10,
0x0000027a20ddc050, 0x0000027a1f3e7230, 0x0000027a20dde3c0, 0x0000027a20ddb630,
0x0000027a20f17c30, 0x0000027a29a12040, 0x0000027a23ba8b40, 0x0000027a23baa9a0,
0x0000027a29a12550, 0x0000027a29a13ea0, 0x0000027a29a12a60, 0x0000027a29a143b0,
0x0000027a29a148c0, 0x0000027a29a14dd0, 0x0000027a29a13480, 0x0000027a29a11620,
0x0000027a29a11b30, 0x0000027a29a12f70, 0x0000027a23babde0, 0x0000027a222f8860,
0x0000027a23baaeb0, 0x0000027a23badc40, 0x0000027a23bacd10, 0x0000027a23bac2f0,
0x0000027a23baeb70, 0x0000027a23ba8120, 0x0000027a23bae150, 0x0000027a23bac800,
0x0000027a23ba8630, 0x0000027a23bad730, 0x0000027a23baf080, 0x0000027a23bafaa0,
0x0000027a23baf590, 0x0000027a23bab3c0, 0x0000027a23ba9050, 0x0000027a23ba9a70,
0x0000027a23bab8d0, 0x0000027a23ba9560, 0x0000027a23ba9f80, 0x0000027a23baa490,
0x0000027a20f18b60, 0x0000027a20f19580, 0x0000027a20f19a90, 0x0000027a20f1b3e0,
0x0000027a20f1a4b0, 0x0000027a20f18650, 0x0000027a20f1a9c0, 0x0000027a20f15dd0,
0x0000027a20f1aed0, 0x0000027a20f14ea0, 0x0000027a20f13f70, 0x0000027a20f1b8f0,
0x0000027a20f19070, 0x0000027a20f14990, 0x0000027a20f153b0, 0x0000027a20f18140,
0x0000027a20f162e0, 0x0000027a20f167f0, 0x0000027a20f16d00, 0x0000027a20f17210,
0x0000027a20f17720, 0x0000027a24549410, 0x0000027a245433e0, 0x0000027a24544310,
0x0000027a24548f00, 0x0000027a2454a850, 0x0000027a2454ad60, 0x0000027a24546680,
0x0000027a245489f0, 0x0000027a24545c60, 0x0000027a24543e00, 0x0000027a24546b90,
0x0000027a24544820, 0x0000027a24545240, 0x0000027a245475b0, 0x0000027a24547ac0,
0x0000027a2454a340, 0x0000027a245484e0, 0x0000027a24549e30, 0x0000027a1f3e7740,
0x0000027a1f3e3060, 0x0000027a1f3e95a0
}

Java Threads: ( => current thread )
  0x000002799a8783e0 JavaThread "main" [_thread_blocked, id=20168, stack(0x0000008022a00000,0x0000008022b00000)]
  0x00000279d7a6ba40 JavaThread "Reference Handler" daemon [_thread_blocked, id=7552, stack(0x0000008023100000,0x0000008023200000)]
  0x00000279d7a6c8c0 JavaThread "Finalizer" daemon [_thread_blocked, id=16948, stack(0x0000008023200000,0x0000008023300000)]
  0x00000279d7a7f020 JavaThread "Signal Dispatcher" daemon [_thread_blocked, id=20824, stack(0x0000008023300000,0x0000008023400000)]
  0x00000279d7a7fd40 JavaThread "Attach Listener" daemon [_thread_blocked, id=15560, stack(0x0000008023400000,0x0000008023500000)]
  0x00000279d7a80900 JavaThread "Service Thread" daemon [_thread_blocked, id=6324, stack(0x0000008023500000,0x0000008023600000)]
  0x00000279d7a832d0 JavaThread "Monitor Deflation Thread" daemon [_thread_blocked, id=18868, stack(0x0000008023600000,0x0000008023700000)]
  0x00000279d7a85080 JavaThread "C2 CompilerThread0" daemon [_thread_blocked, id=20356, stack(0x0000008023700000,0x0000008023800000)]
  0x00000279d7a85b30 JavaThread "C1 CompilerThread0" daemon [_thread_blocked, id=21092, stack(0x0000008023800000,0x0000008023900000)]
  0x00000279d7a8f460 JavaThread "Sweeper thread" daemon [_thread_blocked, id=16812, stack(0x0000008023900000,0x0000008023a00000)]
  0x00000279d7a569e0 JavaThread "Common-Cleaner" daemon [_thread_blocked, id=1496, stack(0x0000008023a00000,0x0000008023b00000)]
  0x00000279d83cc6a0 JavaThread "Notification Thread" daemon [_thread_blocked, id=18444, stack(0x0000008023b00000,0x0000008023c00000)]
  0x0000027a1ed74010 JavaThread "Daemon health stats" [_thread_blocked, id=9008, stack(0x0000008024200000,0x0000008024300000)]
  0x0000027a1e097320 JavaThread "Incoming local TCP Connector on port 57809" [_thread_in_native, id=17488, stack(0x0000008023f00000,0x0000008024000000)]
  0x00000279d8ddaa50 JavaThread "Daemon periodic checks" [_thread_blocked, id=21820, stack(0x0000008024300000,0x0000008024400000)]
  0x0000027a1ecf6090 JavaThread "Cache worker for journal cache (C:\Users\Windows 11\.gradle\caches\journal-1)" [_thread_blocked, id=18532, stack(0x0000008024b00000,0x0000008024c00000)]
  0x0000027a1ecf5160 JavaThread "File lock request listener" [_thread_in_native, id=13760, stack(0x0000008024c00000,0x0000008024d00000)]
  0x0000027a1ecf3d20 JavaThread "Cache worker for file hash cache (C:\Users\Windows 11\.gradle\caches\8.14\fileHashes)" [_thread_blocked, id=14296, stack(0x0000008024d00000,0x0000008024e00000)]
  0x0000027a1ecf6ab0 JavaThread "File watcher server" daemon [_thread_in_native, id=18876, stack(0x0000008025500000,0x0000008025600000)]
  0x0000027a20ddd9a0 JavaThread "File watcher consumer" daemon [_thread_blocked, id=16784, stack(0x0000008025600000,0x0000008025700000)]
  0x0000027a20dda1f0 JavaThread "jar transforms" [_thread_blocked, id=19836, stack(0x0000008025700000,0x0000008025800000)]
  0x0000027a20dde8d0 JavaThread "jar transforms Thread 2" [_thread_blocked, id=12856, stack(0x0000008025800000,0x0000008025900000)]
  0x0000027a20dd8390 JavaThread "jar transforms Thread 3" [_thread_blocked, id=21216, stack(0x0000008025900000,0x0000008025a00000)]
  0x0000027a20ddc560 JavaThread "jar transforms Thread 4" [_thread_blocked, id=8692, stack(0x0000008025a00000,0x0000008025b00000)]
  0x0000027a20dda700 JavaThread "Cache worker for file content cache (C:\Users\Windows 11\.gradle\caches\8.14\fileContent)" [_thread_blocked, id=19188, stack(0x0000008025c00000,0x0000008025d00000)]
  0x0000027a20ddede0 JavaThread "jar transforms Thread 5" [_thread_blocked, id=18032, stack(0x0000008025d00000,0x0000008025e00000)]
  0x0000027a20dd9ce0 JavaThread "jar transforms Thread 6" [_thread_blocked, id=16428, stack(0x0000008025e00000,0x0000008025f00000)]
  0x0000027a20ddac10 JavaThread "jar transforms Thread 7" [_thread_blocked, id=14876, stack(0x0000008025f00000,0x0000008026000000)]
  0x0000027a20ddc050 JavaThread "jar transforms Thread 8" [_thread_blocked, id=18200, stack(0x0000008026000000,0x0000008026100000)]
  0x0000027a1f3e7230 JavaThread "Memory manager" [_thread_blocked, id=3720, stack(0x0000008027900000,0x0000008027a00000)]
  0x0000027a20dde3c0 JavaThread "Daemon Thread 2" [_thread_blocked, id=18060, stack(0x0000008022700000,0x0000008022800000)]
  0x0000027a20ddb630 JavaThread "Daemon worker Thread 2" [_thread_blocked, id=18480, stack(0x0000008024400000,0x0000008024500000)]
  0x0000027a20f17c30 JavaThread "included builds" [_thread_blocked, id=11992, stack(0x0000008027000000,0x0000008027100000)]
  0x0000027a29a12040 JavaThread "VFS cleanup Thread 2" [_thread_blocked, id=9668, stack(0x0000008024500000,0x0000008024600000)]
  0x0000027a23ba8b40 JavaThread "included builds" [_thread_blocked, id=11260, stack(0x0000008027100000,0x0000008027200000)]
  0x0000027a23baa9a0 JavaThread "included builds" [_thread_blocked, id=13896, stack(0x0000008027200000,0x0000008027300000)]
  0x0000027a29a12550 JavaThread "Handler for socket connection from /127.0.0.1:57809 to /127.0.0.1:61839" [_thread_in_native, id=15552, stack(0x0000008022800000,0x0000008022900000)]
  0x0000027a29a13ea0 JavaThread "Cancel handler" [_thread_blocked, id=20812, stack(0x0000008022900000,0x0000008022a00000)]
  0x0000027a29a12a60 JavaThread "Asynchronous log dispatcher for DefaultDaemonConnection: socket connection from /127.0.0.1:57809 to /127.0.0.1:61839" [_thread_blocked, id=12672, stack(0x0000008024600000,0x0000008024700000)]
  0x0000027a29a143b0 JavaThread "Stdin handler" [_thread_blocked, id=18960, stack(0x0000008024700000,0x0000008024800000)]
  0x0000027a29a148c0 JavaThread "Daemon client event forwarder" [_thread_blocked, id=8392, stack(0x0000008024800000,0x0000008024900000)]
  0x0000027a29a14dd0 JavaThread "Cache worker for file hash cache (D:\SEMESTER 4 TEKNIK INFORMATIKA\PROYEK_4_MOOBILE_DEV\GIT\PY4_2C_D3_2024\MODUL_5\logbook_app_071\android\.gradle\8.14\fileHashes)" [_thread_blocked, id=8592, stack(0x0000008024900000,0x0000008024a00000)]
  0x0000027a29a13480 JavaThread "Cache worker for Build Output Cleanup Cache (D:\SEMESTER 4 TEKNIK INFORMATIKA\PROYEK_4_MOOBILE_DEV\GIT\PY4_2C_D3_2024\MODUL_5\logbook_app_071\android\.gradle\buildOutputCleanup)" [_thread_blocked, id=12060, stack(0x0000008024a00000,0x0000008024b00000)]
  0x0000027a29a11620 JavaThread "Cache worker for checksums cache (D:\SEMESTER 4 TEKNIK INFORMATIKA\PROYEK_4_MOOBILE_DEV\GIT\PY4_2C_D3_2024\MODUL_5\logbook_app_071\android\.gradle\8.14\checksums)" [_thread_blocked, id=18660, stack(0x0000008025100000,0x0000008025200000)]
  0x0000027a29a11b30 JavaThread "Cache worker for cache directory md-supplier (C:\Users\Windows 11\.gradle\caches\8.14\md-supplier)" [_thread_blocked, id=14436, stack(0x0000008025200000,0x0000008025300000)]
  0x0000027a29a12f70 JavaThread "Cache worker for cache directory md-rule (C:\Users\Windows 11\.gradle\caches\8.14\md-rule)" [_thread_blocked, id=14672, stack(0x0000008025300000,0x0000008025400000)]
  0x0000027a23babde0 JavaThread "Cache worker for Build Output Cleanup Cache (D:\Downloads\flutter_windows_3.29.0-stable\flutter\packages\flutter_tools\gradle\.gradle\buildOutputCleanup)" [_thread_blocked, id=8032, stack(0x0000008025b00000,0x0000008025c00000)]
  0x0000027a222f8860 JavaThread "C2 CompilerThread1" daemon [_thread_blocked, id=19988, stack(0x0000008026100000,0x0000008026200000)]
  0x0000027a23baaeb0 JavaThread "Unconstrained build operations" [_thread_blocked, id=20512, stack(0x0000008026200000,0x0000008026300000)]
  0x0000027a23badc40 JavaThread "Unconstrained build operations Thread 2" [_thread_blocked, id=15460, stack(0x0000008026300000,0x0000008026400000)]
  0x0000027a23bacd10 JavaThread "Unconstrained build operations Thread 3" [_thread_blocked, id=6628, stack(0x0000008026400000,0x0000008026500000)]
  0x0000027a23bac2f0 JavaThread "Unconstrained build operations Thread 4" [_thread_blocked, id=10200, stack(0x0000008026500000,0x0000008026600000)]
  0x0000027a23baeb70 JavaThread "Unconstrained build operations Thread 5" [_thread_blocked, id=8052, stack(0x0000008026600000,0x0000008026700000)]
  0x0000027a23ba8120 JavaThread "Unconstrained build operations Thread 6" [_thread_blocked, id=21952, stack(0x0000008026700000,0x0000008026800000)]
  0x0000027a23bae150 JavaThread "Unconstrained build operations Thread 7" [_thread_blocked, id=17604, stack(0x0000008026800000,0x0000008026900000)]
  0x0000027a23bac800 JavaThread "Unconstrained build operations Thread 8" [_thread_blocked, id=20504, stack(0x0000008026900000,0x0000008026a00000)]
  0x0000027a23ba8630 JavaThread "Unconstrained build operations Thread 9" [_thread_blocked, id=17120, stack(0x0000008026a00000,0x0000008026b00000)]
  0x0000027a23bad730 JavaThread "Unconstrained build operations Thread 10" [_thread_blocked, id=19344, stack(0x0000008026b00000,0x0000008026c00000)]
  0x0000027a23baf080 JavaThread "Unconstrained build operations Thread 11" [_thread_blocked, id=18140, stack(0x0000008026c00000,0x0000008026d00000)]
  0x0000027a23bafaa0 JavaThread "Unconstrained build operations Thread 12" [_thread_blocked, id=18820, stack(0x0000008026d00000,0x0000008026e00000)]
  0x0000027a23baf590 JavaThread "Unconstrained build operations Thread 13" [_thread_blocked, id=18668, stack(0x0000008026e00000,0x0000008026f00000)]
  0x0000027a23bab3c0 JavaThread "Unconstrained build operations Thread 14" [_thread_blocked, id=3752, stack(0x0000008026f00000,0x0000008027000000)]
  0x0000027a23ba9050 JavaThread "build event listener" [_thread_blocked, id=4048, stack(0x0000008027300000,0x0000008027400000)]
  0x0000027a23ba9a70 JavaThread "included builds" [_thread_blocked, id=5232, stack(0x0000008027400000,0x0000008027500000)]
  0x0000027a23bab8d0 JavaThread "Execution worker" [_thread_blocked, id=18508, stack(0x0000008027500000,0x0000008027600000)]
  0x0000027a23ba9560 JavaThread "Execution worker Thread 2" [_thread_blocked, id=20944, stack(0x0000008027600000,0x0000008027700000)]
  0x0000027a23ba9f80 JavaThread "Execution worker Thread 3" [_thread_blocked, id=2476, stack(0x0000008027700000,0x0000008027800000)]
  0x0000027a23baa490 JavaThread "Execution worker Thread 4" [_thread_blocked, id=1628, stack(0x0000008027800000,0x0000008027900000)]
  0x0000027a20f18b60 JavaThread "Execution worker Thread 5" [_thread_blocked, id=20792, stack(0x0000008027c00000,0x0000008027d00000)]
  0x0000027a20f19580 JavaThread "Execution worker Thread 6" [_thread_blocked, id=18324, stack(0x0000008027d00000,0x0000008027e00000)]
  0x0000027a20f19a90 JavaThread "Execution worker Thread 7" [_thread_blocked, id=2780, stack(0x0000008027e00000,0x0000008027f00000)]
  0x0000027a20f1b3e0 JavaThread "Cache worker for execution history cache (D:\Downloads\flutter_windows_3.29.0-stable\flutter\packages\flutter_tools\gradle\.gradle\8.14\executionHistory)" [_thread_blocked, id=21020, stack(0x0000008027f00000,0x0000008028000000)]
  0x0000027a20f1a4b0 JavaThread "Unconstrained build operations Thread 15" [_thread_blocked, id=7276, stack(0x0000008028000000,0x0000008028100000)]
  0x0000027a20f18650 JavaThread "Unconstrained build operations Thread 16" [_thread_blocked, id=11224, stack(0x0000008028100000,0x0000008028200000)]
  0x0000027a20f1a9c0 JavaThread "Unconstrained build operations Thread 17" [_thread_blocked, id=20524, stack(0x0000008028200000,0x0000008028300000)]
  0x0000027a20f15dd0 JavaThread "Unconstrained build operations Thread 18" [_thread_blocked, id=9088, stack(0x0000008028300000,0x0000008028400000)]
  0x0000027a20f1aed0 JavaThread "Unconstrained build operations Thread 19" [_thread_blocked, id=19744, stack(0x0000008028400000,0x0000008028500000)]
  0x0000027a20f14ea0 JavaThread "Unconstrained build operations Thread 20" [_thread_blocked, id=19452, stack(0x0000008028500000,0x0000008028600000)]
  0x0000027a20f13f70 JavaThread "Unconstrained build operations Thread 21" [_thread_blocked, id=17768, stack(0x0000008028600000,0x0000008028700000)]
  0x0000027a20f1b8f0 JavaThread "Unconstrained build operations Thread 22" [_thread_blocked, id=17848, stack(0x0000008028700000,0x0000008028800000)]
  0x0000027a20f19070 JavaThread "Unconstrained build operations Thread 23" [_thread_blocked, id=21616, stack(0x0000008028800000,0x0000008028900000)]
  0x0000027a20f14990 JavaThread "Unconstrained build operations Thread 24" [_thread_blocked, id=9820, stack(0x0000008028900000,0x0000008028a00000)]
  0x0000027a20f153b0 JavaThread "Unconstrained build operations Thread 25" [_thread_blocked, id=16308, stack(0x0000008028a00000,0x0000008028b00000)]
  0x0000027a20f18140 JavaThread "Unconstrained build operations Thread 26" [_thread_blocked, id=9012, stack(0x0000008028b00000,0x0000008028c00000)]
  0x0000027a20f162e0 JavaThread "Unconstrained build operations Thread 27" [_thread_blocked, id=18576, stack(0x0000008028c00000,0x0000008028d00000)]
  0x0000027a20f167f0 JavaThread "Unconstrained build operations Thread 28" [_thread_blocked, id=19868, stack(0x0000008028d00000,0x0000008028e00000)]
  0x0000027a20f16d00 JavaThread "Unconstrained build operations Thread 29" [_thread_blocked, id=15692, stack(0x0000008028e00000,0x0000008028f00000)]
  0x0000027a20f17210 JavaThread "Unconstrained build operations Thread 30" [_thread_blocked, id=17928, stack(0x0000008028f00000,0x0000008029000000)]
  0x0000027a20f17720 JavaThread "Unconstrained build operations Thread 31" [_thread_blocked, id=16648, stack(0x0000008029000000,0x0000008029100000)]
  0x0000027a24549410 JavaThread "Unconstrained build operations Thread 32" [_thread_blocked, id=3356, stack(0x0000008029100000,0x0000008029200000)]
  0x0000027a245433e0 JavaThread "Unconstrained build operations Thread 33" [_thread_blocked, id=9508, stack(0x0000008029200000,0x0000008029300000)]
  0x0000027a24544310 JavaThread "Unconstrained build operations Thread 34" [_thread_blocked, id=6148, stack(0x0000008029300000,0x0000008029400000)]
  0x0000027a24548f00 JavaThread "Unconstrained build operations Thread 35" [_thread_blocked, id=12252, stack(0x0000008029400000,0x0000008029500000)]
  0x0000027a2454a850 JavaThread "Unconstrained build operations Thread 36" [_thread_blocked, id=21824, stack(0x0000008029500000,0x0000008029600000)]
  0x0000027a2454ad60 JavaThread "Unconstrained build operations Thread 37" [_thread_blocked, id=10572, stack(0x0000008029600000,0x0000008029700000)]
  0x0000027a24546680 JavaThread "Unconstrained build operations Thread 38" [_thread_blocked, id=5680, stack(0x0000008029700000,0x0000008029800000)]
  0x0000027a245489f0 JavaThread "Unconstrained build operations Thread 39" [_thread_blocked, id=16340, stack(0x0000008029800000,0x0000008029900000)]
  0x0000027a24545c60 JavaThread "Unconstrained build operations Thread 40" [_thread_blocked, id=7836, stack(0x0000008029900000,0x0000008029a00000)]
  0x0000027a24543e00 JavaThread "Unconstrained build operations Thread 41" [_thread_blocked, id=18280, stack(0x0000008029a00000,0x0000008029b00000)]
  0x0000027a24546b90 JavaThread "Unconstrained build operations Thread 42" [_thread_blocked, id=3380, stack(0x0000008029b00000,0x0000008029c00000)]
  0x0000027a24544820 JavaThread "Unconstrained build operations Thread 43" [_thread_blocked, id=344, stack(0x0000008029c00000,0x0000008029d00000)]
  0x0000027a24545240 JavaThread "Unconstrained build operations Thread 44" [_thread_blocked, id=17484, stack(0x0000008029d00000,0x0000008029e00000)]
  0x0000027a245475b0 JavaThread "build event listener" [_thread_blocked, id=12260, stack(0x0000008029e00000,0x0000008029f00000)]
  0x0000027a24547ac0 JavaThread "Unconstrained build operations Thread 45" [_thread_blocked, id=21520, stack(0x000000802a000000,0x000000802a100000)]
  0x0000027a2454a340 JavaThread "Unconstrained build operations Thread 46" [_thread_blocked, id=17044, stack(0x000000802a100000,0x000000802a200000)]
  0x0000027a245484e0 JavaThread "Unconstrained build operations Thread 47" [_thread_blocked, id=18908, stack(0x000000802a200000,0x000000802a300000)]
  0x0000027a24549e30 JavaThread "Unconstrained build operations Thread 48" [_thread_blocked, id=8096, stack(0x000000802a300000,0x000000802a400000)]
  0x0000027a1f3e7740 JavaThread "Unconstrained build operations Thread 49" [_thread_blocked, id=8408, stack(0x000000802a400000,0x000000802a500000)]
  0x0000027a1f3e3060 JavaThread "Unconstrained build operations Thread 50" [_thread_blocked, id=8556, stack(0x000000802a500000,0x000000802a600000)]
  0x0000027a1f3e95a0 JavaThread "Unconstrained build operations Thread 51" [_thread_blocked, id=11324, stack(0x000000802a600000,0x000000802a700000)]

Other Threads:
=>0x00000279d7a67e40 VMThread "VM Thread" [stack: 0x0000008023000000,0x0000008023100000] [id=18196]
  0x00000279d7a702c0 WatcherThread [stack: 0x0000008023c00000,0x0000008023d00000] [id=1644]
  0x000002799a9263a0 GCTaskThread "GC Thread#0" [stack: 0x0000008022b00000,0x0000008022c00000] [id=18040]
  0x00000279d8635580 GCTaskThread "GC Thread#1" [stack: 0x0000008023d00000,0x0000008023e00000] [id=21528]
  0x00000279d8635840 GCTaskThread "GC Thread#2" [stack: 0x0000008023e00000,0x0000008023f00000] [id=17296]
  0x00000279d89aa5b0 GCTaskThread "GC Thread#3" [stack: 0x0000008024000000,0x0000008024100000] [id=11716]
  0x00000279d89a9270 GCTaskThread "GC Thread#4" [stack: 0x0000008024100000,0x0000008024200000] [id=13128]
  0x00000279d89a97f0 GCTaskThread "GC Thread#5" [stack: 0x0000008024e00000,0x0000008024f00000] [id=1204]
  0x00000279d89a8cf0 GCTaskThread "GC Thread#6" [stack: 0x0000008024f00000,0x0000008025000000] [id=12108]
  0x00000279d89a9ab0 GCTaskThread "GC Thread#7" [stack: 0x0000008025000000,0x0000008025100000] [id=21476]
  0x000002799a9372f0 ConcurrentGCThread "G1 Main Marker" [stack: 0x0000008022c00000,0x0000008022d00000] [id=2460]
  0x000002799a937d00 ConcurrentGCThread "G1 Conc#0" [stack: 0x0000008022d00000,0x0000008022e00000] [id=4720]
  0x00000279d89aa030 ConcurrentGCThread "G1 Conc#1" [stack: 0x0000008025400000,0x0000008025500000] [id=21644]
  0x00000279d79219b0 ConcurrentGCThread "G1 Refine#0" [stack: 0x0000008022e00000,0x0000008022f00000] [id=21776]
  0x0000027a229f30d0 ConcurrentGCThread "G1 Refine#1" [stack: 0x0000008027a00000,0x0000008027b00000] [id=11628]
  0x0000027a1f3f10b0 ConcurrentGCThread "G1 Refine#2" [stack: 0x0000008027b00000,0x0000008027c00000] [id=7264]
  0x00000279d79223e0 ConcurrentGCThread "G1 Service" [stack: 0x0000008022f00000,0x0000008023000000] [id=12028]

Threads with active compile tasks:
C2 CompilerThread0  2364010 25661       4       com.sun.org.apache.xerces.internal.impl.io.UTF8Reader::read (1443 bytes)
C2 CompilerThread1  2364010 25663       4       com.sun.org.apache.xerces.internal.xni.XMLString::toString (32 bytes)

VM state: at safepoint (normal execution)

VM Mutex/Monitor currently owned by a thread:  ([mutex/lock_event])
[0x000002799a874210] Threads_lock - owner thread: 0x00000279d7a67e40
[0x000002799a874ba0] Heap_lock - owner thread: 0x0000027a29a11620

Heap address: 0x0000000600000000, size: 8192 MB, Compressed Oops mode: Zero based, Oop shift amount: 3

CDS archive(s) mapped at: [0x00000279d9000000-0x00000279d9bd0000-0x00000279d9bd0000), size 12386304, SharedBaseAddress: 0x00000279d9000000, ArchiveRelocationMode: 1.
Compressed class space mapped at: 0x00000279da000000-0x0000027a1a000000, reserved size: 1073741824
Narrow klass base: 0x00000279d9000000, Narrow klass shift: 0, Narrow klass range: 0x100000000

GC Precious Log:
 CPUs: 8 total, 8 available
 Memory: 8071M
 Large Page Support: Disabled
 NUMA Support: Disabled
 Compressed Oops: Enabled (Zero based)
 Heap Region Size: 4M
 Heap Min Capacity: 8M
 Heap Initial Capacity: 128M
 Heap Max Capacity: 8G
 Pre-touch: Disabled
 Parallel Workers: 8
 Concurrent Workers: 2
 Concurrent Refinement Workers: 8
 Periodic GC: Disabled

Heap:
 garbage-first heap   total 688128K, used 193236K [0x0000000600000000, 0x0000000800000000)
  region size 4096K, 5 young (20480K), 5 survivors (20480K)
 Metaspace       used 132097K, committed 133888K, reserved 1179648K
  class space    used 18015K, committed 18944K, reserved 1048576K

Heap Regions: E=young(eden), S=young(survivor), O=old, HS=humongous(starts), HC=humongous(continues), CS=collection set, F=free, OA=open archive, CA=closed archive, TAMS=top-at-mark-start (previous, next)
|   0|0x0000000600000000, 0x0000000600400000, 0x0000000600400000|100%|HS|  |TAMS 0x0000000600400000, 0x0000000600000000| Complete 
|   1|0x0000000600400000, 0x0000000600800000, 0x0000000600800000|100%| O|  |TAMS 0x0000000600800000, 0x0000000600400000| Untracked 
|   2|0x0000000600800000, 0x0000000600c00000, 0x0000000600c00000|100%| O|  |TAMS 0x0000000600c00000, 0x0000000600800000| Untracked 
|   3|0x0000000600c00000, 0x0000000601000000, 0x0000000601000000|100%| O|  |TAMS 0x0000000601000000, 0x0000000600c00000| Untracked 
|   4|0x0000000601000000, 0x0000000601400000, 0x0000000601400000|100%| O|  |TAMS 0x0000000601400000, 0x0000000601000000| Untracked 
|   5|0x0000000601400000, 0x0000000601800000, 0x0000000601800000|100%| O|  |TAMS 0x0000000601800000, 0x0000000601400000| Untracked 
|   6|0x0000000601800000, 0x0000000601c00000, 0x0000000601c00000|100%| O|  |TAMS 0x0000000601c00000, 0x0000000601800000| Untracked 
|   7|0x0000000601c00000, 0x0000000602000000, 0x0000000602000000|100%| O|  |TAMS 0x0000000602000000, 0x0000000601c00000| Untracked 
|   8|0x0000000602000000, 0x0000000602400000, 0x0000000602400000|100%| O|  |TAMS 0x0000000602400000, 0x0000000602000000| Untracked 
|   9|0x0000000602400000, 0x0000000602800000, 0x0000000602800000|100%| O|  |TAMS 0x0000000602800000, 0x0000000602400000| Untracked 
|  10|0x0000000602800000, 0x0000000602c00000, 0x0000000602c00000|100%| O|  |TAMS 0x0000000602c00000, 0x0000000602800000| Untracked 
|  11|0x0000000602c00000, 0x0000000603000000, 0x0000000603000000|100%|HS|  |TAMS 0x0000000603000000, 0x0000000602c00000| Complete 
|  12|0x0000000603000000, 0x0000000603400000, 0x0000000603400000|100%|HS|  |TAMS 0x0000000603400000, 0x0000000603000000| Complete 
|  13|0x0000000603400000, 0x0000000603800000, 0x0000000603800000|100%| O|  |TAMS 0x0000000603800000, 0x0000000603400000| Untracked 
|  14|0x0000000603800000, 0x0000000603c00000, 0x0000000603c00000|100%| O|  |TAMS 0x0000000603c00000, 0x0000000603800000| Untracked 
|  15|0x0000000603c00000, 0x0000000604000000, 0x0000000604000000|100%| O|  |TAMS 0x0000000604000000, 0x0000000603c00000| Untracked 
|  16|0x0000000604000000, 0x0000000604400000, 0x0000000604400000|100%| O|  |TAMS 0x0000000604400000, 0x0000000604000000| Untracked 
|  17|0x0000000604400000, 0x0000000604800000, 0x0000000604800000|100%| O|  |TAMS 0x0000000604400000, 0x0000000604400000| Untracked 
|  18|0x0000000604800000, 0x0000000604c00000, 0x0000000604c00000|100%| O|  |TAMS 0x0000000604800000, 0x0000000604800000| Untracked 
|  19|0x0000000604c00000, 0x0000000605000000, 0x0000000605000000|100%| O|  |TAMS 0x0000000605000000, 0x0000000604c00000| Untracked 
|  20|0x0000000605000000, 0x0000000605400000, 0x0000000605400000|100%| O|  |TAMS 0x0000000605000000, 0x0000000605000000| Untracked 
|  21|0x0000000605400000, 0x0000000605800000, 0x0000000605800000|100%| O|  |TAMS 0x0000000605800000, 0x0000000605400000| Untracked 
|  22|0x0000000605800000, 0x0000000605c00000, 0x0000000605c00000|100%| O|  |TAMS 0x0000000605c00000, 0x0000000605800000| Untracked 
|  23|0x0000000605c00000, 0x0000000606000000, 0x0000000606000000|100%| O|  |TAMS 0x0000000606000000, 0x0000000605c00000| Untracked 
|  24|0x0000000606000000, 0x0000000606400000, 0x0000000606400000|100%| O|  |TAMS 0x0000000606400000, 0x0000000606000000| Untracked 
|  25|0x0000000606400000, 0x0000000606800000, 0x0000000606800000|100%| O|  |TAMS 0x0000000606800000, 0x0000000606400000| Untracked 
|  26|0x0000000606800000, 0x0000000606c00000, 0x0000000606c00000|100%| O|  |TAMS 0x0000000606c00000, 0x0000000606800000| Untracked 
|  27|0x0000000606c00000, 0x0000000607000000, 0x0000000607000000|100%| O|  |TAMS 0x0000000606c00000, 0x0000000606c00000| Untracked 
|  28|0x0000000607000000, 0x0000000607400000, 0x0000000607400000|100%| O|  |TAMS 0x0000000607400000, 0x0000000607000000| Untracked 
|  29|0x0000000607400000, 0x0000000607800000, 0x0000000607800000|100%| O|  |TAMS 0x0000000607400000, 0x0000000607400000| Untracked 
|  30|0x0000000607800000, 0x00000006078e8600, 0x0000000607c00000| 22%| O|  |TAMS 0x0000000607800000, 0x0000000607800000| Untracked 
|  31|0x0000000607c00000, 0x0000000608000000, 0x0000000608000000|100%| O|  |TAMS 0x0000000608000000, 0x0000000607c00000| Untracked 
|  32|0x0000000608000000, 0x0000000608000000, 0x0000000608400000|  0%| F|  |TAMS 0x0000000608000000, 0x0000000608000000| Untracked 
|  33|0x0000000608400000, 0x0000000608400000, 0x0000000608800000|  0%| F|  |TAMS 0x0000000608400000, 0x0000000608400000| Untracked 
|  34|0x0000000608800000, 0x0000000608c00000, 0x0000000608c00000|100%| O|  |TAMS 0x0000000608c00000, 0x0000000608800000| Untracked 
|  35|0x0000000608c00000, 0x0000000608c00000, 0x0000000609000000|  0%| F|  |TAMS 0x0000000608c00000, 0x0000000608c00000| Untracked 
|  36|0x0000000609000000, 0x0000000609000000, 0x0000000609400000|  0%| F|  |TAMS 0x0000000609000000, 0x0000000609000000| Untracked 
|  37|0x0000000609400000, 0x0000000609800000, 0x0000000609800000|100%| O|  |TAMS 0x0000000609800000, 0x0000000609400000| Untracked 
|  38|0x0000000609800000, 0x0000000609c00000, 0x0000000609c00000|100%| O|  |TAMS 0x0000000609c00000, 0x0000000609800000| Untracked 
|  39|0x0000000609c00000, 0x000000060a000000, 0x000000060a000000|100%| O|  |TAMS 0x000000060a000000, 0x0000000609c00000| Untracked 
|  40|0x000000060a000000, 0x000000060a000000, 0x000000060a400000|  0%| F|  |TAMS 0x000000060a000000, 0x000000060a000000| Untracked 
|  41|0x000000060a400000, 0x000000060a800000, 0x000000060a800000|100%| O|  |TAMS 0x000000060a74c608, 0x000000060a400000| Untracked 
|  42|0x000000060a800000, 0x000000060ac00000, 0x000000060ac00000|100%| O|  |TAMS 0x000000060a800000, 0x000000060a800000| Untracked 
|  43|0x000000060ac00000, 0x000000060b000000, 0x000000060b000000|100%| O|  |TAMS 0x000000060ac00000, 0x000000060ac00000| Untracked 
|  44|0x000000060b000000, 0x000000060b400000, 0x000000060b400000|100%| O|  |TAMS 0x000000060b000000, 0x000000060b000000| Untracked 
|  45|0x000000060b400000, 0x000000060b800000, 0x000000060b800000|100%| O|  |TAMS 0x000000060b400000, 0x000000060b400000| Untracked 
|  46|0x000000060b800000, 0x000000060bc00000, 0x000000060bc00000|100%| O|  |TAMS 0x000000060b800000, 0x000000060b800000| Untracked 
|  47|0x000000060bc00000, 0x000000060c000000, 0x000000060c000000|100%| O|  |TAMS 0x000000060bc00000, 0x000000060bc00000| Untracked 
|  48|0x000000060c000000, 0x000000060c000000, 0x000000060c400000|  0%| F|  |TAMS 0x000000060c000000, 0x000000060c000000| Untracked 
|  49|0x000000060c400000, 0x000000060c400000, 0x000000060c800000|  0%| F|  |TAMS 0x000000060c400000, 0x000000060c400000| Untracked 
|  50|0x000000060c800000, 0x000000060c800000, 0x000000060cc00000|  0%| F|  |TAMS 0x000000060c800000, 0x000000060c800000| Untracked 
|  51|0x000000060cc00000, 0x000000060cc00000, 0x000000060d000000|  0%| F|  |TAMS 0x000000060cc00000, 0x000000060cc00000| Untracked 
|  52|0x000000060d000000, 0x000000060d000000, 0x000000060d400000|  0%| F|  |TAMS 0x000000060d000000, 0x000000060d000000| Untracked 
|  53|0x000000060d400000, 0x000000060d400000, 0x000000060d800000|  0%| F|  |TAMS 0x000000060d400000, 0x000000060d400000| Untracked 
|  54|0x000000060d800000, 0x000000060d800000, 0x000000060dc00000|  0%| F|  |TAMS 0x000000060d800000, 0x000000060d800000| Untracked 
|  55|0x000000060dc00000, 0x000000060dc00000, 0x000000060e000000|  0%| F|  |TAMS 0x000000060dc00000, 0x000000060dc00000| Untracked 
|  56|0x000000060e000000, 0x000000060e000000, 0x000000060e400000|  0%| F|  |TAMS 0x000000060e000000, 0x000000060e000000| Untracked 
|  57|0x000000060e400000, 0x000000060e400000, 0x000000060e800000|  0%| F|  |TAMS 0x000000060e400000, 0x000000060e400000| Untracked 
|  58|0x000000060e800000, 0x000000060e800000, 0x000000060ec00000|  0%| F|  |TAMS 0x000000060e800000, 0x000000060e800000| Untracked 
|  59|0x000000060ec00000, 0x000000060ec00000, 0x000000060f000000|  0%| F|  |TAMS 0x000000060ec00000, 0x000000060ec00000| Untracked 
|  60|0x000000060f000000, 0x000000060f000000, 0x000000060f400000|  0%| F|  |TAMS 0x000000060f000000, 0x000000060f000000| Untracked 
|  61|0x000000060f400000, 0x000000060f400000, 0x000000060f800000|  0%| F|  |TAMS 0x000000060f400000, 0x000000060f400000| Untracked 
|  62|0x000000060f800000, 0x000000060f800000, 0x000000060fc00000|  0%| F|  |TAMS 0x000000060f800000, 0x000000060f800000| Untracked 
|  63|0x000000060fc00000, 0x000000060fc00000, 0x0000000610000000|  0%| F|  |TAMS 0x000000060fc00000, 0x000000060fc00000| Untracked 
|  64|0x0000000610000000, 0x0000000610000000, 0x0000000610400000|  0%| F|  |TAMS 0x0000000610000000, 0x0000000610000000| Untracked 
|  65|0x0000000610400000, 0x0000000610400000, 0x0000000610800000|  0%| F|  |TAMS 0x0000000610400000, 0x0000000610400000| Untracked 
|  66|0x0000000610800000, 0x0000000610800000, 0x0000000610c00000|  0%| F|  |TAMS 0x0000000610800000, 0x0000000610800000| Untracked 
|  67|0x0000000610c00000, 0x0000000610c00000, 0x0000000611000000|  0%| F|  |TAMS 0x0000000610c00000, 0x0000000610c00000| Untracked 
|  68|0x0000000611000000, 0x0000000611000000, 0x0000000611400000|  0%| F|  |TAMS 0x0000000611000000, 0x0000000611000000| Untracked 
|  69|0x0000000611400000, 0x0000000611400000, 0x0000000611800000|  0%| F|  |TAMS 0x0000000611400000, 0x0000000611400000| Untracked 
|  70|0x0000000611800000, 0x0000000611800000, 0x0000000611c00000|  0%| F|  |TAMS 0x0000000611800000, 0x0000000611800000| Untracked 
|  71|0x0000000611c00000, 0x0000000611fccca8, 0x0000000612000000| 94%| S|CS|TAMS 0x0000000611c00000, 0x0000000611c00000| Complete 
|  72|0x0000000612000000, 0x0000000612400000, 0x0000000612400000|100%| S|CS|TAMS 0x0000000612000000, 0x0000000612000000| Complete 
|  73|0x0000000612400000, 0x0000000612800000, 0x0000000612800000|100%| S|CS|TAMS 0x0000000612400000, 0x0000000612400000| Complete 
|  74|0x0000000612800000, 0x0000000612c00000, 0x0000000612c00000|100%| S|CS|TAMS 0x0000000612800000, 0x0000000612800000| Complete 
|  75|0x0000000612c00000, 0x0000000613000000, 0x0000000613000000|100%| S|CS|TAMS 0x0000000612c00000, 0x0000000612c00000| Complete 
|  76|0x0000000613000000, 0x0000000613000000, 0x0000000613400000|  0%| F|  |TAMS 0x0000000613000000, 0x0000000613000000| Untracked 
|  77|0x0000000613400000, 0x0000000613400000, 0x0000000613800000|  0%| F|  |TAMS 0x0000000613400000, 0x0000000613400000| Untracked 
|  78|0x0000000613800000, 0x0000000613800000, 0x0000000613c00000|  0%| F|  |TAMS 0x0000000613800000, 0x0000000613800000| Untracked 
|  79|0x0000000613c00000, 0x0000000613c00000, 0x0000000614000000|  0%| F|  |TAMS 0x0000000613c00000, 0x0000000613c00000| Untracked 
|  80|0x0000000614000000, 0x0000000614000000, 0x0000000614400000|  0%| F|  |TAMS 0x0000000614000000, 0x0000000614000000| Untracked 
|  81|0x0000000614400000, 0x0000000614400000, 0x0000000614800000|  0%| F|  |TAMS 0x0000000614400000, 0x0000000614400000| Untracked 
|  82|0x0000000614800000, 0x0000000614800000, 0x0000000614c00000|  0%| F|  |TAMS 0x0000000614800000, 0x0000000614800000| Untracked 
|  83|0x0000000614c00000, 0x0000000614c00000, 0x0000000615000000|  0%| F|  |TAMS 0x0000000614c00000, 0x0000000614c00000| Untracked 
|  84|0x0000000615000000, 0x0000000615000000, 0x0000000615400000|  0%| F|  |TAMS 0x0000000615000000, 0x0000000615000000| Untracked 
|  85|0x0000000615400000, 0x0000000615400000, 0x0000000615800000|  0%| F|  |TAMS 0x0000000615400000, 0x0000000615400000| Untracked 
|  86|0x0000000615800000, 0x0000000615800000, 0x0000000615c00000|  0%| F|  |TAMS 0x0000000615800000, 0x0000000615800000| Untracked 
|  87|0x0000000615c00000, 0x0000000615c00000, 0x0000000616000000|  0%| F|  |TAMS 0x0000000615c00000, 0x0000000615c00000| Untracked 
|  88|0x0000000616000000, 0x0000000616000000, 0x0000000616400000|  0%| F|  |TAMS 0x0000000616000000, 0x0000000616000000| Untracked 
|  89|0x0000000616400000, 0x0000000616400000, 0x0000000616800000|  0%| F|  |TAMS 0x0000000616400000, 0x0000000616400000| Untracked 
|  90|0x0000000616800000, 0x0000000616800000, 0x0000000616c00000|  0%| F|  |TAMS 0x0000000616800000, 0x0000000616800000| Untracked 
|  91|0x0000000616c00000, 0x0000000616c00000, 0x0000000617000000|  0%| F|  |TAMS 0x0000000616c00000, 0x0000000616c00000| Untracked 
|  92|0x0000000617000000, 0x0000000617000000, 0x0000000617400000|  0%| F|  |TAMS 0x0000000617000000, 0x0000000617000000| Untracked 
|  93|0x0000000617400000, 0x0000000617400000, 0x0000000617800000|  0%| F|  |TAMS 0x0000000617400000, 0x0000000617400000| Untracked 
|  94|0x0000000617800000, 0x0000000617800000, 0x0000000617c00000|  0%| F|  |TAMS 0x0000000617800000, 0x0000000617800000| Untracked 
|  95|0x0000000617c00000, 0x0000000617c00000, 0x0000000618000000|  0%| F|  |TAMS 0x0000000617c00000, 0x0000000617c00000| Untracked 
|  96|0x0000000618000000, 0x0000000618000000, 0x0000000618400000|  0%| F|  |TAMS 0x0000000618000000, 0x0000000618000000| Untracked 
|  97|0x0000000618400000, 0x0000000618400000, 0x0000000618800000|  0%| F|  |TAMS 0x0000000618400000, 0x0000000618400000| Untracked 
|  98|0x0000000618800000, 0x0000000618800000, 0x0000000618c00000|  0%| F|  |TAMS 0x0000000618800000, 0x0000000618800000| Untracked 
|  99|0x0000000618c00000, 0x0000000618c00000, 0x0000000619000000|  0%| F|  |TAMS 0x0000000618c00000, 0x0000000618c00000| Untracked 
| 100|0x0000000619000000, 0x0000000619000000, 0x0000000619400000|  0%| F|  |TAMS 0x0000000619000000, 0x0000000619000000| Untracked 
| 101|0x0000000619400000, 0x0000000619400000, 0x0000000619800000|  0%| F|  |TAMS 0x0000000619400000, 0x0000000619400000| Untracked 
| 102|0x0000000619800000, 0x0000000619800000, 0x0000000619c00000|  0%| F|  |TAMS 0x0000000619800000, 0x0000000619800000| Untracked 
| 103|0x0000000619c00000, 0x0000000619c00000, 0x000000061a000000|  0%| F|  |TAMS 0x0000000619c00000, 0x0000000619c00000| Untracked 
| 104|0x000000061a000000, 0x000000061a000000, 0x000000061a400000|  0%| F|  |TAMS 0x000000061a000000, 0x000000061a000000| Untracked 
| 105|0x000000061a400000, 0x000000061a400000, 0x000000061a800000|  0%| F|  |TAMS 0x000000061a400000, 0x000000061a400000| Untracked 
| 106|0x000000061a800000, 0x000000061a800000, 0x000000061ac00000|  0%| F|  |TAMS 0x000000061a800000, 0x000000061a800000| Untracked 
| 107|0x000000061ac00000, 0x000000061ac00000, 0x000000061b000000|  0%| F|  |TAMS 0x000000061ac00000, 0x000000061ac00000| Untracked 
| 108|0x000000061b000000, 0x000000061b000000, 0x000000061b400000|  0%| F|  |TAMS 0x000000061b000000, 0x000000061b000000| Untracked 
| 109|0x000000061b400000, 0x000000061b400000, 0x000000061b800000|  0%| F|  |TAMS 0x000000061b400000, 0x000000061b400000| Untracked 
| 110|0x000000061b800000, 0x000000061b800000, 0x000000061bc00000|  0%| F|  |TAMS 0x000000061b800000, 0x000000061b800000| Untracked 
| 111|0x000000061bc00000, 0x000000061bc00000, 0x000000061c000000|  0%| F|  |TAMS 0x000000061bc00000, 0x000000061bc00000| Untracked 
| 112|0x000000061c000000, 0x000000061c000000, 0x000000061c400000|  0%| F|  |TAMS 0x000000061c000000, 0x000000061c000000| Untracked 
| 113|0x000000061c400000, 0x000000061c400000, 0x000000061c800000|  0%| F|  |TAMS 0x000000061c400000, 0x000000061c400000| Untracked 
| 114|0x000000061c800000, 0x000000061c800000, 0x000000061cc00000|  0%| F|  |TAMS 0x000000061c800000, 0x000000061c800000| Untracked 
| 115|0x000000061cc00000, 0x000000061cc00000, 0x000000061d000000|  0%| F|  |TAMS 0x000000061cc00000, 0x000000061cc00000| Untracked 
| 116|0x000000061d000000, 0x000000061d000000, 0x000000061d400000|  0%| F|  |TAMS 0x000000061d000000, 0x000000061d000000| Untracked 
| 117|0x000000061d400000, 0x000000061d400000, 0x000000061d800000|  0%| F|  |TAMS 0x000000061d400000, 0x000000061d400000| Untracked 
| 118|0x000000061d800000, 0x000000061d800000, 0x000000061dc00000|  0%| F|  |TAMS 0x000000061d800000, 0x000000061d800000| Untracked 
| 119|0x000000061dc00000, 0x000000061dc00000, 0x000000061e000000|  0%| F|  |TAMS 0x000000061dc00000, 0x000000061dc00000| Untracked 
| 120|0x000000061e000000, 0x000000061e000000, 0x000000061e400000|  0%| F|  |TAMS 0x000000061e000000, 0x000000061e000000| Untracked 
| 121|0x000000061e400000, 0x000000061e400000, 0x000000061e800000|  0%| F|  |TAMS 0x000000061e400000, 0x000000061e400000| Untracked 
| 122|0x000000061e800000, 0x000000061e800000, 0x000000061ec00000|  0%| F|  |TAMS 0x000000061e800000, 0x000000061e800000| Untracked 
| 123|0x000000061ec00000, 0x000000061ec00000, 0x000000061f000000|  0%| F|  |TAMS 0x000000061ec00000, 0x000000061ec00000| Untracked 
| 124|0x000000061f000000, 0x000000061f000000, 0x000000061f400000|  0%| F|  |TAMS 0x000000061f000000, 0x000000061f000000| Untracked 
| 125|0x000000061f400000, 0x000000061f400000, 0x000000061f800000|  0%| F|  |TAMS 0x000000061f400000, 0x000000061f400000| Untracked 
| 126|0x000000061f800000, 0x000000061f800000, 0x000000061fc00000|  0%| F|  |TAMS 0x000000061f800000, 0x000000061f800000| Untracked 
| 127|0x000000061fc00000, 0x000000061fc00000, 0x0000000620000000|  0%| F|  |TAMS 0x000000061fc00000, 0x000000061fc00000| Untracked 
| 128|0x0000000620000000, 0x0000000620000000, 0x0000000620400000|  0%| F|  |TAMS 0x0000000620000000, 0x0000000620000000| Untracked 
| 129|0x0000000620400000, 0x0000000620400000, 0x0000000620800000|  0%| F|  |TAMS 0x0000000620400000, 0x0000000620400000| Untracked 
| 130|0x0000000620800000, 0x0000000620800000, 0x0000000620c00000|  0%| F|  |TAMS 0x0000000620800000, 0x0000000620800000| Untracked 
| 131|0x0000000620c00000, 0x0000000620c00000, 0x0000000621000000|  0%| F|  |TAMS 0x0000000620c00000, 0x0000000620c00000| Untracked 
| 132|0x0000000621000000, 0x0000000621000000, 0x0000000621400000|  0%| F|  |TAMS 0x0000000621000000, 0x0000000621000000| Untracked 
| 133|0x0000000621400000, 0x0000000621400000, 0x0000000621800000|  0%| F|  |TAMS 0x0000000621400000, 0x0000000621400000| Untracked 
| 134|0x0000000621800000, 0x0000000621800000, 0x0000000621c00000|  0%| F|  |TAMS 0x0000000621800000, 0x0000000621800000| Untracked 
| 135|0x0000000621c00000, 0x0000000621c00000, 0x0000000622000000|  0%| F|  |TAMS 0x0000000621c00000, 0x0000000621c00000| Untracked 
| 136|0x0000000622000000, 0x0000000622000000, 0x0000000622400000|  0%| F|  |TAMS 0x0000000622000000, 0x0000000622000000| Untracked 
| 137|0x0000000622400000, 0x0000000622400000, 0x0000000622800000|  0%| F|  |TAMS 0x0000000622400000, 0x0000000622400000| Untracked 
| 138|0x0000000622800000, 0x0000000622800000, 0x0000000622c00000|  0%| F|  |TAMS 0x0000000622800000, 0x0000000622800000| Untracked 
| 139|0x0000000622c00000, 0x0000000622c00000, 0x0000000623000000|  0%| F|  |TAMS 0x0000000622c00000, 0x0000000622c00000| Untracked 
| 140|0x0000000623000000, 0x0000000623000000, 0x0000000623400000|  0%| F|  |TAMS 0x0000000623000000, 0x0000000623000000| Untracked 
| 141|0x0000000623400000, 0x0000000623400000, 0x0000000623800000|  0%| F|  |TAMS 0x0000000623400000, 0x0000000623400000| Untracked 
| 142|0x0000000623800000, 0x0000000623800000, 0x0000000623c00000|  0%| F|  |TAMS 0x0000000623800000, 0x0000000623800000| Untracked 
| 143|0x0000000623c00000, 0x0000000623c00000, 0x0000000624000000|  0%| F|  |TAMS 0x0000000623c00000, 0x0000000623c00000| Untracked 
| 144|0x0000000624000000, 0x0000000624000000, 0x0000000624400000|  0%| F|  |TAMS 0x0000000624000000, 0x0000000624000000| Untracked 
| 145|0x0000000624400000, 0x0000000624400000, 0x0000000624800000|  0%| F|  |TAMS 0x0000000624400000, 0x0000000624400000| Untracked 
| 146|0x0000000624800000, 0x0000000624800000, 0x0000000624c00000|  0%| F|  |TAMS 0x0000000624800000, 0x0000000624800000| Untracked 
| 147|0x0000000624c00000, 0x0000000624c00000, 0x0000000625000000|  0%| F|  |TAMS 0x0000000624c00000, 0x0000000624c00000| Untracked 
| 148|0x0000000625000000, 0x0000000625000000, 0x0000000625400000|  0%| F|  |TAMS 0x0000000625000000, 0x0000000625000000| Untracked 
| 149|0x0000000625400000, 0x0000000625400000, 0x0000000625800000|  0%| F|  |TAMS 0x0000000625400000, 0x0000000625400000| Untracked 
| 150|0x0000000625800000, 0x0000000625800000, 0x0000000625c00000|  0%| F|  |TAMS 0x0000000625800000, 0x0000000625800000| Untracked 
| 151|0x0000000625c00000, 0x0000000625c00000, 0x0000000626000000|  0%| F|  |TAMS 0x0000000625c00000, 0x0000000625c00000| Untracked 
| 152|0x0000000626000000, 0x0000000626000000, 0x0000000626400000|  0%| F|  |TAMS 0x0000000626000000, 0x0000000626000000| Untracked 
| 153|0x0000000626400000, 0x0000000626400000, 0x0000000626800000|  0%| F|  |TAMS 0x0000000626400000, 0x0000000626400000| Untracked 
| 154|0x0000000626800000, 0x0000000626800000, 0x0000000626c00000|  0%| F|  |TAMS 0x0000000626800000, 0x0000000626800000| Untracked 
| 155|0x0000000626c00000, 0x0000000626c00000, 0x0000000627000000|  0%| F|  |TAMS 0x0000000626c00000, 0x0000000626c00000| Untracked 
| 156|0x0000000627000000, 0x0000000627000000, 0x0000000627400000|  0%| F|  |TAMS 0x0000000627000000, 0x0000000627000000| Untracked 
| 157|0x0000000627400000, 0x0000000627400000, 0x0000000627800000|  0%| F|  |TAMS 0x0000000627400000, 0x0000000627400000| Untracked 
| 158|0x0000000627800000, 0x0000000627800000, 0x0000000627c00000|  0%| F|  |TAMS 0x0000000627800000, 0x0000000627800000| Untracked 
| 159|0x0000000627c00000, 0x0000000627c00000, 0x0000000628000000|  0%| F|  |TAMS 0x0000000627c00000, 0x0000000627c00000| Untracked 
| 160|0x0000000628000000, 0x0000000628000000, 0x0000000628400000|  0%| F|  |TAMS 0x0000000628000000, 0x0000000628000000| Untracked 
| 161|0x0000000628400000, 0x0000000628400000, 0x0000000628800000|  0%| F|  |TAMS 0x0000000628400000, 0x0000000628400000| Untracked 
| 162|0x0000000628800000, 0x0000000628800000, 0x0000000628c00000|  0%| F|  |TAMS 0x0000000628800000, 0x0000000628800000| Untracked 
| 163|0x0000000628c00000, 0x0000000628c00000, 0x0000000629000000|  0%| F|  |TAMS 0x0000000628c00000, 0x0000000628c00000| Untracked 
| 164|0x0000000629000000, 0x0000000629000000, 0x0000000629400000|  0%| F|  |TAMS 0x0000000629000000, 0x0000000629000000| Untracked 
| 165|0x0000000629400000, 0x0000000629400000, 0x0000000629800000|  0%| F|  |TAMS 0x0000000629400000, 0x0000000629400000| Untracked 
| 166|0x0000000629800000, 0x0000000629800000, 0x0000000629c00000|  0%| F|  |TAMS 0x0000000629800000, 0x0000000629800000| Untracked 
| 167|0x0000000629c00000, 0x0000000629c00000, 0x000000062a000000|  0%| F|  |TAMS 0x0000000629c00000, 0x0000000629c00000| Untracked 

Card table byte_map: [0x00000279c36a0000,0x00000279c46a0000] _byte_map_base: 0x00000279c06a0000

Marking Bits (Prev, Next): (CMBitMap*) 0x000002799a926a00, (CMBitMap*) 0x000002799a9269c0
 Prev Bits: [0x00000279cd6a0000, 0x00000279d56a0000)
 Next Bits: [0x00000279c56a0000, 0x00000279cd6a0000)

Polling page: 0x0000027998a00000

Metaspace:

Usage:
  Non-class:    111.41 MB used.
      Class:     17.59 MB used.
       Both:    129.00 MB used.

Virtual space:
  Non-class space:      128.00 MB reserved,     112.25 MB ( 88%) committed,  2 nodes.
      Class space:        1.00 GB reserved,      18.50 MB (  2%) committed,  1 nodes.
             Both:        1.12 GB reserved,     130.75 MB ( 11%) committed. 

Chunk freelists:
   Non-Class:  14.94 MB
       Class:  13.52 MB
        Both:  28.45 MB

MaxMetaspaceSize: 4.00 GB
CompressedClassSpaceSize: 1.00 GB
Initial GC threshold: 21.00 MB
Current GC threshold: 195.62 MB
CDS: on
MetaspaceReclaimPolicy: balanced
 - commit_granule_bytes: 65536.
 - commit_granule_words: 8192.
 - virtual_space_node_default_size: 8388608.
 - enlarge_chunks_in_place: 1.
 - new_chunks_are_fully_committed: 0.
 - uncommit_free_chunks: 1.
 - use_allocation_guard: 0.
 - handle_deallocations: 1.


Internal statistics:

num_allocs_failed_limit: 21.
num_arena_births: 3264.
num_arena_deaths: 0.
num_vsnodes_births: 3.
num_vsnodes_deaths: 0.
num_space_committed: 2092.
num_space_uncommitted: 0.
num_chunks_returned_to_freelist: 21.
num_chunks_taken_from_freelist: 9692.
num_chunk_merges: 21.
num_chunk_splits: 5841.
num_chunks_enlarged: 3048.
num_inconsistent_stats: 0.

CodeHeap 'non-profiled nmethods': size=259264Kb used=16089Kb max_used=16089Kb free=243174Kb
 bounds [0x00000279b2420000, 0x00000279b33e0000, 0x00000279c2150000]
CodeHeap 'profiled nmethods': size=259264Kb used=38721Kb max_used=38721Kb free=220542Kb
 bounds [0x00000279a2150000, 0x00000279a4730000, 0x00000279b1e80000]
CodeHeap 'non-nmethods': size=5760Kb used=2529Kb max_used=2643Kb free=3230Kb
 bounds [0x00000279b1e80000, 0x00000279b2120000, 0x00000279b2420000]
 total_blobs=22219 nmethods=21147 adapters=982
 compilation: enabled
              stopped_count=0, restarted_count=0
 full_count=0

Compilation events (20 events):
Event: 2363.849 Thread 0x00000279d7a85b30 25654       3       org.apache.http.impl.BHttpConnectionBase::isOpen (16 bytes)
Event: 2363.849 Thread 0x00000279d7a85b30 nmethod 25654 0x00000279a471ca90 code [0x00000279a471cc20, 0x00000279a471cdb8]
Event: 2363.849 Thread 0x00000279d7a85b30 25655       3       org.apache.http.util.LangUtils::hashCode (17 bytes)
Event: 2363.850 Thread 0x00000279d7a85b30 nmethod 25655 0x00000279a471ce90 code [0x00000279a471d040, 0x00000279a471d2a8]
Event: 2363.858 Thread 0x00000279d7a85b30 25656       3       com.sun.org.apache.xerces.internal.impl.XMLEntityManager::getPropertyDefault (36 bytes)
Event: 2363.859 Thread 0x00000279d7a85b30 nmethod 25656 0x00000279a471d390 code [0x00000279a471d560, 0x00000279a471d808]
Event: 2363.859 Thread 0x00000279d7a85b30 25657       3       com.sun.org.apache.xerces.internal.util.ParserConfigurationSettings::setFeature (42 bytes)
Event: 2363.859 Thread 0x00000279d7a85b30 nmethod 25657 0x00000279a471d990 code [0x00000279a471db80, 0x00000279a471e048]
Event: 2363.859 Thread 0x00000279d7a85b30 25659       3       com.sun.org.apache.xerces.internal.impl.dtd.XMLDTDValidator::getFeatureDefault (36 bytes)
Event: 2363.860 Thread 0x00000279d7a85080 25661       4       com.sun.org.apache.xerces.internal.impl.io.UTF8Reader::read (1443 bytes)
Event: 2363.860 Thread 0x00000279d7a85b30 nmethod 25659 0x00000279a471e210 code [0x00000279a471e3e0, 0x00000279a471e688]
Event: 2363.860 Thread 0x00000279d7a85b30 25658       3       com.sun.org.apache.xerces.internal.util.XMLAttributesImpl$Attribute::<init> (27 bytes)
Event: 2363.860 Thread 0x0000027a222f8860 25662       4       com.sun.org.apache.xerces.internal.impl.XMLEntityScanner::scanChar (265 bytes)
Event: 2363.860 Thread 0x00000279d7a85b30 nmethod 25658 0x00000279a471e810 code [0x00000279a471ea20, 0x00000279a471f2b8]
Event: 2363.860 Thread 0x00000279d7a85b30 25660       3       com.sun.org.apache.xerces.internal.util.XMLResourceIdentifierImpl::<init> (5 bytes)
Event: 2363.861 Thread 0x00000279d7a85b30 nmethod 25660 0x00000279a471f510 code [0x00000279a471f6a0, 0x00000279a471f7f8]
Event: 2363.862 Thread 0x00000279d7a85b30 25665       3       com.sun.xml.internal.stream.util.ThreadLocalBufferAllocator::getBufferAllocator (54 bytes)
Event: 2363.862 Thread 0x00000279d7a85b30 nmethod 25665 0x00000279a471f890 code [0x00000279a471fac0, 0x00000279a4720488]
Event: 2363.863 Thread 0x0000027a222f8860 nmethod 25662 0x00000279b33d6310 code [0x00000279b33d64a0, 0x00000279b33d6638]
Event: 2363.863 Thread 0x0000027a222f8860 25663       4       com.sun.org.apache.xerces.internal.xni.XMLString::toString (32 bytes)

GC Heap History (20 events):
Event: 58.854 GC heap after
{Heap after GC invocations=61 (full 0):
 garbage-first heap   total 315392K, used 174014K [0x0000000600000000, 0x0000000800000000)
  region size 4096K, 2 young (8192K), 2 survivors (8192K)
 Metaspace       used 118938K, committed 120128K, reserved 1179648K
  class space    used 16520K, committed 17088K, reserved 1048576K
}
Event: 60.121 GC heap before
{Heap before GC invocations=62 (full 0):
 garbage-first heap   total 323584K, used 260030K [0x0000000600000000, 0x0000000800000000)
  region size 4096K, 23 young (94208K), 2 survivors (8192K)
 Metaspace       used 119143K, committed 120256K, reserved 1179648K
  class space    used 16532K, committed 17088K, reserved 1048576K
}
Event: 60.134 GC heap after
{Heap after GC invocations=63 (full 0):
 garbage-first heap   total 323584K, used 180342K [0x0000000600000000, 0x0000000800000000)
  region size 4096K, 2 young (8192K), 2 survivors (8192K)
 Metaspace       used 119143K, committed 120256K, reserved 1179648K
  class space    used 16532K, committed 17088K, reserved 1048576K
}
Event: 60.146 GC heap before
{Heap before GC invocations=63 (full 0):
 garbage-first heap   total 323584K, used 184438K [0x0000000600000000, 0x0000000800000000)
  region size 4096K, 3 young (12288K), 2 survivors (8192K)
 Metaspace       used 119143K, committed 120256K, reserved 1179648K
  class space    used 16532K, committed 17088K, reserved 1048576K
}
Event: 60.170 GC heap after
{Heap after GC invocations=64 (full 0):
 garbage-first heap   total 688128K, used 164266K [0x0000000600000000, 0x0000000800000000)
  region size 4096K, 1 young (4096K), 1 survivors (4096K)
 Metaspace       used 119143K, committed 120256K, reserved 1179648K
  class space    used 16532K, committed 17088K, reserved 1048576K
}
Event: 60.404 GC heap before
{Heap before GC invocations=64 (full 0):
 garbage-first heap   total 688128K, used 192938K [0x0000000600000000, 0x0000000800000000)
  region size 4096K, 8 young (32768K), 1 survivors (4096K)
 Metaspace       used 119201K, committed 120320K, reserved 1179648K
  class space    used 16536K, committed 17088K, reserved 1048576K
}
Event: 60.414 GC heap after
{Heap after GC invocations=65 (full 0):
 garbage-first heap   total 688128K, used 165385K [0x0000000600000000, 0x0000000800000000)
  region size 4096K, 1 young (4096K), 1 survivors (4096K)
 Metaspace       used 119201K, committed 120320K, reserved 1179648K
  class space    used 16536K, committed 17088K, reserved 1048576K
}
Event: 64.981 GC heap before
{Heap before GC invocations=65 (full 0):
 garbage-first heap   total 688128K, used 566793K [0x0000000600000000, 0x0000000800000000)
  region size 4096K, 99 young (405504K), 1 survivors (4096K)
 Metaspace       used 120013K, committed 121216K, reserved 1179648K
  class space    used 16578K, committed 17152K, reserved 1048576K
}
Event: 65.094 GC heap after
{Heap after GC invocations=66 (full 0):
 garbage-first heap   total 688128K, used 193602K [0x0000000600000000, 0x0000000800000000)
  region size 4096K, 8 young (32768K), 8 survivors (32768K)
 Metaspace       used 120013K, committed 121216K, reserved 1179648K
  class space    used 16578K, committed 17152K, reserved 1048576K
}
Event: 72.984 GC heap before
{Heap before GC invocations=66 (full 0):
 garbage-first heap   total 688128K, used 529474K [0x0000000600000000, 0x0000000800000000)
  region size 4096K, 90 young (368640K), 8 survivors (32768K)
 Metaspace       used 120854K, committed 122240K, reserved 1179648K
  class space    used 16658K, committed 17344K, reserved 1048576K
}
Event: 73.025 GC heap after
{Heap after GC invocations=67 (full 0):
 garbage-first heap   total 688128K, used 179422K [0x0000000600000000, 0x0000000800000000)
  region size 4096K, 2 young (8192K), 2 survivors (8192K)
 Metaspace       used 120854K, committed 122240K, reserved 1179648K
  class space    used 16658K, committed 17344K, reserved 1048576K
}
Event: 76.559 GC heap before
{Heap before GC invocations=67 (full 0):
 garbage-first heap   total 688128K, used 543966K [0x0000000600000000, 0x0000000800000000)
  region size 4096K, 91 young (372736K), 2 survivors (8192K)
 Metaspace       used 121345K, committed 122688K, reserved 1179648K
  class space    used 16663K, committed 17344K, reserved 1048576K
}
Event: 76.565 GC heap after
{Heap after GC invocations=68 (full 0):
 garbage-first heap   total 688128K, used 177450K [0x0000000600000000, 0x0000000800000000)
  region size 4096K, 2 young (8192K), 2 survivors (8192K)
 Metaspace       used 121345K, committed 122688K, reserved 1179648K
  class space    used 16663K, committed 17344K, reserved 1048576K
}
Event: 2339.312 GC heap before
{Heap before GC invocations=68 (full 0):
 garbage-first heap   total 688128K, used 558378K [0x0000000600000000, 0x0000000800000000)
  region size 4096K, 96 young (393216K), 2 survivors (8192K)
 Metaspace       used 122464K, committed 123840K, reserved 1179648K
  class space    used 16778K, committed 17472K, reserved 1048576K
}
Event: 2339.448 GC heap after
{Heap after GC invocations=69 (full 0):
 garbage-first heap   total 688128K, used 179208K [0x0000000600000000, 0x0000000800000000)
  region size 4096K, 2 young (8192K), 2 survivors (8192K)
 Metaspace       used 122464K, committed 123840K, reserved 1179648K
  class space    used 16778K, committed 17472K, reserved 1048576K
}
Event: 2350.681 GC heap before
{Heap before GC invocations=69 (full 0):
 garbage-first heap   total 688128K, used 556040K [0x0000000600000000, 0x0000000800000000)
  region size 4096K, 94 young (385024K), 2 survivors (8192K)
 Metaspace       used 123526K, committed 125248K, reserved 1179648K
  class space    used 16932K, committed 17792K, reserved 1048576K
}
Event: 2350.718 GC heap after
{Heap after GC invocations=70 (full 0):
 garbage-first heap   total 688128K, used 183702K [0x0000000600000000, 0x0000000800000000)
  region size 4096K, 3 young (12288K), 3 survivors (12288K)
 Metaspace       used 123526K, committed 125248K, reserved 1179648K
  class space    used 16932K, committed 17792K, reserved 1048576K
}
Event: 2355.644 GC heap before
{Heap before GC invocations=70 (full 0):
 garbage-first heap   total 688128K, used 572822K [0x0000000600000000, 0x0000000800000000)
  region size 4096K, 98 young (401408K), 3 survivors (12288K)
 Metaspace       used 124259K, committed 126016K, reserved 1179648K
  class space    used 17007K, committed 17920K, reserved 1048576K
}
Event: 2355.746 GC heap after
{Heap after GC invocations=71 (full 0):
 garbage-first heap   total 688128K, used 189790K [0x0000000600000000, 0x0000000800000000)
  region size 4096K, 5 young (20480K), 5 survivors (20480K)
 Metaspace       used 124259K, committed 126016K, reserved 1179648K
  class space    used 17007K, committed 17920K, reserved 1048576K
}
Event: 2363.863 GC heap before
{Heap before GC invocations=71 (full 0):
 garbage-first heap   total 688128K, used 566622K [0x0000000600000000, 0x0000000800000000)
  region size 4096K, 97 young (397312K), 5 survivors (20480K)
 Metaspace       used 132097K, committed 133888K, reserved 1179648K
  class space    used 18015K, committed 18944K, reserved 1048576K
}

Deoptimization events (20 events):
Event: 2363.000 Thread 0x0000027a1f3e7740 DEOPT PACKING pc=0x00000279a2509cb0 sp=0x000000802a4fc390
Event: 2363.000 Thread 0x0000027a1f3e7740 DEOPT UNPACKING pc=0x00000279b1ed2b43 sp=0x000000802a4fb830 mode 0
Event: 2363.019 Thread 0x0000027a245484e0 Uncommon trap: trap_request=0xffffffc6 fr.pc=0x00000279b28d3a94 relative=0x0000000000000934
Event: 2363.019 Thread 0x0000027a245484e0 Uncommon trap: reason=bimorphic_or_optimized_type_check action=maybe_recompile pc=0x00000279b28d3a94 method=java.security.MessageDigest$Delegate.clone()Ljava/lang/Object; @ 15 c2
Event: 2363.019 Thread 0x0000027a245484e0 DEOPT PACKING pc=0x00000279b28d3a94 sp=0x000000802a2fd830
Event: 2363.019 Thread 0x0000027a245484e0 DEOPT UNPACKING pc=0x00000279b1ed23a3 sp=0x000000802a2fd808 mode 2
Event: 2363.130 Thread 0x0000027a1f3e7740 DEOPT PACKING pc=0x00000279a45e9765 sp=0x000000802a4fd390
Event: 2363.131 Thread 0x0000027a1f3e7740 DEOPT UNPACKING pc=0x00000279b1ed2b43 sp=0x000000802a4fc948 mode 0
Event: 2363.133 Thread 0x0000027a20ddb630 DEOPT PACKING pc=0x00000279a3f8f805 sp=0x00000080244f63d0
Event: 2363.133 Thread 0x0000027a20ddb630 DEOPT UNPACKING pc=0x00000279b1ed2b43 sp=0x00000080244f58f0 mode 0
Event: 2363.216 Thread 0x0000027a245484e0 DEOPT PACKING pc=0x00000279a45e07a7 sp=0x000000802a2fbc70
Event: 2363.216 Thread 0x0000027a245484e0 DEOPT UNPACKING pc=0x00000279b1ed2b43 sp=0x000000802a2fb160 mode 0
Event: 2363.290 Thread 0x0000027a1f3e3060 DEOPT PACKING pc=0x00000279a4652693 sp=0x000000802a5fd260
Event: 2363.290 Thread 0x0000027a1f3e3060 DEOPT UNPACKING pc=0x00000279b1ed2b43 sp=0x000000802a5fc720 mode 0
Event: 2363.450 Thread 0x0000027a29a11620 DEOPT PACKING pc=0x00000279a467b761 sp=0x00000080251fea60
Event: 2363.450 Thread 0x0000027a29a11620 DEOPT UNPACKING pc=0x00000279b1ed2b43 sp=0x00000080251fdf18 mode 0
Event: 2363.503 Thread 0x0000027a1f3e7740 DEOPT PACKING pc=0x00000279a4641e62 sp=0x000000802a4fd7b0
Event: 2363.503 Thread 0x0000027a1f3e7740 DEOPT UNPACKING pc=0x00000279b1ed2b43 sp=0x000000802a4fccb0 mode 0
Event: 2363.860 Thread 0x0000027a20ddb630 DEOPT PACKING pc=0x00000279a4680a4a sp=0x00000080244f65e0
Event: 2363.860 Thread 0x0000027a20ddb630 DEOPT UNPACKING pc=0x00000279b1ed2b43 sp=0x00000080244f5a80 mode 0

Classes unloaded (0 events):
No events

Classes redefined (0 events):
No events

Internal exceptions (20 events):
Event: 2362.064 Thread 0x0000027a20ddb630 Exception <a 'sun/nio/fs/WindowsException'{0x0000000614f5de10}> (0x0000000614f5de10) 
thrown [s\open\src\hotspot\share\prims\jni.cpp, line 516]
Event: 2362.070 Thread 0x0000027a20ddb630 Exception <a 'sun/nio/fs/WindowsException'{0x0000000614f70c50}> (0x0000000614f70c50) 
thrown [s\open\src\hotspot\share\prims\jni.cpp, line 516]
Event: 2362.074 Thread 0x0000027a20ddb630 Exception <a 'sun/nio/fs/WindowsException'{0x0000000614f7b9f0}> (0x0000000614f7b9f0) 
thrown [s\open\src\hotspot\share\prims\jni.cpp, line 516]
Event: 2362.181 Thread 0x0000027a20ddac10 Exception <a 'sun/nio/fs/WindowsException'{0x0000000614adc388}> (0x0000000614adc388) 
thrown [s\open\src\hotspot\share\prims\jni.cpp, line 516]
Event: 2362.181 Thread 0x0000027a20ddac10 Exception <a 'sun/nio/fs/WindowsException'{0x0000000614adca60}> (0x0000000614adca60) 
thrown [s\open\src\hotspot\share\prims\jni.cpp, line 516]
Event: 2362.186 Thread 0x0000027a20ddac10 Exception <a 'sun/nio/fs/WindowsException'{0x0000000614afe3e8}> (0x0000000614afe3e8) 
thrown [s\open\src\hotspot\share\prims\jni.cpp, line 516]
Event: 2362.189 Thread 0x0000027a20ddac10 Exception <a 'sun/nio/fs/WindowsException'{0x0000000614b0db78}> (0x0000000614b0db78) 
thrown [s\open\src\hotspot\share\prims\jni.cpp, line 516]
Event: 2362.193 Thread 0x0000027a20ddac10 Exception <a 'sun/nio/fs/WindowsException'{0x0000000614b1e2a8}> (0x0000000614b1e2a8) 
thrown [s\open\src\hotspot\share\prims\jni.cpp, line 516]
Event: 2362.196 Thread 0x0000027a20ddac10 Exception <a 'sun/nio/fs/WindowsException'{0x0000000614b2a0b0}> (0x0000000614b2a0b0) 
thrown [s\open\src\hotspot\share\prims\jni.cpp, line 516]
Event: 2362.221 Thread 0x0000027a20ddb630 Exception <a 'java/lang/ClassNotFoundException'{0x00000006148e20e0}: build_eow84pnpo0jw9xe4pth335roeBeanInfo> (0x00000006148e20e0) 
thrown [s\open\src\hotspot\share\classfile\systemDictionary.cpp, line 256]
Event: 2362.221 Thread 0x0000027a20ddb630 Exception <a 'java/lang/ClassNotFoundException'{0x00000006148ea410}: build_eow84pnpo0jw9xe4pth335roeCustomizer> (0x00000006148ea410) 
thrown [s\open\src\hotspot\share\classfile\systemDictionary.cpp, line 256]
Event: 2362.242 Thread 0x0000027a20ddb630 Implicit null exception at 0x00000279b2ef278b to 0x00000279b2ef96b8
Event: 2362.242 Thread 0x0000027a20ddb630 Implicit null exception at 0x00000279b329efd0 to 0x00000279b329fce0
Event: 2362.242 Thread 0x0000027a20ddb630 Implicit null exception at 0x00000279b320aae0 to 0x00000279b320c2a0
Event: 2362.280 Thread 0x0000027a29a148c0 Exception <a 'java/lang/NoSuchMethodError'{0x0000000618eb0910}: static Lorg/gradle/internal/build/event/types/DefaultFileDownloadDescriptor;.<clinit>()V> (0x0000000618eb0910) 
thrown [s\open\src\hotspot\share\prims\jni.cpp, line 1112]
Event: 2362.508 Thread 0x0000027a20ddb630 Exception <a 'java/lang/NoSuchMethodError'{0x00000006144149a8}: 'void java.lang.invoke.DirectMethodHandle$Holder.invokeVirtual(java.lang.Object, java.lang.Object, long)'> (0x00000006144149a8) 
thrown [s\open\src\hotspot\share\interpreter\linkResolver.cpp, line 759]
Event: 2362.517 Thread 0x0000027a29a148c0 Exception <a 'java/lang/NoSuchMethodError'{0x0000000614612f40}: static Lorg/gradle/internal/build/event/types/DefaultStatusEvent;.<clinit>()V> (0x0000000614612f40) 
thrown [s\open\src\hotspot\share\prims\jni.cpp, line 1112]
Event: 2362.525 Thread 0x0000027a29a148c0 Exception <a 'java/lang/NoSuchMethodError'{0x000000061461ecf8}: static Lorg/gradle/internal/build/event/types/DefaultFileDownloadSuccessResult;.<clinit>()V> (0x000000061461ecf8) 
thrown [s\open\src\hotspot\share\prims\jni.cpp, line 1112]
Event: 2362.585 Thread 0x0000027a20ddb630 Exception <a 'java/lang/NoSuchMethodError'{0x0000000614545798}: 'int java.lang.invoke.DirectMethodHandle$Holder.invokeSpecial(java.lang.Object, java.lang.Object, int)'> (0x0000000614545798) 
thrown [s\open\src\hotspot\share\interpreter\linkResolver.cpp, line 759]
Event: 2362.909 Thread 0x0000027a20ddb630 Implicit null exception at 0x00000279b32a4430 to 0x00000279b32a5110

VM Operations (20 events):
Event: 2362.095 Executing VM operation: ICBufferFull done
Event: 2362.101 Executing VM operation: HandshakeAllThreads
Event: 2362.102 Executing VM operation: HandshakeAllThreads done
Event: 2362.132 Executing VM operation: ICBufferFull
Event: 2362.132 Executing VM operation: ICBufferFull done
Event: 2362.132 Executing VM operation: ICBufferFull
Event: 2362.132 Executing VM operation: ICBufferFull done
Event: 2362.171 Executing VM operation: HandshakeAllThreads
Event: 2362.172 Executing VM operation: HandshakeAllThreads done
Event: 2362.176 Executing VM operation: HandshakeAllThreads
Event: 2362.177 Executing VM operation: HandshakeAllThreads done
Event: 2362.554 Executing VM operation: HandshakeAllThreads
Event: 2362.554 Executing VM operation: HandshakeAllThreads done
Event: 2362.601 Executing VM operation: HandshakeAllThreads
Event: 2362.601 Executing VM operation: HandshakeAllThreads done
Event: 2362.631 Executing VM operation: HandshakeAllThreads
Event: 2362.632 Executing VM operation: HandshakeAllThreads done
Event: 2363.162 Executing VM operation: ICBufferFull
Event: 2363.163 Executing VM operation: ICBufferFull done
Event: 2363.863 Executing VM operation: G1CollectForAllocation

Events (20 events):
Event: 2362.733 loading class org/w3c/dom/Text done
Event: 2362.733 loading class com/sun/org/apache/xerces/internal/dom/CharacterDataImpl
Event: 2362.734 loading class com/sun/org/apache/xerces/internal/dom/CharacterDataImpl done
Event: 2362.734 loading class com/sun/org/apache/xerces/internal/dom/TextImpl done
Event: 2362.734 loading class com/sun/org/apache/xerces/internal/dom/DeferredTextImpl done
Event: 2362.734 loading class com/sun/org/apache/xerces/internal/dom/CharacterDataImpl$1
Event: 2362.734 loading class com/sun/org/apache/xerces/internal/dom/CharacterDataImpl$1 done
Event: 2362.734 loading class com/sun/org/apache/xerces/internal/dom/DeferredCommentImpl
Event: 2362.734 loading class com/sun/org/apache/xerces/internal/dom/CommentImpl
Event: 2362.735 loading class org/w3c/dom/Comment
Event: 2362.735 loading class org/w3c/dom/Comment done
Event: 2362.735 loading class com/sun/org/apache/xerces/internal/dom/CommentImpl done
Event: 2362.735 loading class com/sun/org/apache/xerces/internal/dom/DeferredCommentImpl done
Event: 2362.915 Thread 0x0000027a24547ac0 Thread added: 0x0000027a24547ac0
Event: 2362.915 Thread 0x0000027a2454a340 Thread added: 0x0000027a2454a340
Event: 2362.916 Thread 0x0000027a245484e0 Thread added: 0x0000027a245484e0
Event: 2362.916 Thread 0x0000027a24549e30 Thread added: 0x0000027a24549e30
Event: 2362.916 Thread 0x0000027a1f3e7740 Thread added: 0x0000027a1f3e7740
Event: 2362.916 Thread 0x0000027a1f3e3060 Thread added: 0x0000027a1f3e3060
Event: 2362.916 Thread 0x0000027a1f3e95a0 Thread added: 0x0000027a1f3e95a0


Dynamic libraries:
0x00007ff742900000 - 0x00007ff742910000 	C:\Program Files\Java\jdk-17\bin\java.exe
0x00007ffc1df90000 - 0x00007ffc1e1a8000 	C:\Windows\SYSTEM32\ntdll.dll
0x00007ffc1d180000 - 0x00007ffc1d244000 	C:\Windows\System32\KERNEL32.DLL
0x00007ffc1b7d0000 - 0x00007ffc1bba3000 	C:\Windows\System32\KERNELBASE.dll
0x00007ffc1b0a0000 - 0x00007ffc1b1b1000 	C:\Windows\System32\ucrtbase.dll
0x00007ffbe7330000 - 0x00007ffbe7349000 	C:\Program Files\Java\jdk-17\bin\jli.dll
0x00007ffbe72a0000 - 0x00007ffbe72bb000 	C:\Program Files\Java\jdk-17\bin\VCRUNTIME140.dll
0x00007ffc1c5b0000 - 0x00007ffc1c661000 	C:\Windows\System32\ADVAPI32.dll
0x00007ffc1d500000 - 0x00007ffc1d5a7000 	C:\Windows\System32\msvcrt.dll
0x00007ffc1c830000 - 0x00007ffc1c8d8000 	C:\Windows\System32\sechost.dll
0x00007ffc1b420000 - 0x00007ffc1b448000 	C:\Windows\System32\bcrypt.dll
0x00007ffc1d5b0000 - 0x00007ffc1d6c8000 	C:\Windows\System32\RPCRT4.dll
0x00007ffc1c0b0000 - 0x00007ffc1c262000 	C:\Windows\System32\USER32.dll
0x00007ffc1b450000 - 0x00007ffc1b476000 	C:\Windows\System32\win32u.dll
0x00007ffc047c0000 - 0x00007ffc04a5c000 	C:\Windows\WinSxS\amd64_microsoft.windows.common-controls_6595b64144ccf1df_6.0.22621.6060_none_2712eda17382d24b\COMCTL32.dll
0x00007ffc1d810000 - 0x00007ffc1d839000 	C:\Windows\System32\GDI32.dll
0x00007ffc1b480000 - 0x00007ffc1b59b000 	C:\Windows\System32\gdi32full.dll
0x00007ffc133d0000 - 0x00007ffc133da000 	C:\Windows\SYSTEM32\VERSION.dll
0x00007ffc1b1c0000 - 0x00007ffc1b25a000 	C:\Windows\System32\msvcp_win.dll
0x00007ffc1d250000 - 0x00007ffc1d281000 	C:\Windows\System32\IMM32.DLL
0x00007ffbf55c0000 - 0x00007ffbf55cc000 	C:\Program Files\Java\jdk-17\bin\vcruntime140_1.dll
0x00007ffbd5f30000 - 0x00007ffbd5fbe000 	C:\Program Files\Java\jdk-17\bin\msvcp140.dll
0x00007ffb8e400000 - 0x00007ffb8efe1000 	C:\Program Files\Java\jdk-17\bin\server\jvm.dll
0x00007ffc1d4f0000 - 0x00007ffc1d4f8000 	C:\Windows\System32\PSAPI.DLL
0x00007ffc03260000 - 0x00007ffc03269000 	C:\Windows\SYSTEM32\WSOCK32.dll
0x00007ffc167e0000 - 0x00007ffc16814000 	C:\Windows\SYSTEM32\WINMM.dll
0x00007ffc1dd70000 - 0x00007ffc1dde1000 	C:\Windows\System32\WS2_32.dll
0x00007ffc1a130000 - 0x00007ffc1a148000 	C:\Windows\SYSTEM32\kernel.appcore.dll
0x00007ffbf16d0000 - 0x00007ffbf16da000 	C:\Program Files\Java\jdk-17\bin\jimage.dll
0x00007ffc18b10000 - 0x00007ffc18d43000 	C:\Windows\SYSTEM32\DBGHELP.DLL
0x00007ffc1d840000 - 0x00007ffc1dbd1000 	C:\Windows\System32\combase.dll
0x00007ffc1c270000 - 0x00007ffc1c348000 	C:\Windows\System32\OLEAUT32.dll
0x00007ffc067b0000 - 0x00007ffc067e2000 	C:\Windows\SYSTEM32\dbgcore.DLL
0x00007ffc1b260000 - 0x00007ffc1b2db000 	C:\Windows\System32\bcryptPrimitives.dll
0x00007ffbf13c0000 - 0x00007ffbf13ce000 	C:\Program Files\Java\jdk-17\bin\instrument.dll
0x00007ffbe7270000 - 0x00007ffbe7295000 	C:\Program Files\Java\jdk-17\bin\java.dll
0x00007ffbd2eb0000 - 0x00007ffbd2f87000 	C:\Program Files\Java\jdk-17\bin\jsvml.dll
0x00007ffc1c8e0000 - 0x00007ffc1d17c000 	C:\Windows\System32\SHELL32.dll
0x00007ffc1b2e0000 - 0x00007ffc1b41f000 	C:\Windows\System32\wintypes.dll
0x00007ffc18f60000 - 0x00007ffc1987a000 	C:\Windows\SYSTEM32\windows.storage.dll
0x00007ffc1d3e0000 - 0x00007ffc1d4e4000 	C:\Windows\System32\SHCORE.dll
0x00007ffc1d290000 - 0x00007ffc1d2f9000 	C:\Windows\System32\shlwapi.dll
0x00007ffc1afd0000 - 0x00007ffc1aff5000 	C:\Windows\SYSTEM32\profapi.dll
0x00007ffbe7220000 - 0x00007ffbe7238000 	C:\Program Files\Java\jdk-17\bin\zip.dll
0x00007ffbe71c0000 - 0x00007ffbe71d9000 	C:\Program Files\Java\jdk-17\bin\net.dll
0x00007ffc16a30000 - 0x00007ffc16b5c000 	C:\Windows\SYSTEM32\WINHTTP.dll
0x00007ffc1a5f0000 - 0x00007ffc1a659000 	C:\Windows\system32\mswsock.dll
0x00007ffbe6860000 - 0x00007ffbe6876000 	C:\Program Files\Java\jdk-17\bin\nio.dll
0x00007ffbf12b0000 - 0x00007ffbf12c0000 	C:\Program Files\Java\jdk-17\bin\verify.dll
0x00007ffbe7390000 - 0x00007ffbe73b7000 	C:\Users\Windows 11\.gradle\native\1def1411415f61bf3af743bc5b6707747c0891f09f0c88961ee8f79bc544acac\windows-amd64\native-platform.dll
0x00007ffbd2e30000 - 0x00007ffbd2ea8000 	C:\Users\Windows 11\.gradle\native\0.2.7\x86_64-windows-gnu\gradle-fileevents.dll
0x00007ffbecf60000 - 0x00007ffbecf6a000 	C:\Program Files\Java\jdk-17\bin\management.dll
0x00007ffbeaa30000 - 0x00007ffbeaa3b000 	C:\Program Files\Java\jdk-17\bin\management_ext.dll
0x00007ffc19b50000 - 0x00007ffc19b7d000 	C:\Windows\SYSTEM32\IPHLPAPI.DLL
0x00007ffc1d3d0000 - 0x00007ffc1d3d9000 	C:\Windows\System32\NSI.dll
0x00007ffc17140000 - 0x00007ffc17159000 	C:\Windows\SYSTEM32\dhcpcsvc6.DLL
0x00007ffc16a10000 - 0x00007ffc16a2f000 	C:\Windows\SYSTEM32\dhcpcsvc.DLL
0x00007ffc19bc0000 - 0x00007ffc19cb8000 	C:\Windows\SYSTEM32\DNSAPI.dll
0x00007ffc1a940000 - 0x00007ffc1a95b000 	C:\Windows\SYSTEM32\CRYPTSP.dll
0x00007ffc1a090000 - 0x00007ffc1a0c7000 	C:\Windows\system32\rsaenh.dll
0x00007ffc1a690000 - 0x00007ffc1a6b8000 	C:\Windows\SYSTEM32\USERENV.dll
0x00007ffc1a920000 - 0x00007ffc1a92c000 	C:\Windows\SYSTEM32\CRYPTBASE.dll
0x00007ffbea970000 - 0x00007ffbea97e000 	C:\Program Files\Java\jdk-17\bin\sunmscapi.dll
0x00007ffc1b660000 - 0x00007ffc1b7c8000 	C:\Windows\System32\CRYPT32.dll
0x00007ffc1aa60000 - 0x00007ffc1aa8e000 	C:\Windows\SYSTEM32\ncrypt.dll
0x00007ffc1aa20000 - 0x00007ffc1aa57000 	C:\Windows\SYSTEM32\NTASN1.dll
0x00007ffc15880000 - 0x00007ffc15888000 	C:\Windows\system32\wshunix.dll
0x00007ffc121b0000 - 0x00007ffc121ba000 	C:\Windows\System32\rasadhlp.dll
0x00007ffc14450000 - 0x00007ffc144d4000 	C:\Windows\System32\fwpuclnt.dll
0x00007ffbfbf40000 - 0x00007ffbfbf57000 	C:\Windows\system32\napinsp.dll
0x00007ffbfc2c0000 - 0x00007ffbfc2db000 	C:\Windows\system32\pnrpnsp.dll
0x00007ffbfc890000 - 0x00007ffbfc8a1000 	C:\Windows\System32\winrnr.dll
0x00007ffbfc870000 - 0x00007ffbfc885000 	C:\Windows\system32\wshbth.dll
0x00007ffbfc840000 - 0x00007ffbfc861000 	C:\Windows\system32\nlansp_c.dll

dbghelp: loaded successfully - version: 4.0.5 - missing functions: none
symbol engine: initialized successfully - sym options: 0x614 - pdb path: .;C:\Program Files\Java\jdk-17\bin;C:\Windows\SYSTEM32;C:\Windows\WinSxS\amd64_microsoft.windows.common-controls_6595b64144ccf1df_6.0.22621.6060_none_2712eda17382d24b;C:\Program Files\Java\jdk-17\bin\server;C:\Users\Windows 11\.gradle\native\1def1411415f61bf3af743bc5b6707747c0891f09f0c88961ee8f79bc544acac\windows-amd64;C:\Users\Windows 11\.gradle\native\0.2.7\x86_64-windows-gnu

VM Arguments:
jvm_args: --add-opens=java.base/java.lang=ALL-UNNAMED --add-opens=java.base/java.lang.invoke=ALL-UNNAMED --add-opens=java.base/java.util=ALL-UNNAMED --add-opens=java.prefs/java.util.prefs=ALL-UNNAMED --add-exports=jdk.compiler/com.sun.tools.javac.api=ALL-UNNAMED --add-exports=jdk.compiler/com.sun.tools.javac.util=ALL-UNNAMED --add-opens=java.base/java.util=ALL-UNNAMED --add-opens=java.prefs/java.util.prefs=ALL-UNNAMED --add-opens=java.base/java.nio.charset=ALL-UNNAMED --add-opens=java.base/java.net=ALL-UNNAMED --add-opens=java.base/java.util.concurrent.atomic=ALL-UNNAMED --add-opens=java.xml/javax.xml.namespace=ALL-UNNAMED -XX:MaxMetaspaceSize=4G -XX:ReservedCodeCacheSize=512m -XX:+HeapDumpOnOutOfMemoryError -Xmx8G -Dfile.encoding=UTF-8 -Duser.country=ID -Duser.language=en -Duser.variant -javaagent:C:\Users\Windows 11\.gradle\wrapper\dists\gradle-8.14-all\c2qonpi39x1mddn7hk5gh9iqj\gradle-8.14\lib\agents\gradle-instrumentation-agent-8.14.jar 
java_command: org.gradle.launcher.daemon.bootstrap.GradleDaemon 8.14
java_class_path (initial): C:\Users\Windows 11\.gradle\wrapper\dists\gradle-8.14-all\c2qonpi39x1mddn7hk5gh9iqj\gradle-8.14\lib\gradle-daemon-main-8.14.jar
Launcher Type: SUN_STANDARD

[Global flags]
     intx CICompilerCount                          = 4                                         {product} {ergonomic}
     uint ConcGCThreads                            = 2                                         {product} {ergonomic}
     uint G1ConcRefinementThreads                  = 8                                         {product} {ergonomic}
   size_t G1HeapRegionSize                         = 4194304                                   {product} {ergonomic}
    uintx GCDrainStackTargetSize                   = 64                                        {product} {ergonomic}
     bool HeapDumpOnOutOfMemoryError               = true                                   {manageable} {command line}
   size_t InitialHeapSize                          = 134217728                                 {product} {ergonomic}
   size_t MarkStackSize                            = 4194304                                   {product} {ergonomic}
   size_t MaxHeapSize                              = 8589934592                                {product} {command line}
   size_t MaxMetaspaceSize                         = 4294967296                                {product} {command line}
   size_t MaxNewSize                               = 5150605312                                {product} {ergonomic}
   size_t MinHeapDeltaBytes                        = 4194304                                   {product} {ergonomic}
   size_t MinHeapSize                              = 8388608                                   {product} {ergonomic}
    uintx NonNMethodCodeHeapSize                   = 5839372                                {pd product} {ergonomic}
    uintx NonProfiledCodeHeapSize                  = 265515770                              {pd product} {ergonomic}
    uintx ProfiledCodeHeapSize                     = 265515770                              {pd product} {ergonomic}
    uintx ReservedCodeCacheSize                    = 536870912                              {pd product} {command line}
     bool SegmentedCodeCache                       = true                                      {product} {ergonomic}
   size_t SoftMaxHeapSize                          = 8589934592                             {manageable} {ergonomic}
   double SweeperThreshold                         = 0.234375                                  {product} {ergonomic}
     bool UseCompressedClassPointers               = true                           {product lp64_product} {ergonomic}
     bool UseCompressedOops                        = true                           {product lp64_product} {ergonomic}
     bool UseG1GC                                  = true                                      {product} {ergonomic}
     bool UseLargePagesIndividualAllocation        = false                                  {pd product} {ergonomic}

Logging:
Log output configuration:
 #0: stdout all=warning uptime,level,tags
 #1: stderr all=off uptime,level,tags

Environment Variables:
PATH=C:\Program Files\Common Files\Oracle\Java\javapath;C:\Windows\system32;C:\Windows;C:\Windows\System32\Wbem;C:\Windows\System32\WindowsPowerShell\v1.0\;C:\Windows\System32\OpenSSH\;C:\Program Files\Intel\WiFi\bin\;C:\Program Files\Common Files\Intel\WirelessCommon\;C:\Users\Windows 11\AppData\Local\Programs\Python\Python312;C:\Users\Windows 11\AppData\Local\Programs\Python\Python312\Scripts;C:\Program Files\dotnet\;C:\msys64\ucrt64\bin\;D:\Nodejs\;D:\Git\cmd;D:\SEMESTER 3 TEKNIK INFORMATIKA\KOMPUTER GRAFIK\PRAKTEK\dotnet;D:\Downloads\php-8.4.12-Win32-vs17-x64;D:\SEMESTER 3 TEKNIK INFORMATIKA\PROYEK-3-PBO\ComposerSetup;C:\Program Files\Java\jdk-17\bin;D:\xampp\php;D:\SEMESTER 3 TEKNIK INFORMATIKA\PEMROGRAMAN-BERORIENTASI-OBJECT\maven\maven-mvnd-1.0.3-windows-amd64\mvn\bin;C:\Program Files\Docker\Docker\resources\bin;D:\UNIT-TECNO\Android\Sdk;D:\UNIT-TECNO\Flutter\Tools\cmdline-tools\latest\bin;D:\Downloads\flutter_windows_3.29.0-stable\flutter\bin;C:\Users\Windows 11\scoop\shims;C:\Users\Windows 11\AppData\Local\Programs\Python\Python313\Scripts\;C:\Users\Windows 11\AppData\Local\Programs\Python\Python313\;C:\Users\Windows 11\AppData\Local\Programs\Python\Launcher\;C:\Users\Windows 11\AppData\Local\Microsoft\WindowsApps;D:\Microsoft VS Code\bin;C:\Users\Windows 11\AppData\Local\Programs\Python\Python312;C:\Users\Windows 11\AppData\Local\Programs\Python\Python312\Scripts;C:\Users\Windows 11\scoop\apps\scoop\current\bin\;C:\Users\Windows 11\scoop\apps\make\4.4.1\bin;C:\msys64\ucrt64\bin\;D:\IntelliJ IDEA 2024.3.1.1\bin;;D:\Downloads\kotlin-compiler-2.1.10\kotlinc\bin;C:\Users\Windows 11\AppData\Local\GitHubDesktop\bin;D:\Downloads\kotlin-compiler-2.1.10\kotlinc\lib;C:\msys64\usr\bin;C:\Users\Windows 11\AppData\Roaming\npm;C:\Users\Windows 11\.dotnet\tools;C:\Users\Windows 11\AppData\Roaming\Composer\vendor\bin;D:\Antigravity\bin;C:\Program Files (x86)\MongoDB Atlas CLI\
USERNAME=Windows 11
OS=Windows_NT
PROCESSOR_IDENTIFIER=Intel64 Family 6 Model 142 Stepping 10, GenuineIntel



---------------  S Y S T E M  ---------------

OS:
 Windows 11 , 64 bit Build 22621 (10.0.22621.5415)
OS uptime: 1 days 17:50 hours
Hyper-V role detected

CPU: total 8 (initial active 8) (4 cores per cpu, 2 threads per core) family 6 model 142 stepping 10 microcode 0xf6, cx8, cmov, fxsr, ht, mmx, 3dnowpref, sse, sse2, sse3, ssse3, sse4.1, sse4.2, popcnt, lzcnt, tsc, tscinvbit, avx, avx2, aes, erms, clmul, bmi1, bmi2, rtm, adx, fma, vzeroupper, clflush, clflushopt, hv

Memory: 4k page, system-wide physical 8071M (470M free)
TotalPageFile size 13991M (AvailPageFile size 332M)
current process WorkingSet (physical memory assigned to process): 736M, peak: 795M
current process commit charge ("private bytes"): 1094M, peak: 2030M

vm_info: Java HotSpot(TM) 64-Bit Server VM (17.0.14+8-LTS-191) for windows-amd64 JRE (17.0.14+8-LTS-191), built on Dec  3 2024 11:07:59 by "mach5one" with MS VC++ 17.6 (VS2022)

END.
